0.22003500000573695	EXP	Created Window = Window( name=Window, fullscr=true, color=#808080, units=height, waitBlanking=true, autoLog=true, size=[1088,504] )
3.048034999985248	DATA	Keydown: undefined
3.8352250000461936	EXP	Created instr1 = TextStim( name=instr1, win=Window( name=Window, fullscr=true, color=#808080, ~), autoDraw=null, autoLog=true, units=height, ori=null, opacity=1, pos=[0,0], size=undefined, text=In this task you will be required to press space i~, font=Arial, color=#FFFFFF, contrast=1, height=0.05, bold=null, italic=null, alignHoriz=left, alignVert=center, wrapWidth=1, flipHoriz=null, flipVert=null )
3.8387450000736862	EXP	Created fix1 = TextStim( name=fix1, win=Window( name=Window, fullscr=true, color=#808080, ~), autoDraw=null, autoLog=true, units=height, ori=null, opacity=1, pos=[0,0], size=undefined, text=+, font=Arial, color=#FFFFFF, contrast=1, height=0.05, bold=null, italic=null, alignHoriz=left, alignVert=center, wrapWidth=1, flipHoriz=null, flipVert=null )
3.8441149999853224	EXP	Created trialGrid = ImageStim( name=trialGrid, win=Window( name=Window, fullscr=true, color=#808080, ~), autoDraw=null, autoLog=true, units=height, ori=null, opacity=1, pos=[0,0], size=[0.6,0.6], image={}, mask=undefined, color=#ffffff, contrast=1, texRes=128, interpolate=true, depth=null, flipHoriz=null, flipVert=null )
3.84933999995701	EXP	Created trialSquare = Rect( name=trialSquare, win=Window( name=Window, fullscr=true, color=#808080, ~), autoDraw=null, autoLog=true, units=height, ori=null, opacity=1, pos=[0,0], size=[1,1], lineWidth=1, lineColor=#ffffff, fillColor=#ffffff, vertices=[[-0.075,-0.075],[0.075,-0.075],[0.075,0.075],[-0.~, closeShape=true, contrast=1, depth=-1, interpolate=true, width=0.15, height=0.15 )
3.8512800000607967	EXP	Created trialFix = TextStim( name=trialFix, win=Window( name=Window, fullscr=true, color=#808080, ~), autoDraw=null, autoLog=true, units=height, ori=null, opacity=1, pos=[0,0], size=undefined, text=+, font=Arial, color=#FFFFFF, contrast=1, height=0.05, bold=null, italic=null, alignHoriz=left, alignVert=center, wrapWidth=1, flipHoriz=null, flipVert=null )
3.8553049999754876	EXP	Created instr2 = TextStim( name=instr2, win=Window( name=Window, fullscr=true, color=#808080, ~), autoDraw=null, autoLog=true, units=height, ori=null, opacity=1, pos=[0,0], size=undefined, text=This is the end of N-back-1 trials. You are about ~, font=Arial, color=#FFFFFF, contrast=1, height=0.05, bold=null, italic=null, alignHoriz=left, alignVert=center, wrapWidth=1, flipHoriz=null, flipVert=null )
3.857899999944493	EXP	Created fix2 = TextStim( name=fix2, win=Window( name=Window, fullscr=true, color=#808080, ~), autoDraw=null, autoLog=true, units=height, ori=null, opacity=1, pos=[0,0], size=undefined, text=+, font=Arial, color=#FFFFFF, contrast=1, height=0.05, bold=null, italic=null, alignHoriz=left, alignVert=center, wrapWidth=1, flipHoriz=null, flipVert=null )
3.8640999998897314	EXP	Created trialGrid = ImageStim( name=trialGrid, win=Window( name=Window, fullscr=true, color=#808080, ~), autoDraw=null, autoLog=true, units=height, ori=null, opacity=1, pos=[0,0], size=[0.6,0.6], image={}, mask=undefined, color=#ffffff, contrast=1, texRes=128, interpolate=true, depth=null, flipHoriz=null, flipVert=null )
3.8811200000345707	EXP	Created trialSquare = Rect( name=trialSquare, win=Window( name=Window, fullscr=true, color=#808080, ~), autoDraw=null, autoLog=true, units=height, ori=null, opacity=1, pos=[0,0], size=[1,1], lineWidth=1, lineColor=#ffffff, fillColor=#ffffff, vertices=[[-0.075,-0.075],[0.075,-0.075],[0.075,0.075],[-0.~, closeShape=true, contrast=1, depth=-1, interpolate=true, width=0.15, height=0.15 )
3.8879650000017136	EXP	Created trialFix = TextStim( name=trialFix, win=Window( name=Window, fullscr=true, color=#808080, ~), autoDraw=null, autoLog=true, units=height, ori=null, opacity=1, pos=[0,0], size=undefined, text=+, font=Arial, color=#FFFFFF, contrast=1, height=0.05, bold=null, italic=null, alignHoriz=left, alignVert=center, wrapWidth=1, flipHoriz=null, flipVert=null )
3.889465000014752	EXP	Created instr3 = TextStim( name=instr3, win=Window( name=Window, fullscr=true, color=#808080, ~), autoDraw=null, autoLog=true, units=height, ori=null, opacity=1, pos=[0,0], size=undefined, text=This is the end of N-back-2 trials. You are about ~, font=Arial, color=#FFFFFF, contrast=1, height=0.05, bold=null, italic=null, alignHoriz=left, alignVert=center, wrapWidth=1, flipHoriz=null, flipVert=null )
3.8906399998813868	EXP	Created fix3 = TextStim( name=fix3, win=Window( name=Window, fullscr=true, color=#808080, ~), autoDraw=null, autoLog=true, units=height, ori=null, opacity=1, pos=[0,0], size=undefined, text=+, font=Arial, color=#FFFFFF, contrast=1, height=0.05, bold=null, italic=null, alignHoriz=left, alignVert=center, wrapWidth=1, flipHoriz=null, flipVert=null )
3.896629999857396	EXP	Created trialGrid = ImageStim( name=trialGrid, win=Window( name=Window, fullscr=true, color=#808080, ~), autoDraw=null, autoLog=true, units=height, ori=null, opacity=1, pos=[0,0], size=[0.6,0.6], image={}, mask=undefined, color=#ffffff, contrast=1, texRes=128, interpolate=true, depth=null, flipHoriz=null, flipVert=null )
3.9044049999210984	EXP	Created trialSquare = Rect( name=trialSquare, win=Window( name=Window, fullscr=true, color=#808080, ~), autoDraw=null, autoLog=true, units=height, ori=null, opacity=1, pos=[0,0], size=[1,1], lineWidth=1, lineColor=#ffffff, fillColor=#ffffff, vertices=[[-0.075,-0.075],[0.075,-0.075],[0.075,0.075],[-0.~, closeShape=true, contrast=1, depth=-1, interpolate=true, width=0.15, height=0.15 )
3.90785999991931	EXP	Created trialFix = TextStim( name=trialFix, win=Window( name=Window, fullscr=true, color=#808080, ~), autoDraw=null, autoLog=true, units=height, ori=null, opacity=1, pos=[0,0], size=undefined, text=+, font=Arial, color=#FFFFFF, contrast=1, height=0.05, bold=null, italic=null, alignHoriz=left, alignVert=center, wrapWidth=1, flipHoriz=null, flipVert=null )
3.912044999888167	EXP	Created thanks = TextStim( name=thanks, win=Window( name=Window, fullscr=true, color=#808080, ~), autoDraw=null, autoLog=true, units=height, ori=null, opacity=1, pos=[0,0], size=undefined, text=This is the end of the experiment.
Thank you for y~, font=Arial, color=#FFFFFF, contrast=1, height=0.05, bold=null, italic=null, alignHoriz=left, alignVert=center, wrapWidth=1, flipHoriz=null, flipVert=null )
3.9711899999529123	EXP	instr1: units = "height"
3.9711899999529123	EXP	instr1: ori = 0
3.9711899999529123	EXP	instr1: opacity = 1
3.9711899999529123	EXP	instr1: pos = [0,0]
3.9711899999529123	EXP	instr1: size = undefined
3.9711899999529123	EXP	instr1: text = "In this task you will be required to press space if the white square appeared in the same location as the location on the last trial. For example if the square was in the left down corner on trial 1 and then it appeared in the same location on trial 2, press space. Otherwise, do not respond. Press 's' to continue."
3.9711899999529123	EXP	instr1: font = "Arial"
3.9711899999529123	EXP	instr1: color = {"_hex":"#FFFFFF","_rgb":[1,1,1]}
3.9711899999529123	EXP	instr1: contrast = 1
3.9711899999529123	EXP	instr1: height = 0.05
3.9711899999529123	EXP	instr1: bold = false
3.9711899999529123	EXP	instr1: italic = false
3.9711899999529123	EXP	instr1: alignHoriz = "left"
3.9711899999529123	EXP	instr1: alignVert = "center"
3.9711899999529123	EXP	instr1: wrapWidth = 1
3.9711899999529123	EXP	instr1: flipHoriz = false
3.9711899999529123	EXP	instr1: flipVert = false
3.9711899999529123	EXP	fix1: units = "height"
3.9711899999529123	EXP	fix1: ori = 0
3.9711899999529123	EXP	fix1: opacity = 1
3.9711899999529123	EXP	fix1: pos = [0,0]
3.9711899999529123	EXP	fix1: size = undefined
3.9711899999529123	EXP	fix1: text = "+"
3.9711899999529123	EXP	fix1: font = "Arial"
3.9711899999529123	EXP	fix1: color = {"_hex":"#FFFFFF","_rgb":[1,1,1]}
3.9711899999529123	EXP	fix1: contrast = 1
3.9711899999529123	EXP	fix1: height = 0.05
3.9711899999529123	EXP	fix1: bold = false
3.9711899999529123	EXP	fix1: italic = false
3.9711899999529123	EXP	fix1: alignHoriz = "left"
3.9711899999529123	EXP	fix1: alignVert = "center"
3.9711899999529123	EXP	fix1: wrapWidth = 1
3.9711899999529123	EXP	fix1: flipHoriz = false
3.9711899999529123	EXP	fix1: flipVert = false
3.9711899999529123	EXP	trialGrid: units = "height"
3.9711899999529123	EXP	trialGrid: ori = 0
3.9711899999529123	EXP	trialGrid: opacity = 1
3.9711899999529123	EXP	trialGrid: pos = [0,0]
3.9711899999529123	EXP	trialGrid: size = [0.6,0.6]
3.9711899999529123	EXP	trialGrid: image = {}
3.9711899999529123	EXP	trialGrid: mask = undefined
3.9711899999529123	EXP	trialGrid: color = {"_rgb":[1,1,1]}
3.9711899999529123	EXP	trialGrid: contrast = 1
3.9711899999529123	EXP	trialGrid: texRes = 128
3.9711899999529123	EXP	trialGrid: interpolate = true
3.9711899999529123	EXP	trialGrid: depth = 0
3.9711899999529123	EXP	trialGrid: flipHoriz = false
3.9711899999529123	EXP	trialGrid: flipVert = false
3.9711899999529123	EXP	trialSquare: units = "height"
3.9711899999529123	EXP	trialSquare: ori = 0
3.9711899999529123	EXP	trialSquare: opacity = 1
3.9711899999529123	EXP	trialSquare: pos = [0,0]
3.9711899999529123	EXP	trialSquare: size = [1,1]
3.9711899999529123	EXP	trialSquare: lineWidth = 1
3.9711899999529123	EXP	trialSquare: lineColor = {"_rgb":[1,1,1]}
3.9711899999529123	EXP	trialSquare: fillColor = {"_rgb":[1,1,1]}
3.9711899999529123	EXP	trialSquare: vertices = [[-0.5,0],[0,0.5],[0.5,0]]
3.9711899999529123	EXP	trialSquare: closeShape = true
3.9711899999529123	EXP	trialSquare: contrast = 1
3.9711899999529123	EXP	trialSquare: depth = -1
3.9711899999529123	EXP	trialSquare: interpolate = true
3.9711899999529123	EXP	trialSquare: width = 0.15
3.9711899999529123	EXP	trialSquare: vertices = [[-0.075,null],[0.075,null],[0.075,null],[-0.075,null]]
3.9711899999529123	EXP	trialSquare: height = 0.15
3.9711899999529123	EXP	trialSquare: vertices = [[-0.075,-0.075],[0.075,-0.075],[0.075,0.075],[-0.075,0.075]]
3.9711899999529123	EXP	trialSquare: vertices = [[-0.075,-0.075],[0.075,-0.075],[0.075,0.075],[-0.075,0.075]]
3.9711899999529123	EXP	trialFix: units = "height"
3.9711899999529123	EXP	trialFix: ori = 0
3.9711899999529123	EXP	trialFix: opacity = 1
3.9711899999529123	EXP	trialFix: pos = [0,0]
3.9711899999529123	EXP	trialFix: size = undefined
3.9711899999529123	EXP	trialFix: text = "+"
3.9711899999529123	EXP	trialFix: font = "Arial"
3.9711899999529123	EXP	trialFix: color = {"_hex":"#FFFFFF","_rgb":[1,1,1]}
3.9711899999529123	EXP	trialFix: contrast = 1
3.9711899999529123	EXP	trialFix: height = 0.05
3.9711899999529123	EXP	trialFix: bold = false
3.9711899999529123	EXP	trialFix: italic = false
3.9711899999529123	EXP	trialFix: alignHoriz = "left"
3.9711899999529123	EXP	trialFix: alignVert = "center"
3.9711899999529123	EXP	trialFix: wrapWidth = 1
3.9711899999529123	EXP	trialFix: flipHoriz = false
3.9711899999529123	EXP	trialFix: flipVert = false
3.9711899999529123	EXP	instr2: units = "height"
3.9711899999529123	EXP	instr2: ori = 0
3.9711899999529123	EXP	instr2: opacity = 1
3.9711899999529123	EXP	instr2: pos = [0,0]
3.9711899999529123	EXP	instr2: size = undefined
3.9711899999529123	EXP	instr2: text = "This is the end of N-back-1 trials. You are about to start N-back-2 trials. This means that instead of pressing space whenever the square appears in the same position as on the position on one trial before, you are required to press space whenever the square appears in the same position as on the position two trials before. For example if the square appeared in left down corner on trial 1, you should press space if the square appears in the left down corner on trial 3. Press 's' to continue."
3.9711899999529123	EXP	instr2: font = "Arial"
3.9711899999529123	EXP	instr2: color = {"_hex":"#FFFFFF","_rgb":[1,1,1]}
3.9711899999529123	EXP	instr2: contrast = 1
3.9711899999529123	EXP	instr2: height = 0.05
3.9711899999529123	EXP	instr2: bold = false
3.9711899999529123	EXP	instr2: italic = false
3.9711899999529123	EXP	instr2: alignHoriz = "left"
3.9711899999529123	EXP	instr2: alignVert = "center"
3.9711899999529123	EXP	instr2: wrapWidth = 1
3.9711899999529123	EXP	instr2: flipHoriz = false
3.9711899999529123	EXP	instr2: flipVert = false
3.9711899999529123	EXP	fix2: units = "height"
3.9711899999529123	EXP	fix2: ori = 0
3.9711899999529123	EXP	fix2: opacity = 1
3.9711899999529123	EXP	fix2: pos = [0,0]
3.9711899999529123	EXP	fix2: size = undefined
3.9711899999529123	EXP	fix2: text = "+"
3.9711899999529123	EXP	fix2: font = "Arial"
3.9711899999529123	EXP	fix2: color = {"_hex":"#FFFFFF","_rgb":[1,1,1]}
3.9711899999529123	EXP	fix2: contrast = 1
3.9711899999529123	EXP	fix2: height = 0.05
3.9711899999529123	EXP	fix2: bold = false
3.9711899999529123	EXP	fix2: italic = false
3.9711899999529123	EXP	fix2: alignHoriz = "left"
3.9711899999529123	EXP	fix2: alignVert = "center"
3.9711899999529123	EXP	fix2: wrapWidth = 1
3.9711899999529123	EXP	fix2: flipHoriz = false
3.9711899999529123	EXP	fix2: flipVert = false
3.9711899999529123	EXP	trialGrid: units = "height"
3.9711899999529123	EXP	trialGrid: ori = 0
3.9711899999529123	EXP	trialGrid: opacity = 1
3.9711899999529123	EXP	trialGrid: pos = [0,0]
3.9711899999529123	EXP	trialGrid: size = [0.6,0.6]
3.9711899999529123	EXP	trialGrid: image = {}
3.9711899999529123	EXP	trialGrid: mask = undefined
3.9711899999529123	EXP	trialGrid: color = {"_rgb":[1,1,1]}
3.9711899999529123	EXP	trialGrid: contrast = 1
3.9711899999529123	EXP	trialGrid: texRes = 128
3.9711899999529123	EXP	trialGrid: interpolate = true
3.9711899999529123	EXP	trialGrid: depth = 0
3.9711899999529123	EXP	trialGrid: flipHoriz = false
3.9711899999529123	EXP	trialGrid: flipVert = false
3.9711899999529123	EXP	trialSquare: units = "height"
3.9711899999529123	EXP	trialSquare: ori = 0
3.9711899999529123	EXP	trialSquare: opacity = 1
3.9711899999529123	EXP	trialSquare: pos = [0,0]
3.9711899999529123	EXP	trialSquare: size = [1,1]
3.9711899999529123	EXP	trialSquare: lineWidth = 1
3.9711899999529123	EXP	trialSquare: lineColor = {"_rgb":[1,1,1]}
3.9711899999529123	EXP	trialSquare: fillColor = {"_rgb":[1,1,1]}
3.9711899999529123	EXP	trialSquare: vertices = [[-0.5,0],[0,0.5],[0.5,0]]
3.9711899999529123	EXP	trialSquare: closeShape = true
3.9711899999529123	EXP	trialSquare: contrast = 1
3.9711899999529123	EXP	trialSquare: depth = -1
3.9711899999529123	EXP	trialSquare: interpolate = true
3.9711899999529123	EXP	trialSquare: width = 0.15
3.9711899999529123	EXP	trialSquare: vertices = [[-0.075,null],[0.075,null],[0.075,null],[-0.075,null]]
3.9711899999529123	EXP	trialSquare: height = 0.15
3.9711899999529123	EXP	trialSquare: vertices = [[-0.075,-0.075],[0.075,-0.075],[0.075,0.075],[-0.075,0.075]]
3.9711899999529123	EXP	trialSquare: vertices = [[-0.075,-0.075],[0.075,-0.075],[0.075,0.075],[-0.075,0.075]]
3.9711899999529123	EXP	trialFix: units = "height"
3.9711899999529123	EXP	trialFix: ori = 0
3.9711899999529123	EXP	trialFix: opacity = 1
3.9711899999529123	EXP	trialFix: pos = [0,0]
3.9711899999529123	EXP	trialFix: size = undefined
3.9711899999529123	EXP	trialFix: text = "+"
3.9711899999529123	EXP	trialFix: font = "Arial"
3.9711899999529123	EXP	trialFix: color = {"_hex":"#FFFFFF","_rgb":[1,1,1]}
3.9711899999529123	EXP	trialFix: contrast = 1
3.9711899999529123	EXP	trialFix: height = 0.05
3.9711899999529123	EXP	trialFix: bold = false
3.9711899999529123	EXP	trialFix: italic = false
3.9711899999529123	EXP	trialFix: alignHoriz = "left"
3.9711899999529123	EXP	trialFix: alignVert = "center"
3.9711899999529123	EXP	trialFix: wrapWidth = 1
3.9711899999529123	EXP	trialFix: flipHoriz = false
3.9711899999529123	EXP	trialFix: flipVert = false
3.9711899999529123	EXP	instr3: units = "height"
3.9711899999529123	EXP	instr3: ori = 0
3.9711899999529123	EXP	instr3: opacity = 1
3.9711899999529123	EXP	instr3: pos = [0,0]
3.9711899999529123	EXP	instr3: size = undefined
3.9711899999529123	EXP	instr3: text = "This is the end of N-back-2 trials. You are about to start N-back-3 trials. This means that instead of pressing space whenever the square appears in the same position as on the position on two trials before, you are required to press space whenever the square appears in the same position as on the position three trials before. For example if the square appeared in left down corner on trial 1, you should press space if the square appears in the left down corner on trial 4. Press 's' to continue."
3.9711899999529123	EXP	instr3: font = "Arial"
3.9711899999529123	EXP	instr3: color = {"_hex":"#FFFFFF","_rgb":[1,1,1]}
3.9711899999529123	EXP	instr3: contrast = 1
3.9711899999529123	EXP	instr3: height = 0.05
3.9711899999529123	EXP	instr3: bold = false
3.9711899999529123	EXP	instr3: italic = false
3.9711899999529123	EXP	instr3: alignHoriz = "left"
3.9711899999529123	EXP	instr3: alignVert = "center"
3.9711899999529123	EXP	instr3: wrapWidth = 1
3.9711899999529123	EXP	instr3: flipHoriz = false
3.9711899999529123	EXP	instr3: flipVert = false
3.9711899999529123	EXP	fix3: units = "height"
3.9711899999529123	EXP	fix3: ori = 0
3.9711899999529123	EXP	fix3: opacity = 1
3.9711899999529123	EXP	fix3: pos = [0,0]
3.9711899999529123	EXP	fix3: size = undefined
3.9711899999529123	EXP	fix3: text = "+"
3.9711899999529123	EXP	fix3: font = "Arial"
3.9711899999529123	EXP	fix3: color = {"_hex":"#FFFFFF","_rgb":[1,1,1]}
3.9711899999529123	EXP	fix3: contrast = 1
3.9711899999529123	EXP	fix3: height = 0.05
3.9711899999529123	EXP	fix3: bold = false
3.9711899999529123	EXP	fix3: italic = false
3.9711899999529123	EXP	fix3: alignHoriz = "left"
3.9711899999529123	EXP	fix3: alignVert = "center"
3.9711899999529123	EXP	fix3: wrapWidth = 1
3.9711899999529123	EXP	fix3: flipHoriz = false
3.9711899999529123	EXP	fix3: flipVert = false
3.9711899999529123	EXP	trialGrid: units = "height"
3.9711899999529123	EXP	trialGrid: ori = 0
3.9711899999529123	EXP	trialGrid: opacity = 1
3.9711899999529123	EXP	trialGrid: pos = [0,0]
3.9711899999529123	EXP	trialGrid: size = [0.6,0.6]
3.9711899999529123	EXP	trialGrid: image = {}
3.9711899999529123	EXP	trialGrid: mask = undefined
3.9711899999529123	EXP	trialGrid: color = {"_rgb":[1,1,1]}
3.9711899999529123	EXP	trialGrid: contrast = 1
3.9711899999529123	EXP	trialGrid: texRes = 128
3.9711899999529123	EXP	trialGrid: interpolate = true
3.9711899999529123	EXP	trialGrid: depth = 0
3.9711899999529123	EXP	trialGrid: flipHoriz = false
3.9711899999529123	EXP	trialGrid: flipVert = false
3.9711899999529123	EXP	trialSquare: units = "height"
3.9711899999529123	EXP	trialSquare: ori = 0
3.9711899999529123	EXP	trialSquare: opacity = 1
3.9711899999529123	EXP	trialSquare: pos = [0,0]
3.9711899999529123	EXP	trialSquare: size = [1,1]
3.9711899999529123	EXP	trialSquare: lineWidth = 1
3.9711899999529123	EXP	trialSquare: lineColor = {"_rgb":[1,1,1]}
3.9711899999529123	EXP	trialSquare: fillColor = {"_rgb":[1,1,1]}
3.9711899999529123	EXP	trialSquare: vertices = [[-0.5,0],[0,0.5],[0.5,0]]
3.9711899999529123	EXP	trialSquare: closeShape = true
3.9711899999529123	EXP	trialSquare: contrast = 1
3.9711899999529123	EXP	trialSquare: depth = -1
3.9711899999529123	EXP	trialSquare: interpolate = true
3.9711899999529123	EXP	trialSquare: width = 0.15
3.9711899999529123	EXP	trialSquare: vertices = [[-0.075,null],[0.075,null],[0.075,null],[-0.075,null]]
3.9711899999529123	EXP	trialSquare: height = 0.15
3.9711899999529123	EXP	trialSquare: vertices = [[-0.075,-0.075],[0.075,-0.075],[0.075,0.075],[-0.075,0.075]]
3.9711899999529123	EXP	trialSquare: vertices = [[-0.075,-0.075],[0.075,-0.075],[0.075,0.075],[-0.075,0.075]]
3.9711899999529123	EXP	trialFix: units = "height"
3.9711899999529123	EXP	trialFix: ori = 0
3.9711899999529123	EXP	trialFix: opacity = 1
3.9711899999529123	EXP	trialFix: pos = [0,0]
3.9711899999529123	EXP	trialFix: size = undefined
3.9711899999529123	EXP	trialFix: text = "+"
3.9711899999529123	EXP	trialFix: font = "Arial"
3.9711899999529123	EXP	trialFix: color = {"_hex":"#FFFFFF","_rgb":[1,1,1]}
3.9711899999529123	EXP	trialFix: contrast = 1
3.9711899999529123	EXP	trialFix: height = 0.05
3.9711899999529123	EXP	trialFix: bold = false
3.9711899999529123	EXP	trialFix: italic = false
3.9711899999529123	EXP	trialFix: alignHoriz = "left"
3.9711899999529123	EXP	trialFix: alignVert = "center"
3.9711899999529123	EXP	trialFix: wrapWidth = 1
3.9711899999529123	EXP	trialFix: flipHoriz = false
3.9711899999529123	EXP	trialFix: flipVert = false
3.9711899999529123	EXP	thanks: units = "height"
3.9711899999529123	EXP	thanks: ori = 0
3.9711899999529123	EXP	thanks: opacity = 1
3.9711899999529123	EXP	thanks: pos = [0,0]
3.9711899999529123	EXP	thanks: size = undefined
3.9711899999529123	EXP	thanks: text = "This is the end of the experiment.\nThank you for your time."
3.9711899999529123	EXP	thanks: font = "Arial"
3.9711899999529123	EXP	thanks: color = {"_hex":"#FFFFFF","_rgb":[1,1,1]}
3.9711899999529123	EXP	thanks: contrast = 1
3.9711899999529123	EXP	thanks: height = 0.05
3.9711899999529123	EXP	thanks: bold = false
3.9711899999529123	EXP	thanks: italic = false
3.9711899999529123	EXP	thanks: alignHoriz = "left"
3.9711899999529123	EXP	thanks: alignVert = "center"
3.9711899999529123	EXP	thanks: wrapWidth = 1
3.9711899999529123	EXP	thanks: flipHoriz = false
3.9711899999529123	EXP	thanks: flipVert = false
3.9711899999529123	EXP	instr1: autoDraw = true
4.462534999940544	DATA	Keydown:  
5.054269999964163	DATA	Keydown: s
5.06446999986656	EXP	instr1: autoDraw = false
5.06446999986656	EXP	fix1: autoDraw = true
6.262334999861196	EXP	fix1: autoDraw = false
6.262334999861196	EXP	fix1: autoDraw = false
6.262334999861196	EXP	trialSquare: pos = [0.2,0]
6.262334999861196	EXP	trialGrid: autoDraw = true
6.262334999861196	EXP	trialSquare: autoDraw = true
7.127940000034869	EXP	trialSquare: autoDraw = false
7.146840000059456	EXP	trialFix: autoDraw = true
8.080964999971911	EXP	trialGrid: autoDraw = false
8.080964999971911	EXP	trialSquare: autoDraw = false
8.080964999971911	EXP	trialFix: autoDraw = false
8.080964999971911	EXP	trialSquare: pos = [0.2,0]
8.080964999971911	EXP	trialGrid: autoDraw = true
8.080964999971911	EXP	trialSquare: autoDraw = true
9.077545000007376	EXP	trialSquare: autoDraw = false
9.094035000074655	EXP	trialFix: autoDraw = true
10.08364999992773	EXP	trialGrid: autoDraw = false
10.08364999992773	EXP	trialFix: autoDraw = false
10.08364999992773	EXP	trialGrid: autoDraw = false
10.08364999992773	EXP	trialSquare: autoDraw = false
10.08364999992773	EXP	trialFix: autoDraw = false
10.08364999992773	EXP	trialSquare: pos = [0,0.2]
10.08364999992773	EXP	trialGrid: autoDraw = true
10.08364999992773	EXP	trialSquare: autoDraw = true
11.076944999862462	EXP	trialSquare: autoDraw = false
11.093570000026375	EXP	trialFix: autoDraw = true
12.078819999936968	EXP	trialGrid: autoDraw = false
12.078819999936968	EXP	trialFix: autoDraw = false
12.078819999936968	EXP	trialGrid: autoDraw = false
12.078819999936968	EXP	trialSquare: autoDraw = false
12.078819999936968	EXP	trialFix: autoDraw = false
12.078819999936968	EXP	trialSquare: pos = [0.2,-0.2]
12.078819999936968	EXP	trialGrid: autoDraw = true
12.078819999936968	EXP	trialSquare: autoDraw = true
13.076374999945983	EXP	trialSquare: autoDraw = false
13.092999999877065	EXP	trialFix: autoDraw = true
14.01208999985829	DATA	Keydown: F11
14.15965999988839	EXP	trialGrid: autoDraw = false
14.15965999988839	EXP	trialFix: autoDraw = false
14.15965999988839	EXP	trialGrid: autoDraw = false
14.15965999988839	EXP	trialSquare: autoDraw = false
14.15965999988839	EXP	trialFix: autoDraw = false
14.15965999988839	EXP	trialSquare: pos = [0.2,-0.2]
14.15965999988839	EXP	trialGrid: autoDraw = true
14.15965999988839	EXP	trialSquare: autoDraw = true
15.11146999988705	EXP	trialSquare: autoDraw = false
15.11146999988705	EXP	trialFix: autoDraw = true
15.243784999940544	DATA	Keydown: Escape
