0.08017000000108965	EXP	Created Window = Window( name=Window, fullscr=true, color=#808080, units=height, waitBlanking=true, autoLog=true, size=[1280,610] )
6.5292349999945145	DATA	Keydown: Shift
6.728724999993574	DATA	Keydown: A
6.89205999999831	DATA	Keydown: B
10.450169999996433	EXP	Created instr1 = TextStim( name=instr1, win=Window( name=Window, fullscr=true, color=#808080, ~), autoDraw=null, autoLog=true, units=height, ori=null, opacity=1, pos=[0,0], size=undefined, text=In this task you will be required to press space i~, font=Arial, color=#FFFFFF, contrast=1, height=0.05, bold=null, italic=null, alignHoriz=left, alignVert=center, wrapWidth=1, flipHoriz=null, flipVert=null )
10.451350000003004	EXP	Created fix1 = TextStim( name=fix1, win=Window( name=Window, fullscr=true, color=#808080, ~), autoDraw=null, autoLog=true, units=height, ori=null, opacity=1, pos=[0,0], size=undefined, text=+, font=Arial, color=#FFFFFF, contrast=1, height=0.05, bold=null, italic=null, alignHoriz=left, alignVert=center, wrapWidth=1, flipHoriz=null, flipVert=null )
10.453525000004447	EXP	Created trialGrid = ImageStim( name=trialGrid, win=Window( name=Window, fullscr=true, color=#808080, ~), autoDraw=null, autoLog=true, units=height, ori=null, opacity=1, pos=[0,0], size=[0.6,0.6], image={}, mask=undefined, color=#ffffff, contrast=1, texRes=128, interpolate=true, depth=null, flipHoriz=null, flipVert=null )
10.456064999991213	EXP	Created trialSquare = Rect( name=trialSquare, win=Window( name=Window, fullscr=true, color=#808080, ~), autoDraw=null, autoLog=true, units=height, ori=null, opacity=1, pos=[0,0], size=[1,1], lineWidth=1, lineColor=#ffffff, fillColor=#ffffff, vertices=[[-0.075,-0.075],[0.075,-0.075],[0.075,0.075],[-0.~, closeShape=true, contrast=1, depth=-1, interpolate=true, width=0.15, height=0.15 )
10.456510000003618	EXP	Created trialFix = TextStim( name=trialFix, win=Window( name=Window, fullscr=true, color=#808080, ~), autoDraw=null, autoLog=true, units=height, ori=null, opacity=1, pos=[0,0], size=undefined, text=+, font=Arial, color=#FFFFFF, contrast=1, height=0.05, bold=null, italic=null, alignHoriz=left, alignVert=center, wrapWidth=1, flipHoriz=null, flipVert=null )
10.45730999999796	EXP	Created instr2 = TextStim( name=instr2, win=Window( name=Window, fullscr=true, color=#808080, ~), autoDraw=null, autoLog=true, units=height, ori=null, opacity=1, pos=[0,0], size=undefined, text=This is the end of N-back-1 trials. You are about ~, font=Arial, color=#FFFFFF, contrast=1, height=0.05, bold=null, italic=null, alignHoriz=left, alignVert=center, wrapWidth=1, flipHoriz=null, flipVert=null )
10.458929999993416	EXP	Created fix2 = TextStim( name=fix2, win=Window( name=Window, fullscr=true, color=#808080, ~), autoDraw=null, autoLog=true, units=height, ori=null, opacity=1, pos=[0,0], size=undefined, text=+, font=Arial, color=#FFFFFF, contrast=1, height=0.05, bold=null, italic=null, alignHoriz=left, alignVert=center, wrapWidth=1, flipHoriz=null, flipVert=null )
10.459784999999101	EXP	Created trialGrid = ImageStim( name=trialGrid, win=Window( name=Window, fullscr=true, color=#808080, ~), autoDraw=null, autoLog=true, units=height, ori=null, opacity=1, pos=[0,0], size=[0.6,0.6], image={}, mask=undefined, color=#ffffff, contrast=1, texRes=128, interpolate=true, depth=null, flipHoriz=null, flipVert=null )
10.462054999996326	EXP	Created trialSquare = Rect( name=trialSquare, win=Window( name=Window, fullscr=true, color=#808080, ~), autoDraw=null, autoLog=true, units=height, ori=null, opacity=1, pos=[0,0], size=[1,1], lineWidth=1, lineColor=#ffffff, fillColor=#ffffff, vertices=[[-0.075,-0.075],[0.075,-0.075],[0.075,0.075],[-0.~, closeShape=true, contrast=1, depth=-1, interpolate=true, width=0.15, height=0.15 )
10.462749999991502	EXP	Created trialFix = TextStim( name=trialFix, win=Window( name=Window, fullscr=true, color=#808080, ~), autoDraw=null, autoLog=true, units=height, ori=null, opacity=1, pos=[0,0], size=undefined, text=+, font=Arial, color=#FFFFFF, contrast=1, height=0.05, bold=null, italic=null, alignHoriz=left, alignVert=center, wrapWidth=1, flipHoriz=null, flipVert=null )
10.463589999999385	EXP	Created instr3 = TextStim( name=instr3, win=Window( name=Window, fullscr=true, color=#808080, ~), autoDraw=null, autoLog=true, units=height, ori=null, opacity=1, pos=[0,0], size=undefined, text=This is the end of N-back-2 trials. You are about ~, font=Arial, color=#FFFFFF, contrast=1, height=0.05, bold=null, italic=null, alignHoriz=left, alignVert=center, wrapWidth=1, flipHoriz=null, flipVert=null )
10.464079999990645	EXP	Created fix3 = TextStim( name=fix3, win=Window( name=Window, fullscr=true, color=#808080, ~), autoDraw=null, autoLog=true, units=height, ori=null, opacity=1, pos=[0,0], size=undefined, text=+, font=Arial, color=#FFFFFF, contrast=1, height=0.05, bold=null, italic=null, alignHoriz=left, alignVert=center, wrapWidth=1, flipHoriz=null, flipVert=null )
10.464710000000196	EXP	Created trialGrid = ImageStim( name=trialGrid, win=Window( name=Window, fullscr=true, color=#808080, ~), autoDraw=null, autoLog=true, units=height, ori=null, opacity=1, pos=[0,0], size=[0.6,0.6], image={}, mask=undefined, color=#ffffff, contrast=1, texRes=128, interpolate=true, depth=null, flipHoriz=null, flipVert=null )
10.46575999999186	EXP	Created trialSquare = Rect( name=trialSquare, win=Window( name=Window, fullscr=true, color=#808080, ~), autoDraw=null, autoLog=true, units=height, ori=null, opacity=1, pos=[0,0], size=[1,1], lineWidth=1, lineColor=#ffffff, fillColor=#ffffff, vertices=[[-0.075,-0.075],[0.075,-0.075],[0.075,0.075],[-0.~, closeShape=true, contrast=1, depth=-1, interpolate=true, width=0.15, height=0.15 )
10.466029999995953	EXP	Created trialFix = TextStim( name=trialFix, win=Window( name=Window, fullscr=true, color=#808080, ~), autoDraw=null, autoLog=true, units=height, ori=null, opacity=1, pos=[0,0], size=undefined, text=+, font=Arial, color=#FFFFFF, contrast=1, height=0.05, bold=null, italic=null, alignHoriz=left, alignVert=center, wrapWidth=1, flipHoriz=null, flipVert=null )
10.466354999996838	EXP	Created thanks = TextStim( name=thanks, win=Window( name=Window, fullscr=true, color=#808080, ~), autoDraw=null, autoLog=true, units=height, ori=null, opacity=1, pos=[0,0], size=undefined, text=This is the end of the experiment.
Thank you for y~, font=Arial, color=#FFFFFF, contrast=1, height=0.05, bold=null, italic=null, alignHoriz=left, alignVert=center, wrapWidth=1, flipHoriz=null, flipVert=null )
10.495255000001634	EXP	instr1: units = "height"
10.495255000001634	EXP	instr1: ori = 0
10.495255000001634	EXP	instr1: opacity = 1
10.495255000001634	EXP	instr1: pos = [0,0]
10.495255000001634	EXP	instr1: size = undefined
10.495255000001634	EXP	instr1: text = "In this task you will be required to press space if the white square appeared in the same location as the location on the last trial. For example if the square was in the left down corner on trial 1 and then it appeared in the same location on trial 2, press space. Otherwise, do not respond. Press 's' to continue."
10.495255000001634	EXP	instr1: font = "Arial"
10.495255000001634	EXP	instr1: color = {"_hex":"#FFFFFF","_rgb":[1,1,1]}
10.495255000001634	EXP	instr1: contrast = 1
10.495255000001634	EXP	instr1: height = 0.05
10.495255000001634	EXP	instr1: bold = false
10.495255000001634	EXP	instr1: italic = false
10.495255000001634	EXP	instr1: alignHoriz = "left"
10.495255000001634	EXP	instr1: alignVert = "center"
10.495255000001634	EXP	instr1: wrapWidth = 1
10.495255000001634	EXP	instr1: flipHoriz = false
10.495255000001634	EXP	instr1: flipVert = false
10.495255000001634	EXP	fix1: units = "height"
10.495255000001634	EXP	fix1: ori = 0
10.495255000001634	EXP	fix1: opacity = 1
10.495255000001634	EXP	fix1: pos = [0,0]
10.495255000001634	EXP	fix1: size = undefined
10.495255000001634	EXP	fix1: text = "+"
10.495255000001634	EXP	fix1: font = "Arial"
10.495255000001634	EXP	fix1: color = {"_hex":"#FFFFFF","_rgb":[1,1,1]}
10.495255000001634	EXP	fix1: contrast = 1
10.495255000001634	EXP	fix1: height = 0.05
10.495255000001634	EXP	fix1: bold = false
10.495255000001634	EXP	fix1: italic = false
10.495255000001634	EXP	fix1: alignHoriz = "left"
10.495255000001634	EXP	fix1: alignVert = "center"
10.495255000001634	EXP	fix1: wrapWidth = 1
10.495255000001634	EXP	fix1: flipHoriz = false
10.495255000001634	EXP	fix1: flipVert = false
10.495255000001634	EXP	trialGrid: units = "height"
10.495255000001634	EXP	trialGrid: ori = 0
10.495255000001634	EXP	trialGrid: opacity = 1
10.495255000001634	EXP	trialGrid: pos = [0,0]
10.495255000001634	EXP	trialGrid: size = [0.6,0.6]
10.495255000001634	EXP	trialGrid: image = {}
10.495255000001634	EXP	trialGrid: mask = undefined
10.495255000001634	EXP	trialGrid: color = {"_rgb":[1,1,1]}
10.495255000001634	EXP	trialGrid: contrast = 1
10.495255000001634	EXP	trialGrid: texRes = 128
10.495255000001634	EXP	trialGrid: interpolate = true
10.495255000001634	EXP	trialGrid: depth = 0
10.495255000001634	EXP	trialGrid: flipHoriz = false
10.495255000001634	EXP	trialGrid: flipVert = false
10.495255000001634	EXP	trialSquare: units = "height"
10.495255000001634	EXP	trialSquare: ori = 0
10.495255000001634	EXP	trialSquare: opacity = 1
10.495255000001634	EXP	trialSquare: pos = [0,0]
10.495255000001634	EXP	trialSquare: size = [1,1]
10.495255000001634	EXP	trialSquare: lineWidth = 1
10.495255000001634	EXP	trialSquare: lineColor = {"_rgb":[1,1,1]}
10.495255000001634	EXP	trialSquare: fillColor = {"_rgb":[1,1,1]}
10.495255000001634	EXP	trialSquare: vertices = [[-0.5,0],[0,0.5],[0.5,0]]
10.495255000001634	EXP	trialSquare: closeShape = true
10.495255000001634	EXP	trialSquare: contrast = 1
10.495255000001634	EXP	trialSquare: depth = -1
10.495255000001634	EXP	trialSquare: interpolate = true
10.495255000001634	EXP	trialSquare: width = 0.15
10.495255000001634	EXP	trialSquare: vertices = [[-0.075,null],[0.075,null],[0.075,null],[-0.075,null]]
10.495255000001634	EXP	trialSquare: height = 0.15
10.495255000001634	EXP	trialSquare: vertices = [[-0.075,-0.075],[0.075,-0.075],[0.075,0.075],[-0.075,0.075]]
10.495255000001634	EXP	trialSquare: vertices = [[-0.075,-0.075],[0.075,-0.075],[0.075,0.075],[-0.075,0.075]]
10.495255000001634	EXP	trialFix: units = "height"
10.495255000001634	EXP	trialFix: ori = 0
10.495255000001634	EXP	trialFix: opacity = 1
10.495255000001634	EXP	trialFix: pos = [0,0]
10.495255000001634	EXP	trialFix: size = undefined
10.495255000001634	EXP	trialFix: text = "+"
10.495255000001634	EXP	trialFix: font = "Arial"
10.495255000001634	EXP	trialFix: color = {"_hex":"#FFFFFF","_rgb":[1,1,1]}
10.495255000001634	EXP	trialFix: contrast = 1
10.495255000001634	EXP	trialFix: height = 0.05
10.495255000001634	EXP	trialFix: bold = false
10.495255000001634	EXP	trialFix: italic = false
10.495255000001634	EXP	trialFix: alignHoriz = "left"
10.495255000001634	EXP	trialFix: alignVert = "center"
10.495255000001634	EXP	trialFix: wrapWidth = 1
10.495255000001634	EXP	trialFix: flipHoriz = false
10.495255000001634	EXP	trialFix: flipVert = false
10.495255000001634	EXP	instr2: units = "height"
10.495255000001634	EXP	instr2: ori = 0
10.495255000001634	EXP	instr2: opacity = 1
10.495255000001634	EXP	instr2: pos = [0,0]
10.495255000001634	EXP	instr2: size = undefined
10.495255000001634	EXP	instr2: text = "This is the end of N-back-1 trials. You are about to start N-back-2 trials. This means that instead of pressing space whenever the square appears in the same position as on the position on one trial before, you are required to press space whenever the square appears in the same position as on the position two trials before. For example if the square appeared in left down corner on trial 1, you should press space if the square appears in the left down corner on trial 3. Press 's' to continue."
10.495255000001634	EXP	instr2: font = "Arial"
10.495255000001634	EXP	instr2: color = {"_hex":"#FFFFFF","_rgb":[1,1,1]}
10.495255000001634	EXP	instr2: contrast = 1
10.495255000001634	EXP	instr2: height = 0.05
10.495255000001634	EXP	instr2: bold = false
10.495255000001634	EXP	instr2: italic = false
10.495255000001634	EXP	instr2: alignHoriz = "left"
10.495255000001634	EXP	instr2: alignVert = "center"
10.495255000001634	EXP	instr2: wrapWidth = 1
10.495255000001634	EXP	instr2: flipHoriz = false
10.495255000001634	EXP	instr2: flipVert = false
10.495255000001634	EXP	fix2: units = "height"
10.495255000001634	EXP	fix2: ori = 0
10.495255000001634	EXP	fix2: opacity = 1
10.495255000001634	EXP	fix2: pos = [0,0]
10.495255000001634	EXP	fix2: size = undefined
10.495255000001634	EXP	fix2: text = "+"
10.495255000001634	EXP	fix2: font = "Arial"
10.495255000001634	EXP	fix2: color = {"_hex":"#FFFFFF","_rgb":[1,1,1]}
10.495255000001634	EXP	fix2: contrast = 1
10.495255000001634	EXP	fix2: height = 0.05
10.495255000001634	EXP	fix2: bold = false
10.495255000001634	EXP	fix2: italic = false
10.495255000001634	EXP	fix2: alignHoriz = "left"
10.495255000001634	EXP	fix2: alignVert = "center"
10.495255000001634	EXP	fix2: wrapWidth = 1
10.495255000001634	EXP	fix2: flipHoriz = false
10.495255000001634	EXP	fix2: flipVert = false
10.495255000001634	EXP	trialGrid: units = "height"
10.495255000001634	EXP	trialGrid: ori = 0
10.495255000001634	EXP	trialGrid: opacity = 1
10.495255000001634	EXP	trialGrid: pos = [0,0]
10.495255000001634	EXP	trialGrid: size = [0.6,0.6]
10.495255000001634	EXP	trialGrid: image = {}
10.495255000001634	EXP	trialGrid: mask = undefined
10.495255000001634	EXP	trialGrid: color = {"_rgb":[1,1,1]}
10.495255000001634	EXP	trialGrid: contrast = 1
10.495255000001634	EXP	trialGrid: texRes = 128
10.495255000001634	EXP	trialGrid: interpolate = true
10.495255000001634	EXP	trialGrid: depth = 0
10.495255000001634	EXP	trialGrid: flipHoriz = false
10.495255000001634	EXP	trialGrid: flipVert = false
10.495255000001634	EXP	trialSquare: units = "height"
10.495255000001634	EXP	trialSquare: ori = 0
10.495255000001634	EXP	trialSquare: opacity = 1
10.495255000001634	EXP	trialSquare: pos = [0,0]
10.495255000001634	EXP	trialSquare: size = [1,1]
10.495255000001634	EXP	trialSquare: lineWidth = 1
10.495255000001634	EXP	trialSquare: lineColor = {"_rgb":[1,1,1]}
10.495255000001634	EXP	trialSquare: fillColor = {"_rgb":[1,1,1]}
10.495255000001634	EXP	trialSquare: vertices = [[-0.5,0],[0,0.5],[0.5,0]]
10.495255000001634	EXP	trialSquare: closeShape = true
10.495255000001634	EXP	trialSquare: contrast = 1
10.495255000001634	EXP	trialSquare: depth = -1
10.495255000001634	EXP	trialSquare: interpolate = true
10.495255000001634	EXP	trialSquare: width = 0.15
10.495255000001634	EXP	trialSquare: vertices = [[-0.075,null],[0.075,null],[0.075,null],[-0.075,null]]
10.495255000001634	EXP	trialSquare: height = 0.15
10.495255000001634	EXP	trialSquare: vertices = [[-0.075,-0.075],[0.075,-0.075],[0.075,0.075],[-0.075,0.075]]
10.495255000001634	EXP	trialSquare: vertices = [[-0.075,-0.075],[0.075,-0.075],[0.075,0.075],[-0.075,0.075]]
10.495255000001634	EXP	trialFix: units = "height"
10.495255000001634	EXP	trialFix: ori = 0
10.495255000001634	EXP	trialFix: opacity = 1
10.495255000001634	EXP	trialFix: pos = [0,0]
10.495255000001634	EXP	trialFix: size = undefined
10.495255000001634	EXP	trialFix: text = "+"
10.495255000001634	EXP	trialFix: font = "Arial"
10.495255000001634	EXP	trialFix: color = {"_hex":"#FFFFFF","_rgb":[1,1,1]}
10.495255000001634	EXP	trialFix: contrast = 1
10.495255000001634	EXP	trialFix: height = 0.05
10.495255000001634	EXP	trialFix: bold = false
10.495255000001634	EXP	trialFix: italic = false
10.495255000001634	EXP	trialFix: alignHoriz = "left"
10.495255000001634	EXP	trialFix: alignVert = "center"
10.495255000001634	EXP	trialFix: wrapWidth = 1
10.495255000001634	EXP	trialFix: flipHoriz = false
10.495255000001634	EXP	trialFix: flipVert = false
10.495255000001634	EXP	instr3: units = "height"
10.495255000001634	EXP	instr3: ori = 0
10.495255000001634	EXP	instr3: opacity = 1
10.495255000001634	EXP	instr3: pos = [0,0]
10.495255000001634	EXP	instr3: size = undefined
10.495255000001634	EXP	instr3: text = "This is the end of N-back-2 trials. You are about to start N-back-3 trials. This means that instead of pressing space whenever the square appears in the same position as on the position on two trials before, you are required to press space whenever the square appears in the same position as on the position three trials before. For example if the square appeared in left down corner on trial 1, you should press space if the square appears in the left down corner on trial 4. Press 's' to continue."
10.495255000001634	EXP	instr3: font = "Arial"
10.495255000001634	EXP	instr3: color = {"_hex":"#FFFFFF","_rgb":[1,1,1]}
10.495255000001634	EXP	instr3: contrast = 1
10.495255000001634	EXP	instr3: height = 0.05
10.495255000001634	EXP	instr3: bold = false
10.495255000001634	EXP	instr3: italic = false
10.495255000001634	EXP	instr3: alignHoriz = "left"
10.495255000001634	EXP	instr3: alignVert = "center"
10.495255000001634	EXP	instr3: wrapWidth = 1
10.495255000001634	EXP	instr3: flipHoriz = false
10.495255000001634	EXP	instr3: flipVert = false
10.495255000001634	EXP	fix3: units = "height"
10.495255000001634	EXP	fix3: ori = 0
10.495255000001634	EXP	fix3: opacity = 1
10.495255000001634	EXP	fix3: pos = [0,0]
10.495255000001634	EXP	fix3: size = undefined
10.495255000001634	EXP	fix3: text = "+"
10.495255000001634	EXP	fix3: font = "Arial"
10.495255000001634	EXP	fix3: color = {"_hex":"#FFFFFF","_rgb":[1,1,1]}
10.495255000001634	EXP	fix3: contrast = 1
10.495255000001634	EXP	fix3: height = 0.05
10.495255000001634	EXP	fix3: bold = false
10.495255000001634	EXP	fix3: italic = false
10.495255000001634	EXP	fix3: alignHoriz = "left"
10.495255000001634	EXP	fix3: alignVert = "center"
10.495255000001634	EXP	fix3: wrapWidth = 1
10.495255000001634	EXP	fix3: flipHoriz = false
10.495255000001634	EXP	fix3: flipVert = false
10.495255000001634	EXP	trialGrid: units = "height"
10.495255000001634	EXP	trialGrid: ori = 0
10.495255000001634	EXP	trialGrid: opacity = 1
10.495255000001634	EXP	trialGrid: pos = [0,0]
10.495255000001634	EXP	trialGrid: size = [0.6,0.6]
10.495255000001634	EXP	trialGrid: image = {}
10.495255000001634	EXP	trialGrid: mask = undefined
10.495255000001634	EXP	trialGrid: color = {"_rgb":[1,1,1]}
10.495255000001634	EXP	trialGrid: contrast = 1
10.495255000001634	EXP	trialGrid: texRes = 128
10.495255000001634	EXP	trialGrid: interpolate = true
10.495255000001634	EXP	trialGrid: depth = 0
10.495255000001634	EXP	trialGrid: flipHoriz = false
10.495255000001634	EXP	trialGrid: flipVert = false
10.495255000001634	EXP	trialSquare: units = "height"
10.495255000001634	EXP	trialSquare: ori = 0
10.495255000001634	EXP	trialSquare: opacity = 1
10.495255000001634	EXP	trialSquare: pos = [0,0]
10.495255000001634	EXP	trialSquare: size = [1,1]
10.495255000001634	EXP	trialSquare: lineWidth = 1
10.495255000001634	EXP	trialSquare: lineColor = {"_rgb":[1,1,1]}
10.495255000001634	EXP	trialSquare: fillColor = {"_rgb":[1,1,1]}
10.495255000001634	EXP	trialSquare: vertices = [[-0.5,0],[0,0.5],[0.5,0]]
10.495255000001634	EXP	trialSquare: closeShape = true
10.495255000001634	EXP	trialSquare: contrast = 1
10.495255000001634	EXP	trialSquare: depth = -1
10.495255000001634	EXP	trialSquare: interpolate = true
10.495255000001634	EXP	trialSquare: width = 0.15
10.495255000001634	EXP	trialSquare: vertices = [[-0.075,null],[0.075,null],[0.075,null],[-0.075,null]]
10.495255000001634	EXP	trialSquare: height = 0.15
10.495255000001634	EXP	trialSquare: vertices = [[-0.075,-0.075],[0.075,-0.075],[0.075,0.075],[-0.075,0.075]]
10.495255000001634	EXP	trialSquare: vertices = [[-0.075,-0.075],[0.075,-0.075],[0.075,0.075],[-0.075,0.075]]
10.495255000001634	EXP	trialFix: units = "height"
10.495255000001634	EXP	trialFix: ori = 0
10.495255000001634	EXP	trialFix: opacity = 1
10.495255000001634	EXP	trialFix: pos = [0,0]
10.495255000001634	EXP	trialFix: size = undefined
10.495255000001634	EXP	trialFix: text = "+"
10.495255000001634	EXP	trialFix: font = "Arial"
10.495255000001634	EXP	trialFix: color = {"_hex":"#FFFFFF","_rgb":[1,1,1]}
10.495255000001634	EXP	trialFix: contrast = 1
10.495255000001634	EXP	trialFix: height = 0.05
10.495255000001634	EXP	trialFix: bold = false
10.495255000001634	EXP	trialFix: italic = false
10.495255000001634	EXP	trialFix: alignHoriz = "left"
10.495255000001634	EXP	trialFix: alignVert = "center"
10.495255000001634	EXP	trialFix: wrapWidth = 1
10.495255000001634	EXP	trialFix: flipHoriz = false
10.495255000001634	EXP	trialFix: flipVert = false
10.495255000001634	EXP	thanks: units = "height"
10.495255000001634	EXP	thanks: ori = 0
10.495255000001634	EXP	thanks: opacity = 1
10.495255000001634	EXP	thanks: pos = [0,0]
10.495255000001634	EXP	thanks: size = undefined
10.495255000001634	EXP	thanks: text = "This is the end of the experiment.\nThank you for your time."
10.495255000001634	EXP	thanks: font = "Arial"
10.495255000001634	EXP	thanks: color = {"_hex":"#FFFFFF","_rgb":[1,1,1]}
10.495255000001634	EXP	thanks: contrast = 1
10.495255000001634	EXP	thanks: height = 0.05
10.495255000001634	EXP	thanks: bold = false
10.495255000001634	EXP	thanks: italic = false
10.495255000001634	EXP	thanks: alignHoriz = "left"
10.495255000001634	EXP	thanks: alignVert = "center"
10.495255000001634	EXP	thanks: wrapWidth = 1
10.495255000001634	EXP	thanks: flipHoriz = false
10.495255000001634	EXP	thanks: flipVert = false
10.495255000001634	EXP	instr1: autoDraw = true
33.08950499999628	DATA	Keydown: q
35.41912500000035	DATA	Keydown: Escape
