0.42924499999935506	EXP	Created Window = Window( name=Window, fullscr=true, color=#808080, units=height, waitBlanking=true, autoLog=true, size=[1496,754] )
51.782540000000154	DATA	Keydown: j
51.82129999999961	DATA	Keydown: u
51.95739499999945	DATA	Keydown: l
52.14927499999976	DATA	Keydown: i
52.317284999999174	DATA	Keydown: o
53.141529999998966	DATA	Keydown: Enter
54.831709999998566	EXP	Created instr1 = TextStim( name=instr1, win=Window( name=Window, fullscr=true, color=#808080, ~), autoDraw=null, autoLog=true, units=height, ori=null, opacity=1, pos=[0,0], size=undefined, text=In this task you will be required to press space i~, font=Arial, color=#FFFFFF, contrast=1, height=0.05, bold=null, italic=null, alignHoriz=left, alignVert=center, wrapWidth=1, flipHoriz=null, flipVert=null )
54.833644999998796	EXP	Created fix1 = TextStim( name=fix1, win=Window( name=Window, fullscr=true, color=#808080, ~), autoDraw=null, autoLog=true, units=height, ori=null, opacity=1, pos=[0,0], size=undefined, text=+, font=Arial, color=#FFFFFF, contrast=1, height=0.05, bold=null, italic=null, alignHoriz=left, alignVert=center, wrapWidth=1, flipHoriz=null, flipVert=null )
54.83770000000004	EXP	Created trialGrid = ImageStim( name=trialGrid, win=Window( name=Window, fullscr=true, color=#808080, ~), autoDraw=null, autoLog=true, units=height, ori=null, opacity=1, pos=[0,0], size=[0.6,0.6], image={}, mask=undefined, color=#ffffff, contrast=1, texRes=128, interpolate=true, depth=null, flipHoriz=null, flipVert=null )
54.848329999998896	EXP	Created trialSquare = Rect( name=trialSquare, win=Window( name=Window, fullscr=true, color=#808080, ~), autoDraw=null, autoLog=true, units=height, ori=null, opacity=1, pos=[0,0], size=[1,1], lineWidth=1, lineColor=#ffffff, fillColor=#ffffff, vertices=[[-0.075,-0.075],[0.075,-0.075],[0.075,0.075],[-0.~, closeShape=true, contrast=1, depth=-1, interpolate=true, width=0.15, height=0.15 )
54.849974999999176	EXP	Created trialFix = TextStim( name=trialFix, win=Window( name=Window, fullscr=true, color=#808080, ~), autoDraw=null, autoLog=true, units=height, ori=null, opacity=1, pos=[0,0], size=undefined, text=+, font=Arial, color=#FFFFFF, contrast=1, height=0.05, bold=null, italic=null, alignHoriz=left, alignVert=center, wrapWidth=1, flipHoriz=null, flipVert=null )
54.851394999999684	EXP	Created instr2 = TextStim( name=instr2, win=Window( name=Window, fullscr=true, color=#808080, ~), autoDraw=null, autoLog=true, units=height, ori=null, opacity=1, pos=[0,0], size=undefined, text=This is the end of N-back-1 trials. You are about ~, font=Arial, color=#FFFFFF, contrast=1, height=0.05, bold=null, italic=null, alignHoriz=left, alignVert=center, wrapWidth=1, flipHoriz=null, flipVert=null )
54.87748499999907	EXP	Created fix2 = TextStim( name=fix2, win=Window( name=Window, fullscr=true, color=#808080, ~), autoDraw=null, autoLog=true, units=height, ori=null, opacity=1, pos=[0,0], size=undefined, text=+, font=Arial, color=#FFFFFF, contrast=1, height=0.05, bold=null, italic=null, alignHoriz=left, alignVert=center, wrapWidth=1, flipHoriz=null, flipVert=null )
54.89731500000016	EXP	Created trialGrid = ImageStim( name=trialGrid, win=Window( name=Window, fullscr=true, color=#808080, ~), autoDraw=null, autoLog=true, units=height, ori=null, opacity=1, pos=[0,0], size=[0.6,0.6], image={}, mask=undefined, color=#ffffff, contrast=1, texRes=128, interpolate=true, depth=null, flipHoriz=null, flipVert=null )
54.90855499999998	EXP	Created trialSquare = Rect( name=trialSquare, win=Window( name=Window, fullscr=true, color=#808080, ~), autoDraw=null, autoLog=true, units=height, ori=null, opacity=1, pos=[0,0], size=[1,1], lineWidth=1, lineColor=#ffffff, fillColor=#ffffff, vertices=[[-0.075,-0.075],[0.075,-0.075],[0.075,0.075],[-0.~, closeShape=true, contrast=1, depth=-1, interpolate=true, width=0.15, height=0.15 )
54.90948500000013	EXP	Created trialFix = TextStim( name=trialFix, win=Window( name=Window, fullscr=true, color=#808080, ~), autoDraw=null, autoLog=true, units=height, ori=null, opacity=1, pos=[0,0], size=undefined, text=+, font=Arial, color=#FFFFFF, contrast=1, height=0.05, bold=null, italic=null, alignHoriz=left, alignVert=center, wrapWidth=1, flipHoriz=null, flipVert=null )
54.912044999999125	EXP	Created instr3 = TextStim( name=instr3, win=Window( name=Window, fullscr=true, color=#808080, ~), autoDraw=null, autoLog=true, units=height, ori=null, opacity=1, pos=[0,0], size=undefined, text=This is the end of N-back-2 trials. You are about ~, font=Arial, color=#FFFFFF, contrast=1, height=0.05, bold=null, italic=null, alignHoriz=left, alignVert=center, wrapWidth=1, flipHoriz=null, flipVert=null )
54.91527999999926	EXP	Created fix3 = TextStim( name=fix3, win=Window( name=Window, fullscr=true, color=#808080, ~), autoDraw=null, autoLog=true, units=height, ori=null, opacity=1, pos=[0,0], size=undefined, text=+, font=Arial, color=#FFFFFF, contrast=1, height=0.05, bold=null, italic=null, alignHoriz=left, alignVert=center, wrapWidth=1, flipHoriz=null, flipVert=null )
54.92001999999957	EXP	Created trialGrid = ImageStim( name=trialGrid, win=Window( name=Window, fullscr=true, color=#808080, ~), autoDraw=null, autoLog=true, units=height, ori=null, opacity=1, pos=[0,0], size=[0.6,0.6], image={}, mask=undefined, color=#ffffff, contrast=1, texRes=128, interpolate=true, depth=null, flipHoriz=null, flipVert=null )
54.93202500000007	EXP	Created trialSquare = Rect( name=trialSquare, win=Window( name=Window, fullscr=true, color=#808080, ~), autoDraw=null, autoLog=true, units=height, ori=null, opacity=1, pos=[0,0], size=[1,1], lineWidth=1, lineColor=#ffffff, fillColor=#ffffff, vertices=[[-0.075,-0.075],[0.075,-0.075],[0.075,0.075],[-0.~, closeShape=true, contrast=1, depth=-1, interpolate=true, width=0.15, height=0.15 )
54.93289499999992	EXP	Created trialFix = TextStim( name=trialFix, win=Window( name=Window, fullscr=true, color=#808080, ~), autoDraw=null, autoLog=true, units=height, ori=null, opacity=1, pos=[0,0], size=undefined, text=+, font=Arial, color=#FFFFFF, contrast=1, height=0.05, bold=null, italic=null, alignHoriz=left, alignVert=center, wrapWidth=1, flipHoriz=null, flipVert=null )
54.93387499999881	EXP	Created thanks = TextStim( name=thanks, win=Window( name=Window, fullscr=true, color=#808080, ~), autoDraw=null, autoLog=true, units=height, ori=null, opacity=1, pos=[0,0], size=undefined, text=This is the end of the experiment.
Thank you for y~, font=Arial, color=#FFFFFF, contrast=1, height=0.05, bold=null, italic=null, alignHoriz=left, alignVert=center, wrapWidth=1, flipHoriz=null, flipVert=null )
55.04053000000022	EXP	instr1: units = "height"
55.04053000000022	EXP	instr1: ori = 0
55.04053000000022	EXP	instr1: opacity = 1
55.04053000000022	EXP	instr1: pos = [0,0]
55.04053000000022	EXP	instr1: size = undefined
55.04053000000022	EXP	instr1: text = "In this task you will be required to press space if the white square appeared in the same location as the location on the last trial. For example if the square was in the left down corner on trial 1 and then it appeared in the same location on trial 2, press space. Otherwise, do not respond. Press 's' to continue."
55.04053000000022	EXP	instr1: font = "Arial"
55.04053000000022	EXP	instr1: color = {"_hex":"#FFFFFF","_rgb":[1,1,1]}
55.04053000000022	EXP	instr1: contrast = 1
55.04053000000022	EXP	instr1: height = 0.05
55.04053000000022	EXP	instr1: bold = false
55.04053000000022	EXP	instr1: italic = false
55.04053000000022	EXP	instr1: alignHoriz = "left"
55.04053000000022	EXP	instr1: alignVert = "center"
55.04053000000022	EXP	instr1: wrapWidth = 1
55.04053000000022	EXP	instr1: flipHoriz = false
55.04053000000022	EXP	instr1: flipVert = false
55.04053000000022	EXP	fix1: units = "height"
55.04053000000022	EXP	fix1: ori = 0
55.04053000000022	EXP	fix1: opacity = 1
55.04053000000022	EXP	fix1: pos = [0,0]
55.04053000000022	EXP	fix1: size = undefined
55.04053000000022	EXP	fix1: text = "+"
55.04053000000022	EXP	fix1: font = "Arial"
55.04053000000022	EXP	fix1: color = {"_hex":"#FFFFFF","_rgb":[1,1,1]}
55.04053000000022	EXP	fix1: contrast = 1
55.04053000000022	EXP	fix1: height = 0.05
55.04053000000022	EXP	fix1: bold = false
55.04053000000022	EXP	fix1: italic = false
55.04053000000022	EXP	fix1: alignHoriz = "left"
55.04053000000022	EXP	fix1: alignVert = "center"
55.04053000000022	EXP	fix1: wrapWidth = 1
55.04053000000022	EXP	fix1: flipHoriz = false
55.04053000000022	EXP	fix1: flipVert = false
55.04053000000022	EXP	trialGrid: units = "height"
55.04053000000022	EXP	trialGrid: ori = 0
55.04053000000022	EXP	trialGrid: opacity = 1
55.04053000000022	EXP	trialGrid: pos = [0,0]
55.04053000000022	EXP	trialGrid: size = [0.6,0.6]
55.04053000000022	EXP	trialGrid: image = {}
55.04053000000022	EXP	trialGrid: mask = undefined
55.04053000000022	EXP	trialGrid: color = {"_rgb":[1,1,1]}
55.04053000000022	EXP	trialGrid: contrast = 1
55.04053000000022	EXP	trialGrid: texRes = 128
55.04053000000022	EXP	trialGrid: interpolate = true
55.04053000000022	EXP	trialGrid: depth = 0
55.04053000000022	EXP	trialGrid: flipHoriz = false
55.04053000000022	EXP	trialGrid: flipVert = false
55.04053000000022	EXP	trialSquare: units = "height"
55.04053000000022	EXP	trialSquare: ori = 0
55.04053000000022	EXP	trialSquare: opacity = 1
55.04053000000022	EXP	trialSquare: pos = [0,0]
55.04053000000022	EXP	trialSquare: size = [1,1]
55.04053000000022	EXP	trialSquare: lineWidth = 1
55.04053000000022	EXP	trialSquare: lineColor = {"_rgb":[1,1,1]}
55.04053000000022	EXP	trialSquare: fillColor = {"_rgb":[1,1,1]}
55.04053000000022	EXP	trialSquare: vertices = [[-0.5,0],[0,0.5],[0.5,0]]
55.04053000000022	EXP	trialSquare: closeShape = true
55.04053000000022	EXP	trialSquare: contrast = 1
55.04053000000022	EXP	trialSquare: depth = -1
55.04053000000022	EXP	trialSquare: interpolate = true
55.04053000000022	EXP	trialSquare: width = 0.15
55.04053000000022	EXP	trialSquare: vertices = [[-0.075,null],[0.075,null],[0.075,null],[-0.075,null]]
55.04053000000022	EXP	trialSquare: height = 0.15
55.04053000000022	EXP	trialSquare: vertices = [[-0.075,-0.075],[0.075,-0.075],[0.075,0.075],[-0.075,0.075]]
55.04053000000022	EXP	trialSquare: vertices = [[-0.075,-0.075],[0.075,-0.075],[0.075,0.075],[-0.075,0.075]]
55.04053000000022	EXP	trialFix: units = "height"
55.04053000000022	EXP	trialFix: ori = 0
55.04053000000022	EXP	trialFix: opacity = 1
55.04053000000022	EXP	trialFix: pos = [0,0]
55.04053000000022	EXP	trialFix: size = undefined
55.04053000000022	EXP	trialFix: text = "+"
55.04053000000022	EXP	trialFix: font = "Arial"
55.04053000000022	EXP	trialFix: color = {"_hex":"#FFFFFF","_rgb":[1,1,1]}
55.04053000000022	EXP	trialFix: contrast = 1
55.04053000000022	EXP	trialFix: height = 0.05
55.04053000000022	EXP	trialFix: bold = false
55.04053000000022	EXP	trialFix: italic = false
55.04053000000022	EXP	trialFix: alignHoriz = "left"
55.04053000000022	EXP	trialFix: alignVert = "center"
55.04053000000022	EXP	trialFix: wrapWidth = 1
55.04053000000022	EXP	trialFix: flipHoriz = false
55.04053000000022	EXP	trialFix: flipVert = false
55.04053000000022	EXP	instr2: units = "height"
55.04053000000022	EXP	instr2: ori = 0
55.04053000000022	EXP	instr2: opacity = 1
55.04053000000022	EXP	instr2: pos = [0,0]
55.04053000000022	EXP	instr2: size = undefined
55.04053000000022	EXP	instr2: text = "This is the end of N-back-1 trials. You are about to start N-back-2 trials. This means that instead of pressing space whenever the square appears in the same position as on the position on one trial before, you are required to press space whenever the square appears in the same position as on the position two trials before. For example if the square appeared in left down corner on trial 1, you should press space if the square appears in the left down corner on trial 3. Press 's' to continue."
55.04053000000022	EXP	instr2: font = "Arial"
55.04053000000022	EXP	instr2: color = {"_hex":"#FFFFFF","_rgb":[1,1,1]}
55.04053000000022	EXP	instr2: contrast = 1
55.04053000000022	EXP	instr2: height = 0.05
55.04053000000022	EXP	instr2: bold = false
55.04053000000022	EXP	instr2: italic = false
55.04053000000022	EXP	instr2: alignHoriz = "left"
55.04053000000022	EXP	instr2: alignVert = "center"
55.04053000000022	EXP	instr2: wrapWidth = 1
55.04053000000022	EXP	instr2: flipHoriz = false
55.04053000000022	EXP	instr2: flipVert = false
55.04053000000022	EXP	fix2: units = "height"
55.04053000000022	EXP	fix2: ori = 0
55.04053000000022	EXP	fix2: opacity = 1
55.04053000000022	EXP	fix2: pos = [0,0]
55.04053000000022	EXP	fix2: size = undefined
55.04053000000022	EXP	fix2: text = "+"
55.04053000000022	EXP	fix2: font = "Arial"
55.04053000000022	EXP	fix2: color = {"_hex":"#FFFFFF","_rgb":[1,1,1]}
55.04053000000022	EXP	fix2: contrast = 1
55.04053000000022	EXP	fix2: height = 0.05
55.04053000000022	EXP	fix2: bold = false
55.04053000000022	EXP	fix2: italic = false
55.04053000000022	EXP	fix2: alignHoriz = "left"
55.04053000000022	EXP	fix2: alignVert = "center"
55.04053000000022	EXP	fix2: wrapWidth = 1
55.04053000000022	EXP	fix2: flipHoriz = false
55.04053000000022	EXP	fix2: flipVert = false
55.04053000000022	EXP	trialGrid: units = "height"
55.04053000000022	EXP	trialGrid: ori = 0
55.04053000000022	EXP	trialGrid: opacity = 1
55.04053000000022	EXP	trialGrid: pos = [0,0]
55.04053000000022	EXP	trialGrid: size = [0.6,0.6]
55.04053000000022	EXP	trialGrid: image = {}
55.04053000000022	EXP	trialGrid: mask = undefined
55.04053000000022	EXP	trialGrid: color = {"_rgb":[1,1,1]}
55.04053000000022	EXP	trialGrid: contrast = 1
55.04053000000022	EXP	trialGrid: texRes = 128
55.04053000000022	EXP	trialGrid: interpolate = true
55.04053000000022	EXP	trialGrid: depth = 0
55.04053000000022	EXP	trialGrid: flipHoriz = false
55.04053000000022	EXP	trialGrid: flipVert = false
55.04053000000022	EXP	trialSquare: units = "height"
55.04053000000022	EXP	trialSquare: ori = 0
55.04053000000022	EXP	trialSquare: opacity = 1
55.04053000000022	EXP	trialSquare: pos = [0,0]
55.04053000000022	EXP	trialSquare: size = [1,1]
55.04053000000022	EXP	trialSquare: lineWidth = 1
55.04053000000022	EXP	trialSquare: lineColor = {"_rgb":[1,1,1]}
55.04053000000022	EXP	trialSquare: fillColor = {"_rgb":[1,1,1]}
55.04053000000022	EXP	trialSquare: vertices = [[-0.5,0],[0,0.5],[0.5,0]]
55.04053000000022	EXP	trialSquare: closeShape = true
55.04053000000022	EXP	trialSquare: contrast = 1
55.04053000000022	EXP	trialSquare: depth = -1
55.04053000000022	EXP	trialSquare: interpolate = true
55.04053000000022	EXP	trialSquare: width = 0.15
55.04053000000022	EXP	trialSquare: vertices = [[-0.075,null],[0.075,null],[0.075,null],[-0.075,null]]
55.04053000000022	EXP	trialSquare: height = 0.15
55.04053000000022	EXP	trialSquare: vertices = [[-0.075,-0.075],[0.075,-0.075],[0.075,0.075],[-0.075,0.075]]
55.04053000000022	EXP	trialSquare: vertices = [[-0.075,-0.075],[0.075,-0.075],[0.075,0.075],[-0.075,0.075]]
55.04053000000022	EXP	trialFix: units = "height"
55.04053000000022	EXP	trialFix: ori = 0
55.04053000000022	EXP	trialFix: opacity = 1
55.04053000000022	EXP	trialFix: pos = [0,0]
55.04053000000022	EXP	trialFix: size = undefined
55.04053000000022	EXP	trialFix: text = "+"
55.04053000000022	EXP	trialFix: font = "Arial"
55.04053000000022	EXP	trialFix: color = {"_hex":"#FFFFFF","_rgb":[1,1,1]}
55.04053000000022	EXP	trialFix: contrast = 1
55.04053000000022	EXP	trialFix: height = 0.05
55.04053000000022	EXP	trialFix: bold = false
55.04053000000022	EXP	trialFix: italic = false
55.04053000000022	EXP	trialFix: alignHoriz = "left"
55.04053000000022	EXP	trialFix: alignVert = "center"
55.04053000000022	EXP	trialFix: wrapWidth = 1
55.04053000000022	EXP	trialFix: flipHoriz = false
55.04053000000022	EXP	trialFix: flipVert = false
55.04053000000022	EXP	instr3: units = "height"
55.04053000000022	EXP	instr3: ori = 0
55.04053000000022	EXP	instr3: opacity = 1
55.04053000000022	EXP	instr3: pos = [0,0]
55.04053000000022	EXP	instr3: size = undefined
55.04053000000022	EXP	instr3: text = "This is the end of N-back-2 trials. You are about to start N-back-3 trials. This means that instead of pressing space whenever the square appears in the same position as on the position on two trials before, you are required to press space whenever the square appears in the same position as on the position three trials before. For example if the square appeared in left down corner on trial 1, you should press space if the square appears in the left down corner on trial 4. Press 's' to continue."
55.04053000000022	EXP	instr3: font = "Arial"
55.04053000000022	EXP	instr3: color = {"_hex":"#FFFFFF","_rgb":[1,1,1]}
55.04053000000022	EXP	instr3: contrast = 1
55.04053000000022	EXP	instr3: height = 0.05
55.04053000000022	EXP	instr3: bold = false
55.04053000000022	EXP	instr3: italic = false
55.04053000000022	EXP	instr3: alignHoriz = "left"
55.04053000000022	EXP	instr3: alignVert = "center"
55.04053000000022	EXP	instr3: wrapWidth = 1
55.04053000000022	EXP	instr3: flipHoriz = false
55.04053000000022	EXP	instr3: flipVert = false
55.04053000000022	EXP	fix3: units = "height"
55.04053000000022	EXP	fix3: ori = 0
55.04053000000022	EXP	fix3: opacity = 1
55.04053000000022	EXP	fix3: pos = [0,0]
55.04053000000022	EXP	fix3: size = undefined
55.04053000000022	EXP	fix3: text = "+"
55.04053000000022	EXP	fix3: font = "Arial"
55.04053000000022	EXP	fix3: color = {"_hex":"#FFFFFF","_rgb":[1,1,1]}
55.04053000000022	EXP	fix3: contrast = 1
55.04053000000022	EXP	fix3: height = 0.05
55.04053000000022	EXP	fix3: bold = false
55.04053000000022	EXP	fix3: italic = false
55.04053000000022	EXP	fix3: alignHoriz = "left"
55.04053000000022	EXP	fix3: alignVert = "center"
55.04053000000022	EXP	fix3: wrapWidth = 1
55.04053000000022	EXP	fix3: flipHoriz = false
55.04053000000022	EXP	fix3: flipVert = false
55.04053000000022	EXP	trialGrid: units = "height"
55.04053000000022	EXP	trialGrid: ori = 0
55.04053000000022	EXP	trialGrid: opacity = 1
55.04053000000022	EXP	trialGrid: pos = [0,0]
55.04053000000022	EXP	trialGrid: size = [0.6,0.6]
55.04053000000022	EXP	trialGrid: image = {}
55.04053000000022	EXP	trialGrid: mask = undefined
55.04053000000022	EXP	trialGrid: color = {"_rgb":[1,1,1]}
55.04053000000022	EXP	trialGrid: contrast = 1
55.04053000000022	EXP	trialGrid: texRes = 128
55.04053000000022	EXP	trialGrid: interpolate = true
55.04053000000022	EXP	trialGrid: depth = 0
55.04053000000022	EXP	trialGrid: flipHoriz = false
55.04053000000022	EXP	trialGrid: flipVert = false
55.04053000000022	EXP	trialSquare: units = "height"
55.04053000000022	EXP	trialSquare: ori = 0
55.04053000000022	EXP	trialSquare: opacity = 1
55.04053000000022	EXP	trialSquare: pos = [0,0]
55.04053000000022	EXP	trialSquare: size = [1,1]
55.04053000000022	EXP	trialSquare: lineWidth = 1
55.04053000000022	EXP	trialSquare: lineColor = {"_rgb":[1,1,1]}
55.04053000000022	EXP	trialSquare: fillColor = {"_rgb":[1,1,1]}
55.04053000000022	EXP	trialSquare: vertices = [[-0.5,0],[0,0.5],[0.5,0]]
55.04053000000022	EXP	trialSquare: closeShape = true
55.04053000000022	EXP	trialSquare: contrast = 1
55.04053000000022	EXP	trialSquare: depth = -1
55.04053000000022	EXP	trialSquare: interpolate = true
55.04053000000022	EXP	trialSquare: width = 0.15
55.04053000000022	EXP	trialSquare: vertices = [[-0.075,null],[0.075,null],[0.075,null],[-0.075,null]]
55.04053000000022	EXP	trialSquare: height = 0.15
55.04053000000022	EXP	trialSquare: vertices = [[-0.075,-0.075],[0.075,-0.075],[0.075,0.075],[-0.075,0.075]]
55.04053000000022	EXP	trialSquare: vertices = [[-0.075,-0.075],[0.075,-0.075],[0.075,0.075],[-0.075,0.075]]
55.04053000000022	EXP	trialFix: units = "height"
55.04053000000022	EXP	trialFix: ori = 0
55.04053000000022	EXP	trialFix: opacity = 1
55.04053000000022	EXP	trialFix: pos = [0,0]
55.04053000000022	EXP	trialFix: size = undefined
55.04053000000022	EXP	trialFix: text = "+"
55.04053000000022	EXP	trialFix: font = "Arial"
55.04053000000022	EXP	trialFix: color = {"_hex":"#FFFFFF","_rgb":[1,1,1]}
55.04053000000022	EXP	trialFix: contrast = 1
55.04053000000022	EXP	trialFix: height = 0.05
55.04053000000022	EXP	trialFix: bold = false
55.04053000000022	EXP	trialFix: italic = false
55.04053000000022	EXP	trialFix: alignHoriz = "left"
55.04053000000022	EXP	trialFix: alignVert = "center"
55.04053000000022	EXP	trialFix: wrapWidth = 1
55.04053000000022	EXP	trialFix: flipHoriz = false
55.04053000000022	EXP	trialFix: flipVert = false
55.04053000000022	EXP	thanks: units = "height"
55.04053000000022	EXP	thanks: ori = 0
55.04053000000022	EXP	thanks: opacity = 1
55.04053000000022	EXP	thanks: pos = [0,0]
55.04053000000022	EXP	thanks: size = undefined
55.04053000000022	EXP	thanks: text = "This is the end of the experiment.\nThank you for your time."
55.04053000000022	EXP	thanks: font = "Arial"
55.04053000000022	EXP	thanks: color = {"_hex":"#FFFFFF","_rgb":[1,1,1]}
55.04053000000022	EXP	thanks: contrast = 1
55.04053000000022	EXP	thanks: height = 0.05
55.04053000000022	EXP	thanks: bold = false
55.04053000000022	EXP	thanks: italic = false
55.04053000000022	EXP	thanks: alignHoriz = "left"
55.04053000000022	EXP	thanks: alignVert = "center"
55.04053000000022	EXP	thanks: wrapWidth = 1
55.04053000000022	EXP	thanks: flipHoriz = false
55.04053000000022	EXP	thanks: flipVert = false
55.04053000000022	EXP	instr1: autoDraw = true
82.39735499999915	DATA	Keydown: s
82.4140099999986	EXP	instr1: autoDraw = false
82.4140099999986	EXP	fix1: autoDraw = true
83.60678000000007	EXP	fix1: autoDraw = false
83.60678000000007	EXP	fix1: autoDraw = false
83.60678000000007	EXP	trialSquare: pos = [0.2,0]
83.60678000000007	EXP	trialGrid: autoDraw = true
83.60678000000007	EXP	trialSquare: autoDraw = true
84.48099999999977	EXP	trialSquare: autoDraw = false
84.49867999999879	EXP	trialFix: autoDraw = true
85.42871999999988	EXP	trialGrid: autoDraw = false
85.42871999999988	EXP	trialSquare: autoDraw = false
85.42871999999988	EXP	trialFix: autoDraw = false
85.42871999999988	EXP	trialSquare: pos = [0.2,0]
85.42871999999988	EXP	trialGrid: autoDraw = true
85.42871999999988	EXP	trialSquare: autoDraw = true
86.42657999999938	EXP	trialSquare: autoDraw = false
86.44296500000019	EXP	trialFix: autoDraw = true
87.42835999999988	EXP	trialGrid: autoDraw = false
87.42835999999988	EXP	trialFix: autoDraw = false
87.42835999999988	EXP	trialGrid: autoDraw = false
87.42835999999988	EXP	trialSquare: autoDraw = false
87.42835999999988	EXP	trialFix: autoDraw = false
87.42835999999988	EXP	trialSquare: pos = [0,0.2]
87.42835999999988	EXP	trialGrid: autoDraw = true
87.42835999999988	EXP	trialSquare: autoDraw = true
88.42631999999867	EXP	trialSquare: autoDraw = false
88.44296000000031	EXP	trialFix: autoDraw = true
89.42820500000016	EXP	trialGrid: autoDraw = false
89.42820500000016	EXP	trialFix: autoDraw = false
89.42820500000016	EXP	trialGrid: autoDraw = false
89.42820500000016	EXP	trialSquare: autoDraw = false
89.42820500000016	EXP	trialFix: autoDraw = false
89.42820500000016	EXP	trialSquare: pos = [0.2,-0.2]
89.42820500000016	EXP	trialGrid: autoDraw = true
89.42820500000016	EXP	trialSquare: autoDraw = true
90.42657999999938	EXP	trialSquare: autoDraw = false
90.44314999999915	EXP	trialFix: autoDraw = true
91.42840999999862	EXP	trialGrid: autoDraw = false
91.42840999999862	EXP	trialFix: autoDraw = false
91.42840999999862	EXP	trialGrid: autoDraw = false
91.42840999999862	EXP	trialSquare: autoDraw = false
91.42840999999862	EXP	trialFix: autoDraw = false
91.42840999999862	EXP	trialSquare: pos = [0.2,-0.2]
91.42840999999862	EXP	trialGrid: autoDraw = true
91.42840999999862	EXP	trialSquare: autoDraw = true
92.4264349999994	EXP	trialSquare: autoDraw = false
92.4431399999994	EXP	trialFix: autoDraw = true
93.42785499999991	EXP	trialGrid: autoDraw = false
93.42785499999991	EXP	trialFix: autoDraw = false
93.42785499999991	EXP	trialGrid: autoDraw = false
93.42785499999991	EXP	trialSquare: autoDraw = false
93.42785499999991	EXP	trialFix: autoDraw = false
93.42785499999991	EXP	trialSquare: pos = [0.2,0]
93.42785499999991	EXP	trialGrid: autoDraw = true
93.42785499999991	EXP	trialSquare: autoDraw = true
94.42629999999917	EXP	trialSquare: autoDraw = false
94.44313499999953	EXP	trialFix: autoDraw = true
95.42881999999918	EXP	trialGrid: autoDraw = false
95.42881999999918	EXP	trialFix: autoDraw = false
95.42881999999918	EXP	trialGrid: autoDraw = false
95.42881999999918	EXP	trialSquare: autoDraw = false
95.42881999999918	EXP	trialFix: autoDraw = false
95.42881999999918	EXP	trialSquare: pos = [-0.2,0]
95.42881999999918	EXP	trialGrid: autoDraw = true
95.42881999999918	EXP	trialSquare: autoDraw = true
96.42632499999854	EXP	trialSquare: autoDraw = false
96.44314999999915	EXP	trialFix: autoDraw = true
97.42795999999908	EXP	trialGrid: autoDraw = false
97.42795999999908	EXP	trialFix: autoDraw = false
97.42795999999908	EXP	trialGrid: autoDraw = false
97.42795999999908	EXP	trialSquare: autoDraw = false
97.42795999999908	EXP	trialFix: autoDraw = false
97.42795999999908	EXP	trialSquare: pos = [0.2,0.2]
97.42795999999908	EXP	trialGrid: autoDraw = true
97.42795999999908	EXP	trialSquare: autoDraw = true
98.4263749999991	EXP	trialSquare: autoDraw = false
98.44301499999892	EXP	trialFix: autoDraw = true
98.64498999999887	DATA	Keydown: |
98.65219499999876	DATA	Keydown: 1
99.33553500000016	DATA	Keydown: Escape
