0.25500000000000034	EXP	Created Window = Window( name=Window, fullscr=true, color=#808080, units=height, waitBlanking=true, autoLog=true, size=[1438,749] )
4.115	DATA	Keydown: l
5.746	EXP	Created instr1 = TextStim( name=instr1, win=Window( name=Window, fullscr=true, color=#808080, ~), autoDraw=null, autoLog=true, units=height, ori=null, opacity=1, pos=[0,0], size=undefined, text=In this task you will be required to press space i~, font=Arial, color=#FFFFFF, contrast=1, height=0.05, bold=null, italic=null, alignHoriz=left, alignVert=center, wrapWidth=1, flipHoriz=null, flipVert=null )
5.748000000000001	EXP	Created fix1 = TextStim( name=fix1, win=Window( name=Window, fullscr=true, color=#808080, ~), autoDraw=null, autoLog=true, units=height, ori=null, opacity=1, pos=[0,0], size=undefined, text=+, font=Arial, color=#FFFFFF, contrast=1, height=0.05, bold=null, italic=null, alignHoriz=left, alignVert=center, wrapWidth=1, flipHoriz=null, flipVert=null )
5.753	EXP	Created trialGrid = ImageStim( name=trialGrid, win=Window( name=Window, fullscr=true, color=#808080, ~), autoDraw=null, autoLog=true, units=height, ori=null, opacity=1, pos=[0,0], size=[0.6,0.6], image={}, mask=undefined, color=#ffffff, contrast=1, texRes=128, interpolate=true, depth=null, flipHoriz=null, flipVert=null )
5.756	EXP	Created trialSquare = Rect( name=trialSquare, win=Window( name=Window, fullscr=true, color=#808080, ~), autoDraw=null, autoLog=true, units=height, ori=null, opacity=1, pos=[0,0], size=[1,1], lineWidth=1, lineColor=#ffffff, fillColor=#ffffff, vertices=[[-0.075,-0.075],[0.075,-0.075],[0.075,0.075],[-0.~, closeShape=true, contrast=1, depth=-1, interpolate=true, width=0.15, height=0.15 )
5.757	EXP	Created trialFix = TextStim( name=trialFix, win=Window( name=Window, fullscr=true, color=#808080, ~), autoDraw=null, autoLog=true, units=height, ori=null, opacity=1, pos=[0,0], size=undefined, text=+, font=Arial, color=#FFFFFF, contrast=1, height=0.05, bold=null, italic=null, alignHoriz=left, alignVert=center, wrapWidth=1, flipHoriz=null, flipVert=null )
5.758000000000001	EXP	Created instr2 = TextStim( name=instr2, win=Window( name=Window, fullscr=true, color=#808080, ~), autoDraw=null, autoLog=true, units=height, ori=null, opacity=1, pos=[0,0], size=undefined, text=This is the end of N-back-1 trials. You are about ~, font=Arial, color=#FFFFFF, contrast=1, height=0.05, bold=null, italic=null, alignHoriz=left, alignVert=center, wrapWidth=1, flipHoriz=null, flipVert=null )
5.759	EXP	Created fix2 = TextStim( name=fix2, win=Window( name=Window, fullscr=true, color=#808080, ~), autoDraw=null, autoLog=true, units=height, ori=null, opacity=1, pos=[0,0], size=undefined, text=+, font=Arial, color=#FFFFFF, contrast=1, height=0.05, bold=null, italic=null, alignHoriz=left, alignVert=center, wrapWidth=1, flipHoriz=null, flipVert=null )
5.76	EXP	Created trialGrid = ImageStim( name=trialGrid, win=Window( name=Window, fullscr=true, color=#808080, ~), autoDraw=null, autoLog=true, units=height, ori=null, opacity=1, pos=[0,0], size=[0.6,0.6], image={}, mask=undefined, color=#ffffff, contrast=1, texRes=128, interpolate=true, depth=null, flipHoriz=null, flipVert=null )
5.761000000000001	EXP	Created trialSquare = Rect( name=trialSquare, win=Window( name=Window, fullscr=true, color=#808080, ~), autoDraw=null, autoLog=true, units=height, ori=null, opacity=1, pos=[0,0], size=[1,1], lineWidth=1, lineColor=#ffffff, fillColor=#ffffff, vertices=[[-0.075,-0.075],[0.075,-0.075],[0.075,0.075],[-0.~, closeShape=true, contrast=1, depth=-1, interpolate=true, width=0.15, height=0.15 )
5.7620000000000005	EXP	Created trialFix = TextStim( name=trialFix, win=Window( name=Window, fullscr=true, color=#808080, ~), autoDraw=null, autoLog=true, units=height, ori=null, opacity=1, pos=[0,0], size=undefined, text=+, font=Arial, color=#FFFFFF, contrast=1, height=0.05, bold=null, italic=null, alignHoriz=left, alignVert=center, wrapWidth=1, flipHoriz=null, flipVert=null )
5.7620000000000005	EXP	Created instr3 = TextStim( name=instr3, win=Window( name=Window, fullscr=true, color=#808080, ~), autoDraw=null, autoLog=true, units=height, ori=null, opacity=1, pos=[0,0], size=undefined, text=This is the end of N-back-2 trials. You are about ~, font=Arial, color=#FFFFFF, contrast=1, height=0.05, bold=null, italic=null, alignHoriz=left, alignVert=center, wrapWidth=1, flipHoriz=null, flipVert=null )
5.763	EXP	Created fix3 = TextStim( name=fix3, win=Window( name=Window, fullscr=true, color=#808080, ~), autoDraw=null, autoLog=true, units=height, ori=null, opacity=1, pos=[0,0], size=undefined, text=+, font=Arial, color=#FFFFFF, contrast=1, height=0.05, bold=null, italic=null, alignHoriz=left, alignVert=center, wrapWidth=1, flipHoriz=null, flipVert=null )
5.764000000000001	EXP	Created trialGrid = ImageStim( name=trialGrid, win=Window( name=Window, fullscr=true, color=#808080, ~), autoDraw=null, autoLog=true, units=height, ori=null, opacity=1, pos=[0,0], size=[0.6,0.6], image={}, mask=undefined, color=#ffffff, contrast=1, texRes=128, interpolate=true, depth=null, flipHoriz=null, flipVert=null )
5.765000000000001	EXP	Created trialSquare = Rect( name=trialSquare, win=Window( name=Window, fullscr=true, color=#808080, ~), autoDraw=null, autoLog=true, units=height, ori=null, opacity=1, pos=[0,0], size=[1,1], lineWidth=1, lineColor=#ffffff, fillColor=#ffffff, vertices=[[-0.075,-0.075],[0.075,-0.075],[0.075,0.075],[-0.~, closeShape=true, contrast=1, depth=-1, interpolate=true, width=0.15, height=0.15 )
5.766	EXP	Created trialFix = TextStim( name=trialFix, win=Window( name=Window, fullscr=true, color=#808080, ~), autoDraw=null, autoLog=true, units=height, ori=null, opacity=1, pos=[0,0], size=undefined, text=+, font=Arial, color=#FFFFFF, contrast=1, height=0.05, bold=null, italic=null, alignHoriz=left, alignVert=center, wrapWidth=1, flipHoriz=null, flipVert=null )
5.766	EXP	Created thanks = TextStim( name=thanks, win=Window( name=Window, fullscr=true, color=#808080, ~), autoDraw=null, autoLog=true, units=height, ori=null, opacity=1, pos=[0,0], size=undefined, text=This is the end of the experiment.
Thank you for y~, font=Arial, color=#FFFFFF, contrast=1, height=0.05, bold=null, italic=null, alignHoriz=left, alignVert=center, wrapWidth=1, flipHoriz=null, flipVert=null )
5.969000000000001	EXP	instr1: units = "height"
5.969000000000001	EXP	instr1: ori = 0
5.969000000000001	EXP	instr1: opacity = 1
5.969000000000001	EXP	instr1: pos = [0,0]
5.969000000000001	EXP	instr1: size = undefined
5.969000000000001	EXP	instr1: text = "In this task you will be required to press space if the white square appeared in the same location as the location on the last trial. For example if the square was in the left down corner on trial 1 and then it appeared in the same location on trial 2, press space. Otherwise, do not respond. Press 's' to continue."
5.969000000000001	EXP	instr1: font = "Arial"
5.969000000000001	EXP	instr1: color = {"_hex":"#FFFFFF","_rgb":[1,1,1]}
5.969000000000001	EXP	instr1: contrast = 1
5.969000000000001	EXP	instr1: height = 0.05
5.969000000000001	EXP	instr1: bold = false
5.969000000000001	EXP	instr1: italic = false
5.969000000000001	EXP	instr1: alignHoriz = "left"
5.969000000000001	EXP	instr1: alignVert = "center"
5.969000000000001	EXP	instr1: wrapWidth = 1
5.969000000000001	EXP	instr1: flipHoriz = false
5.969000000000001	EXP	instr1: flipVert = false
5.969000000000001	EXP	fix1: units = "height"
5.969000000000001	EXP	fix1: ori = 0
5.969000000000001	EXP	fix1: opacity = 1
5.969000000000001	EXP	fix1: pos = [0,0]
5.969000000000001	EXP	fix1: size = undefined
5.969000000000001	EXP	fix1: text = "+"
5.969000000000001	EXP	fix1: font = "Arial"
5.969000000000001	EXP	fix1: color = {"_hex":"#FFFFFF","_rgb":[1,1,1]}
5.969000000000001	EXP	fix1: contrast = 1
5.969000000000001	EXP	fix1: height = 0.05
5.969000000000001	EXP	fix1: bold = false
5.969000000000001	EXP	fix1: italic = false
5.969000000000001	EXP	fix1: alignHoriz = "left"
5.969000000000001	EXP	fix1: alignVert = "center"
5.969000000000001	EXP	fix1: wrapWidth = 1
5.969000000000001	EXP	fix1: flipHoriz = false
5.969000000000001	EXP	fix1: flipVert = false
5.969000000000001	EXP	trialGrid: units = "height"
5.969000000000001	EXP	trialGrid: ori = 0
5.969000000000001	EXP	trialGrid: opacity = 1
5.969000000000001	EXP	trialGrid: pos = [0,0]
5.969000000000001	EXP	trialGrid: size = [0.6,0.6]
5.969000000000001	EXP	trialGrid: image = {}
5.969000000000001	EXP	trialGrid: mask = undefined
5.969000000000001	EXP	trialGrid: color = {"_rgb":[1,1,1]}
5.969000000000001	EXP	trialGrid: contrast = 1
5.969000000000001	EXP	trialGrid: texRes = 128
5.969000000000001	EXP	trialGrid: interpolate = true
5.969000000000001	EXP	trialGrid: depth = 0
5.969000000000001	EXP	trialGrid: flipHoriz = false
5.969000000000001	EXP	trialGrid: flipVert = false
5.969000000000001	EXP	trialSquare: units = "height"
5.969000000000001	EXP	trialSquare: ori = 0
5.969000000000001	EXP	trialSquare: opacity = 1
5.969000000000001	EXP	trialSquare: pos = [0,0]
5.969000000000001	EXP	trialSquare: size = [1,1]
5.969000000000001	EXP	trialSquare: lineWidth = 1
5.969000000000001	EXP	trialSquare: lineColor = {"_rgb":[1,1,1]}
5.969000000000001	EXP	trialSquare: fillColor = {"_rgb":[1,1,1]}
5.969000000000001	EXP	trialSquare: vertices = [[-0.5,0],[0,0.5],[0.5,0]]
5.969000000000001	EXP	trialSquare: closeShape = true
5.969000000000001	EXP	trialSquare: contrast = 1
5.969000000000001	EXP	trialSquare: depth = -1
5.969000000000001	EXP	trialSquare: interpolate = true
5.969000000000001	EXP	trialSquare: width = 0.15
5.969000000000001	EXP	trialSquare: vertices = [[-0.075,null],[0.075,null],[0.075,null],[-0.075,null]]
5.969000000000001	EXP	trialSquare: height = 0.15
5.969000000000001	EXP	trialSquare: vertices = [[-0.075,-0.075],[0.075,-0.075],[0.075,0.075],[-0.075,0.075]]
5.969000000000001	EXP	trialSquare: vertices = [[-0.075,-0.075],[0.075,-0.075],[0.075,0.075],[-0.075,0.075]]
5.969000000000001	EXP	trialFix: units = "height"
5.969000000000001	EXP	trialFix: ori = 0
5.969000000000001	EXP	trialFix: opacity = 1
5.969000000000001	EXP	trialFix: pos = [0,0]
5.969000000000001	EXP	trialFix: size = undefined
5.969000000000001	EXP	trialFix: text = "+"
5.969000000000001	EXP	trialFix: font = "Arial"
5.969000000000001	EXP	trialFix: color = {"_hex":"#FFFFFF","_rgb":[1,1,1]}
5.969000000000001	EXP	trialFix: contrast = 1
5.969000000000001	EXP	trialFix: height = 0.05
5.969000000000001	EXP	trialFix: bold = false
5.969000000000001	EXP	trialFix: italic = false
5.969000000000001	EXP	trialFix: alignHoriz = "left"
5.969000000000001	EXP	trialFix: alignVert = "center"
5.969000000000001	EXP	trialFix: wrapWidth = 1
5.969000000000001	EXP	trialFix: flipHoriz = false
5.969000000000001	EXP	trialFix: flipVert = false
5.969000000000001	EXP	instr2: units = "height"
5.969000000000001	EXP	instr2: ori = 0
5.969000000000001	EXP	instr2: opacity = 1
5.969000000000001	EXP	instr2: pos = [0,0]
5.969000000000001	EXP	instr2: size = undefined
5.969000000000001	EXP	instr2: text = "This is the end of N-back-1 trials. You are about to start N-back-2 trials. This means that instead of pressing space whenever the square appears in the same position as on the position on one trial before, you are required to press space whenever the square appears in the same position as on the position two trials before. For example if the square appeared in left down corner on trial 1, you should press space if the square appears in the left down corner on trial 3. Press 's' to continue."
5.969000000000001	EXP	instr2: font = "Arial"
5.969000000000001	EXP	instr2: color = {"_hex":"#FFFFFF","_rgb":[1,1,1]}
5.969000000000001	EXP	instr2: contrast = 1
5.969000000000001	EXP	instr2: height = 0.05
5.969000000000001	EXP	instr2: bold = false
5.969000000000001	EXP	instr2: italic = false
5.969000000000001	EXP	instr2: alignHoriz = "left"
5.969000000000001	EXP	instr2: alignVert = "center"
5.969000000000001	EXP	instr2: wrapWidth = 1
5.969000000000001	EXP	instr2: flipHoriz = false
5.969000000000001	EXP	instr2: flipVert = false
5.969000000000001	EXP	fix2: units = "height"
5.969000000000001	EXP	fix2: ori = 0
5.969000000000001	EXP	fix2: opacity = 1
5.969000000000001	EXP	fix2: pos = [0,0]
5.969000000000001	EXP	fix2: size = undefined
5.969000000000001	EXP	fix2: text = "+"
5.969000000000001	EXP	fix2: font = "Arial"
5.969000000000001	EXP	fix2: color = {"_hex":"#FFFFFF","_rgb":[1,1,1]}
5.969000000000001	EXP	fix2: contrast = 1
5.969000000000001	EXP	fix2: height = 0.05
5.969000000000001	EXP	fix2: bold = false
5.969000000000001	EXP	fix2: italic = false
5.969000000000001	EXP	fix2: alignHoriz = "left"
5.969000000000001	EXP	fix2: alignVert = "center"
5.969000000000001	EXP	fix2: wrapWidth = 1
5.969000000000001	EXP	fix2: flipHoriz = false
5.969000000000001	EXP	fix2: flipVert = false
5.969000000000001	EXP	trialGrid: units = "height"
5.969000000000001	EXP	trialGrid: ori = 0
5.969000000000001	EXP	trialGrid: opacity = 1
5.969000000000001	EXP	trialGrid: pos = [0,0]
5.969000000000001	EXP	trialGrid: size = [0.6,0.6]
5.969000000000001	EXP	trialGrid: image = {}
5.969000000000001	EXP	trialGrid: mask = undefined
5.969000000000001	EXP	trialGrid: color = {"_rgb":[1,1,1]}
5.969000000000001	EXP	trialGrid: contrast = 1
5.969000000000001	EXP	trialGrid: texRes = 128
5.969000000000001	EXP	trialGrid: interpolate = true
5.969000000000001	EXP	trialGrid: depth = 0
5.969000000000001	EXP	trialGrid: flipHoriz = false
5.969000000000001	EXP	trialGrid: flipVert = false
5.969000000000001	EXP	trialSquare: units = "height"
5.969000000000001	EXP	trialSquare: ori = 0
5.969000000000001	EXP	trialSquare: opacity = 1
5.969000000000001	EXP	trialSquare: pos = [0,0]
5.969000000000001	EXP	trialSquare: size = [1,1]
5.969000000000001	EXP	trialSquare: lineWidth = 1
5.969000000000001	EXP	trialSquare: lineColor = {"_rgb":[1,1,1]}
5.969000000000001	EXP	trialSquare: fillColor = {"_rgb":[1,1,1]}
5.969000000000001	EXP	trialSquare: vertices = [[-0.5,0],[0,0.5],[0.5,0]]
5.969000000000001	EXP	trialSquare: closeShape = true
5.969000000000001	EXP	trialSquare: contrast = 1
5.969000000000001	EXP	trialSquare: depth = -1
5.969000000000001	EXP	trialSquare: interpolate = true
5.969000000000001	EXP	trialSquare: width = 0.15
5.969000000000001	EXP	trialSquare: vertices = [[-0.075,null],[0.075,null],[0.075,null],[-0.075,null]]
5.969000000000001	EXP	trialSquare: height = 0.15
5.969000000000001	EXP	trialSquare: vertices = [[-0.075,-0.075],[0.075,-0.075],[0.075,0.075],[-0.075,0.075]]
5.969000000000001	EXP	trialSquare: vertices = [[-0.075,-0.075],[0.075,-0.075],[0.075,0.075],[-0.075,0.075]]
5.969000000000001	EXP	trialFix: units = "height"
5.969000000000001	EXP	trialFix: ori = 0
5.969000000000001	EXP	trialFix: opacity = 1
5.969000000000001	EXP	trialFix: pos = [0,0]
5.969000000000001	EXP	trialFix: size = undefined
5.969000000000001	EXP	trialFix: text = "+"
5.969000000000001	EXP	trialFix: font = "Arial"
5.969000000000001	EXP	trialFix: color = {"_hex":"#FFFFFF","_rgb":[1,1,1]}
5.969000000000001	EXP	trialFix: contrast = 1
5.969000000000001	EXP	trialFix: height = 0.05
5.969000000000001	EXP	trialFix: bold = false
5.969000000000001	EXP	trialFix: italic = false
5.969000000000001	EXP	trialFix: alignHoriz = "left"
5.969000000000001	EXP	trialFix: alignVert = "center"
5.969000000000001	EXP	trialFix: wrapWidth = 1
5.969000000000001	EXP	trialFix: flipHoriz = false
5.969000000000001	EXP	trialFix: flipVert = false
5.969000000000001	EXP	instr3: units = "height"
5.969000000000001	EXP	instr3: ori = 0
5.969000000000001	EXP	instr3: opacity = 1
5.969000000000001	EXP	instr3: pos = [0,0]
5.969000000000001	EXP	instr3: size = undefined
5.969000000000001	EXP	instr3: text = "This is the end of N-back-2 trials. You are about to start N-back-3 trials. This means that instead of pressing space whenever the square appears in the same position as on the position on two trials before, you are required to press space whenever the square appears in the same position as on the position three trials before. For example if the square appeared in left down corner on trial 1, you should press space if the square appears in the left down corner on trial 4. Press 's' to continue."
5.969000000000001	EXP	instr3: font = "Arial"
5.969000000000001	EXP	instr3: color = {"_hex":"#FFFFFF","_rgb":[1,1,1]}
5.969000000000001	EXP	instr3: contrast = 1
5.969000000000001	EXP	instr3: height = 0.05
5.969000000000001	EXP	instr3: bold = false
5.969000000000001	EXP	instr3: italic = false
5.969000000000001	EXP	instr3: alignHoriz = "left"
5.969000000000001	EXP	instr3: alignVert = "center"
5.969000000000001	EXP	instr3: wrapWidth = 1
5.969000000000001	EXP	instr3: flipHoriz = false
5.969000000000001	EXP	instr3: flipVert = false
5.969000000000001	EXP	fix3: units = "height"
5.969000000000001	EXP	fix3: ori = 0
5.969000000000001	EXP	fix3: opacity = 1
5.969000000000001	EXP	fix3: pos = [0,0]
5.969000000000001	EXP	fix3: size = undefined
5.969000000000001	EXP	fix3: text = "+"
5.969000000000001	EXP	fix3: font = "Arial"
5.969000000000001	EXP	fix3: color = {"_hex":"#FFFFFF","_rgb":[1,1,1]}
5.969000000000001	EXP	fix3: contrast = 1
5.969000000000001	EXP	fix3: height = 0.05
5.969000000000001	EXP	fix3: bold = false
5.969000000000001	EXP	fix3: italic = false
5.969000000000001	EXP	fix3: alignHoriz = "left"
5.969000000000001	EXP	fix3: alignVert = "center"
5.969000000000001	EXP	fix3: wrapWidth = 1
5.969000000000001	EXP	fix3: flipHoriz = false
5.969000000000001	EXP	fix3: flipVert = false
5.969000000000001	EXP	trialGrid: units = "height"
5.969000000000001	EXP	trialGrid: ori = 0
5.969000000000001	EXP	trialGrid: opacity = 1
5.969000000000001	EXP	trialGrid: pos = [0,0]
5.969000000000001	EXP	trialGrid: size = [0.6,0.6]
5.969000000000001	EXP	trialGrid: image = {}
5.969000000000001	EXP	trialGrid: mask = undefined
5.969000000000001	EXP	trialGrid: color = {"_rgb":[1,1,1]}
5.969000000000001	EXP	trialGrid: contrast = 1
5.969000000000001	EXP	trialGrid: texRes = 128
5.969000000000001	EXP	trialGrid: interpolate = true
5.969000000000001	EXP	trialGrid: depth = 0
5.969000000000001	EXP	trialGrid: flipHoriz = false
5.969000000000001	EXP	trialGrid: flipVert = false
5.969000000000001	EXP	trialSquare: units = "height"
5.969000000000001	EXP	trialSquare: ori = 0
5.969000000000001	EXP	trialSquare: opacity = 1
5.969000000000001	EXP	trialSquare: pos = [0,0]
5.969000000000001	EXP	trialSquare: size = [1,1]
5.969000000000001	EXP	trialSquare: lineWidth = 1
5.969000000000001	EXP	trialSquare: lineColor = {"_rgb":[1,1,1]}
5.969000000000001	EXP	trialSquare: fillColor = {"_rgb":[1,1,1]}
5.969000000000001	EXP	trialSquare: vertices = [[-0.5,0],[0,0.5],[0.5,0]]
5.969000000000001	EXP	trialSquare: closeShape = true
5.969000000000001	EXP	trialSquare: contrast = 1
5.969000000000001	EXP	trialSquare: depth = -1
5.969000000000001	EXP	trialSquare: interpolate = true
5.969000000000001	EXP	trialSquare: width = 0.15
5.969000000000001	EXP	trialSquare: vertices = [[-0.075,null],[0.075,null],[0.075,null],[-0.075,null]]
5.969000000000001	EXP	trialSquare: height = 0.15
5.969000000000001	EXP	trialSquare: vertices = [[-0.075,-0.075],[0.075,-0.075],[0.075,0.075],[-0.075,0.075]]
5.969000000000001	EXP	trialSquare: vertices = [[-0.075,-0.075],[0.075,-0.075],[0.075,0.075],[-0.075,0.075]]
5.969000000000001	EXP	trialFix: units = "height"
5.969000000000001	EXP	trialFix: ori = 0
5.969000000000001	EXP	trialFix: opacity = 1
5.969000000000001	EXP	trialFix: pos = [0,0]
5.969000000000001	EXP	trialFix: size = undefined
5.969000000000001	EXP	trialFix: text = "+"
5.969000000000001	EXP	trialFix: font = "Arial"
5.969000000000001	EXP	trialFix: color = {"_hex":"#FFFFFF","_rgb":[1,1,1]}
5.969000000000001	EXP	trialFix: contrast = 1
5.969000000000001	EXP	trialFix: height = 0.05
5.969000000000001	EXP	trialFix: bold = false
5.969000000000001	EXP	trialFix: italic = false
5.969000000000001	EXP	trialFix: alignHoriz = "left"
5.969000000000001	EXP	trialFix: alignVert = "center"
5.969000000000001	EXP	trialFix: wrapWidth = 1
5.969000000000001	EXP	trialFix: flipHoriz = false
5.969000000000001	EXP	trialFix: flipVert = false
5.969000000000001	EXP	thanks: units = "height"
5.969000000000001	EXP	thanks: ori = 0
5.969000000000001	EXP	thanks: opacity = 1
5.969000000000001	EXP	thanks: pos = [0,0]
5.969000000000001	EXP	thanks: size = undefined
5.969000000000001	EXP	thanks: text = "This is the end of the experiment.\nThank you for your time."
5.969000000000001	EXP	thanks: font = "Arial"
5.969000000000001	EXP	thanks: color = {"_hex":"#FFFFFF","_rgb":[1,1,1]}
5.969000000000001	EXP	thanks: contrast = 1
5.969000000000001	EXP	thanks: height = 0.05
5.969000000000001	EXP	thanks: bold = false
5.969000000000001	EXP	thanks: italic = false
5.969000000000001	EXP	thanks: alignHoriz = "left"
5.969000000000001	EXP	thanks: alignVert = "center"
5.969000000000001	EXP	thanks: wrapWidth = 1
5.969000000000001	EXP	thanks: flipHoriz = false
5.969000000000001	EXP	thanks: flipVert = false
5.969000000000001	EXP	instr1: autoDraw = true
19.77	DATA	Keydown: s
19.789	EXP	instr1: autoDraw = false
19.789	EXP	fix1: autoDraw = true
20.92	EXP	fix1: autoDraw = false
20.92	EXP	fix1: autoDraw = false
20.92	EXP	trialSquare: pos = [0.2,0]
20.92	EXP	trialGrid: autoDraw = true
20.92	EXP	trialSquare: autoDraw = true
21.842000000000002	EXP	trialSquare: autoDraw = false
21.864	EXP	trialFix: autoDraw = true
22.799	EXP	trialGrid: autoDraw = false
22.799	EXP	trialSquare: autoDraw = false
22.799	EXP	trialFix: autoDraw = false
22.799	EXP	trialSquare: pos = [0.2,0]
22.799	EXP	trialGrid: autoDraw = true
22.799	EXP	trialSquare: autoDraw = true
23.189	DATA	Keydown:  
23.798000000000002	EXP	trialSquare: autoDraw = false
23.798000000000002	EXP	trialFix: autoDraw = true
24.802	EXP	trialGrid: autoDraw = false
24.802	EXP	trialFix: autoDraw = false
24.802	EXP	trialGrid: autoDraw = false
24.802	EXP	trialSquare: autoDraw = false
24.802	EXP	trialFix: autoDraw = false
24.802	EXP	trialSquare: pos = [0,0.2]
24.802	EXP	trialGrid: autoDraw = true
24.802	EXP	trialSquare: autoDraw = true
25.803	EXP	trialSquare: autoDraw = false
25.803	EXP	trialFix: autoDraw = true
26.79	EXP	trialGrid: autoDraw = false
26.79	EXP	trialFix: autoDraw = false
26.79	EXP	trialGrid: autoDraw = false
26.79	EXP	trialSquare: autoDraw = false
26.79	EXP	trialFix: autoDraw = false
26.79	EXP	trialSquare: pos = [0.2,-0.2]
26.79	EXP	trialGrid: autoDraw = true
26.79	EXP	trialSquare: autoDraw = true
27.791	EXP	trialSquare: autoDraw = false
27.791	EXP	trialFix: autoDraw = true
28.779	EXP	trialGrid: autoDraw = false
28.779	EXP	trialFix: autoDraw = false
28.779	EXP	trialGrid: autoDraw = false
28.779	EXP	trialSquare: autoDraw = false
28.779	EXP	trialFix: autoDraw = false
28.779	EXP	trialSquare: pos = [0.2,-0.2]
28.779	EXP	trialGrid: autoDraw = true
28.779	EXP	trialSquare: autoDraw = true
29.571	DATA	Keydown:  
29.779999999999998	EXP	trialSquare: autoDraw = false
29.779999999999998	EXP	trialFix: autoDraw = true
30.766000000000002	EXP	trialGrid: autoDraw = false
30.766000000000002	EXP	trialFix: autoDraw = false
30.766000000000002	EXP	trialGrid: autoDraw = false
30.766000000000002	EXP	trialSquare: autoDraw = false
30.766000000000002	EXP	trialFix: autoDraw = false
30.766000000000002	EXP	trialSquare: pos = [0.2,0]
30.766000000000002	EXP	trialGrid: autoDraw = true
30.766000000000002	EXP	trialSquare: autoDraw = true
31.769000000000002	EXP	trialSquare: autoDraw = false
31.769000000000002	EXP	trialFix: autoDraw = true
32.756	EXP	trialGrid: autoDraw = false
32.756	EXP	trialFix: autoDraw = false
32.756	EXP	trialGrid: autoDraw = false
32.756	EXP	trialSquare: autoDraw = false
32.756	EXP	trialFix: autoDraw = false
32.756	EXP	trialSquare: pos = [-0.2,0]
32.756	EXP	trialGrid: autoDraw = true
32.756	EXP	trialSquare: autoDraw = true
33.266000000000005	DATA	Keydown:  
33.757999999999996	EXP	trialSquare: autoDraw = false
33.757999999999996	EXP	trialFix: autoDraw = true
34.745000000000005	EXP	trialGrid: autoDraw = false
34.745000000000005	EXP	trialFix: autoDraw = false
34.745000000000005	EXP	trialGrid: autoDraw = false
34.745000000000005	EXP	trialSquare: autoDraw = false
34.745000000000005	EXP	trialFix: autoDraw = false
34.745000000000005	EXP	trialSquare: pos = [0.2,0.2]
34.745000000000005	EXP	trialGrid: autoDraw = true
34.745000000000005	EXP	trialSquare: autoDraw = true
35.095	DATA	Keydown:  
35.745000000000005	EXP	trialSquare: autoDraw = false
35.745000000000005	EXP	trialFix: autoDraw = true
36.733000000000004	EXP	trialGrid: autoDraw = false
36.733000000000004	EXP	trialFix: autoDraw = false
36.733000000000004	EXP	trialGrid: autoDraw = false
36.733000000000004	EXP	trialSquare: autoDraw = false
36.733000000000004	EXP	trialFix: autoDraw = false
36.733000000000004	EXP	trialSquare: pos = [0.2,0.2]
36.733000000000004	EXP	trialGrid: autoDraw = true
36.733000000000004	EXP	trialSquare: autoDraw = true
36.994	DATA	Keydown:  
37.403000000000006	DATA	Keydown:  
37.655	DATA	Keydown:  
37.733999999999995	EXP	trialSquare: autoDraw = false
37.733999999999995	EXP	trialFix: autoDraw = true
37.851	DATA	Keydown: s
38.721000000000004	EXP	trialGrid: autoDraw = false
38.721000000000004	EXP	trialFix: autoDraw = false
38.721000000000004	EXP	trialGrid: autoDraw = false
38.721000000000004	EXP	trialSquare: autoDraw = false
38.721000000000004	EXP	trialFix: autoDraw = false
38.721000000000004	EXP	trialSquare: pos = [0,-0.2]
38.721000000000004	EXP	trialGrid: autoDraw = true
38.721000000000004	EXP	trialSquare: autoDraw = true
39.015	DATA	Keydown:  
39.515	DATA	Keydown:  
39.599000000000004	DATA	Keydown:  
39.68300000000001	DATA	Keydown:  
39.723	EXP	trialSquare: autoDraw = false
39.723	EXP	trialFix: autoDraw = true
39.766999999999996	DATA	Keydown:  
39.846999999999994	DATA	Keydown:  
39.931	DATA	Keydown:  
40.015	DATA	Keydown:  
40.098	DATA	Keydown:  
40.182	DATA	Keydown:  
40.265	DATA	Keydown:  
40.349000000000004	DATA	Keydown:  
40.43300000000001	DATA	Keydown:  
40.516000000000005	DATA	Keydown:  
40.599999999999994	DATA	Keydown:  
40.685	DATA	Keydown:  
40.711	EXP	trialGrid: autoDraw = false
40.711	EXP	trialFix: autoDraw = false
40.711	EXP	trialGrid: autoDraw = false
40.711	EXP	trialSquare: autoDraw = false
40.711	EXP	trialFix: autoDraw = false
40.711	EXP	trialSquare: pos = [-0.2,0.2]
40.711	EXP	trialGrid: autoDraw = true
40.711	EXP	trialSquare: autoDraw = true
40.769000000000005	DATA	Keydown:  
40.852000000000004	DATA	Keydown:  
40.93600000000001	DATA	Keydown:  
41.019999999999996	DATA	Keydown:  
41.102999999999994	DATA	Keydown:  
41.187	DATA	Keydown:  
41.269999999999996	DATA	Keydown:  
41.354	DATA	Keydown:  
41.437	DATA	Keydown:  
41.521	DATA	Keydown:  
41.604	DATA	Keydown:  
41.688	DATA	Keydown:  
41.712	EXP	trialSquare: autoDraw = false
41.712	EXP	trialFix: autoDraw = true
41.772000000000006	DATA	Keydown:  
41.852999999999994	DATA	Keydown:  
41.937	DATA	Keydown:  
42.019999999999996	DATA	Keydown:  
42.104	DATA	Keydown:  
42.188	DATA	Keydown:  
42.271	DATA	Keydown:  
42.354	DATA	Keydown:  
42.438	DATA	Keydown:  
42.522000000000006	DATA	Keydown:  
42.605000000000004	DATA	Keydown:  
42.68900000000001	DATA	Keydown:  
42.715	EXP	trialGrid: autoDraw = false
42.715	EXP	trialFix: autoDraw = false
42.715	EXP	trialGrid: autoDraw = false
42.715	EXP	trialSquare: autoDraw = false
42.715	EXP	trialFix: autoDraw = false
42.715	EXP	trialSquare: pos = [0,0.2]
42.715	EXP	trialGrid: autoDraw = true
42.715	EXP	trialSquare: autoDraw = true
43.337	DATA	Keydown:  
43.717	EXP	trialSquare: autoDraw = false
43.717	EXP	trialFix: autoDraw = true
44.705	EXP	trialGrid: autoDraw = false
44.705	EXP	trialFix: autoDraw = false
44.705	EXP	trialGrid: autoDraw = false
44.705	EXP	trialSquare: autoDraw = false
44.705	EXP	trialFix: autoDraw = false
44.705	EXP	trialSquare: pos = [-0.2,0]
44.705	EXP	trialGrid: autoDraw = true
44.705	EXP	trialSquare: autoDraw = true
45.705	EXP	trialSquare: autoDraw = false
45.705	EXP	trialFix: autoDraw = true
46.69500000000001	EXP	trialGrid: autoDraw = false
46.69500000000001	EXP	trialFix: autoDraw = false
46.69500000000001	EXP	trialGrid: autoDraw = false
46.69500000000001	EXP	trialSquare: autoDraw = false
46.69500000000001	EXP	trialFix: autoDraw = false
46.69500000000001	EXP	trialSquare: pos = [-0.2,0]
46.69500000000001	EXP	trialGrid: autoDraw = true
46.69500000000001	EXP	trialSquare: autoDraw = true
47.03	DATA	Keydown:  
47.69500000000001	EXP	trialSquare: autoDraw = false
47.69500000000001	EXP	trialFix: autoDraw = true
48.699	EXP	trialGrid: autoDraw = false
48.699	EXP	trialFix: autoDraw = false
48.699	EXP	trialGrid: autoDraw = false
48.699	EXP	trialSquare: autoDraw = false
48.699	EXP	trialFix: autoDraw = false
48.699	EXP	trialSquare: pos = [0,-0.2]
48.699	EXP	trialGrid: autoDraw = true
48.699	EXP	trialSquare: autoDraw = true
49.173	DATA	Keydown:  
49.70100000000001	EXP	trialSquare: autoDraw = false
49.70100000000001	EXP	trialFix: autoDraw = true
50.688	EXP	trialGrid: autoDraw = false
50.688	EXP	trialFix: autoDraw = false
50.688	EXP	trialGrid: autoDraw = false
50.688	EXP	trialSquare: autoDraw = false
50.688	EXP	trialFix: autoDraw = false
50.688	EXP	trialSquare: pos = [0,0]
50.688	EXP	trialGrid: autoDraw = true
50.688	EXP	trialSquare: autoDraw = true
51.041	DATA	Keydown:  
51.68900000000001	EXP	trialSquare: autoDraw = false
51.68900000000001	EXP	trialFix: autoDraw = true
52.676	EXP	trialGrid: autoDraw = false
52.676	EXP	trialFix: autoDraw = false
52.676	EXP	trialGrid: autoDraw = false
52.676	EXP	trialSquare: autoDraw = false
52.676	EXP	trialFix: autoDraw = false
52.676	EXP	trialSquare: pos = [0,0]
52.676	EXP	trialGrid: autoDraw = true
52.676	EXP	trialSquare: autoDraw = true
52.851	DATA	Keydown: s
53.581	DATA	Keydown:  
53.67700000000001	EXP	trialSquare: autoDraw = false
53.67700000000001	EXP	trialFix: autoDraw = true
53.756	DATA	Keydown: s
54.664	EXP	trialGrid: autoDraw = false
54.664	EXP	trialFix: autoDraw = false
54.664	EXP	trialGrid: autoDraw = false
54.664	EXP	trialSquare: autoDraw = false
54.664	EXP	trialFix: autoDraw = false
54.664	EXP	trialSquare: pos = [-0.2,0.2]
54.664	EXP	trialGrid: autoDraw = true
54.664	EXP	trialSquare: autoDraw = true
55.004999999999995	DATA	Keydown:  
55.665000000000006	EXP	trialSquare: autoDraw = false
55.665000000000006	EXP	trialFix: autoDraw = true
56.007999999999996	DATA	Keydown:  
56.653000000000006	EXP	trialGrid: autoDraw = false
56.653000000000006	EXP	trialFix: autoDraw = false
56.653000000000006	EXP	trialGrid: autoDraw = false
56.653000000000006	EXP	trialSquare: autoDraw = false
56.653000000000006	EXP	trialFix: autoDraw = false
56.653000000000006	EXP	trialSquare: pos = [0.2,0.2]
56.653000000000006	EXP	trialGrid: autoDraw = true
56.653000000000006	EXP	trialSquare: autoDraw = true
57.236000000000004	DATA	Keydown:  
57.653999999999996	EXP	trialSquare: autoDraw = false
57.653999999999996	EXP	trialFix: autoDraw = true
58.641000000000005	EXP	trialGrid: autoDraw = false
58.641000000000005	EXP	trialFix: autoDraw = false
58.641000000000005	EXP	trialGrid: autoDraw = false
58.641000000000005	EXP	trialSquare: autoDraw = false
58.641000000000005	EXP	trialFix: autoDraw = false
58.641000000000005	EXP	trialSquare: pos = [0.2,0]
58.641000000000005	EXP	trialGrid: autoDraw = true
58.641000000000005	EXP	trialSquare: autoDraw = true
59.643	EXP	trialSquare: autoDraw = false
59.643	EXP	trialFix: autoDraw = true
60.629999999999995	EXP	trialGrid: autoDraw = false
60.629999999999995	EXP	trialFix: autoDraw = false
60.629999999999995	EXP	trialGrid: autoDraw = false
60.629999999999995	EXP	trialSquare: autoDraw = false
60.629999999999995	EXP	trialFix: autoDraw = false
60.629999999999995	EXP	trialSquare: pos = [-0.2,0.2]
60.629999999999995	EXP	trialGrid: autoDraw = true
60.629999999999995	EXP	trialSquare: autoDraw = true
61.230000000000004	DATA	Keydown:  
61.631	EXP	trialSquare: autoDraw = false
61.631	EXP	trialFix: autoDraw = true
62.619	EXP	trialGrid: autoDraw = false
62.619	EXP	trialFix: autoDraw = false
62.619	EXP	trialGrid: autoDraw = false
62.619	EXP	trialSquare: autoDraw = false
62.619	EXP	trialFix: autoDraw = false
62.619	EXP	trialSquare: pos = [-0.2,0.2]
62.619	EXP	trialGrid: autoDraw = true
62.619	EXP	trialSquare: autoDraw = true
63.619	EXP	trialSquare: autoDraw = false
63.619	EXP	trialFix: autoDraw = true
63.866	DATA	Mouse: wheel shift=(0,1), pos=(730,506)
64.624	EXP	trialGrid: autoDraw = false
64.624	EXP	trialFix: autoDraw = false
64.624	EXP	trialGrid: autoDraw = false
64.624	EXP	trialSquare: autoDraw = false
64.624	EXP	trialFix: autoDraw = false
64.624	EXP	trialSquare: pos = [-0.2,0.2]
64.624	EXP	trialGrid: autoDraw = true
64.624	EXP	trialSquare: autoDraw = true
64.978	DATA	Mouse: wheel shift=(0,1), pos=(701,480)
65.623	EXP	trialSquare: autoDraw = false
65.623	EXP	trialFix: autoDraw = true
69.669	EXP	trialGrid: autoDraw = false
69.669	EXP	trialFix: autoDraw = false
69.669	EXP	trialGrid: autoDraw = false
69.669	EXP	trialSquare: autoDraw = false
69.669	EXP	trialFix: autoDraw = false
69.669	EXP	trialSquare: pos = [0.2,0.2]
69.669	EXP	trialGrid: autoDraw = true
69.669	EXP	trialSquare: autoDraw = true
69.669	EXP	trialGrid: autoDraw = false
69.669	EXP	trialSquare: autoDraw = false
69.669	EXP	trialFix: autoDraw = false
69.669	EXP	trialSquare: pos = [0,0.2]
69.669	EXP	trialGrid: autoDraw = true
69.669	EXP	trialSquare: autoDraw = true
70.67099999999999	EXP	trialSquare: autoDraw = false
70.67099999999999	EXP	trialFix: autoDraw = true
70.701	DATA	Mouse: 0 button down, pos=(838,348)
70.791	EXP	trialGrid: autoDraw = false
70.791	EXP	trialSquare: autoDraw = false
70.791	EXP	trialFix: autoDraw = false
70.791	EXP	trialSquare: pos = [-0.2,0.2]
70.791	EXP	trialGrid: autoDraw = true
70.791	EXP	trialSquare: autoDraw = true
71.192	DATA	Mouse: 0 button down, pos=(838,478)
71.359	DATA	Mouse: 0 button down, pos=(838,478)
71.465	DATA	Mouse: 0 button down, pos=(838,478)
71.649	DATA	Mouse: 0 button down, pos=(838,478)
71.72699999999999	DATA	Mouse: 0 button down, pos=(838,478)
71.792	EXP	trialSquare: autoDraw = false
71.792	EXP	trialFix: autoDraw = true
71.825	DATA	Mouse: 0 button down, pos=(838,478)
71.92699999999999	DATA	Mouse: 0 button down, pos=(838,478)
72.303	DATA	Mouse: 0 button down, pos=(834,414)
72.42699999999999	DATA	Mouse: 0 button down, pos=(834,414)
72.54599999999999	DATA	Mouse: 0 button down, pos=(834,411)
72.595	DATA	Mouse: 0 button down, pos=(834,411)
72.67999999999999	DATA	Mouse: 0 button down, pos=(834,411)
72.78699999999999	DATA	Mouse: 0 button down, pos=(834,411)
72.79599999999999	EXP	trialGrid: autoDraw = false
72.79599999999999	EXP	trialFix: autoDraw = false
72.79599999999999	EXP	trialGrid: autoDraw = false
72.79599999999999	EXP	trialSquare: autoDraw = false
72.79599999999999	EXP	trialFix: autoDraw = false
72.79599999999999	EXP	trialSquare: pos = [-0.2,-0.2]
72.79599999999999	EXP	trialGrid: autoDraw = true
72.79599999999999	EXP	trialSquare: autoDraw = true
72.913	DATA	Keydown:  
73.30799999999999	DATA	Keydown:  
73.797	EXP	trialSquare: autoDraw = false
73.797	EXP	trialFix: autoDraw = true
73.932	DATA	Keydown:  
74.132	DATA	Keydown:  
74.276	DATA	Keydown:  
74.493	DATA	Keydown:  
74.669	DATA	Keydown:  
74.8	EXP	trialGrid: autoDraw = false
74.8	EXP	trialFix: autoDraw = false
74.8	EXP	trialGrid: autoDraw = false
74.8	EXP	trialSquare: autoDraw = false
74.8	EXP	trialFix: autoDraw = false
74.8	EXP	trialSquare: pos = [-0.2,-0.2]
74.8	EXP	trialGrid: autoDraw = true
74.8	EXP	trialSquare: autoDraw = true
74.803	DATA	Keydown:  
74.986	DATA	Keydown:  
75.136	DATA	Keydown:  
75.303	DATA	Keydown:  
75.41799999999999	DATA	Keydown:  
75.611	DATA	Keydown:  
75.756	DATA	Keydown:  
75.803	EXP	trialSquare: autoDraw = false
75.803	EXP	trialFix: autoDraw = true
75.94	DATA	Keydown:  
76.129	DATA	Keydown:  
76.258	DATA	Keydown:  
76.44	DATA	Keydown:  
76.608	DATA	Keydown:  
76.77499999999999	DATA	Keydown:  
76.78999999999999	EXP	trialGrid: autoDraw = false
76.78999999999999	EXP	trialFix: autoDraw = false
76.78999999999999	EXP	trialGrid: autoDraw = false
76.78999999999999	EXP	trialSquare: autoDraw = false
76.78999999999999	EXP	trialFix: autoDraw = false
76.78999999999999	EXP	trialSquare: pos = [0,0.2]
76.78999999999999	EXP	trialGrid: autoDraw = true
76.78999999999999	EXP	trialSquare: autoDraw = true
76.958	DATA	Keydown:  
77.097	DATA	Keydown:  
77.277	DATA	Keydown:  
77.434	DATA	Keydown:  
77.609	DATA	Keydown:  
77.792	EXP	trialSquare: autoDraw = false
77.792	EXP	trialFix: autoDraw = true
77.942	DATA	Keydown:  
78.103	DATA	Keydown:  
78.779	EXP	trialGrid: autoDraw = false
78.779	EXP	trialFix: autoDraw = false
78.779	EXP	trialGrid: autoDraw = false
78.779	EXP	trialSquare: autoDraw = false
78.779	EXP	trialFix: autoDraw = false
78.779	EXP	trialSquare: pos = [0.2,0]
78.779	EXP	trialGrid: autoDraw = true
78.779	EXP	trialSquare: autoDraw = true
79.488	DATA	Keydown:  
79.78	EXP	trialSquare: autoDraw = false
79.78	EXP	trialFix: autoDraw = true
80.76899999999999	EXP	trialGrid: autoDraw = false
80.76899999999999	EXP	trialFix: autoDraw = false
80.76899999999999	EXP	trialGrid: autoDraw = false
80.76899999999999	EXP	trialSquare: autoDraw = false
80.76899999999999	EXP	trialFix: autoDraw = false
80.76899999999999	EXP	trialSquare: pos = [-0.2,0]
80.76899999999999	EXP	trialGrid: autoDraw = true
80.76899999999999	EXP	trialSquare: autoDraw = true
81.695	DATA	Keydown:  
81.769	EXP	trialSquare: autoDraw = false
81.769	EXP	trialFix: autoDraw = true
82.756	EXP	trialGrid: autoDraw = false
82.756	EXP	trialFix: autoDraw = false
82.756	EXP	trialGrid: autoDraw = false
82.756	EXP	trialSquare: autoDraw = false
82.756	EXP	trialFix: autoDraw = false
82.756	EXP	trialSquare: pos = [-0.2,0]
82.756	EXP	trialGrid: autoDraw = true
82.756	EXP	trialSquare: autoDraw = true
83.148	DATA	Keydown:  
83.618	DATA	Keydown:  
83.757	EXP	trialSquare: autoDraw = false
83.757	EXP	trialFix: autoDraw = true
84.744	EXP	trialGrid: autoDraw = false
84.744	EXP	trialFix: autoDraw = false
84.744	EXP	trialGrid: autoDraw = false
84.744	EXP	trialSquare: autoDraw = false
84.744	EXP	trialFix: autoDraw = false
84.744	EXP	trialSquare: pos = [0,0.2]
84.744	EXP	trialGrid: autoDraw = true
84.744	EXP	trialSquare: autoDraw = true
85.146	DATA	Keydown:  
85.536	DATA	Keydown:  
85.746	EXP	trialSquare: autoDraw = false
85.746	EXP	trialFix: autoDraw = true
86.733	EXP	trialGrid: autoDraw = false
86.733	EXP	trialFix: autoDraw = false
86.733	EXP	trialGrid: autoDraw = false
86.733	EXP	trialSquare: autoDraw = false
86.733	EXP	trialFix: autoDraw = false
86.733	EXP	trialSquare: pos = [0.2,-0.2]
86.733	EXP	trialGrid: autoDraw = true
86.733	EXP	trialSquare: autoDraw = true
87.735	EXP	trialSquare: autoDraw = false
87.735	EXP	trialFix: autoDraw = true
88.738	EXP	trialGrid: autoDraw = false
88.738	EXP	trialFix: autoDraw = false
88.738	EXP	trialGrid: autoDraw = false
88.738	EXP	trialSquare: autoDraw = false
88.738	EXP	trialFix: autoDraw = false
88.738	EXP	trialSquare: pos = [0.2,-0.2]
88.738	EXP	trialGrid: autoDraw = true
88.738	EXP	trialSquare: autoDraw = true
89.74	EXP	trialSquare: autoDraw = false
89.74	EXP	trialFix: autoDraw = true
90.72699999999999	EXP	trialGrid: autoDraw = false
90.72699999999999	EXP	trialFix: autoDraw = false
90.72699999999999	EXP	trialGrid: autoDraw = false
90.72699999999999	EXP	trialSquare: autoDraw = false
90.72699999999999	EXP	trialFix: autoDraw = false
90.72699999999999	EXP	trialSquare: pos = [0.2,0.2]
90.72699999999999	EXP	trialGrid: autoDraw = true
90.72699999999999	EXP	trialSquare: autoDraw = true
91.729	EXP	trialSquare: autoDraw = false
91.729	EXP	trialFix: autoDraw = true
92.716	EXP	trialGrid: autoDraw = false
92.716	EXP	trialFix: autoDraw = false
92.716	EXP	trialGrid: autoDraw = false
92.716	EXP	trialSquare: autoDraw = false
92.716	EXP	trialFix: autoDraw = false
92.716	EXP	trialSquare: pos = [-0.2,-0.2]
92.716	EXP	trialGrid: autoDraw = true
92.716	EXP	trialSquare: autoDraw = true
93.717	EXP	trialSquare: autoDraw = false
93.717	EXP	trialFix: autoDraw = true
94.704	EXP	trialGrid: autoDraw = false
94.704	EXP	trialFix: autoDraw = false
94.704	EXP	trialGrid: autoDraw = false
94.704	EXP	trialSquare: autoDraw = false
94.704	EXP	trialFix: autoDraw = false
94.704	EXP	trialSquare: pos = [-0.2,-0.2]
94.704	EXP	trialGrid: autoDraw = true
94.704	EXP	trialSquare: autoDraw = true
95.706	EXP	trialSquare: autoDraw = false
95.706	EXP	trialFix: autoDraw = true
96.693	EXP	trialGrid: autoDraw = false
96.693	EXP	trialFix: autoDraw = false
96.693	EXP	trialGrid: autoDraw = false
96.693	EXP	trialSquare: autoDraw = false
96.693	EXP	trialFix: autoDraw = false
96.693	EXP	trialSquare: pos = [-0.2,-0.2]
96.693	EXP	trialGrid: autoDraw = true
96.693	EXP	trialSquare: autoDraw = true
97.522	DATA	Keydown: Escape
