0.08676000000559725	EXP	Created Window = Window( name=Window, fullscr=true, color=#808080, units=height, waitBlanking=true, autoLog=true, size=[1920,937] )
2.6007300000055693	DATA	Keydown: 1
3.5659799999993993	EXP	Created instr1 = TextStim( name=instr1, win=Window( name=Window, fullscr=true, color=#808080, ~), autoDraw=null, autoLog=true, units=height, ori=null, opacity=1, pos=[0,0], size=undefined, text=In this task you will be required to press space i~, font=Arial, color=#FFFFFF, contrast=1, height=0.05, bold=null, italic=null, alignHoriz=left, alignVert=center, wrapWidth=1, flipHoriz=null, flipVert=null )
3.566755000007106	EXP	Created fix1 = TextStim( name=fix1, win=Window( name=Window, fullscr=true, color=#808080, ~), autoDraw=null, autoLog=true, units=height, ori=null, opacity=1, pos=[0,0], size=undefined, text=+, font=Arial, color=#FFFFFF, contrast=1, height=0.05, bold=null, italic=null, alignHoriz=left, alignVert=center, wrapWidth=1, flipHoriz=null, flipVert=null )
3.5682400000077905	EXP	Created trialGrid = ImageStim( name=trialGrid, win=Window( name=Window, fullscr=true, color=#808080, ~), autoDraw=null, autoLog=true, units=height, ori=null, opacity=1, pos=[0,0], size=[0.6,0.6], image={}, mask=undefined, color=#ffffff, contrast=1, texRes=128, interpolate=true, depth=null, flipHoriz=null, flipVert=null )
3.5703000000066822	EXP	Created trialSquare = Rect( name=trialSquare, win=Window( name=Window, fullscr=true, color=#808080, ~), autoDraw=null, autoLog=true, units=height, ori=null, opacity=1, pos=[0,0], size=[1,1], lineWidth=1, lineColor=#ffffff, fillColor=#ffffff, vertices=[[-0.075,-0.075],[0.075,-0.075],[0.075,0.075],[-0.~, closeShape=true, contrast=1, depth=-1, interpolate=true, width=0.15, height=0.15 )
3.5706700000009732	EXP	Created trialFix = TextStim( name=trialFix, win=Window( name=Window, fullscr=true, color=#808080, ~), autoDraw=null, autoLog=true, units=height, ori=null, opacity=1, pos=[0,0], size=undefined, text=+, font=Arial, color=#FFFFFF, contrast=1, height=0.05, bold=null, italic=null, alignHoriz=left, alignVert=center, wrapWidth=1, flipHoriz=null, flipVert=null )
3.5712449999991804	EXP	Created instr2 = TextStim( name=instr2, win=Window( name=Window, fullscr=true, color=#808080, ~), autoDraw=null, autoLog=true, units=height, ori=null, opacity=1, pos=[0,0], size=undefined, text=This is the end of N-back-1 trials. You are about ~, font=Arial, color=#FFFFFF, contrast=1, height=0.05, bold=null, italic=null, alignHoriz=left, alignVert=center, wrapWidth=1, flipHoriz=null, flipVert=null )
3.5721900000062305	EXP	Created fix2 = TextStim( name=fix2, win=Window( name=Window, fullscr=true, color=#808080, ~), autoDraw=null, autoLog=true, units=height, ori=null, opacity=1, pos=[0,0], size=undefined, text=+, font=Arial, color=#FFFFFF, contrast=1, height=0.05, bold=null, italic=null, alignHoriz=left, alignVert=center, wrapWidth=1, flipHoriz=null, flipVert=null )
3.5734400000073947	EXP	Created trialGrid = ImageStim( name=trialGrid, win=Window( name=Window, fullscr=true, color=#808080, ~), autoDraw=null, autoLog=true, units=height, ori=null, opacity=1, pos=[0,0], size=[0.6,0.6], image={}, mask=undefined, color=#ffffff, contrast=1, texRes=128, interpolate=true, depth=null, flipHoriz=null, flipVert=null )
3.5752900000079535	EXP	Created trialSquare = Rect( name=trialSquare, win=Window( name=Window, fullscr=true, color=#808080, ~), autoDraw=null, autoLog=true, units=height, ori=null, opacity=1, pos=[0,0], size=[1,1], lineWidth=1, lineColor=#ffffff, fillColor=#ffffff, vertices=[[-0.075,-0.075],[0.075,-0.075],[0.075,0.075],[-0.~, closeShape=true, contrast=1, depth=-1, interpolate=true, width=0.15, height=0.15 )
3.575779999999213	EXP	Created trialFix = TextStim( name=trialFix, win=Window( name=Window, fullscr=true, color=#808080, ~), autoDraw=null, autoLog=true, units=height, ori=null, opacity=1, pos=[0,0], size=undefined, text=+, font=Arial, color=#FFFFFF, contrast=1, height=0.05, bold=null, italic=null, alignHoriz=left, alignVert=center, wrapWidth=1, flipHoriz=null, flipVert=null )
3.5763650000008056	EXP	Created instr3 = TextStim( name=instr3, win=Window( name=Window, fullscr=true, color=#808080, ~), autoDraw=null, autoLog=true, units=height, ori=null, opacity=1, pos=[0,0], size=undefined, text=This is the end of N-back-2 trials. You are about ~, font=Arial, color=#FFFFFF, contrast=1, height=0.05, bold=null, italic=null, alignHoriz=left, alignVert=center, wrapWidth=1, flipHoriz=null, flipVert=null )
3.5770600000105333	EXP	Created fix3 = TextStim( name=fix3, win=Window( name=Window, fullscr=true, color=#808080, ~), autoDraw=null, autoLog=true, units=height, ori=null, opacity=1, pos=[0,0], size=undefined, text=+, font=Arial, color=#FFFFFF, contrast=1, height=0.05, bold=null, italic=null, alignHoriz=left, alignVert=center, wrapWidth=1, flipHoriz=null, flipVert=null )
3.578170000007958	EXP	Created trialGrid = ImageStim( name=trialGrid, win=Window( name=Window, fullscr=true, color=#808080, ~), autoDraw=null, autoLog=true, units=height, ori=null, opacity=1, pos=[0,0], size=[0.6,0.6], image={}, mask=undefined, color=#ffffff, contrast=1, texRes=128, interpolate=true, depth=null, flipHoriz=null, flipVert=null )
3.5800600000075065	EXP	Created trialSquare = Rect( name=trialSquare, win=Window( name=Window, fullscr=true, color=#808080, ~), autoDraw=null, autoLog=true, units=height, ori=null, opacity=1, pos=[0,0], size=[1,1], lineWidth=1, lineColor=#ffffff, fillColor=#ffffff, vertices=[[-0.075,-0.075],[0.075,-0.075],[0.075,0.075],[-0.~, closeShape=true, contrast=1, depth=-1, interpolate=true, width=0.15, height=0.15 )
3.580725000007078	EXP	Created trialFix = TextStim( name=trialFix, win=Window( name=Window, fullscr=true, color=#808080, ~), autoDraw=null, autoLog=true, units=height, ori=null, opacity=1, pos=[0,0], size=undefined, text=+, font=Arial, color=#FFFFFF, contrast=1, height=0.05, bold=null, italic=null, alignHoriz=left, alignVert=center, wrapWidth=1, flipHoriz=null, flipVert=null )
3.5816350000095554	EXP	Created thanks = TextStim( name=thanks, win=Window( name=Window, fullscr=true, color=#808080, ~), autoDraw=null, autoLog=true, units=height, ori=null, opacity=1, pos=[0,0], size=undefined, text=This is the end of the experiment.
Thank you for y~, font=Arial, color=#FFFFFF, contrast=1, height=0.05, bold=null, italic=null, alignHoriz=left, alignVert=center, wrapWidth=1, flipHoriz=null, flipVert=null )
3.6839250000048196	EXP	instr1: units = "height"
3.6839250000048196	EXP	instr1: ori = 0
3.6839250000048196	EXP	instr1: opacity = 1
3.6839250000048196	EXP	instr1: pos = [0,0]
3.6839250000048196	EXP	instr1: size = undefined
3.6839250000048196	EXP	instr1: text = "In this task you will be required to press space if the white square appeared in the same location as the location on the last trial. For example if the square was in the left down corner on trial 1 and then it appeared in the same location on trial 2, press space. Otherwise, do not respond. Press 's' to continue."
3.6839250000048196	EXP	instr1: font = "Arial"
3.6839250000048196	EXP	instr1: color = {"_hex":"#FFFFFF","_rgb":[1,1,1]}
3.6839250000048196	EXP	instr1: contrast = 1
3.6839250000048196	EXP	instr1: height = 0.05
3.6839250000048196	EXP	instr1: bold = false
3.6839250000048196	EXP	instr1: italic = false
3.6839250000048196	EXP	instr1: alignHoriz = "left"
3.6839250000048196	EXP	instr1: alignVert = "center"
3.6839250000048196	EXP	instr1: wrapWidth = 1
3.6839250000048196	EXP	instr1: flipHoriz = false
3.6839250000048196	EXP	instr1: flipVert = false
3.6839250000048196	EXP	fix1: units = "height"
3.6839250000048196	EXP	fix1: ori = 0
3.6839250000048196	EXP	fix1: opacity = 1
3.6839250000048196	EXP	fix1: pos = [0,0]
3.6839250000048196	EXP	fix1: size = undefined
3.6839250000048196	EXP	fix1: text = "+"
3.6839250000048196	EXP	fix1: font = "Arial"
3.6839250000048196	EXP	fix1: color = {"_hex":"#FFFFFF","_rgb":[1,1,1]}
3.6839250000048196	EXP	fix1: contrast = 1
3.6839250000048196	EXP	fix1: height = 0.05
3.6839250000048196	EXP	fix1: bold = false
3.6839250000048196	EXP	fix1: italic = false
3.6839250000048196	EXP	fix1: alignHoriz = "left"
3.6839250000048196	EXP	fix1: alignVert = "center"
3.6839250000048196	EXP	fix1: wrapWidth = 1
3.6839250000048196	EXP	fix1: flipHoriz = false
3.6839250000048196	EXP	fix1: flipVert = false
3.6839250000048196	EXP	trialGrid: units = "height"
3.6839250000048196	EXP	trialGrid: ori = 0
3.6839250000048196	EXP	trialGrid: opacity = 1
3.6839250000048196	EXP	trialGrid: pos = [0,0]
3.6839250000048196	EXP	trialGrid: size = [0.6,0.6]
3.6839250000048196	EXP	trialGrid: image = {}
3.6839250000048196	EXP	trialGrid: mask = undefined
3.6839250000048196	EXP	trialGrid: color = {"_rgb":[1,1,1]}
3.6839250000048196	EXP	trialGrid: contrast = 1
3.6839250000048196	EXP	trialGrid: texRes = 128
3.6839250000048196	EXP	trialGrid: interpolate = true
3.6839250000048196	EXP	trialGrid: depth = 0
3.6839250000048196	EXP	trialGrid: flipHoriz = false
3.6839250000048196	EXP	trialGrid: flipVert = false
3.6839250000048196	EXP	trialSquare: units = "height"
3.6839250000048196	EXP	trialSquare: ori = 0
3.6839250000048196	EXP	trialSquare: opacity = 1
3.6839250000048196	EXP	trialSquare: pos = [0,0]
3.6839250000048196	EXP	trialSquare: size = [1,1]
3.6839250000048196	EXP	trialSquare: lineWidth = 1
3.6839250000048196	EXP	trialSquare: lineColor = {"_rgb":[1,1,1]}
3.6839250000048196	EXP	trialSquare: fillColor = {"_rgb":[1,1,1]}
3.6839250000048196	EXP	trialSquare: vertices = [[-0.5,0],[0,0.5],[0.5,0]]
3.6839250000048196	EXP	trialSquare: closeShape = true
3.6839250000048196	EXP	trialSquare: contrast = 1
3.6839250000048196	EXP	trialSquare: depth = -1
3.6839250000048196	EXP	trialSquare: interpolate = true
3.6839250000048196	EXP	trialSquare: width = 0.15
3.6839250000048196	EXP	trialSquare: vertices = [[-0.075,null],[0.075,null],[0.075,null],[-0.075,null]]
3.6839250000048196	EXP	trialSquare: height = 0.15
3.6839250000048196	EXP	trialSquare: vertices = [[-0.075,-0.075],[0.075,-0.075],[0.075,0.075],[-0.075,0.075]]
3.6839250000048196	EXP	trialSquare: vertices = [[-0.075,-0.075],[0.075,-0.075],[0.075,0.075],[-0.075,0.075]]
3.6839250000048196	EXP	trialFix: units = "height"
3.6839250000048196	EXP	trialFix: ori = 0
3.6839250000048196	EXP	trialFix: opacity = 1
3.6839250000048196	EXP	trialFix: pos = [0,0]
3.6839250000048196	EXP	trialFix: size = undefined
3.6839250000048196	EXP	trialFix: text = "+"
3.6839250000048196	EXP	trialFix: font = "Arial"
3.6839250000048196	EXP	trialFix: color = {"_hex":"#FFFFFF","_rgb":[1,1,1]}
3.6839250000048196	EXP	trialFix: contrast = 1
3.6839250000048196	EXP	trialFix: height = 0.05
3.6839250000048196	EXP	trialFix: bold = false
3.6839250000048196	EXP	trialFix: italic = false
3.6839250000048196	EXP	trialFix: alignHoriz = "left"
3.6839250000048196	EXP	trialFix: alignVert = "center"
3.6839250000048196	EXP	trialFix: wrapWidth = 1
3.6839250000048196	EXP	trialFix: flipHoriz = false
3.6839250000048196	EXP	trialFix: flipVert = false
3.6839250000048196	EXP	instr2: units = "height"
3.6839250000048196	EXP	instr2: ori = 0
3.6839250000048196	EXP	instr2: opacity = 1
3.6839250000048196	EXP	instr2: pos = [0,0]
3.6839250000048196	EXP	instr2: size = undefined
3.6839250000048196	EXP	instr2: text = "This is the end of N-back-1 trials. You are about to start N-back-2 trials. This means that instead of pressing space whenever the square appears in the same position as on the position on one trial before, you are required to press space whenever the square appears in the same position as on the position two trials before. For example if the square appeared in left down corner on trial 1, you should press space if the square appears in the left down corner on trial 3. Press 's' to continue."
3.6839250000048196	EXP	instr2: font = "Arial"
3.6839250000048196	EXP	instr2: color = {"_hex":"#FFFFFF","_rgb":[1,1,1]}
3.6839250000048196	EXP	instr2: contrast = 1
3.6839250000048196	EXP	instr2: height = 0.05
3.6839250000048196	EXP	instr2: bold = false
3.6839250000048196	EXP	instr2: italic = false
3.6839250000048196	EXP	instr2: alignHoriz = "left"
3.6839250000048196	EXP	instr2: alignVert = "center"
3.6839250000048196	EXP	instr2: wrapWidth = 1
3.6839250000048196	EXP	instr2: flipHoriz = false
3.6839250000048196	EXP	instr2: flipVert = false
3.6839250000048196	EXP	fix2: units = "height"
3.6839250000048196	EXP	fix2: ori = 0
3.6839250000048196	EXP	fix2: opacity = 1
3.6839250000048196	EXP	fix2: pos = [0,0]
3.6839250000048196	EXP	fix2: size = undefined
3.6839250000048196	EXP	fix2: text = "+"
3.6839250000048196	EXP	fix2: font = "Arial"
3.6839250000048196	EXP	fix2: color = {"_hex":"#FFFFFF","_rgb":[1,1,1]}
3.6839250000048196	EXP	fix2: contrast = 1
3.6839250000048196	EXP	fix2: height = 0.05
3.6839250000048196	EXP	fix2: bold = false
3.6839250000048196	EXP	fix2: italic = false
3.6839250000048196	EXP	fix2: alignHoriz = "left"
3.6839250000048196	EXP	fix2: alignVert = "center"
3.6839250000048196	EXP	fix2: wrapWidth = 1
3.6839250000048196	EXP	fix2: flipHoriz = false
3.6839250000048196	EXP	fix2: flipVert = false
3.6839250000048196	EXP	trialGrid: units = "height"
3.6839250000048196	EXP	trialGrid: ori = 0
3.6839250000048196	EXP	trialGrid: opacity = 1
3.6839250000048196	EXP	trialGrid: pos = [0,0]
3.6839250000048196	EXP	trialGrid: size = [0.6,0.6]
3.6839250000048196	EXP	trialGrid: image = {}
3.6839250000048196	EXP	trialGrid: mask = undefined
3.6839250000048196	EXP	trialGrid: color = {"_rgb":[1,1,1]}
3.6839250000048196	EXP	trialGrid: contrast = 1
3.6839250000048196	EXP	trialGrid: texRes = 128
3.6839250000048196	EXP	trialGrid: interpolate = true
3.6839250000048196	EXP	trialGrid: depth = 0
3.6839250000048196	EXP	trialGrid: flipHoriz = false
3.6839250000048196	EXP	trialGrid: flipVert = false
3.6839250000048196	EXP	trialSquare: units = "height"
3.6839250000048196	EXP	trialSquare: ori = 0
3.6839250000048196	EXP	trialSquare: opacity = 1
3.6839250000048196	EXP	trialSquare: pos = [0,0]
3.6839250000048196	EXP	trialSquare: size = [1,1]
3.6839250000048196	EXP	trialSquare: lineWidth = 1
3.6839250000048196	EXP	trialSquare: lineColor = {"_rgb":[1,1,1]}
3.6839250000048196	EXP	trialSquare: fillColor = {"_rgb":[1,1,1]}
3.6839250000048196	EXP	trialSquare: vertices = [[-0.5,0],[0,0.5],[0.5,0]]
3.6839250000048196	EXP	trialSquare: closeShape = true
3.6839250000048196	EXP	trialSquare: contrast = 1
3.6839250000048196	EXP	trialSquare: depth = -1
3.6839250000048196	EXP	trialSquare: interpolate = true
3.6839250000048196	EXP	trialSquare: width = 0.15
3.6839250000048196	EXP	trialSquare: vertices = [[-0.075,null],[0.075,null],[0.075,null],[-0.075,null]]
3.6839250000048196	EXP	trialSquare: height = 0.15
3.6839250000048196	EXP	trialSquare: vertices = [[-0.075,-0.075],[0.075,-0.075],[0.075,0.075],[-0.075,0.075]]
3.6839250000048196	EXP	trialSquare: vertices = [[-0.075,-0.075],[0.075,-0.075],[0.075,0.075],[-0.075,0.075]]
3.6839250000048196	EXP	trialFix: units = "height"
3.6839250000048196	EXP	trialFix: ori = 0
3.6839250000048196	EXP	trialFix: opacity = 1
3.6839250000048196	EXP	trialFix: pos = [0,0]
3.6839250000048196	EXP	trialFix: size = undefined
3.6839250000048196	EXP	trialFix: text = "+"
3.6839250000048196	EXP	trialFix: font = "Arial"
3.6839250000048196	EXP	trialFix: color = {"_hex":"#FFFFFF","_rgb":[1,1,1]}
3.6839250000048196	EXP	trialFix: contrast = 1
3.6839250000048196	EXP	trialFix: height = 0.05
3.6839250000048196	EXP	trialFix: bold = false
3.6839250000048196	EXP	trialFix: italic = false
3.6839250000048196	EXP	trialFix: alignHoriz = "left"
3.6839250000048196	EXP	trialFix: alignVert = "center"
3.6839250000048196	EXP	trialFix: wrapWidth = 1
3.6839250000048196	EXP	trialFix: flipHoriz = false
3.6839250000048196	EXP	trialFix: flipVert = false
3.6839250000048196	EXP	instr3: units = "height"
3.6839250000048196	EXP	instr3: ori = 0
3.6839250000048196	EXP	instr3: opacity = 1
3.6839250000048196	EXP	instr3: pos = [0,0]
3.6839250000048196	EXP	instr3: size = undefined
3.6839250000048196	EXP	instr3: text = "This is the end of N-back-2 trials. You are about to start N-back-3 trials. This means that instead of pressing space whenever the square appears in the same position as on the position on two trials before, you are required to press space whenever the square appears in the same position as on the position three trials before. For example if the square appeared in left down corner on trial 1, you should press space if the square appears in the left down corner on trial 4. Press 's' to continue."
3.6839250000048196	EXP	instr3: font = "Arial"
3.6839250000048196	EXP	instr3: color = {"_hex":"#FFFFFF","_rgb":[1,1,1]}
3.6839250000048196	EXP	instr3: contrast = 1
3.6839250000048196	EXP	instr3: height = 0.05
3.6839250000048196	EXP	instr3: bold = false
3.6839250000048196	EXP	instr3: italic = false
3.6839250000048196	EXP	instr3: alignHoriz = "left"
3.6839250000048196	EXP	instr3: alignVert = "center"
3.6839250000048196	EXP	instr3: wrapWidth = 1
3.6839250000048196	EXP	instr3: flipHoriz = false
3.6839250000048196	EXP	instr3: flipVert = false
3.6839250000048196	EXP	fix3: units = "height"
3.6839250000048196	EXP	fix3: ori = 0
3.6839250000048196	EXP	fix3: opacity = 1
3.6839250000048196	EXP	fix3: pos = [0,0]
3.6839250000048196	EXP	fix3: size = undefined
3.6839250000048196	EXP	fix3: text = "+"
3.6839250000048196	EXP	fix3: font = "Arial"
3.6839250000048196	EXP	fix3: color = {"_hex":"#FFFFFF","_rgb":[1,1,1]}
3.6839250000048196	EXP	fix3: contrast = 1
3.6839250000048196	EXP	fix3: height = 0.05
3.6839250000048196	EXP	fix3: bold = false
3.6839250000048196	EXP	fix3: italic = false
3.6839250000048196	EXP	fix3: alignHoriz = "left"
3.6839250000048196	EXP	fix3: alignVert = "center"
3.6839250000048196	EXP	fix3: wrapWidth = 1
3.6839250000048196	EXP	fix3: flipHoriz = false
3.6839250000048196	EXP	fix3: flipVert = false
3.6839250000048196	EXP	trialGrid: units = "height"
3.6839250000048196	EXP	trialGrid: ori = 0
3.6839250000048196	EXP	trialGrid: opacity = 1
3.6839250000048196	EXP	trialGrid: pos = [0,0]
3.6839250000048196	EXP	trialGrid: size = [0.6,0.6]
3.6839250000048196	EXP	trialGrid: image = {}
3.6839250000048196	EXP	trialGrid: mask = undefined
3.6839250000048196	EXP	trialGrid: color = {"_rgb":[1,1,1]}
3.6839250000048196	EXP	trialGrid: contrast = 1
3.6839250000048196	EXP	trialGrid: texRes = 128
3.6839250000048196	EXP	trialGrid: interpolate = true
3.6839250000048196	EXP	trialGrid: depth = 0
3.6839250000048196	EXP	trialGrid: flipHoriz = false
3.6839250000048196	EXP	trialGrid: flipVert = false
3.6839250000048196	EXP	trialSquare: units = "height"
3.6839250000048196	EXP	trialSquare: ori = 0
3.6839250000048196	EXP	trialSquare: opacity = 1
3.6839250000048196	EXP	trialSquare: pos = [0,0]
3.6839250000048196	EXP	trialSquare: size = [1,1]
3.6839250000048196	EXP	trialSquare: lineWidth = 1
3.6839250000048196	EXP	trialSquare: lineColor = {"_rgb":[1,1,1]}
3.6839250000048196	EXP	trialSquare: fillColor = {"_rgb":[1,1,1]}
3.6839250000048196	EXP	trialSquare: vertices = [[-0.5,0],[0,0.5],[0.5,0]]
3.6839250000048196	EXP	trialSquare: closeShape = true
3.6839250000048196	EXP	trialSquare: contrast = 1
3.6839250000048196	EXP	trialSquare: depth = -1
3.6839250000048196	EXP	trialSquare: interpolate = true
3.6839250000048196	EXP	trialSquare: width = 0.15
3.6839250000048196	EXP	trialSquare: vertices = [[-0.075,null],[0.075,null],[0.075,null],[-0.075,null]]
3.6839250000048196	EXP	trialSquare: height = 0.15
3.6839250000048196	EXP	trialSquare: vertices = [[-0.075,-0.075],[0.075,-0.075],[0.075,0.075],[-0.075,0.075]]
3.6839250000048196	EXP	trialSquare: vertices = [[-0.075,-0.075],[0.075,-0.075],[0.075,0.075],[-0.075,0.075]]
3.6839250000048196	EXP	trialFix: units = "height"
3.6839250000048196	EXP	trialFix: ori = 0
3.6839250000048196	EXP	trialFix: opacity = 1
3.6839250000048196	EXP	trialFix: pos = [0,0]
3.6839250000048196	EXP	trialFix: size = undefined
3.6839250000048196	EXP	trialFix: text = "+"
3.6839250000048196	EXP	trialFix: font = "Arial"
3.6839250000048196	EXP	trialFix: color = {"_hex":"#FFFFFF","_rgb":[1,1,1]}
3.6839250000048196	EXP	trialFix: contrast = 1
3.6839250000048196	EXP	trialFix: height = 0.05
3.6839250000048196	EXP	trialFix: bold = false
3.6839250000048196	EXP	trialFix: italic = false
3.6839250000048196	EXP	trialFix: alignHoriz = "left"
3.6839250000048196	EXP	trialFix: alignVert = "center"
3.6839250000048196	EXP	trialFix: wrapWidth = 1
3.6839250000048196	EXP	trialFix: flipHoriz = false
3.6839250000048196	EXP	trialFix: flipVert = false
3.6839250000048196	EXP	thanks: units = "height"
3.6839250000048196	EXP	thanks: ori = 0
3.6839250000048196	EXP	thanks: opacity = 1
3.6839250000048196	EXP	thanks: pos = [0,0]
3.6839250000048196	EXP	thanks: size = undefined
3.6839250000048196	EXP	thanks: text = "This is the end of the experiment.\nThank you for your time."
3.6839250000048196	EXP	thanks: font = "Arial"
3.6839250000048196	EXP	thanks: color = {"_hex":"#FFFFFF","_rgb":[1,1,1]}
3.6839250000048196	EXP	thanks: contrast = 1
3.6839250000048196	EXP	thanks: height = 0.05
3.6839250000048196	EXP	thanks: bold = false
3.6839250000048196	EXP	thanks: italic = false
3.6839250000048196	EXP	thanks: alignHoriz = "left"
3.6839250000048196	EXP	thanks: alignVert = "center"
3.6839250000048196	EXP	thanks: wrapWidth = 1
3.6839250000048196	EXP	thanks: flipHoriz = false
3.6839250000048196	EXP	thanks: flipVert = false
3.6839250000048196	EXP	instr1: autoDraw = true
12.696520000012242	DATA	Keydown:  
14.090830000001006	DATA	Keydown: s
14.107040000002598	EXP	instr1: autoDraw = false
14.107040000002598	EXP	fix1: autoDraw = true
15.1998450000101	EXP	fix1: autoDraw = false
15.1998450000101	EXP	fix1: autoDraw = false
15.1998450000101	EXP	trialSquare: pos = [0.2,0]
15.1998450000101	EXP	trialGrid: autoDraw = true
15.1998450000101	EXP	trialSquare: autoDraw = true
16.15827500000887	EXP	trialSquare: autoDraw = false
16.15827500000887	EXP	trialFix: autoDraw = true
17.108055000004242	EXP	trialGrid: autoDraw = false
17.108055000004242	EXP	trialSquare: autoDraw = false
17.108055000004242	EXP	trialFix: autoDraw = false
17.108055000004242	EXP	trialSquare: pos = [0.2,0]
17.108055000004242	EXP	trialGrid: autoDraw = true
17.108055000004242	EXP	trialSquare: autoDraw = true
17.968585000009625	DATA	Keydown:  
18.10794000000169	EXP	trialSquare: autoDraw = false
18.124715000012657	EXP	trialFix: autoDraw = true
19.107545000006212	EXP	trialGrid: autoDraw = false
19.107545000006212	EXP	trialFix: autoDraw = false
19.107545000006212	EXP	trialGrid: autoDraw = false
19.107545000006212	EXP	trialSquare: autoDraw = false
19.107545000006212	EXP	trialFix: autoDraw = false
19.107545000006212	EXP	trialSquare: pos = [0,0.2]
19.107545000006212	EXP	trialGrid: autoDraw = true
19.107545000006212	EXP	trialSquare: autoDraw = true
20.080715000003693	EXP	trialSquare: autoDraw = false
20.124360000001616	EXP	trialFix: autoDraw = true
21.109935000000405	EXP	trialGrid: autoDraw = false
21.109935000000405	EXP	trialFix: autoDraw = false
21.109935000000405	EXP	trialGrid: autoDraw = false
21.109935000000405	EXP	trialSquare: autoDraw = false
21.109935000000405	EXP	trialFix: autoDraw = false
21.109935000000405	EXP	trialSquare: pos = [0.2,-0.2]
21.109935000000405	EXP	trialGrid: autoDraw = true
21.109935000000405	EXP	trialSquare: autoDraw = true
22.09129500000563	EXP	trialSquare: autoDraw = false
22.108025000008638	EXP	trialFix: autoDraw = true
23.106729999999516	EXP	trialGrid: autoDraw = false
23.106729999999516	EXP	trialFix: autoDraw = false
23.106729999999516	EXP	trialGrid: autoDraw = false
23.106729999999516	EXP	trialSquare: autoDraw = false
23.106729999999516	EXP	trialFix: autoDraw = false
23.106729999999516	EXP	trialSquare: pos = [0.2,-0.2]
23.106729999999516	EXP	trialGrid: autoDraw = true
23.106729999999516	EXP	trialSquare: autoDraw = true
24.090250000008382	EXP	trialSquare: autoDraw = false
24.107005000012578	EXP	trialFix: autoDraw = true
24.35910000000149	DATA	Keydown:  
25.106515000006766	EXP	trialGrid: autoDraw = false
25.106515000006766	EXP	trialFix: autoDraw = false
25.106515000006766	EXP	trialGrid: autoDraw = false
25.106515000006766	EXP	trialSquare: autoDraw = false
25.106515000006766	EXP	trialFix: autoDraw = false
25.106515000006766	EXP	trialSquare: pos = [0.2,0]
25.106515000006766	EXP	trialGrid: autoDraw = true
25.106515000006766	EXP	trialSquare: autoDraw = true
26.090525000006892	EXP	trialSquare: autoDraw = false
26.12356500000169	EXP	trialFix: autoDraw = true
27.106990000000224	EXP	trialGrid: autoDraw = false
27.106990000000224	EXP	trialFix: autoDraw = false
27.106990000000224	EXP	trialGrid: autoDraw = false
27.106990000000224	EXP	trialSquare: autoDraw = false
27.106990000000224	EXP	trialFix: autoDraw = false
27.106990000000224	EXP	trialSquare: pos = [-0.2,0]
27.106990000000224	EXP	trialGrid: autoDraw = true
27.106990000000224	EXP	trialSquare: autoDraw = true
28.09002000000328	EXP	trialSquare: autoDraw = false
28.107159999999567	EXP	trialFix: autoDraw = true
29.106680000011693	EXP	trialGrid: autoDraw = false
29.106680000011693	EXP	trialFix: autoDraw = false
29.106680000011693	EXP	trialGrid: autoDraw = false
29.106680000011693	EXP	trialSquare: autoDraw = false
29.106680000011693	EXP	trialFix: autoDraw = false
29.106680000011693	EXP	trialSquare: pos = [0.2,0.2]
29.106680000011693	EXP	trialGrid: autoDraw = true
29.106680000011693	EXP	trialSquare: autoDraw = true
30.08976000000257	EXP	trialSquare: autoDraw = false
30.10658500000136	EXP	trialFix: autoDraw = true
31.1064250000054	EXP	trialGrid: autoDraw = false
31.1064250000054	EXP	trialFix: autoDraw = false
31.1064250000054	EXP	trialGrid: autoDraw = false
31.1064250000054	EXP	trialSquare: autoDraw = false
31.1064250000054	EXP	trialFix: autoDraw = false
31.1064250000054	EXP	trialSquare: pos = [0.2,0.2]
31.1064250000054	EXP	trialGrid: autoDraw = true
31.1064250000054	EXP	trialSquare: autoDraw = true
31.739715000003343	DATA	Keydown:  
32.07830500000273	EXP	trialSquare: autoDraw = false
32.10692500000005	EXP	trialFix: autoDraw = true
33.10592500001076	EXP	trialGrid: autoDraw = false
33.10592500001076	EXP	trialFix: autoDraw = false
33.10592500001076	EXP	trialGrid: autoDraw = false
33.10592500001076	EXP	trialSquare: autoDraw = false
33.10592500001076	EXP	trialFix: autoDraw = false
33.10592500001076	EXP	trialSquare: pos = [0,-0.2]
33.10592500001076	EXP	trialGrid: autoDraw = true
33.10592500001076	EXP	trialSquare: autoDraw = true
34.08956000000762	EXP	trialSquare: autoDraw = false
34.10648500001116	EXP	trialFix: autoDraw = true
35.10552000001189	EXP	trialGrid: autoDraw = false
35.10552000001189	EXP	trialFix: autoDraw = false
35.10552000001189	EXP	trialGrid: autoDraw = false
35.10552000001189	EXP	trialSquare: autoDraw = false
35.10552000001189	EXP	trialFix: autoDraw = false
35.10552000001189	EXP	trialSquare: pos = [-0.2,0.2]
35.10552000001189	EXP	trialGrid: autoDraw = true
35.10552000001189	EXP	trialSquare: autoDraw = true
36.08891500000027	EXP	trialSquare: autoDraw = false
36.1055800000031	EXP	trialFix: autoDraw = true
37.08930500000133	EXP	trialGrid: autoDraw = false
37.08930500000133	EXP	trialFix: autoDraw = false
37.08930500000133	EXP	trialGrid: autoDraw = false
37.08930500000133	EXP	trialSquare: autoDraw = false
37.08930500000133	EXP	trialFix: autoDraw = false
37.08930500000133	EXP	trialSquare: pos = [0,0.2]
37.08930500000133	EXP	trialGrid: autoDraw = true
37.08930500000133	EXP	trialSquare: autoDraw = true
38.07197499999893	EXP	trialSquare: autoDraw = false
38.088595000008354	EXP	trialFix: autoDraw = true
39.08832500000426	EXP	trialGrid: autoDraw = false
39.08832500000426	EXP	trialFix: autoDraw = false
39.08832500000426	EXP	trialGrid: autoDraw = false
39.08832500000426	EXP	trialSquare: autoDraw = false
39.08832500000426	EXP	trialFix: autoDraw = false
39.08832500000426	EXP	trialSquare: pos = [-0.2,0]
39.08832500000426	EXP	trialGrid: autoDraw = true
39.08832500000426	EXP	trialSquare: autoDraw = true
40.07233500000439	EXP	trialSquare: autoDraw = false
40.08936500000709	EXP	trialFix: autoDraw = true
41.08817500001169	EXP	trialGrid: autoDraw = false
41.08817500001169	EXP	trialFix: autoDraw = false
41.08817500001169	EXP	trialGrid: autoDraw = false
41.08817500001169	EXP	trialSquare: autoDraw = false
41.08817500001169	EXP	trialFix: autoDraw = false
41.08817500001169	EXP	trialSquare: pos = [-0.2,0]
41.08817500001169	EXP	trialGrid: autoDraw = true
41.08817500001169	EXP	trialSquare: autoDraw = true
42.07164500000363	EXP	trialSquare: autoDraw = false
42.08817000000272	EXP	trialFix: autoDraw = true
42.16285000000789	DATA	Keydown: AudioVolumeUp
42.52475000001141	DATA	Keydown: AudioVolumeUp
43.08871999999974	EXP	trialGrid: autoDraw = false
43.08871999999974	EXP	trialFix: autoDraw = false
43.08871999999974	EXP	trialGrid: autoDraw = false
43.08871999999974	EXP	trialSquare: autoDraw = false
43.08871999999974	EXP	trialFix: autoDraw = false
43.08871999999974	EXP	trialSquare: pos = [0,-0.2]
43.08871999999974	EXP	trialGrid: autoDraw = true
43.08871999999974	EXP	trialSquare: autoDraw = true
43.95253500000399	DATA	Mouse: 0 button down, pos=(1492,749)
44.056025000012596	DATA	Mouse: 0 button down, pos=(1492,749)
44.07156500000565	EXP	trialSquare: autoDraw = false
44.088280000010855	EXP	trialFix: autoDraw = true
45.08828999999969	EXP	trialGrid: autoDraw = false
45.08828999999969	EXP	trialFix: autoDraw = false
45.08828999999969	EXP	trialGrid: autoDraw = false
45.08828999999969	EXP	trialSquare: autoDraw = false
45.08828999999969	EXP	trialFix: autoDraw = false
45.08828999999969	EXP	trialSquare: pos = [0,0]
45.08828999999969	EXP	trialGrid: autoDraw = true
45.08828999999969	EXP	trialSquare: autoDraw = true
46.07254500000272	EXP	trialSquare: autoDraw = false
46.09004000001005	EXP	trialFix: autoDraw = true
47.0872900000104	EXP	trialGrid: autoDraw = false
47.0872900000104	EXP	trialFix: autoDraw = false
47.0872900000104	EXP	trialGrid: autoDraw = false
47.0872900000104	EXP	trialSquare: autoDraw = false
47.0872900000104	EXP	trialFix: autoDraw = false
47.0872900000104	EXP	trialSquare: pos = [0,0]
47.0872900000104	EXP	trialGrid: autoDraw = true
47.0872900000104	EXP	trialSquare: autoDraw = true
48.07123000000138	EXP	trialSquare: autoDraw = false
48.08798000001116	EXP	trialFix: autoDraw = true
48.09563999999955	DATA	Keydown:  
49.0705050000106	EXP	trialGrid: autoDraw = false
49.0705050000106	EXP	trialFix: autoDraw = false
49.0705050000106	EXP	trialGrid: autoDraw = false
49.0705050000106	EXP	trialSquare: autoDraw = false
49.0705050000106	EXP	trialFix: autoDraw = false
49.0705050000106	EXP	trialSquare: pos = [-0.2,0.2]
49.0705050000106	EXP	trialGrid: autoDraw = true
49.0705050000106	EXP	trialSquare: autoDraw = true
50.054100000008475	EXP	trialSquare: autoDraw = false
50.07089500001166	EXP	trialFix: autoDraw = true
51.07064000000537	EXP	trialGrid: autoDraw = false
51.07064000000537	EXP	trialFix: autoDraw = false
51.07064000000537	EXP	trialGrid: autoDraw = false
51.07064000000537	EXP	trialSquare: autoDraw = false
51.07064000000537	EXP	trialFix: autoDraw = false
51.07064000000537	EXP	trialSquare: pos = [0.2,0.2]
51.07064000000537	EXP	trialGrid: autoDraw = true
51.07064000000537	EXP	trialSquare: autoDraw = true
52.05360500000825	EXP	trialSquare: autoDraw = false
52.07040000001143	EXP	trialFix: autoDraw = true
53.0698900000134	EXP	trialGrid: autoDraw = false
53.0698900000134	EXP	trialFix: autoDraw = false
53.0698900000134	EXP	trialGrid: autoDraw = false
53.0698900000134	EXP	trialSquare: autoDraw = false
53.0698900000134	EXP	trialFix: autoDraw = false
53.0698900000134	EXP	trialSquare: pos = [0.2,0]
53.0698900000134	EXP	trialGrid: autoDraw = true
53.0698900000134	EXP	trialSquare: autoDraw = true
54.053429999999935	EXP	trialSquare: autoDraw = false
54.070155000008526	EXP	trialFix: autoDraw = true
55.069685000009486	EXP	trialGrid: autoDraw = false
55.069685000009486	EXP	trialFix: autoDraw = false
55.069685000009486	EXP	trialGrid: autoDraw = false
55.069685000009486	EXP	trialSquare: autoDraw = false
55.069685000009486	EXP	trialFix: autoDraw = false
55.069685000009486	EXP	trialSquare: pos = [-0.2,0.2]
55.069685000009486	EXP	trialGrid: autoDraw = true
55.069685000009486	EXP	trialSquare: autoDraw = true
56.05336499999976	EXP	trialSquare: autoDraw = false
56.0699750000058	EXP	trialFix: autoDraw = true
57.07016500001191	EXP	trialGrid: autoDraw = false
57.07016500001191	EXP	trialFix: autoDraw = false
57.07016500001191	EXP	trialGrid: autoDraw = false
57.07016500001191	EXP	trialSquare: autoDraw = false
57.07016500001191	EXP	trialFix: autoDraw = false
57.07016500001191	EXP	trialSquare: pos = [-0.2,0.2]
57.07016500001191	EXP	trialGrid: autoDraw = true
57.07016500001191	EXP	trialSquare: autoDraw = true
58.05662500001199	EXP	trialSquare: autoDraw = false
58.06952000000456	EXP	trialFix: autoDraw = true
58.68787000000884	DATA	Keydown:  
59.069445000001	EXP	trialGrid: autoDraw = false
59.069445000001	EXP	trialFix: autoDraw = false
59.069445000001	EXP	trialGrid: autoDraw = false
59.069445000001	EXP	trialSquare: autoDraw = false
59.069445000001	EXP	trialFix: autoDraw = false
59.069445000001	EXP	trialSquare: pos = [-0.2,0.2]
59.069445000001	EXP	trialGrid: autoDraw = true
59.069445000001	EXP	trialSquare: autoDraw = true
60.054060000009486	DATA	Keydown:  
60.06959500000812	EXP	trialSquare: autoDraw = false
60.06959500000812	EXP	trialFix: autoDraw = true
61.06910500000231	EXP	trialGrid: autoDraw = false
61.06910500000231	EXP	trialFix: autoDraw = false
61.06910500000231	EXP	trialGrid: autoDraw = false
61.06910500000231	EXP	trialSquare: autoDraw = false
61.06910500000231	EXP	trialFix: autoDraw = false
61.06910500000231	EXP	trialSquare: pos = [0.2,0.2]
61.06910500000231	EXP	trialGrid: autoDraw = true
61.06910500000231	EXP	trialSquare: autoDraw = true
62.05853500000376	EXP	trialSquare: autoDraw = false
62.05853500000376	EXP	trialFix: autoDraw = true
63.06967000001168	EXP	trialGrid: autoDraw = false
63.06967000001168	EXP	trialFix: autoDraw = false
63.06967000001168	EXP	trialGrid: autoDraw = false
63.06967000001168	EXP	trialSquare: autoDraw = false
63.06967000001168	EXP	trialFix: autoDraw = false
63.06967000001168	EXP	trialSquare: pos = [0,0.2]
63.06967000001168	EXP	trialGrid: autoDraw = true
63.06967000001168	EXP	trialSquare: autoDraw = true
64.0522600000113	EXP	trialSquare: autoDraw = false
64.06902000000991	EXP	trialFix: autoDraw = true
65.06887000000279	EXP	trialGrid: autoDraw = false
65.06887000000279	EXP	trialFix: autoDraw = false
65.06887000000279	EXP	trialGrid: autoDraw = false
65.06887000000279	EXP	trialSquare: autoDraw = false
65.06887000000279	EXP	trialFix: autoDraw = false
65.06887000000279	EXP	trialSquare: pos = [-0.2,0.2]
65.06887000000279	EXP	trialGrid: autoDraw = true
65.06887000000279	EXP	trialSquare: autoDraw = true
66.05189500001143	EXP	trialSquare: autoDraw = false
66.0684450000117	EXP	trialFix: autoDraw = true
66.65338000000338	DATA	Keydown: Escape
