0.10068999975919724	EXP	Created Window = Window( name=Window, fullscr=true, color=#808080, units=height, waitBlanking=true, autoLog=true, size=[1536,775] )
3.3619749997742474	DATA	Keydown: Shift
3.6304049999453127	DATA	Keydown: A
5.718394999857992	DATA	Keydown: undefined
6.471570000052452	EXP	Created instr1 = TextStim( name=instr1, win=Window( name=Window, fullscr=true, color=#808080, ~), autoDraw=null, autoLog=true, units=height, ori=null, opacity=1, pos=[0,0], size=undefined, text=In this task you will be required to press space i~, font=Arial, color=#FFFFFF, contrast=1, height=0.05, bold=null, italic=null, alignHoriz=left, alignVert=center, wrapWidth=1, flipHoriz=null, flipVert=null )
6.475205000024289	EXP	Created fix1 = TextStim( name=fix1, win=Window( name=Window, fullscr=true, color=#808080, ~), autoDraw=null, autoLog=true, units=height, ori=null, opacity=1, pos=[0,0], size=undefined, text=+, font=Arial, color=#FFFFFF, contrast=1, height=0.05, bold=null, italic=null, alignHoriz=left, alignVert=center, wrapWidth=1, flipHoriz=null, flipVert=null )
6.4792100000195205	EXP	Created trialGrid = ImageStim( name=trialGrid, win=Window( name=Window, fullscr=true, color=#808080, ~), autoDraw=null, autoLog=true, units=height, ori=null, opacity=1, pos=[0,0], size=[0.6,0.6], image={}, mask=undefined, color=#ffffff, contrast=1, texRes=128, interpolate=true, depth=null, flipHoriz=null, flipVert=null )
6.4918349999934435	EXP	Created trialSquare = Rect( name=trialSquare, win=Window( name=Window, fullscr=true, color=#808080, ~), autoDraw=null, autoLog=true, units=height, ori=null, opacity=1, pos=[0,0], size=[1,1], lineWidth=1, lineColor=#ffffff, fillColor=#ffffff, vertices=[[-0.075,-0.075],[0.075,-0.075],[0.075,0.075],[-0.~, closeShape=true, contrast=1, depth=-1, interpolate=true, width=0.15, height=0.15 )
6.493565000128001	EXP	Created trialFix = TextStim( name=trialFix, win=Window( name=Window, fullscr=true, color=#808080, ~), autoDraw=null, autoLog=true, units=height, ori=null, opacity=1, pos=[0,0], size=undefined, text=+, font=Arial, color=#FFFFFF, contrast=1, height=0.05, bold=null, italic=null, alignHoriz=left, alignVert=center, wrapWidth=1, flipHoriz=null, flipVert=null )
6.494779999833554	EXP	Created instr2 = TextStim( name=instr2, win=Window( name=Window, fullscr=true, color=#808080, ~), autoDraw=null, autoLog=true, units=height, ori=null, opacity=1, pos=[0,0], size=undefined, text=This is the end of N-back-1 trials. You are about ~, font=Arial, color=#FFFFFF, contrast=1, height=0.05, bold=null, italic=null, alignHoriz=left, alignVert=center, wrapWidth=1, flipHoriz=null, flipVert=null )
6.495409999974072	EXP	Created fix2 = TextStim( name=fix2, win=Window( name=Window, fullscr=true, color=#808080, ~), autoDraw=null, autoLog=true, units=height, ori=null, opacity=1, pos=[0,0], size=undefined, text=+, font=Arial, color=#FFFFFF, contrast=1, height=0.05, bold=null, italic=null, alignHoriz=left, alignVert=center, wrapWidth=1, flipHoriz=null, flipVert=null )
6.49663499975577	EXP	Created trialGrid = ImageStim( name=trialGrid, win=Window( name=Window, fullscr=true, color=#808080, ~), autoDraw=null, autoLog=true, units=height, ori=null, opacity=1, pos=[0,0], size=[0.6,0.6], image={}, mask=undefined, color=#ffffff, contrast=1, texRes=128, interpolate=true, depth=null, flipHoriz=null, flipVert=null )
6.498629999812692	EXP	Created trialSquare = Rect( name=trialSquare, win=Window( name=Window, fullscr=true, color=#808080, ~), autoDraw=null, autoLog=true, units=height, ori=null, opacity=1, pos=[0,0], size=[1,1], lineWidth=1, lineColor=#ffffff, fillColor=#ffffff, vertices=[[-0.075,-0.075],[0.075,-0.075],[0.075,0.075],[-0.~, closeShape=true, contrast=1, depth=-1, interpolate=true, width=0.15, height=0.15 )
6.499109999742359	EXP	Created trialFix = TextStim( name=trialFix, win=Window( name=Window, fullscr=true, color=#808080, ~), autoDraw=null, autoLog=true, units=height, ori=null, opacity=1, pos=[0,0], size=undefined, text=+, font=Arial, color=#FFFFFF, contrast=1, height=0.05, bold=null, italic=null, alignHoriz=left, alignVert=center, wrapWidth=1, flipHoriz=null, flipVert=null )
6.499624999705702	EXP	Created instr3 = TextStim( name=instr3, win=Window( name=Window, fullscr=true, color=#808080, ~), autoDraw=null, autoLog=true, units=height, ori=null, opacity=1, pos=[0,0], size=undefined, text=This is the end of N-back-2 trials. You are about ~, font=Arial, color=#FFFFFF, contrast=1, height=0.05, bold=null, italic=null, alignHoriz=left, alignVert=center, wrapWidth=1, flipHoriz=null, flipVert=null )
6.500959999859333	EXP	Created fix3 = TextStim( name=fix3, win=Window( name=Window, fullscr=true, color=#808080, ~), autoDraw=null, autoLog=true, units=height, ori=null, opacity=1, pos=[0,0], size=undefined, text=+, font=Arial, color=#FFFFFF, contrast=1, height=0.05, bold=null, italic=null, alignHoriz=left, alignVert=center, wrapWidth=1, flipHoriz=null, flipVert=null )
6.502344999928027	EXP	Created trialGrid = ImageStim( name=trialGrid, win=Window( name=Window, fullscr=true, color=#808080, ~), autoDraw=null, autoLog=true, units=height, ori=null, opacity=1, pos=[0,0], size=[0.6,0.6], image={}, mask=undefined, color=#ffffff, contrast=1, texRes=128, interpolate=true, depth=null, flipHoriz=null, flipVert=null )
6.50433999998495	EXP	Created trialSquare = Rect( name=trialSquare, win=Window( name=Window, fullscr=true, color=#808080, ~), autoDraw=null, autoLog=true, units=height, ori=null, opacity=1, pos=[0,0], size=[1,1], lineWidth=1, lineColor=#ffffff, fillColor=#ffffff, vertices=[[-0.075,-0.075],[0.075,-0.075],[0.075,0.075],[-0.~, closeShape=true, contrast=1, depth=-1, interpolate=true, width=0.15, height=0.15 )
6.504829999990761	EXP	Created trialFix = TextStim( name=trialFix, win=Window( name=Window, fullscr=true, color=#808080, ~), autoDraw=null, autoLog=true, units=height, ori=null, opacity=1, pos=[0,0], size=undefined, text=+, font=Arial, color=#FFFFFF, contrast=1, height=0.05, bold=null, italic=null, alignHoriz=left, alignVert=center, wrapWidth=1, flipHoriz=null, flipVert=null )
6.505400000140071	EXP	Created thanks = TextStim( name=thanks, win=Window( name=Window, fullscr=true, color=#808080, ~), autoDraw=null, autoLog=true, units=height, ori=null, opacity=1, pos=[0,0], size=undefined, text=This is the end of the experiment.
Thank you for y~, font=Arial, color=#FFFFFF, contrast=1, height=0.05, bold=null, italic=null, alignHoriz=left, alignVert=center, wrapWidth=1, flipHoriz=null, flipVert=null )
6.53177999984473	EXP	instr1: units = "height"
6.53177999984473	EXP	instr1: ori = 0
6.53177999984473	EXP	instr1: opacity = 1
6.53177999984473	EXP	instr1: pos = [0,0]
6.53177999984473	EXP	instr1: size = undefined
6.53177999984473	EXP	instr1: text = "In this task you will be required to press space if the white square appeared in the same location as the location on the last trial. For example if the square was in the left down corner on trial 1 and then it appeared in the same location on trial 2, press space. Otherwise, do not respond. Press 's' to continue."
6.53177999984473	EXP	instr1: font = "Arial"
6.53177999984473	EXP	instr1: color = {"_hex":"#FFFFFF","_rgb":[1,1,1]}
6.53177999984473	EXP	instr1: contrast = 1
6.53177999984473	EXP	instr1: height = 0.05
6.53177999984473	EXP	instr1: bold = false
6.53177999984473	EXP	instr1: italic = false
6.53177999984473	EXP	instr1: alignHoriz = "left"
6.53177999984473	EXP	instr1: alignVert = "center"
6.53177999984473	EXP	instr1: wrapWidth = 1
6.53177999984473	EXP	instr1: flipHoriz = false
6.53177999984473	EXP	instr1: flipVert = false
6.53177999984473	EXP	fix1: units = "height"
6.53177999984473	EXP	fix1: ori = 0
6.53177999984473	EXP	fix1: opacity = 1
6.53177999984473	EXP	fix1: pos = [0,0]
6.53177999984473	EXP	fix1: size = undefined
6.53177999984473	EXP	fix1: text = "+"
6.53177999984473	EXP	fix1: font = "Arial"
6.53177999984473	EXP	fix1: color = {"_hex":"#FFFFFF","_rgb":[1,1,1]}
6.53177999984473	EXP	fix1: contrast = 1
6.53177999984473	EXP	fix1: height = 0.05
6.53177999984473	EXP	fix1: bold = false
6.53177999984473	EXP	fix1: italic = false
6.53177999984473	EXP	fix1: alignHoriz = "left"
6.53177999984473	EXP	fix1: alignVert = "center"
6.53177999984473	EXP	fix1: wrapWidth = 1
6.53177999984473	EXP	fix1: flipHoriz = false
6.53177999984473	EXP	fix1: flipVert = false
6.53177999984473	EXP	trialGrid: units = "height"
6.53177999984473	EXP	trialGrid: ori = 0
6.53177999984473	EXP	trialGrid: opacity = 1
6.53177999984473	EXP	trialGrid: pos = [0,0]
6.53177999984473	EXP	trialGrid: size = [0.6,0.6]
6.53177999984473	EXP	trialGrid: image = {}
6.53177999984473	EXP	trialGrid: mask = undefined
6.53177999984473	EXP	trialGrid: color = {"_rgb":[1,1,1]}
6.53177999984473	EXP	trialGrid: contrast = 1
6.53177999984473	EXP	trialGrid: texRes = 128
6.53177999984473	EXP	trialGrid: interpolate = true
6.53177999984473	EXP	trialGrid: depth = 0
6.53177999984473	EXP	trialGrid: flipHoriz = false
6.53177999984473	EXP	trialGrid: flipVert = false
6.53177999984473	EXP	trialSquare: units = "height"
6.53177999984473	EXP	trialSquare: ori = 0
6.53177999984473	EXP	trialSquare: opacity = 1
6.53177999984473	EXP	trialSquare: pos = [0,0]
6.53177999984473	EXP	trialSquare: size = [1,1]
6.53177999984473	EXP	trialSquare: lineWidth = 1
6.53177999984473	EXP	trialSquare: lineColor = {"_rgb":[1,1,1]}
6.53177999984473	EXP	trialSquare: fillColor = {"_rgb":[1,1,1]}
6.53177999984473	EXP	trialSquare: vertices = [[-0.5,0],[0,0.5],[0.5,0]]
6.53177999984473	EXP	trialSquare: closeShape = true
6.53177999984473	EXP	trialSquare: contrast = 1
6.53177999984473	EXP	trialSquare: depth = -1
6.53177999984473	EXP	trialSquare: interpolate = true
6.53177999984473	EXP	trialSquare: width = 0.15
6.53177999984473	EXP	trialSquare: vertices = [[-0.075,null],[0.075,null],[0.075,null],[-0.075,null]]
6.53177999984473	EXP	trialSquare: height = 0.15
6.53177999984473	EXP	trialSquare: vertices = [[-0.075,-0.075],[0.075,-0.075],[0.075,0.075],[-0.075,0.075]]
6.53177999984473	EXP	trialSquare: vertices = [[-0.075,-0.075],[0.075,-0.075],[0.075,0.075],[-0.075,0.075]]
6.53177999984473	EXP	trialFix: units = "height"
6.53177999984473	EXP	trialFix: ori = 0
6.53177999984473	EXP	trialFix: opacity = 1
6.53177999984473	EXP	trialFix: pos = [0,0]
6.53177999984473	EXP	trialFix: size = undefined
6.53177999984473	EXP	trialFix: text = "+"
6.53177999984473	EXP	trialFix: font = "Arial"
6.53177999984473	EXP	trialFix: color = {"_hex":"#FFFFFF","_rgb":[1,1,1]}
6.53177999984473	EXP	trialFix: contrast = 1
6.53177999984473	EXP	trialFix: height = 0.05
6.53177999984473	EXP	trialFix: bold = false
6.53177999984473	EXP	trialFix: italic = false
6.53177999984473	EXP	trialFix: alignHoriz = "left"
6.53177999984473	EXP	trialFix: alignVert = "center"
6.53177999984473	EXP	trialFix: wrapWidth = 1
6.53177999984473	EXP	trialFix: flipHoriz = false
6.53177999984473	EXP	trialFix: flipVert = false
6.53177999984473	EXP	instr2: units = "height"
6.53177999984473	EXP	instr2: ori = 0
6.53177999984473	EXP	instr2: opacity = 1
6.53177999984473	EXP	instr2: pos = [0,0]
6.53177999984473	EXP	instr2: size = undefined
6.53177999984473	EXP	instr2: text = "This is the end of N-back-1 trials. You are about to start N-back-2 trials. This means that instead of pressing space whenever the square appears in the same position as on the position on one trial before, you are required to press space whenever the square appears in the same position as on the position two trials before. For example if the square appeared in left down corner on trial 1, you should press space if the square appears in the left down corner on trial 3. Press 's' to continue."
6.53177999984473	EXP	instr2: font = "Arial"
6.53177999984473	EXP	instr2: color = {"_hex":"#FFFFFF","_rgb":[1,1,1]}
6.53177999984473	EXP	instr2: contrast = 1
6.53177999984473	EXP	instr2: height = 0.05
6.53177999984473	EXP	instr2: bold = false
6.53177999984473	EXP	instr2: italic = false
6.53177999984473	EXP	instr2: alignHoriz = "left"
6.53177999984473	EXP	instr2: alignVert = "center"
6.53177999984473	EXP	instr2: wrapWidth = 1
6.53177999984473	EXP	instr2: flipHoriz = false
6.53177999984473	EXP	instr2: flipVert = false
6.53177999984473	EXP	fix2: units = "height"
6.53177999984473	EXP	fix2: ori = 0
6.53177999984473	EXP	fix2: opacity = 1
6.53177999984473	EXP	fix2: pos = [0,0]
6.53177999984473	EXP	fix2: size = undefined
6.53177999984473	EXP	fix2: text = "+"
6.53177999984473	EXP	fix2: font = "Arial"
6.53177999984473	EXP	fix2: color = {"_hex":"#FFFFFF","_rgb":[1,1,1]}
6.53177999984473	EXP	fix2: contrast = 1
6.53177999984473	EXP	fix2: height = 0.05
6.53177999984473	EXP	fix2: bold = false
6.53177999984473	EXP	fix2: italic = false
6.53177999984473	EXP	fix2: alignHoriz = "left"
6.53177999984473	EXP	fix2: alignVert = "center"
6.53177999984473	EXP	fix2: wrapWidth = 1
6.53177999984473	EXP	fix2: flipHoriz = false
6.53177999984473	EXP	fix2: flipVert = false
6.53177999984473	EXP	trialGrid: units = "height"
6.53177999984473	EXP	trialGrid: ori = 0
6.53177999984473	EXP	trialGrid: opacity = 1
6.53177999984473	EXP	trialGrid: pos = [0,0]
6.53177999984473	EXP	trialGrid: size = [0.6,0.6]
6.53177999984473	EXP	trialGrid: image = {}
6.53177999984473	EXP	trialGrid: mask = undefined
6.53177999984473	EXP	trialGrid: color = {"_rgb":[1,1,1]}
6.53177999984473	EXP	trialGrid: contrast = 1
6.53177999984473	EXP	trialGrid: texRes = 128
6.53177999984473	EXP	trialGrid: interpolate = true
6.53177999984473	EXP	trialGrid: depth = 0
6.53177999984473	EXP	trialGrid: flipHoriz = false
6.53177999984473	EXP	trialGrid: flipVert = false
6.53177999984473	EXP	trialSquare: units = "height"
6.53177999984473	EXP	trialSquare: ori = 0
6.53177999984473	EXP	trialSquare: opacity = 1
6.53177999984473	EXP	trialSquare: pos = [0,0]
6.53177999984473	EXP	trialSquare: size = [1,1]
6.53177999984473	EXP	trialSquare: lineWidth = 1
6.53177999984473	EXP	trialSquare: lineColor = {"_rgb":[1,1,1]}
6.53177999984473	EXP	trialSquare: fillColor = {"_rgb":[1,1,1]}
6.53177999984473	EXP	trialSquare: vertices = [[-0.5,0],[0,0.5],[0.5,0]]
6.53177999984473	EXP	trialSquare: closeShape = true
6.53177999984473	EXP	trialSquare: contrast = 1
6.53177999984473	EXP	trialSquare: depth = -1
6.53177999984473	EXP	trialSquare: interpolate = true
6.53177999984473	EXP	trialSquare: width = 0.15
6.53177999984473	EXP	trialSquare: vertices = [[-0.075,null],[0.075,null],[0.075,null],[-0.075,null]]
6.53177999984473	EXP	trialSquare: height = 0.15
6.53177999984473	EXP	trialSquare: vertices = [[-0.075,-0.075],[0.075,-0.075],[0.075,0.075],[-0.075,0.075]]
6.53177999984473	EXP	trialSquare: vertices = [[-0.075,-0.075],[0.075,-0.075],[0.075,0.075],[-0.075,0.075]]
6.53177999984473	EXP	trialFix: units = "height"
6.53177999984473	EXP	trialFix: ori = 0
6.53177999984473	EXP	trialFix: opacity = 1
6.53177999984473	EXP	trialFix: pos = [0,0]
6.53177999984473	EXP	trialFix: size = undefined
6.53177999984473	EXP	trialFix: text = "+"
6.53177999984473	EXP	trialFix: font = "Arial"
6.53177999984473	EXP	trialFix: color = {"_hex":"#FFFFFF","_rgb":[1,1,1]}
6.53177999984473	EXP	trialFix: contrast = 1
6.53177999984473	EXP	trialFix: height = 0.05
6.53177999984473	EXP	trialFix: bold = false
6.53177999984473	EXP	trialFix: italic = false
6.53177999984473	EXP	trialFix: alignHoriz = "left"
6.53177999984473	EXP	trialFix: alignVert = "center"
6.53177999984473	EXP	trialFix: wrapWidth = 1
6.53177999984473	EXP	trialFix: flipHoriz = false
6.53177999984473	EXP	trialFix: flipVert = false
6.53177999984473	EXP	instr3: units = "height"
6.53177999984473	EXP	instr3: ori = 0
6.53177999984473	EXP	instr3: opacity = 1
6.53177999984473	EXP	instr3: pos = [0,0]
6.53177999984473	EXP	instr3: size = undefined
6.53177999984473	EXP	instr3: text = "This is the end of N-back-2 trials. You are about to start N-back-3 trials. This means that instead of pressing space whenever the square appears in the same position as on the position on two trials before, you are required to press space whenever the square appears in the same position as on the position three trials before. For example if the square appeared in left down corner on trial 1, you should press space if the square appears in the left down corner on trial 4. Press 's' to continue."
6.53177999984473	EXP	instr3: font = "Arial"
6.53177999984473	EXP	instr3: color = {"_hex":"#FFFFFF","_rgb":[1,1,1]}
6.53177999984473	EXP	instr3: contrast = 1
6.53177999984473	EXP	instr3: height = 0.05
6.53177999984473	EXP	instr3: bold = false
6.53177999984473	EXP	instr3: italic = false
6.53177999984473	EXP	instr3: alignHoriz = "left"
6.53177999984473	EXP	instr3: alignVert = "center"
6.53177999984473	EXP	instr3: wrapWidth = 1
6.53177999984473	EXP	instr3: flipHoriz = false
6.53177999984473	EXP	instr3: flipVert = false
6.53177999984473	EXP	fix3: units = "height"
6.53177999984473	EXP	fix3: ori = 0
6.53177999984473	EXP	fix3: opacity = 1
6.53177999984473	EXP	fix3: pos = [0,0]
6.53177999984473	EXP	fix3: size = undefined
6.53177999984473	EXP	fix3: text = "+"
6.53177999984473	EXP	fix3: font = "Arial"
6.53177999984473	EXP	fix3: color = {"_hex":"#FFFFFF","_rgb":[1,1,1]}
6.53177999984473	EXP	fix3: contrast = 1
6.53177999984473	EXP	fix3: height = 0.05
6.53177999984473	EXP	fix3: bold = false
6.53177999984473	EXP	fix3: italic = false
6.53177999984473	EXP	fix3: alignHoriz = "left"
6.53177999984473	EXP	fix3: alignVert = "center"
6.53177999984473	EXP	fix3: wrapWidth = 1
6.53177999984473	EXP	fix3: flipHoriz = false
6.53177999984473	EXP	fix3: flipVert = false
6.53177999984473	EXP	trialGrid: units = "height"
6.53177999984473	EXP	trialGrid: ori = 0
6.53177999984473	EXP	trialGrid: opacity = 1
6.53177999984473	EXP	trialGrid: pos = [0,0]
6.53177999984473	EXP	trialGrid: size = [0.6,0.6]
6.53177999984473	EXP	trialGrid: image = {}
6.53177999984473	EXP	trialGrid: mask = undefined
6.53177999984473	EXP	trialGrid: color = {"_rgb":[1,1,1]}
6.53177999984473	EXP	trialGrid: contrast = 1
6.53177999984473	EXP	trialGrid: texRes = 128
6.53177999984473	EXP	trialGrid: interpolate = true
6.53177999984473	EXP	trialGrid: depth = 0
6.53177999984473	EXP	trialGrid: flipHoriz = false
6.53177999984473	EXP	trialGrid: flipVert = false
6.53177999984473	EXP	trialSquare: units = "height"
6.53177999984473	EXP	trialSquare: ori = 0
6.53177999984473	EXP	trialSquare: opacity = 1
6.53177999984473	EXP	trialSquare: pos = [0,0]
6.53177999984473	EXP	trialSquare: size = [1,1]
6.53177999984473	EXP	trialSquare: lineWidth = 1
6.53177999984473	EXP	trialSquare: lineColor = {"_rgb":[1,1,1]}
6.53177999984473	EXP	trialSquare: fillColor = {"_rgb":[1,1,1]}
6.53177999984473	EXP	trialSquare: vertices = [[-0.5,0],[0,0.5],[0.5,0]]
6.53177999984473	EXP	trialSquare: closeShape = true
6.53177999984473	EXP	trialSquare: contrast = 1
6.53177999984473	EXP	trialSquare: depth = -1
6.53177999984473	EXP	trialSquare: interpolate = true
6.53177999984473	EXP	trialSquare: width = 0.15
6.53177999984473	EXP	trialSquare: vertices = [[-0.075,null],[0.075,null],[0.075,null],[-0.075,null]]
6.53177999984473	EXP	trialSquare: height = 0.15
6.53177999984473	EXP	trialSquare: vertices = [[-0.075,-0.075],[0.075,-0.075],[0.075,0.075],[-0.075,0.075]]
6.53177999984473	EXP	trialSquare: vertices = [[-0.075,-0.075],[0.075,-0.075],[0.075,0.075],[-0.075,0.075]]
6.53177999984473	EXP	trialFix: units = "height"
6.53177999984473	EXP	trialFix: ori = 0
6.53177999984473	EXP	trialFix: opacity = 1
6.53177999984473	EXP	trialFix: pos = [0,0]
6.53177999984473	EXP	trialFix: size = undefined
6.53177999984473	EXP	trialFix: text = "+"
6.53177999984473	EXP	trialFix: font = "Arial"
6.53177999984473	EXP	trialFix: color = {"_hex":"#FFFFFF","_rgb":[1,1,1]}
6.53177999984473	EXP	trialFix: contrast = 1
6.53177999984473	EXP	trialFix: height = 0.05
6.53177999984473	EXP	trialFix: bold = false
6.53177999984473	EXP	trialFix: italic = false
6.53177999984473	EXP	trialFix: alignHoriz = "left"
6.53177999984473	EXP	trialFix: alignVert = "center"
6.53177999984473	EXP	trialFix: wrapWidth = 1
6.53177999984473	EXP	trialFix: flipHoriz = false
6.53177999984473	EXP	trialFix: flipVert = false
6.53177999984473	EXP	thanks: units = "height"
6.53177999984473	EXP	thanks: ori = 0
6.53177999984473	EXP	thanks: opacity = 1
6.53177999984473	EXP	thanks: pos = [0,0]
6.53177999984473	EXP	thanks: size = undefined
6.53177999984473	EXP	thanks: text = "This is the end of the experiment.\nThank you for your time."
6.53177999984473	EXP	thanks: font = "Arial"
6.53177999984473	EXP	thanks: color = {"_hex":"#FFFFFF","_rgb":[1,1,1]}
6.53177999984473	EXP	thanks: contrast = 1
6.53177999984473	EXP	thanks: height = 0.05
6.53177999984473	EXP	thanks: bold = false
6.53177999984473	EXP	thanks: italic = false
6.53177999984473	EXP	thanks: alignHoriz = "left"
6.53177999984473	EXP	thanks: alignVert = "center"
6.53177999984473	EXP	thanks: wrapWidth = 1
6.53177999984473	EXP	thanks: flipHoriz = false
6.53177999984473	EXP	thanks: flipVert = false
6.53177999984473	EXP	instr1: autoDraw = true
42.57879999978468	DATA	Keydown: s
42.59505999973044	EXP	instr1: autoDraw = false
42.59505999973044	EXP	fix1: autoDraw = true
43.76317499997094	EXP	fix1: autoDraw = false
43.76317499997094	EXP	fix1: autoDraw = false
43.76317499997094	EXP	trialSquare: pos = [0.2,0]
43.76317499997094	EXP	trialGrid: autoDraw = true
43.76317499997094	EXP	trialSquare: autoDraw = true
44.65804499993101	EXP	trialSquare: autoDraw = false
44.678280000109226	EXP	trialFix: autoDraw = true
45.6126299998723	EXP	trialGrid: autoDraw = false
45.6126299998723	EXP	trialSquare: autoDraw = false
45.6126299998723	EXP	trialFix: autoDraw = false
45.6126299998723	EXP	trialSquare: pos = [0.2,0]
45.6126299998723	EXP	trialGrid: autoDraw = true
45.6126299998723	EXP	trialSquare: autoDraw = true
46.03127499995753	DATA	Keydown:  
46.60845999978483	EXP	trialSquare: autoDraw = false
46.62525499984622	EXP	trialFix: autoDraw = true
47.61182500002906	EXP	trialGrid: autoDraw = false
47.61182500002906	EXP	trialFix: autoDraw = false
47.61182500002906	EXP	trialGrid: autoDraw = false
47.61182500002906	EXP	trialSquare: autoDraw = false
47.61182500002906	EXP	trialFix: autoDraw = false
47.61182500002906	EXP	trialSquare: pos = [0,0.2]
47.61182500002906	EXP	trialGrid: autoDraw = true
47.61182500002906	EXP	trialSquare: autoDraw = true
47.998484999872744	DATA	Keydown:  
48.60961499996483	EXP	trialSquare: autoDraw = false
48.62627499969676	EXP	trialFix: autoDraw = true
49.60962500004098	EXP	trialGrid: autoDraw = false
49.60962500004098	EXP	trialFix: autoDraw = false
49.60962500004098	EXP	trialGrid: autoDraw = false
49.60962500004098	EXP	trialSquare: autoDraw = false
49.60962500004098	EXP	trialFix: autoDraw = false
49.60962500004098	EXP	trialSquare: pos = [0.2,-0.2]
49.60962500004098	EXP	trialGrid: autoDraw = true
49.60962500004098	EXP	trialSquare: autoDraw = true
50.609534999821335	EXP	trialSquare: autoDraw = false
50.62751499982551	EXP	trialFix: autoDraw = true
51.610744999721646	EXP	trialGrid: autoDraw = false
51.610744999721646	EXP	trialFix: autoDraw = false
51.610744999721646	EXP	trialGrid: autoDraw = false
51.610744999721646	EXP	trialSquare: autoDraw = false
51.610744999721646	EXP	trialFix: autoDraw = false
51.610744999721646	EXP	trialSquare: pos = [0.2,-0.2]
51.610744999721646	EXP	trialGrid: autoDraw = true
51.610744999721646	EXP	trialSquare: autoDraw = true
52.60945499967784	EXP	trialSquare: autoDraw = false
52.626154999714345	EXP	trialFix: autoDraw = true
53.60948000010103	EXP	trialGrid: autoDraw = false
53.60948000010103	EXP	trialFix: autoDraw = false
53.60948000010103	EXP	trialGrid: autoDraw = false
53.60948000010103	EXP	trialSquare: autoDraw = false
53.60948000010103	EXP	trialFix: autoDraw = false
53.60948000010103	EXP	trialSquare: pos = [0.2,0]
53.60948000010103	EXP	trialGrid: autoDraw = true
53.60948000010103	EXP	trialSquare: autoDraw = true
54.6093699997291	EXP	trialSquare: autoDraw = false
54.6260150000453	EXP	trialFix: autoDraw = true
55.6093699997291	EXP	trialGrid: autoDraw = false
55.6093699997291	EXP	trialFix: autoDraw = false
55.6093699997291	EXP	trialGrid: autoDraw = false
55.6093699997291	EXP	trialSquare: autoDraw = false
55.6093699997291	EXP	trialFix: autoDraw = false
55.6093699997291	EXP	trialSquare: pos = [-0.2,0]
55.6093699997291	EXP	trialGrid: autoDraw = true
55.6093699997291	EXP	trialSquare: autoDraw = true
56.60933999996632	EXP	trialSquare: autoDraw = false
56.62598000001162	EXP	trialFix: autoDraw = true
57.60952499974519	EXP	trialGrid: autoDraw = false
57.60952499974519	EXP	trialFix: autoDraw = false
57.60952499974519	EXP	trialGrid: autoDraw = false
57.60952499974519	EXP	trialSquare: autoDraw = false
57.60952499974519	EXP	trialFix: autoDraw = false
57.60952499974519	EXP	trialSquare: pos = [0.2,0.2]
57.60952499974519	EXP	trialGrid: autoDraw = true
57.60952499974519	EXP	trialSquare: autoDraw = true
58.59539999999106	EXP	trialSquare: autoDraw = false
58.62617000006139	EXP	trialFix: autoDraw = true
59.6093699997291	EXP	trialGrid: autoDraw = false
59.6093699997291	EXP	trialFix: autoDraw = false
59.6093699997291	EXP	trialGrid: autoDraw = false
59.6093699997291	EXP	trialSquare: autoDraw = false
59.6093699997291	EXP	trialFix: autoDraw = false
59.6093699997291	EXP	trialSquare: pos = [0.2,0.2]
59.6093699997291	EXP	trialGrid: autoDraw = true
59.6093699997291	EXP	trialSquare: autoDraw = true
60.08140000002459	DATA	Keydown:  
60.60923499986529	EXP	trialSquare: autoDraw = false
60.62582999980077	EXP	trialFix: autoDraw = true
61.609375	EXP	trialGrid: autoDraw = false
61.609375	EXP	trialFix: autoDraw = false
61.609375	EXP	trialGrid: autoDraw = false
61.609375	EXP	trialSquare: autoDraw = false
61.609375	EXP	trialFix: autoDraw = false
61.609375	EXP	trialSquare: pos = [0,-0.2]
61.609375	EXP	trialGrid: autoDraw = true
61.609375	EXP	trialSquare: autoDraw = true
62.60910000000149	EXP	trialSquare: autoDraw = false
62.62584999995306	EXP	trialFix: autoDraw = true
63.60924499994144	EXP	trialGrid: autoDraw = false
63.60924499994144	EXP	trialFix: autoDraw = false
63.60924499994144	EXP	trialGrid: autoDraw = false
63.60924499994144	EXP	trialSquare: autoDraw = false
63.60924499994144	EXP	trialFix: autoDraw = false
63.60924499994144	EXP	trialSquare: pos = [-0.2,0.2]
63.60924499994144	EXP	trialGrid: autoDraw = true
63.60924499994144	EXP	trialSquare: autoDraw = true
64.60913500003517	EXP	trialSquare: autoDraw = false
64.62564999982715	EXP	trialFix: autoDraw = true
65.60923000006005	EXP	trialGrid: autoDraw = false
65.60923000006005	EXP	trialFix: autoDraw = false
65.60923000006005	EXP	trialGrid: autoDraw = false
65.60923000006005	EXP	trialSquare: autoDraw = false
65.60923000006005	EXP	trialFix: autoDraw = false
65.60923000006005	EXP	trialSquare: pos = [0,0.2]
65.60923000006005	EXP	trialGrid: autoDraw = true
65.60923000006005	EXP	trialSquare: autoDraw = true
66.60896999994293	EXP	trialSquare: autoDraw = false
66.62562000006437	EXP	trialFix: autoDraw = true
67.60905499989167	EXP	trialGrid: autoDraw = false
67.60905499989167	EXP	trialFix: autoDraw = false
67.60905499989167	EXP	trialGrid: autoDraw = false
67.60905499989167	EXP	trialSquare: autoDraw = false
67.60905499989167	EXP	trialFix: autoDraw = false
67.60905499989167	EXP	trialSquare: pos = [-0.2,0]
67.60905499989167	EXP	trialGrid: autoDraw = true
67.60905499989167	EXP	trialSquare: autoDraw = true
68.60901999985799	EXP	trialSquare: autoDraw = false
68.62565999990329	EXP	trialFix: autoDraw = true
69.60896500013769	EXP	trialGrid: autoDraw = false
69.60896500013769	EXP	trialFix: autoDraw = false
69.60896500013769	EXP	trialGrid: autoDraw = false
69.60896500013769	EXP	trialSquare: autoDraw = false
69.60896500013769	EXP	trialFix: autoDraw = false
69.60896500013769	EXP	trialSquare: pos = [-0.2,0]
69.60896500013769	EXP	trialGrid: autoDraw = true
69.60896500013769	EXP	trialSquare: autoDraw = true
70.09444000013173	DATA	Keydown:  
70.60888999979943	EXP	trialSquare: autoDraw = false
70.62560499971732	EXP	trialFix: autoDraw = true
71.60907500004396	EXP	trialGrid: autoDraw = false
71.60907500004396	EXP	trialFix: autoDraw = false
71.60907500004396	EXP	trialGrid: autoDraw = false
71.60907500004396	EXP	trialSquare: autoDraw = false
71.60907500004396	EXP	trialFix: autoDraw = false
71.60907500004396	EXP	trialSquare: pos = [0,-0.2]
71.60907500004396	EXP	trialGrid: autoDraw = true
71.60907500004396	EXP	trialSquare: autoDraw = true
72.60874499985948	EXP	trialSquare: autoDraw = false
72.62541500013322	EXP	trialFix: autoDraw = true
73.60889999987558	EXP	trialGrid: autoDraw = false
73.60889999987558	EXP	trialFix: autoDraw = false
73.60889999987558	EXP	trialGrid: autoDraw = false
73.60889999987558	EXP	trialSquare: autoDraw = false
73.60889999987558	EXP	trialFix: autoDraw = false
73.60889999987558	EXP	trialSquare: pos = [0,0]
73.60889999987558	EXP	trialGrid: autoDraw = true
73.60889999987558	EXP	trialSquare: autoDraw = true
74.60874000005424	EXP	trialSquare: autoDraw = false
74.62541999993846	EXP	trialFix: autoDraw = true
75.60871500009671	EXP	trialGrid: autoDraw = false
75.60871500009671	EXP	trialFix: autoDraw = false
75.60871500009671	EXP	trialGrid: autoDraw = false
75.60871500009671	EXP	trialSquare: autoDraw = false
75.60871500009671	EXP	trialFix: autoDraw = false
75.60871500009671	EXP	trialSquare: pos = [0,0]
75.60871500009671	EXP	trialGrid: autoDraw = true
75.60871500009671	EXP	trialSquare: autoDraw = true
76.16146999970078	DATA	Keydown:  
76.60868000006303	EXP	trialSquare: autoDraw = false
76.62540999986231	EXP	trialFix: autoDraw = true
77.60881499992684	EXP	trialGrid: autoDraw = false
77.60881499992684	EXP	trialFix: autoDraw = false
77.60881499992684	EXP	trialGrid: autoDraw = false
77.60881499992684	EXP	trialSquare: autoDraw = false
77.60881499992684	EXP	trialFix: autoDraw = false
77.60881499992684	EXP	trialSquare: pos = [-0.2,0.2]
77.60881499992684	EXP	trialGrid: autoDraw = true
77.60881499992684	EXP	trialSquare: autoDraw = true
78.60841999994591	EXP	trialSquare: autoDraw = false
78.62515999982134	EXP	trialFix: autoDraw = true
79.60871999990195	EXP	trialGrid: autoDraw = false
79.60871999990195	EXP	trialFix: autoDraw = false
79.60871999990195	EXP	trialGrid: autoDraw = false
79.60871999990195	EXP	trialSquare: autoDraw = false
79.60871999990195	EXP	trialFix: autoDraw = false
79.60871999990195	EXP	trialSquare: pos = [0.2,0.2]
79.60871999990195	EXP	trialGrid: autoDraw = true
79.60871999990195	EXP	trialSquare: autoDraw = true
80.60855000000447	EXP	trialSquare: autoDraw = false
80.62516500009224	EXP	trialFix: autoDraw = true
81.60868000006303	EXP	trialGrid: autoDraw = false
81.60868000006303	EXP	trialFix: autoDraw = false
81.60868000006303	EXP	trialGrid: autoDraw = false
81.60868000006303	EXP	trialSquare: autoDraw = false
81.60868000006303	EXP	trialFix: autoDraw = false
81.60868000006303	EXP	trialSquare: pos = [0.2,0]
81.60868000006303	EXP	trialGrid: autoDraw = true
81.60868000006303	EXP	trialSquare: autoDraw = true
82.60844999970868	EXP	trialSquare: autoDraw = false
82.62510999990627	EXP	trialFix: autoDraw = true
83.60866499971598	EXP	trialGrid: autoDraw = false
83.60866499971598	EXP	trialFix: autoDraw = false
83.60866499971598	EXP	trialGrid: autoDraw = false
83.60866499971598	EXP	trialSquare: autoDraw = false
83.60866499971598	EXP	trialFix: autoDraw = false
83.60866499971598	EXP	trialSquare: pos = [-0.2,0.2]
83.60866499971598	EXP	trialGrid: autoDraw = true
83.60866499971598	EXP	trialSquare: autoDraw = true
84.60837499983609	EXP	trialSquare: autoDraw = false
84.62502999976277	EXP	trialFix: autoDraw = true
85.6085149999708	EXP	trialGrid: autoDraw = false
85.6085149999708	EXP	trialFix: autoDraw = false
85.6085149999708	EXP	trialGrid: autoDraw = false
85.6085149999708	EXP	trialSquare: autoDraw = false
85.6085149999708	EXP	trialFix: autoDraw = false
85.6085149999708	EXP	trialSquare: pos = [-0.2,0.2]
85.6085149999708	EXP	trialGrid: autoDraw = true
85.6085149999708	EXP	trialSquare: autoDraw = true
86.04689499968663	DATA	Keydown:  
86.60832000011578	EXP	trialSquare: autoDraw = false
86.62498500011861	EXP	trialFix: autoDraw = true
87.60845999978483	EXP	trialGrid: autoDraw = false
87.60845999978483	EXP	trialFix: autoDraw = false
87.60845999978483	EXP	trialGrid: autoDraw = false
87.60845999978483	EXP	trialSquare: autoDraw = false
87.60845999978483	EXP	trialFix: autoDraw = false
87.60845999978483	EXP	trialSquare: pos = [-0.2,0.2]
87.60845999978483	EXP	trialGrid: autoDraw = true
87.60845999978483	EXP	trialSquare: autoDraw = true
88.17749499995261	DATA	Keydown:  
88.60820999974385	EXP	trialSquare: autoDraw = false
88.62488499982283	EXP	trialFix: autoDraw = true
89.6083599999547	EXP	trialGrid: autoDraw = false
89.6083599999547	EXP	trialFix: autoDraw = false
89.6083599999547	EXP	trialGrid: autoDraw = false
89.6083599999547	EXP	trialSquare: autoDraw = false
89.6083599999547	EXP	trialFix: autoDraw = false
89.6083599999547	EXP	trialSquare: pos = [0.2,0.2]
89.6083599999547	EXP	trialGrid: autoDraw = true
89.6083599999547	EXP	trialSquare: autoDraw = true
90.60819000005722	EXP	trialSquare: autoDraw = false
90.6248650001362	EXP	trialFix: autoDraw = true
91.6082799998112	EXP	trialGrid: autoDraw = false
91.6082799998112	EXP	trialFix: autoDraw = false
91.6082799998112	EXP	trialGrid: autoDraw = false
91.6082799998112	EXP	trialSquare: autoDraw = false
91.6082799998112	EXP	trialFix: autoDraw = false
91.6082799998112	EXP	trialSquare: pos = [0,0.2]
91.6082799998112	EXP	trialGrid: autoDraw = true
91.6082799998112	EXP	trialSquare: autoDraw = true
92.60807499988005	EXP	trialSquare: autoDraw = false
92.62472999980673	EXP	trialFix: autoDraw = true
93.6082799998112	EXP	trialGrid: autoDraw = false
93.6082799998112	EXP	trialFix: autoDraw = false
93.6082799998112	EXP	trialGrid: autoDraw = false
93.6082799998112	EXP	trialSquare: autoDraw = false
93.6082799998112	EXP	trialFix: autoDraw = false
93.6082799998112	EXP	trialSquare: pos = [-0.2,0.2]
93.6082799998112	EXP	trialGrid: autoDraw = true
93.6082799998112	EXP	trialSquare: autoDraw = true
94.19245499977842	DATA	Keydown:  
94.60811499971896	EXP	trialSquare: autoDraw = false
94.62478999979794	EXP	trialFix: autoDraw = true
95.60807999968529	EXP	trialGrid: autoDraw = false
95.60807999968529	EXP	trialFix: autoDraw = false
95.60807999968529	EXP	trialGrid: autoDraw = false
95.60807999968529	EXP	trialSquare: autoDraw = false
95.60807999968529	EXP	trialFix: autoDraw = false
95.60807999968529	EXP	trialSquare: pos = [-0.2,-0.2]
95.60807999968529	EXP	trialGrid: autoDraw = true
95.60807999968529	EXP	trialSquare: autoDraw = true
96.60805499972776	EXP	trialSquare: autoDraw = false
96.6247100001201	EXP	trialFix: autoDraw = true
97.60814000014216	EXP	trialGrid: autoDraw = false
97.60814000014216	EXP	trialFix: autoDraw = false
97.60814000014216	EXP	trialGrid: autoDraw = false
97.60814000014216	EXP	trialSquare: autoDraw = false
97.60814000014216	EXP	trialFix: autoDraw = false
97.60814000014216	EXP	trialSquare: pos = [-0.2,-0.2]
97.60814000014216	EXP	trialGrid: autoDraw = true
97.60814000014216	EXP	trialSquare: autoDraw = true
98.27584500005469	DATA	Keydown:  
98.60912999976426	EXP	trialSquare: autoDraw = false
98.62467999989167	EXP	trialFix: autoDraw = true
99.60826999973506	EXP	trialGrid: autoDraw = false
99.60826999973506	EXP	trialFix: autoDraw = false
99.60826999973506	EXP	trialGrid: autoDraw = false
99.60826999973506	EXP	trialSquare: autoDraw = false
99.60826999973506	EXP	trialFix: autoDraw = false
99.60826999973506	EXP	trialSquare: pos = [0,0.2]
99.60826999973506	EXP	trialGrid: autoDraw = true
99.60826999973506	EXP	trialSquare: autoDraw = true
100.60805999999866	EXP	trialSquare: autoDraw = false
100.62469499977306	EXP	trialFix: autoDraw = true
101.60789499990642	EXP	trialGrid: autoDraw = false
101.60789499990642	EXP	trialFix: autoDraw = false
101.60789499990642	EXP	trialGrid: autoDraw = false
101.60789499990642	EXP	trialSquare: autoDraw = false
101.60789499990642	EXP	trialFix: autoDraw = false
101.60789499990642	EXP	trialSquare: pos = [0.2,0]
101.60789499990642	EXP	trialGrid: autoDraw = true
101.60789499990642	EXP	trialSquare: autoDraw = true
102.6079299999401	EXP	trialSquare: autoDraw = false
102.62455999990925	EXP	trialFix: autoDraw = true
103.60792500013486	EXP	trialGrid: autoDraw = false
103.60792500013486	EXP	trialFix: autoDraw = false
103.60792500013486	EXP	trialGrid: autoDraw = false
103.60792500013486	EXP	trialSquare: autoDraw = false
103.60792500013486	EXP	trialFix: autoDraw = false
103.60792500013486	EXP	trialSquare: pos = [-0.2,0]
103.60792500013486	EXP	trialGrid: autoDraw = true
103.60792500013486	EXP	trialSquare: autoDraw = true
104.60766500001773	EXP	trialSquare: autoDraw = false
104.62432499974966	EXP	trialFix: autoDraw = true
105.60789000010118	EXP	trialGrid: autoDraw = false
105.60789000010118	EXP	trialFix: autoDraw = false
105.60789000010118	EXP	trialGrid: autoDraw = false
105.60789000010118	EXP	trialSquare: autoDraw = false
105.60789000010118	EXP	trialFix: autoDraw = false
105.60789000010118	EXP	trialSquare: pos = [-0.2,0]
105.60789000010118	EXP	trialGrid: autoDraw = true
105.60789000010118	EXP	trialSquare: autoDraw = true
106.046714999713	DATA	Keydown:  
106.60766999982297	EXP	trialSquare: autoDraw = false
106.62432499974966	EXP	trialFix: autoDraw = true
107.60777000011876	EXP	trialGrid: autoDraw = false
107.60777000011876	EXP	trialFix: autoDraw = false
107.60777000011876	EXP	trialGrid: autoDraw = false
107.60777000011876	EXP	trialSquare: autoDraw = false
107.60777000011876	EXP	trialFix: autoDraw = false
107.60777000011876	EXP	trialSquare: pos = [0,0.2]
107.60777000011876	EXP	trialGrid: autoDraw = true
107.60777000011876	EXP	trialSquare: autoDraw = true
108.60759999975562	EXP	trialSquare: autoDraw = false
108.62416999973357	EXP	trialFix: autoDraw = true
109.60765999974683	EXP	trialGrid: autoDraw = false
109.60765999974683	EXP	trialFix: autoDraw = false
109.60765999974683	EXP	trialGrid: autoDraw = false
109.60765999974683	EXP	trialSquare: autoDraw = false
109.60765999974683	EXP	trialFix: autoDraw = false
109.60765999974683	EXP	trialSquare: pos = [0.2,-0.2]
109.60765999974683	EXP	trialGrid: autoDraw = true
109.60765999974683	EXP	trialSquare: autoDraw = true
110.60752999968827	EXP	trialSquare: autoDraw = false
110.62425499968231	EXP	trialFix: autoDraw = true
111.6076949997805	EXP	trialGrid: autoDraw = false
111.6076949997805	EXP	trialFix: autoDraw = false
111.6076949997805	EXP	trialGrid: autoDraw = false
111.6076949997805	EXP	trialSquare: autoDraw = false
111.6076949997805	EXP	trialFix: autoDraw = false
111.6076949997805	EXP	trialSquare: pos = [0.2,-0.2]
111.6076949997805	EXP	trialGrid: autoDraw = true
111.6076949997805	EXP	trialSquare: autoDraw = true
112.14581499993801	DATA	Keydown:  
112.60740499990061	EXP	trialSquare: autoDraw = false
112.62410000013188	EXP	trialFix: autoDraw = true
113.60762499971315	EXP	trialGrid: autoDraw = false
113.60762499971315	EXP	trialFix: autoDraw = false
113.60762499971315	EXP	trialGrid: autoDraw = false
113.60762499971315	EXP	trialSquare: autoDraw = false
113.60762499971315	EXP	trialFix: autoDraw = false
113.60762499971315	EXP	trialSquare: pos = [0.2,0.2]
113.60762499971315	EXP	trialGrid: autoDraw = true
113.60762499971315	EXP	trialSquare: autoDraw = true
114.60748500004411	EXP	trialSquare: autoDraw = false
114.6240650000982	EXP	trialFix: autoDraw = true
115.60748500004411	EXP	trialGrid: autoDraw = false
115.60748500004411	EXP	trialFix: autoDraw = false
115.60748500004411	EXP	trialGrid: autoDraw = false
115.60748500004411	EXP	trialSquare: autoDraw = false
115.60748500004411	EXP	trialFix: autoDraw = false
115.60748500004411	EXP	trialSquare: pos = [-0.2,-0.2]
115.60748500004411	EXP	trialGrid: autoDraw = true
115.60748500004411	EXP	trialSquare: autoDraw = true
116.60733499983326	EXP	trialSquare: autoDraw = false
116.6239799996838	EXP	trialFix: autoDraw = true
117.60743500012904	EXP	trialGrid: autoDraw = false
117.60743500012904	EXP	trialFix: autoDraw = false
117.60743500012904	EXP	trialGrid: autoDraw = false
117.60743500012904	EXP	trialSquare: autoDraw = false
117.60743500012904	EXP	trialFix: autoDraw = false
117.60743500012904	EXP	trialSquare: pos = [-0.2,-0.2]
117.60743500012904	EXP	trialGrid: autoDraw = true
117.60743500012904	EXP	trialSquare: autoDraw = true
118.12674999982119	DATA	Keydown:  
118.60729499999434	EXP	trialSquare: autoDraw = false
118.62391499988735	EXP	trialFix: autoDraw = true
119.60739499982446	EXP	trialGrid: autoDraw = false
119.60739499982446	EXP	trialFix: autoDraw = false
119.60739499982446	EXP	trialGrid: autoDraw = false
119.60739499982446	EXP	trialSquare: autoDraw = false
119.60739499982446	EXP	trialFix: autoDraw = false
119.60739499982446	EXP	trialSquare: pos = [-0.2,-0.2]
119.60739499982446	EXP	trialGrid: autoDraw = true
119.60739499982446	EXP	trialSquare: autoDraw = true
120.03069499973208	DATA	Keydown:  
120.60724500007927	EXP	trialSquare: autoDraw = false
120.62382999993861	EXP	trialFix: autoDraw = true
121.60735999979079	EXP	trialGrid: autoDraw = false
121.60735999979079	EXP	trialFix: autoDraw = false
121.60735999979079	EXP	trialGrid: autoDraw = false
121.60735999979079	EXP	trialSquare: autoDraw = false
121.60735999979079	EXP	trialFix: autoDraw = false
121.60735999979079	EXP	trialSquare: pos = [0.2,0]
121.60735999979079	EXP	trialGrid: autoDraw = true
121.60735999979079	EXP	trialSquare: autoDraw = true
122.60719499969855	EXP	trialSquare: autoDraw = false
122.62387500004843	EXP	trialFix: autoDraw = true
123.60722000012174	EXP	trialGrid: autoDraw = false
123.60722000012174	EXP	trialFix: autoDraw = false
123.60722000012174	EXP	trialGrid: autoDraw = false
123.60722000012174	EXP	trialSquare: autoDraw = false
123.60722000012174	EXP	trialFix: autoDraw = false
123.60722000012174	EXP	trialSquare: pos = [0.2,0]
123.60722000012174	EXP	trialGrid: autoDraw = true
123.60722000012174	EXP	trialSquare: autoDraw = true
124.00141499983147	DATA	Keydown:  
124.60705999983475	EXP	trialSquare: autoDraw = false
124.62370499968529	EXP	trialFix: autoDraw = true
125.60722999973223	EXP	trialGrid: autoDraw = false
125.60722999973223	EXP	trialFix: autoDraw = false
125.60722999973223	EXP	trialGrid: autoDraw = false
125.60722999973223	EXP	trialSquare: autoDraw = false
125.60722999973223	EXP	trialFix: autoDraw = false
125.60722999973223	EXP	trialSquare: pos = [-0.2,0.2]
125.60722999973223	EXP	trialGrid: autoDraw = true
125.60722999973223	EXP	trialSquare: autoDraw = true
126.60687500005588	EXP	trialSquare: autoDraw = false
126.6236350000836	EXP	trialFix: autoDraw = true
127.60695499973372	EXP	trialGrid: autoDraw = false
127.60695499973372	EXP	trialFix: autoDraw = false
127.60695499973372	EXP	trialGrid: autoDraw = false
127.60695499973372	EXP	trialSquare: autoDraw = false
127.60695499973372	EXP	trialFix: autoDraw = false
127.60695499973372	EXP	trialSquare: pos = [0,0]
127.60695499973372	EXP	trialGrid: autoDraw = true
127.60695499973372	EXP	trialSquare: autoDraw = true
128.6069149998948	EXP	trialSquare: autoDraw = false
128.62357999989763	EXP	trialFix: autoDraw = true
129.60709499986842	EXP	trialGrid: autoDraw = false
129.60709499986842	EXP	trialFix: autoDraw = false
129.60709499986842	EXP	trialGrid: autoDraw = false
129.60709499986842	EXP	trialSquare: autoDraw = false
129.60709499986842	EXP	trialFix: autoDraw = false
129.60709499986842	EXP	trialSquare: pos = [0.2,0.2]
129.60709499986842	EXP	trialGrid: autoDraw = true
129.60709499986842	EXP	trialSquare: autoDraw = true
130.60682999994606	EXP	trialSquare: autoDraw = false
130.62346499972045	EXP	trialFix: autoDraw = true
131.60707499971613	EXP	trialGrid: autoDraw = false
131.60707499971613	EXP	trialFix: autoDraw = false
131.60707499971613	EXP	trialGrid: autoDraw = false
131.60707499971613	EXP	trialSquare: autoDraw = false
131.60707499971613	EXP	trialFix: autoDraw = false
131.60707499971613	EXP	trialSquare: pos = [-0.2,0.2]
131.60707499971613	EXP	trialGrid: autoDraw = true
131.60707499971613	EXP	trialSquare: autoDraw = true
132.6068549999036	EXP	trialSquare: autoDraw = false
132.62350500002503	EXP	trialFix: autoDraw = true
133.60681500006467	EXP	trialGrid: autoDraw = false
133.60681500006467	EXP	trialFix: autoDraw = false
133.60681500006467	EXP	trialGrid: autoDraw = false
133.60681500006467	EXP	trialSquare: autoDraw = false
133.60681500006467	EXP	trialFix: autoDraw = false
133.60681500006467	EXP	trialSquare: pos = [-0.2,-0.2]
133.60681500006467	EXP	trialGrid: autoDraw = true
133.60681500006467	EXP	trialSquare: autoDraw = true
134.60676999995485	EXP	trialSquare: autoDraw = false
134.6234200000763	EXP	trialFix: autoDraw = true
135.60682999994606	EXP	trialGrid: autoDraw = false
135.60682999994606	EXP	trialFix: autoDraw = false
135.60682999994606	EXP	trialGrid: autoDraw = false
135.60682999994606	EXP	trialSquare: autoDraw = false
135.60682999994606	EXP	trialFix: autoDraw = false
135.60682999994606	EXP	trialSquare: pos = [0.2,0.2]
135.60682999994606	EXP	trialGrid: autoDraw = true
135.60682999994606	EXP	trialSquare: autoDraw = true
136.606619999744	EXP	trialSquare: autoDraw = false
136.6232799999416	EXP	trialFix: autoDraw = true
137.60662999982014	EXP	trialGrid: autoDraw = false
137.60662999982014	EXP	trialFix: autoDraw = false
137.60662999982014	EXP	trialGrid: autoDraw = false
137.60662999982014	EXP	trialSquare: autoDraw = false
137.60662999982014	EXP	trialFix: autoDraw = false
137.60662999982014	EXP	trialSquare: pos = [0.2,0.2]
137.60662999982014	EXP	trialGrid: autoDraw = true
137.60662999982014	EXP	trialSquare: autoDraw = true
138.32427500002086	DATA	Keydown:  
138.60657500009984	EXP	trialSquare: autoDraw = false
138.6232449999079	EXP	trialFix: autoDraw = true
139.60673499992117	EXP	trialGrid: autoDraw = false
139.60673499992117	EXP	trialFix: autoDraw = false
139.60673499992117	EXP	trialGrid: autoDraw = false
139.60673499992117	EXP	trialSquare: autoDraw = false
139.60673499992117	EXP	trialFix: autoDraw = false
139.60673499992117	EXP	trialSquare: pos = [0.2,-0.2]
139.60673499992117	EXP	trialGrid: autoDraw = true
139.60673499992117	EXP	trialSquare: autoDraw = true
140.60629499983042	EXP	trialSquare: autoDraw = false
140.62293499987572	EXP	trialFix: autoDraw = true
141.6066399998963	EXP	trialGrid: autoDraw = false
141.6066399998963	EXP	trialFix: autoDraw = false
141.6066399998963	EXP	trialGrid: autoDraw = false
141.6066399998963	EXP	trialSquare: autoDraw = false
141.6066399998963	EXP	trialFix: autoDraw = false
141.6066399998963	EXP	trialSquare: pos = [-0.2,-0.2]
141.6066399998963	EXP	trialGrid: autoDraw = true
141.6066399998963	EXP	trialSquare: autoDraw = true
142.60645500011742	EXP	trialSquare: autoDraw = false
142.62314500007778	EXP	trialFix: autoDraw = true
143.60661499993876	EXP	trialGrid: autoDraw = false
143.60661499993876	EXP	trialFix: autoDraw = false
143.60661499993876	EXP	trialGrid: autoDraw = false
143.60661499993876	EXP	trialSquare: autoDraw = false
143.60661499993876	EXP	trialFix: autoDraw = false
143.60661499993876	EXP	trialSquare: pos = [0,0]
143.60661499993876	EXP	trialGrid: autoDraw = true
143.60661499993876	EXP	trialSquare: autoDraw = true
144.60642999969423	EXP	trialSquare: autoDraw = false
144.62306000012904	EXP	trialFix: autoDraw = true
145.6065599997528	EXP	trialGrid: autoDraw = false
145.6065599997528	EXP	trialFix: autoDraw = false
145.6065599997528	EXP	trialGrid: autoDraw = false
145.6065599997528	EXP	trialSquare: autoDraw = false
145.6065599997528	EXP	trialFix: autoDraw = false
145.6065599997528	EXP	trialSquare: pos = [0,-0.2]
145.6065599997528	EXP	trialGrid: autoDraw = true
145.6065599997528	EXP	trialSquare: autoDraw = true
146.60642999969423	EXP	trialSquare: autoDraw = false
146.623044999782	EXP	trialFix: autoDraw = true
147.60637999977916	EXP	trialGrid: autoDraw = false
147.60637999977916	EXP	trialFix: autoDraw = false
147.60637999977916	EXP	trialGrid: autoDraw = false
147.60637999977916	EXP	trialSquare: autoDraw = false
147.60637999977916	EXP	trialFix: autoDraw = false
147.60637999977916	EXP	trialSquare: pos = [0,-0.2]
147.60637999977916	EXP	trialGrid: autoDraw = true
147.60637999977916	EXP	trialSquare: autoDraw = true
148.06294999970123	DATA	Keydown:  
148.60639999993145	EXP	trialSquare: autoDraw = false
148.62300499994308	EXP	trialFix: autoDraw = true
149.60642999969423	EXP	trialGrid: autoDraw = false
149.60642999969423	EXP	trialFix: autoDraw = false
149.60642999969423	EXP	trialGrid: autoDraw = false
149.60642999969423	EXP	trialSquare: autoDraw = false
149.60642999969423	EXP	trialFix: autoDraw = false
149.60642999969423	EXP	trialSquare: pos = [-0.2,-0.2]
149.60642999969423	EXP	trialGrid: autoDraw = true
149.60642999969423	EXP	trialSquare: autoDraw = true
150.6061800001189	EXP	trialSquare: autoDraw = false
150.62291499972343	EXP	trialFix: autoDraw = true
151.60627999994904	EXP	trialGrid: autoDraw = false
151.60627999994904	EXP	trialFix: autoDraw = false
151.60627999994904	EXP	trialGrid: autoDraw = false
151.60627999994904	EXP	trialSquare: autoDraw = false
151.60627999994904	EXP	trialFix: autoDraw = false
151.60627999994904	EXP	trialSquare: pos = [-0.2,0]
151.60627999994904	EXP	trialGrid: autoDraw = true
151.60627999994904	EXP	trialSquare: autoDraw = true
152.60621999995783	EXP	trialSquare: autoDraw = false
152.6228899997659	EXP	trialFix: autoDraw = true
153.60615499969572	EXP	trialGrid: autoDraw = false
153.60615499969572	EXP	trialFix: autoDraw = false
153.60615499969572	EXP	trialGrid: autoDraw = false
153.60615499969572	EXP	trialSquare: autoDraw = false
153.60615499969572	EXP	trialFix: autoDraw = false
153.60615499969572	EXP	trialSquare: pos = [0,0]
153.60615499969572	EXP	trialGrid: autoDraw = true
153.60615499969572	EXP	trialSquare: autoDraw = true
154.60612499993294	EXP	trialSquare: autoDraw = false
154.62281000008807	EXP	trialFix: autoDraw = true
155.6061149998568	EXP	trialGrid: autoDraw = false
155.6061149998568	EXP	trialFix: autoDraw = false
155.6061149998568	EXP	trialGrid: autoDraw = false
155.6061149998568	EXP	trialSquare: autoDraw = false
155.6061149998568	EXP	trialFix: autoDraw = false
155.6061149998568	EXP	trialSquare: pos = [0,0]
155.6061149998568	EXP	trialGrid: autoDraw = true
155.6061149998568	EXP	trialSquare: autoDraw = true
156.0979599999264	DATA	Keydown:  
156.60602500010282	EXP	trialSquare: autoDraw = false
156.62264499999583	EXP	trialFix: autoDraw = true
157.60599000006914	EXP	trialGrid: autoDraw = false
157.60599000006914	EXP	trialFix: autoDraw = false
157.60599000006914	EXP	trialGrid: autoDraw = false
157.60599000006914	EXP	trialSquare: autoDraw = false
157.60599000006914	EXP	trialFix: autoDraw = false
157.60599000006914	EXP	trialSquare: pos = [0,0.2]
157.60599000006914	EXP	trialGrid: autoDraw = true
157.60599000006914	EXP	trialSquare: autoDraw = true
158.6060399999842	EXP	trialSquare: autoDraw = false
158.62274499982595	EXP	trialFix: autoDraw = true
159.60593000007793	EXP	trialGrid: autoDraw = false
159.60593000007793	EXP	trialFix: autoDraw = false
159.60593000007793	EXP	trialGrid: autoDraw = false
159.60593000007793	EXP	trialSquare: autoDraw = false
159.60593000007793	EXP	trialFix: autoDraw = false
159.60593000007793	EXP	trialSquare: pos = [0,0.2]
159.60593000007793	EXP	trialGrid: autoDraw = true
159.60593000007793	EXP	trialSquare: autoDraw = true
160.41451499983668	DATA	Keydown:  
160.6059200000018	EXP	trialSquare: autoDraw = false
160.6226149997674	EXP	trialFix: autoDraw = true
161.60599999967963	EXP	trialGrid: autoDraw = false
161.60599999967963	EXP	trialFix: autoDraw = false
161.60599999967963	EXP	trialGrid: autoDraw = false
161.60599999967963	EXP	trialSquare: autoDraw = false
161.60599999967963	EXP	trialFix: autoDraw = false
161.60599999967963	EXP	trialSquare: pos = [0.2,0]
161.60599999967963	EXP	trialGrid: autoDraw = true
161.60599999967963	EXP	trialSquare: autoDraw = true
162.6058399998583	EXP	trialSquare: autoDraw = false
162.62251000013202	EXP	trialFix: autoDraw = true
163.6221849997528	EXP	trialGrid: autoDraw = false
163.6221849997528	EXP	trialFix: autoDraw = false
163.6221849997528	EXP	trialGrid: autoDraw = false
163.6221849997528	EXP	trialSquare: autoDraw = false
163.6221849997528	EXP	trialFix: autoDraw = false
163.6221849997528	EXP	instr2: autoDraw = true
194.5918600000441	DATA	Keydown: Escape
