0.08959999999933643	EXP	Created Window = Window( name=Window, fullscr=true, color=#808080, units=height, waitBlanking=true, autoLog=true, size=[1168,776] )
2.378160000000207	DATA	Keydown: Shift
2.5691749999969034	DATA	Keydown: M
3.0742299999983516	DATA	Keydown: e
3.5236949999998615	DATA	Keydown: 1
3.9962199999972654	DATA	Keydown: 7
5.968784999997297	EXP	Created instr1 = TextStim( name=instr1, win=Window( name=Window, fullscr=true, color=#808080, ~), autoDraw=null, autoLog=true, units=height, ori=null, opacity=1, pos=[0,0], size=undefined, text=In this task you will be required to press space i~, font=Arial, color=#FFFFFF, contrast=1, height=0.05, bold=null, italic=null, alignHoriz=left, alignVert=center, wrapWidth=1, flipHoriz=null, flipVert=null )
5.970309999996971	EXP	Created fix1 = TextStim( name=fix1, win=Window( name=Window, fullscr=true, color=#808080, ~), autoDraw=null, autoLog=true, units=height, ori=null, opacity=1, pos=[0,0], size=undefined, text=+, font=Arial, color=#FFFFFF, contrast=1, height=0.05, bold=null, italic=null, alignHoriz=left, alignVert=center, wrapWidth=1, flipHoriz=null, flipVert=null )
5.972839999998541	EXP	Created trialGrid = ImageStim( name=trialGrid, win=Window( name=Window, fullscr=true, color=#808080, ~), autoDraw=null, autoLog=true, units=height, ori=null, opacity=1, pos=[0,0], size=[0.6,0.6], image={}, mask=undefined, color=#ffffff, contrast=1, texRes=128, interpolate=true, depth=null, flipHoriz=null, flipVert=null )
5.978399999999965	EXP	Created trialSquare = Rect( name=trialSquare, win=Window( name=Window, fullscr=true, color=#808080, ~), autoDraw=null, autoLog=true, units=height, ori=null, opacity=1, pos=[0,0], size=[1,1], lineWidth=1, lineColor=#ffffff, fillColor=#ffffff, vertices=[[-0.075,-0.075],[0.075,-0.075],[0.075,0.075],[-0.~, closeShape=true, contrast=1, depth=-1, interpolate=true, width=0.15, height=0.15 )
5.979134999997768	EXP	Created trialFix = TextStim( name=trialFix, win=Window( name=Window, fullscr=true, color=#808080, ~), autoDraw=null, autoLog=true, units=height, ori=null, opacity=1, pos=[0,0], size=undefined, text=+, font=Arial, color=#FFFFFF, contrast=1, height=0.05, bold=null, italic=null, alignHoriz=left, alignVert=center, wrapWidth=1, flipHoriz=null, flipVert=null )
5.980649999997695	EXP	Created instr2 = TextStim( name=instr2, win=Window( name=Window, fullscr=true, color=#808080, ~), autoDraw=null, autoLog=true, units=height, ori=null, opacity=1, pos=[0,0], size=undefined, text=This is the end of N-back-1 trials. You are about ~, font=Arial, color=#FFFFFF, contrast=1, height=0.05, bold=null, italic=null, alignHoriz=left, alignVert=center, wrapWidth=1, flipHoriz=null, flipVert=null )
5.982159999999567	EXP	Created fix2 = TextStim( name=fix2, win=Window( name=Window, fullscr=true, color=#808080, ~), autoDraw=null, autoLog=true, units=height, ori=null, opacity=1, pos=[0,0], size=undefined, text=+, font=Arial, color=#FFFFFF, contrast=1, height=0.05, bold=null, italic=null, alignHoriz=left, alignVert=center, wrapWidth=1, flipHoriz=null, flipVert=null )
5.986109999998007	EXP	Created trialGrid = ImageStim( name=trialGrid, win=Window( name=Window, fullscr=true, color=#808080, ~), autoDraw=null, autoLog=true, units=height, ori=null, opacity=1, pos=[0,0], size=[0.6,0.6], image={}, mask=undefined, color=#ffffff, contrast=1, texRes=128, interpolate=true, depth=null, flipHoriz=null, flipVert=null )
5.990229999999428	EXP	Created trialSquare = Rect( name=trialSquare, win=Window( name=Window, fullscr=true, color=#808080, ~), autoDraw=null, autoLog=true, units=height, ori=null, opacity=1, pos=[0,0], size=[1,1], lineWidth=1, lineColor=#ffffff, fillColor=#ffffff, vertices=[[-0.075,-0.075],[0.075,-0.075],[0.075,0.075],[-0.~, closeShape=true, contrast=1, depth=-1, interpolate=true, width=0.15, height=0.15 )
5.992389999999432	EXP	Created trialFix = TextStim( name=trialFix, win=Window( name=Window, fullscr=true, color=#808080, ~), autoDraw=null, autoLog=true, units=height, ori=null, opacity=1, pos=[0,0], size=undefined, text=+, font=Arial, color=#FFFFFF, contrast=1, height=0.05, bold=null, italic=null, alignHoriz=left, alignVert=center, wrapWidth=1, flipHoriz=null, flipVert=null )
5.994249999999738	EXP	Created instr3 = TextStim( name=instr3, win=Window( name=Window, fullscr=true, color=#808080, ~), autoDraw=null, autoLog=true, units=height, ori=null, opacity=1, pos=[0,0], size=undefined, text=This is the end of N-back-2 trials. You are about ~, font=Arial, color=#FFFFFF, contrast=1, height=0.05, bold=null, italic=null, alignHoriz=left, alignVert=center, wrapWidth=1, flipHoriz=null, flipVert=null )
5.99996999999712	EXP	Created fix3 = TextStim( name=fix3, win=Window( name=Window, fullscr=true, color=#808080, ~), autoDraw=null, autoLog=true, units=height, ori=null, opacity=1, pos=[0,0], size=undefined, text=+, font=Arial, color=#FFFFFF, contrast=1, height=0.05, bold=null, italic=null, alignHoriz=left, alignVert=center, wrapWidth=1, flipHoriz=null, flipVert=null )
6.003304999998363	EXP	Created trialGrid = ImageStim( name=trialGrid, win=Window( name=Window, fullscr=true, color=#808080, ~), autoDraw=null, autoLog=true, units=height, ori=null, opacity=1, pos=[0,0], size=[0.6,0.6], image={}, mask=undefined, color=#ffffff, contrast=1, texRes=128, interpolate=true, depth=null, flipHoriz=null, flipVert=null )
6.005460000000312	EXP	Created trialSquare = Rect( name=trialSquare, win=Window( name=Window, fullscr=true, color=#808080, ~), autoDraw=null, autoLog=true, units=height, ori=null, opacity=1, pos=[0,0], size=[1,1], lineWidth=1, lineColor=#ffffff, fillColor=#ffffff, vertices=[[-0.075,-0.075],[0.075,-0.075],[0.075,0.075],[-0.~, closeShape=true, contrast=1, depth=-1, interpolate=true, width=0.15, height=0.15 )
6.006699999998091	EXP	Created trialFix = TextStim( name=trialFix, win=Window( name=Window, fullscr=true, color=#808080, ~), autoDraw=null, autoLog=true, units=height, ori=null, opacity=1, pos=[0,0], size=undefined, text=+, font=Arial, color=#FFFFFF, contrast=1, height=0.05, bold=null, italic=null, alignHoriz=left, alignVert=center, wrapWidth=1, flipHoriz=null, flipVert=null )
6.008079999999609	EXP	Created thanks = TextStim( name=thanks, win=Window( name=Window, fullscr=true, color=#808080, ~), autoDraw=null, autoLog=true, units=height, ori=null, opacity=1, pos=[0,0], size=undefined, text=This is the end of the experiment.
Thank you for y~, font=Arial, color=#FFFFFF, contrast=1, height=0.05, bold=null, italic=null, alignHoriz=left, alignVert=center, wrapWidth=1, flipHoriz=null, flipVert=null )
6.1092549999993935	EXP	instr1: units = "height"
6.1092549999993935	EXP	instr1: ori = 0
6.1092549999993935	EXP	instr1: opacity = 1
6.1092549999993935	EXP	instr1: pos = [0,0]
6.1092549999993935	EXP	instr1: size = undefined
6.1092549999993935	EXP	instr1: text = "In this task you will be required to press space if the white square appeared in the same location as the location on the last trial. For example if the square was in the left down corner on trial 1 and then it appeared in the same location on trial 2, press space. Otherwise, do not respond. Press 's' to continue."
6.1092549999993935	EXP	instr1: font = "Arial"
6.1092549999993935	EXP	instr1: color = {"_hex":"#FFFFFF","_rgb":[1,1,1]}
6.1092549999993935	EXP	instr1: contrast = 1
6.1092549999993935	EXP	instr1: height = 0.05
6.1092549999993935	EXP	instr1: bold = false
6.1092549999993935	EXP	instr1: italic = false
6.1092549999993935	EXP	instr1: alignHoriz = "left"
6.1092549999993935	EXP	instr1: alignVert = "center"
6.1092549999993935	EXP	instr1: wrapWidth = 1
6.1092549999993935	EXP	instr1: flipHoriz = false
6.1092549999993935	EXP	instr1: flipVert = false
6.1092549999993935	EXP	fix1: units = "height"
6.1092549999993935	EXP	fix1: ori = 0
6.1092549999993935	EXP	fix1: opacity = 1
6.1092549999993935	EXP	fix1: pos = [0,0]
6.1092549999993935	EXP	fix1: size = undefined
6.1092549999993935	EXP	fix1: text = "+"
6.1092549999993935	EXP	fix1: font = "Arial"
6.1092549999993935	EXP	fix1: color = {"_hex":"#FFFFFF","_rgb":[1,1,1]}
6.1092549999993935	EXP	fix1: contrast = 1
6.1092549999993935	EXP	fix1: height = 0.05
6.1092549999993935	EXP	fix1: bold = false
6.1092549999993935	EXP	fix1: italic = false
6.1092549999993935	EXP	fix1: alignHoriz = "left"
6.1092549999993935	EXP	fix1: alignVert = "center"
6.1092549999993935	EXP	fix1: wrapWidth = 1
6.1092549999993935	EXP	fix1: flipHoriz = false
6.1092549999993935	EXP	fix1: flipVert = false
6.1092549999993935	EXP	trialGrid: units = "height"
6.1092549999993935	EXP	trialGrid: ori = 0
6.1092549999993935	EXP	trialGrid: opacity = 1
6.1092549999993935	EXP	trialGrid: pos = [0,0]
6.1092549999993935	EXP	trialGrid: size = [0.6,0.6]
6.1092549999993935	EXP	trialGrid: image = {}
6.1092549999993935	EXP	trialGrid: mask = undefined
6.1092549999993935	EXP	trialGrid: color = {"_rgb":[1,1,1]}
6.1092549999993935	EXP	trialGrid: contrast = 1
6.1092549999993935	EXP	trialGrid: texRes = 128
6.1092549999993935	EXP	trialGrid: interpolate = true
6.1092549999993935	EXP	trialGrid: depth = 0
6.1092549999993935	EXP	trialGrid: flipHoriz = false
6.1092549999993935	EXP	trialGrid: flipVert = false
6.1092549999993935	EXP	trialSquare: units = "height"
6.1092549999993935	EXP	trialSquare: ori = 0
6.1092549999993935	EXP	trialSquare: opacity = 1
6.1092549999993935	EXP	trialSquare: pos = [0,0]
6.1092549999993935	EXP	trialSquare: size = [1,1]
6.1092549999993935	EXP	trialSquare: lineWidth = 1
6.1092549999993935	EXP	trialSquare: lineColor = {"_rgb":[1,1,1]}
6.1092549999993935	EXP	trialSquare: fillColor = {"_rgb":[1,1,1]}
6.1092549999993935	EXP	trialSquare: vertices = [[-0.5,0],[0,0.5],[0.5,0]]
6.1092549999993935	EXP	trialSquare: closeShape = true
6.1092549999993935	EXP	trialSquare: contrast = 1
6.1092549999993935	EXP	trialSquare: depth = -1
6.1092549999993935	EXP	trialSquare: interpolate = true
6.1092549999993935	EXP	trialSquare: width = 0.15
6.1092549999993935	EXP	trialSquare: vertices = [[-0.075,null],[0.075,null],[0.075,null],[-0.075,null]]
6.1092549999993935	EXP	trialSquare: height = 0.15
6.1092549999993935	EXP	trialSquare: vertices = [[-0.075,-0.075],[0.075,-0.075],[0.075,0.075],[-0.075,0.075]]
6.1092549999993935	EXP	trialSquare: vertices = [[-0.075,-0.075],[0.075,-0.075],[0.075,0.075],[-0.075,0.075]]
6.1092549999993935	EXP	trialFix: units = "height"
6.1092549999993935	EXP	trialFix: ori = 0
6.1092549999993935	EXP	trialFix: opacity = 1
6.1092549999993935	EXP	trialFix: pos = [0,0]
6.1092549999993935	EXP	trialFix: size = undefined
6.1092549999993935	EXP	trialFix: text = "+"
6.1092549999993935	EXP	trialFix: font = "Arial"
6.1092549999993935	EXP	trialFix: color = {"_hex":"#FFFFFF","_rgb":[1,1,1]}
6.1092549999993935	EXP	trialFix: contrast = 1
6.1092549999993935	EXP	trialFix: height = 0.05
6.1092549999993935	EXP	trialFix: bold = false
6.1092549999993935	EXP	trialFix: italic = false
6.1092549999993935	EXP	trialFix: alignHoriz = "left"
6.1092549999993935	EXP	trialFix: alignVert = "center"
6.1092549999993935	EXP	trialFix: wrapWidth = 1
6.1092549999993935	EXP	trialFix: flipHoriz = false
6.1092549999993935	EXP	trialFix: flipVert = false
6.1092549999993935	EXP	instr2: units = "height"
6.1092549999993935	EXP	instr2: ori = 0
6.1092549999993935	EXP	instr2: opacity = 1
6.1092549999993935	EXP	instr2: pos = [0,0]
6.1092549999993935	EXP	instr2: size = undefined
6.1092549999993935	EXP	instr2: text = "This is the end of N-back-1 trials. You are about to start N-back-2 trials. This means that instead of pressing space whenever the square appears in the same position as on the position on one trial before, you are required to press space whenever the square appears in the same position as on the position two trials before. For example if the square appeared in left down corner on trial 1, you should press space if the square appears in the left down corner on trial 3. Press 's' to continue."
6.1092549999993935	EXP	instr2: font = "Arial"
6.1092549999993935	EXP	instr2: color = {"_hex":"#FFFFFF","_rgb":[1,1,1]}
6.1092549999993935	EXP	instr2: contrast = 1
6.1092549999993935	EXP	instr2: height = 0.05
6.1092549999993935	EXP	instr2: bold = false
6.1092549999993935	EXP	instr2: italic = false
6.1092549999993935	EXP	instr2: alignHoriz = "left"
6.1092549999993935	EXP	instr2: alignVert = "center"
6.1092549999993935	EXP	instr2: wrapWidth = 1
6.1092549999993935	EXP	instr2: flipHoriz = false
6.1092549999993935	EXP	instr2: flipVert = false
6.1092549999993935	EXP	fix2: units = "height"
6.1092549999993935	EXP	fix2: ori = 0
6.1092549999993935	EXP	fix2: opacity = 1
6.1092549999993935	EXP	fix2: pos = [0,0]
6.1092549999993935	EXP	fix2: size = undefined
6.1092549999993935	EXP	fix2: text = "+"
6.1092549999993935	EXP	fix2: font = "Arial"
6.1092549999993935	EXP	fix2: color = {"_hex":"#FFFFFF","_rgb":[1,1,1]}
6.1092549999993935	EXP	fix2: contrast = 1
6.1092549999993935	EXP	fix2: height = 0.05
6.1092549999993935	EXP	fix2: bold = false
6.1092549999993935	EXP	fix2: italic = false
6.1092549999993935	EXP	fix2: alignHoriz = "left"
6.1092549999993935	EXP	fix2: alignVert = "center"
6.1092549999993935	EXP	fix2: wrapWidth = 1
6.1092549999993935	EXP	fix2: flipHoriz = false
6.1092549999993935	EXP	fix2: flipVert = false
6.1092549999993935	EXP	trialGrid: units = "height"
6.1092549999993935	EXP	trialGrid: ori = 0
6.1092549999993935	EXP	trialGrid: opacity = 1
6.1092549999993935	EXP	trialGrid: pos = [0,0]
6.1092549999993935	EXP	trialGrid: size = [0.6,0.6]
6.1092549999993935	EXP	trialGrid: image = {}
6.1092549999993935	EXP	trialGrid: mask = undefined
6.1092549999993935	EXP	trialGrid: color = {"_rgb":[1,1,1]}
6.1092549999993935	EXP	trialGrid: contrast = 1
6.1092549999993935	EXP	trialGrid: texRes = 128
6.1092549999993935	EXP	trialGrid: interpolate = true
6.1092549999993935	EXP	trialGrid: depth = 0
6.1092549999993935	EXP	trialGrid: flipHoriz = false
6.1092549999993935	EXP	trialGrid: flipVert = false
6.1092549999993935	EXP	trialSquare: units = "height"
6.1092549999993935	EXP	trialSquare: ori = 0
6.1092549999993935	EXP	trialSquare: opacity = 1
6.1092549999993935	EXP	trialSquare: pos = [0,0]
6.1092549999993935	EXP	trialSquare: size = [1,1]
6.1092549999993935	EXP	trialSquare: lineWidth = 1
6.1092549999993935	EXP	trialSquare: lineColor = {"_rgb":[1,1,1]}
6.1092549999993935	EXP	trialSquare: fillColor = {"_rgb":[1,1,1]}
6.1092549999993935	EXP	trialSquare: vertices = [[-0.5,0],[0,0.5],[0.5,0]]
6.1092549999993935	EXP	trialSquare: closeShape = true
6.1092549999993935	EXP	trialSquare: contrast = 1
6.1092549999993935	EXP	trialSquare: depth = -1
6.1092549999993935	EXP	trialSquare: interpolate = true
6.1092549999993935	EXP	trialSquare: width = 0.15
6.1092549999993935	EXP	trialSquare: vertices = [[-0.075,null],[0.075,null],[0.075,null],[-0.075,null]]
6.1092549999993935	EXP	trialSquare: height = 0.15
6.1092549999993935	EXP	trialSquare: vertices = [[-0.075,-0.075],[0.075,-0.075],[0.075,0.075],[-0.075,0.075]]
6.1092549999993935	EXP	trialSquare: vertices = [[-0.075,-0.075],[0.075,-0.075],[0.075,0.075],[-0.075,0.075]]
6.1092549999993935	EXP	trialFix: units = "height"
6.1092549999993935	EXP	trialFix: ori = 0
6.1092549999993935	EXP	trialFix: opacity = 1
6.1092549999993935	EXP	trialFix: pos = [0,0]
6.1092549999993935	EXP	trialFix: size = undefined
6.1092549999993935	EXP	trialFix: text = "+"
6.1092549999993935	EXP	trialFix: font = "Arial"
6.1092549999993935	EXP	trialFix: color = {"_hex":"#FFFFFF","_rgb":[1,1,1]}
6.1092549999993935	EXP	trialFix: contrast = 1
6.1092549999993935	EXP	trialFix: height = 0.05
6.1092549999993935	EXP	trialFix: bold = false
6.1092549999993935	EXP	trialFix: italic = false
6.1092549999993935	EXP	trialFix: alignHoriz = "left"
6.1092549999993935	EXP	trialFix: alignVert = "center"
6.1092549999993935	EXP	trialFix: wrapWidth = 1
6.1092549999993935	EXP	trialFix: flipHoriz = false
6.1092549999993935	EXP	trialFix: flipVert = false
6.1092549999993935	EXP	instr3: units = "height"
6.1092549999993935	EXP	instr3: ori = 0
6.1092549999993935	EXP	instr3: opacity = 1
6.1092549999993935	EXP	instr3: pos = [0,0]
6.1092549999993935	EXP	instr3: size = undefined
6.1092549999993935	EXP	instr3: text = "This is the end of N-back-2 trials. You are about to start N-back-3 trials. This means that instead of pressing space whenever the square appears in the same position as on the position on two trials before, you are required to press space whenever the square appears in the same position as on the position three trials before. For example if the square appeared in left down corner on trial 1, you should press space if the square appears in the left down corner on trial 4. Press 's' to continue."
6.1092549999993935	EXP	instr3: font = "Arial"
6.1092549999993935	EXP	instr3: color = {"_hex":"#FFFFFF","_rgb":[1,1,1]}
6.1092549999993935	EXP	instr3: contrast = 1
6.1092549999993935	EXP	instr3: height = 0.05
6.1092549999993935	EXP	instr3: bold = false
6.1092549999993935	EXP	instr3: italic = false
6.1092549999993935	EXP	instr3: alignHoriz = "left"
6.1092549999993935	EXP	instr3: alignVert = "center"
6.1092549999993935	EXP	instr3: wrapWidth = 1
6.1092549999993935	EXP	instr3: flipHoriz = false
6.1092549999993935	EXP	instr3: flipVert = false
6.1092549999993935	EXP	fix3: units = "height"
6.1092549999993935	EXP	fix3: ori = 0
6.1092549999993935	EXP	fix3: opacity = 1
6.1092549999993935	EXP	fix3: pos = [0,0]
6.1092549999993935	EXP	fix3: size = undefined
6.1092549999993935	EXP	fix3: text = "+"
6.1092549999993935	EXP	fix3: font = "Arial"
6.1092549999993935	EXP	fix3: color = {"_hex":"#FFFFFF","_rgb":[1,1,1]}
6.1092549999993935	EXP	fix3: contrast = 1
6.1092549999993935	EXP	fix3: height = 0.05
6.1092549999993935	EXP	fix3: bold = false
6.1092549999993935	EXP	fix3: italic = false
6.1092549999993935	EXP	fix3: alignHoriz = "left"
6.1092549999993935	EXP	fix3: alignVert = "center"
6.1092549999993935	EXP	fix3: wrapWidth = 1
6.1092549999993935	EXP	fix3: flipHoriz = false
6.1092549999993935	EXP	fix3: flipVert = false
6.1092549999993935	EXP	trialGrid: units = "height"
6.1092549999993935	EXP	trialGrid: ori = 0
6.1092549999993935	EXP	trialGrid: opacity = 1
6.1092549999993935	EXP	trialGrid: pos = [0,0]
6.1092549999993935	EXP	trialGrid: size = [0.6,0.6]
6.1092549999993935	EXP	trialGrid: image = {}
6.1092549999993935	EXP	trialGrid: mask = undefined
6.1092549999993935	EXP	trialGrid: color = {"_rgb":[1,1,1]}
6.1092549999993935	EXP	trialGrid: contrast = 1
6.1092549999993935	EXP	trialGrid: texRes = 128
6.1092549999993935	EXP	trialGrid: interpolate = true
6.1092549999993935	EXP	trialGrid: depth = 0
6.1092549999993935	EXP	trialGrid: flipHoriz = false
6.1092549999993935	EXP	trialGrid: flipVert = false
6.1092549999993935	EXP	trialSquare: units = "height"
6.1092549999993935	EXP	trialSquare: ori = 0
6.1092549999993935	EXP	trialSquare: opacity = 1
6.1092549999993935	EXP	trialSquare: pos = [0,0]
6.1092549999993935	EXP	trialSquare: size = [1,1]
6.1092549999993935	EXP	trialSquare: lineWidth = 1
6.1092549999993935	EXP	trialSquare: lineColor = {"_rgb":[1,1,1]}
6.1092549999993935	EXP	trialSquare: fillColor = {"_rgb":[1,1,1]}
6.1092549999993935	EXP	trialSquare: vertices = [[-0.5,0],[0,0.5],[0.5,0]]
6.1092549999993935	EXP	trialSquare: closeShape = true
6.1092549999993935	EXP	trialSquare: contrast = 1
6.1092549999993935	EXP	trialSquare: depth = -1
6.1092549999993935	EXP	trialSquare: interpolate = true
6.1092549999993935	EXP	trialSquare: width = 0.15
6.1092549999993935	EXP	trialSquare: vertices = [[-0.075,null],[0.075,null],[0.075,null],[-0.075,null]]
6.1092549999993935	EXP	trialSquare: height = 0.15
6.1092549999993935	EXP	trialSquare: vertices = [[-0.075,-0.075],[0.075,-0.075],[0.075,0.075],[-0.075,0.075]]
6.1092549999993935	EXP	trialSquare: vertices = [[-0.075,-0.075],[0.075,-0.075],[0.075,0.075],[-0.075,0.075]]
6.1092549999993935	EXP	trialFix: units = "height"
6.1092549999993935	EXP	trialFix: ori = 0
6.1092549999993935	EXP	trialFix: opacity = 1
6.1092549999993935	EXP	trialFix: pos = [0,0]
6.1092549999993935	EXP	trialFix: size = undefined
6.1092549999993935	EXP	trialFix: text = "+"
6.1092549999993935	EXP	trialFix: font = "Arial"
6.1092549999993935	EXP	trialFix: color = {"_hex":"#FFFFFF","_rgb":[1,1,1]}
6.1092549999993935	EXP	trialFix: contrast = 1
6.1092549999993935	EXP	trialFix: height = 0.05
6.1092549999993935	EXP	trialFix: bold = false
6.1092549999993935	EXP	trialFix: italic = false
6.1092549999993935	EXP	trialFix: alignHoriz = "left"
6.1092549999993935	EXP	trialFix: alignVert = "center"
6.1092549999993935	EXP	trialFix: wrapWidth = 1
6.1092549999993935	EXP	trialFix: flipHoriz = false
6.1092549999993935	EXP	trialFix: flipVert = false
6.1092549999993935	EXP	thanks: units = "height"
6.1092549999993935	EXP	thanks: ori = 0
6.1092549999993935	EXP	thanks: opacity = 1
6.1092549999993935	EXP	thanks: pos = [0,0]
6.1092549999993935	EXP	thanks: size = undefined
6.1092549999993935	EXP	thanks: text = "This is the end of the experiment.\nThank you for your time."
6.1092549999993935	EXP	thanks: font = "Arial"
6.1092549999993935	EXP	thanks: color = {"_hex":"#FFFFFF","_rgb":[1,1,1]}
6.1092549999993935	EXP	thanks: contrast = 1
6.1092549999993935	EXP	thanks: height = 0.05
6.1092549999993935	EXP	thanks: bold = false
6.1092549999993935	EXP	thanks: italic = false
6.1092549999993935	EXP	thanks: alignHoriz = "left"
6.1092549999993935	EXP	thanks: alignVert = "center"
6.1092549999993935	EXP	thanks: wrapWidth = 1
6.1092549999993935	EXP	thanks: flipHoriz = false
6.1092549999993935	EXP	thanks: flipVert = false
6.1092549999993935	EXP	instr1: autoDraw = true
13.054369999998016	DATA	Keydown: s
13.075969999998051	EXP	instr1: autoDraw = false
13.075969999998051	EXP	fix1: autoDraw = true
14.271764999997686	EXP	fix1: autoDraw = false
14.271764999997686	EXP	fix1: autoDraw = false
14.271764999997686	EXP	trialSquare: pos = [0.2,0]
14.271764999997686	EXP	trialGrid: autoDraw = true
14.271764999997686	EXP	trialSquare: autoDraw = true
15.11506499999814	EXP	trialSquare: autoDraw = false
15.132069999999658	EXP	trialFix: autoDraw = true
16.084234999998444	EXP	trialGrid: autoDraw = false
16.084234999998444	EXP	trialSquare: autoDraw = false
16.084234999998444	EXP	trialFix: autoDraw = false
16.084234999998444	EXP	trialSquare: pos = [0.2,0]
16.084234999998444	EXP	trialGrid: autoDraw = true
16.084234999998444	EXP	trialSquare: autoDraw = true
17.081869999998162	EXP	trialSquare: autoDraw = false
17.0936099999999	DATA	Keydown:  
17.099369999999908	EXP	trialFix: autoDraw = true
18.06966999999713	EXP	trialGrid: autoDraw = false
18.06966999999713	EXP	trialSquare: autoDraw = false
18.06966999999713	EXP	trialFix: autoDraw = false
18.06966999999713	EXP	trialSquare: pos = [0,0.2]
18.06966999999713	EXP	trialGrid: autoDraw = true
18.06966999999713	EXP	trialSquare: autoDraw = true
19.069540000000416	EXP	trialSquare: autoDraw = false
19.069540000000416	EXP	trialFix: autoDraw = true
20.070260000000417	EXP	trialGrid: autoDraw = false
20.070260000000417	EXP	trialFix: autoDraw = false
20.070260000000417	EXP	trialGrid: autoDraw = false
20.070260000000417	EXP	trialSquare: autoDraw = false
20.070260000000417	EXP	trialFix: autoDraw = false
20.070260000000417	EXP	trialSquare: pos = [0.2,-0.2]
20.070260000000417	EXP	trialGrid: autoDraw = true
20.070260000000417	EXP	trialSquare: autoDraw = true
21.071604999997362	EXP	trialSquare: autoDraw = false
21.071604999997362	EXP	trialFix: autoDraw = true
22.072935000000143	EXP	trialGrid: autoDraw = false
22.072935000000143	EXP	trialFix: autoDraw = false
22.072935000000143	EXP	trialGrid: autoDraw = false
22.072935000000143	EXP	trialSquare: autoDraw = false
22.072935000000143	EXP	trialFix: autoDraw = false
22.072935000000143	EXP	trialSquare: pos = [0.2,-0.2]
22.072935000000143	EXP	trialGrid: autoDraw = true
22.072935000000143	EXP	trialSquare: autoDraw = true
23.073225000000093	EXP	trialSquare: autoDraw = false
23.090104999999312	EXP	trialFix: autoDraw = true
24.075824999999895	EXP	trialGrid: autoDraw = false
24.075824999999895	EXP	trialFix: autoDraw = false
24.075824999999895	EXP	trialGrid: autoDraw = false
24.075824999999895	EXP	trialSquare: autoDraw = false
24.075824999999895	EXP	trialFix: autoDraw = false
24.075824999999895	EXP	trialSquare: pos = [0.2,0]
24.075824999999895	EXP	trialGrid: autoDraw = true
24.075824999999895	EXP	trialSquare: autoDraw = true
25.075549999997747	EXP	trialSquare: autoDraw = false
25.092955000000075	EXP	trialFix: autoDraw = true
26.07762499999808	EXP	trialGrid: autoDraw = false
26.07762499999808	EXP	trialFix: autoDraw = false
26.07762499999808	EXP	trialGrid: autoDraw = false
26.07762499999808	EXP	trialSquare: autoDraw = false
26.07762499999808	EXP	trialFix: autoDraw = false
26.07762499999808	EXP	trialSquare: pos = [-0.2,0]
26.07762499999808	EXP	trialGrid: autoDraw = true
26.07762499999808	EXP	trialSquare: autoDraw = true
27.07821999999942	EXP	trialSquare: autoDraw = false
27.07821999999942	EXP	trialFix: autoDraw = true
28.079985000000306	EXP	trialGrid: autoDraw = false
28.079985000000306	EXP	trialFix: autoDraw = false
28.079985000000306	EXP	trialGrid: autoDraw = false
28.079985000000306	EXP	trialSquare: autoDraw = false
28.079985000000306	EXP	trialFix: autoDraw = false
28.079985000000306	EXP	trialSquare: pos = [0.2,0.2]
28.079985000000306	EXP	trialGrid: autoDraw = true
28.079985000000306	EXP	trialSquare: autoDraw = true
29.079705000000104	EXP	trialSquare: autoDraw = false
29.09725999999864	EXP	trialFix: autoDraw = true
30.081224999998085	EXP	trialGrid: autoDraw = false
30.081224999998085	EXP	trialFix: autoDraw = false
30.081224999998085	EXP	trialGrid: autoDraw = false
30.081224999998085	EXP	trialSquare: autoDraw = false
30.081224999998085	EXP	trialFix: autoDraw = false
30.081224999998085	EXP	trialSquare: pos = [0.2,0.2]
30.081224999998085	EXP	trialGrid: autoDraw = true
30.081224999998085	EXP	trialSquare: autoDraw = true
30.517809999997553	DATA	Keydown:  
31.082800000000134	EXP	trialSquare: autoDraw = false
31.082800000000134	EXP	trialFix: autoDraw = true
32.067724999997154	EXP	trialGrid: autoDraw = false
32.067724999997154	EXP	trialSquare: autoDraw = false
32.067724999997154	EXP	trialFix: autoDraw = false
32.067724999997154	EXP	trialSquare: pos = [0,-0.2]
32.067724999997154	EXP	trialGrid: autoDraw = true
32.067724999997154	EXP	trialSquare: autoDraw = true
33.06792499999938	EXP	trialSquare: autoDraw = false
33.06792499999938	EXP	trialFix: autoDraw = true
34.06975500000044	EXP	trialGrid: autoDraw = false
34.06975500000044	EXP	trialFix: autoDraw = false
34.06975500000044	EXP	trialGrid: autoDraw = false
34.06975500000044	EXP	trialSquare: autoDraw = false
34.06975500000044	EXP	trialFix: autoDraw = false
34.06975500000044	EXP	trialSquare: pos = [-0.2,0.2]
34.06975500000044	EXP	trialGrid: autoDraw = true
34.06975500000044	EXP	trialSquare: autoDraw = true
35.07051999999749	EXP	trialSquare: autoDraw = false
35.07051999999749	EXP	trialFix: autoDraw = true
36.072424999998475	EXP	trialGrid: autoDraw = false
36.072424999998475	EXP	trialFix: autoDraw = false
36.072424999998475	EXP	trialGrid: autoDraw = false
36.072424999998475	EXP	trialSquare: autoDraw = false
36.072424999998475	EXP	trialFix: autoDraw = false
36.072424999998475	EXP	trialSquare: pos = [0,0.2]
36.072424999998475	EXP	trialGrid: autoDraw = true
36.072424999998475	EXP	trialSquare: autoDraw = true
37.07215499999802	EXP	trialSquare: autoDraw = false
37.08886999999959	EXP	trialFix: autoDraw = true
38.07389999999941	EXP	trialGrid: autoDraw = false
38.07389999999941	EXP	trialFix: autoDraw = false
38.07389999999941	EXP	trialGrid: autoDraw = false
38.07389999999941	EXP	trialSquare: autoDraw = false
38.07389999999941	EXP	trialFix: autoDraw = false
38.07389999999941	EXP	trialSquare: pos = [-0.2,0]
38.07389999999941	EXP	trialGrid: autoDraw = true
38.07389999999941	EXP	trialSquare: autoDraw = true
39.07463999999891	EXP	trialSquare: autoDraw = false
39.07463999999891	EXP	trialFix: autoDraw = true
40.07708499999717	EXP	trialGrid: autoDraw = false
40.07708499999717	EXP	trialFix: autoDraw = false
40.07708499999717	EXP	trialGrid: autoDraw = false
40.07708499999717	EXP	trialSquare: autoDraw = false
40.07708499999717	EXP	trialFix: autoDraw = false
40.07708499999717	EXP	trialSquare: pos = [-0.2,0]
40.07708499999717	EXP	trialGrid: autoDraw = true
40.07708499999717	EXP	trialSquare: autoDraw = true
40.73144499999762	DATA	Keydown:  
41.07725500000015	EXP	trialSquare: autoDraw = false
41.07725500000015	EXP	trialFix: autoDraw = true
42.0777199999975	EXP	trialGrid: autoDraw = false
42.0777199999975	EXP	trialFix: autoDraw = false
42.0777199999975	EXP	trialGrid: autoDraw = false
42.0777199999975	EXP	trialSquare: autoDraw = false
42.0777199999975	EXP	trialFix: autoDraw = false
42.0777199999975	EXP	trialSquare: pos = [0,-0.2]
42.0777199999975	EXP	trialGrid: autoDraw = true
42.0777199999975	EXP	trialSquare: autoDraw = true
43.0788799999973	EXP	trialSquare: autoDraw = false
43.0788799999973	EXP	trialFix: autoDraw = true
44.081404999997176	EXP	trialGrid: autoDraw = false
44.081404999997176	EXP	trialFix: autoDraw = false
44.081404999997176	EXP	trialGrid: autoDraw = false
44.081404999997176	EXP	trialSquare: autoDraw = false
44.081404999997176	EXP	trialFix: autoDraw = false
44.081404999997176	EXP	trialSquare: pos = [0,0]
44.081404999997176	EXP	trialGrid: autoDraw = true
44.081404999997176	EXP	trialSquare: autoDraw = true
45.08080499999778	EXP	trialSquare: autoDraw = false
45.09776499999862	EXP	trialFix: autoDraw = true
46.08326499999748	EXP	trialGrid: autoDraw = false
46.08326499999748	EXP	trialFix: autoDraw = false
46.08326499999748	EXP	trialGrid: autoDraw = false
46.08326499999748	EXP	trialSquare: autoDraw = false
46.08326499999748	EXP	trialFix: autoDraw = false
46.08326499999748	EXP	trialSquare: pos = [0,0]
46.08326499999748	EXP	trialGrid: autoDraw = true
46.08326499999748	EXP	trialSquare: autoDraw = true
46.934519999998884	DATA	Keydown:  
47.08386999999857	EXP	trialSquare: autoDraw = false
47.08386999999857	EXP	trialFix: autoDraw = true
48.068844999997964	EXP	trialGrid: autoDraw = false
48.068844999997964	EXP	trialSquare: autoDraw = false
48.068844999997964	EXP	trialFix: autoDraw = false
48.068844999997964	EXP	trialSquare: pos = [-0.2,0.2]
48.068844999997964	EXP	trialGrid: autoDraw = true
48.068844999997964	EXP	trialSquare: autoDraw = true
49.06885499999771	EXP	trialSquare: autoDraw = false
49.06885499999771	EXP	trialFix: autoDraw = true
50.07122999999774	EXP	trialGrid: autoDraw = false
50.07122999999774	EXP	trialFix: autoDraw = false
50.07122999999774	EXP	trialGrid: autoDraw = false
50.07122999999774	EXP	trialSquare: autoDraw = false
50.07122999999774	EXP	trialFix: autoDraw = false
50.07122999999774	EXP	trialSquare: pos = [0.2,0.2]
50.07122999999774	EXP	trialGrid: autoDraw = true
50.07122999999774	EXP	trialSquare: autoDraw = true
51.06984999999986	EXP	trialSquare: autoDraw = false
51.06984999999986	EXP	trialFix: autoDraw = true
52.07272000000012	EXP	trialGrid: autoDraw = false
52.07272000000012	EXP	trialFix: autoDraw = false
52.07272000000012	EXP	trialGrid: autoDraw = false
52.07272000000012	EXP	trialSquare: autoDraw = false
52.07272000000012	EXP	trialFix: autoDraw = false
52.07272000000012	EXP	trialSquare: pos = [0.2,0]
52.07272000000012	EXP	trialGrid: autoDraw = true
52.07272000000012	EXP	trialSquare: autoDraw = true
53.072854999998526	EXP	trialSquare: autoDraw = false
53.072854999998526	EXP	trialFix: autoDraw = true
54.07560499999818	EXP	trialGrid: autoDraw = false
54.07560499999818	EXP	trialFix: autoDraw = false
54.07560499999818	EXP	trialGrid: autoDraw = false
54.07560499999818	EXP	trialSquare: autoDraw = false
54.07560499999818	EXP	trialFix: autoDraw = false
54.07560499999818	EXP	trialSquare: pos = [-0.2,0.2]
54.07560499999818	EXP	trialGrid: autoDraw = true
54.07560499999818	EXP	trialSquare: autoDraw = true
55.07535499999722	EXP	trialSquare: autoDraw = false
55.07535499999722	EXP	trialFix: autoDraw = true
55.31212500000038	DATA	Keydown: Shift
56.08054499999707	EXP	trialGrid: autoDraw = false
56.08054499999707	EXP	trialFix: autoDraw = false
56.08054499999707	EXP	trialGrid: autoDraw = false
56.08054499999707	EXP	trialSquare: autoDraw = false
56.08054499999707	EXP	trialFix: autoDraw = false
56.08054499999707	EXP	trialSquare: pos = [-0.2,0.2]
56.08054499999707	EXP	trialGrid: autoDraw = true
56.08054499999707	EXP	trialSquare: autoDraw = true
57.07896999999866	EXP	trialSquare: autoDraw = false
57.07896999999866	EXP	trialFix: autoDraw = true
58.077760000000126	EXP	trialGrid: autoDraw = false
58.077760000000126	EXP	trialFix: autoDraw = false
58.077760000000126	EXP	trialGrid: autoDraw = false
58.077760000000126	EXP	trialSquare: autoDraw = false
58.077760000000126	EXP	trialFix: autoDraw = false
58.077760000000126	EXP	trialSquare: pos = [-0.2,0.2]
58.077760000000126	EXP	trialGrid: autoDraw = true
58.077760000000126	EXP	trialSquare: autoDraw = true
59.07784999999785	EXP	trialSquare: autoDraw = false
59.07784999999785	EXP	trialFix: autoDraw = true
60.08010999999897	EXP	trialGrid: autoDraw = false
60.08010999999897	EXP	trialFix: autoDraw = false
60.08010999999897	EXP	trialGrid: autoDraw = false
60.08010999999897	EXP	trialSquare: autoDraw = false
60.08010999999897	EXP	trialFix: autoDraw = false
60.08010999999897	EXP	trialSquare: pos = [0.2,0.2]
60.08010999999897	EXP	trialGrid: autoDraw = true
60.08010999999897	EXP	trialSquare: autoDraw = true
60.79217499999868	DATA	Mouse: wheel shift=(0,-1), pos=(691.8046875,498.2734375)
60.89216999999917	DATA	Mouse: wheel shift=(-1,0), pos=(691.8046875,498.2734375)
61.08109499999773	EXP	trialSquare: autoDraw = false
61.08109499999773	EXP	trialFix: autoDraw = true
62.06789999999819	EXP	trialGrid: autoDraw = false
62.06789999999819	EXP	trialSquare: autoDraw = false
62.06789999999819	EXP	trialFix: autoDraw = false
62.06789999999819	EXP	trialSquare: pos = [0,0.2]
62.06789999999819	EXP	trialGrid: autoDraw = true
62.06789999999819	EXP	trialSquare: autoDraw = true
63.06398999999874	EXP	trialSquare: autoDraw = false
63.0813049999997	EXP	trialFix: autoDraw = true
64.06986499999766	EXP	trialGrid: autoDraw = false
64.06986499999766	EXP	trialFix: autoDraw = false
64.06986499999766	EXP	trialGrid: autoDraw = false
64.06986499999766	EXP	trialSquare: autoDraw = false
64.06986499999766	EXP	trialFix: autoDraw = false
64.06986499999766	EXP	trialSquare: pos = [-0.2,0.2]
64.06986499999766	EXP	trialGrid: autoDraw = true
64.06986499999766	EXP	trialSquare: autoDraw = true
64.58009999999922	DATA	Mouse: wheel shift=(1,0), pos=(191.63671875,764.26171875)
64.63935499999934	DATA	Mouse: wheel shift=(4,0), pos=(191.63671875,764.26171875)
65.06673500000034	EXP	trialSquare: autoDraw = false
65.07459999999992	EXP	trialFix: autoDraw = true
66.074525	EXP	trialGrid: autoDraw = false
66.074525	EXP	trialFix: autoDraw = false
66.074525	EXP	trialGrid: autoDraw = false
66.074525	EXP	trialSquare: autoDraw = false
66.074525	EXP	trialFix: autoDraw = false
66.074525	EXP	trialSquare: pos = [-0.2,-0.2]
66.074525	EXP	trialGrid: autoDraw = true
66.074525	EXP	trialSquare: autoDraw = true
67.07181499999933	EXP	trialSquare: autoDraw = false
67.07181499999933	EXP	trialFix: autoDraw = true
68.07401499999833	EXP	trialGrid: autoDraw = false
68.07401499999833	EXP	trialFix: autoDraw = false
68.07401499999833	EXP	trialGrid: autoDraw = false
68.07401499999833	EXP	trialSquare: autoDraw = false
68.07401499999833	EXP	trialFix: autoDraw = false
68.07401499999833	EXP	trialSquare: pos = [-0.2,-0.2]
68.07401499999833	EXP	trialGrid: autoDraw = true
68.07401499999833	EXP	trialSquare: autoDraw = true
68.9016249999986	DATA	Mouse: wheel shift=(1,0), pos=(325.08203125,609.3515625)
69.07400499999858	EXP	trialSquare: autoDraw = false
69.07400499999858	EXP	trialFix: autoDraw = true
70.07492999999886	EXP	trialGrid: autoDraw = false
70.07492999999886	EXP	trialFix: autoDraw = false
70.07492999999886	EXP	trialGrid: autoDraw = false
70.07492999999886	EXP	trialSquare: autoDraw = false
70.07492999999886	EXP	trialFix: autoDraw = false
70.07492999999886	EXP	trialSquare: pos = [0,0.2]
70.07492999999886	EXP	trialGrid: autoDraw = true
70.07492999999886	EXP	trialSquare: autoDraw = true
70.8917799999981	DATA	Mouse: wheel shift=(0,-1), pos=(325.08203125,609.3515625)
70.9204699999973	DATA	Mouse: wheel shift=(0,-1), pos=(325.08203125,609.3515625)
71.0798649999997	EXP	trialSquare: autoDraw = false
71.0798649999997	EXP	trialFix: autoDraw = true
72.07672999999704	EXP	trialGrid: autoDraw = false
72.07672999999704	EXP	trialFix: autoDraw = false
72.07672999999704	EXP	trialGrid: autoDraw = false
72.07672999999704	EXP	trialSquare: autoDraw = false
72.07672999999704	EXP	trialFix: autoDraw = false
72.07672999999704	EXP	trialSquare: pos = [0.2,0]
72.07672999999704	EXP	trialGrid: autoDraw = true
72.07672999999704	EXP	trialSquare: autoDraw = true
73.07808999999907	EXP	trialSquare: autoDraw = false
73.07808999999907	EXP	trialFix: autoDraw = true
74.07833499999833	EXP	trialGrid: autoDraw = false
74.07833499999833	EXP	trialFix: autoDraw = false
74.07833499999833	EXP	trialGrid: autoDraw = false
74.07833499999833	EXP	trialSquare: autoDraw = false
74.07833499999833	EXP	trialFix: autoDraw = false
74.07833499999833	EXP	trialSquare: pos = [-0.2,0]
74.07833499999833	EXP	trialGrid: autoDraw = true
74.07833499999833	EXP	trialSquare: autoDraw = true
75.08060999999725	EXP	trialSquare: autoDraw = false
75.08060999999725	EXP	trialFix: autoDraw = true
76.08068999999887	EXP	trialGrid: autoDraw = false
76.08068999999887	EXP	trialFix: autoDraw = false
76.08068999999887	EXP	trialGrid: autoDraw = false
76.08068999999887	EXP	trialSquare: autoDraw = false
76.08068999999887	EXP	trialFix: autoDraw = false
76.08068999999887	EXP	trialSquare: pos = [-0.2,0]
76.08068999999887	EXP	trialGrid: autoDraw = true
76.08068999999887	EXP	trialSquare: autoDraw = true
77.07967499999722	EXP	trialSquare: autoDraw = false
77.09649999999965	EXP	trialFix: autoDraw = true
78.06650499999887	EXP	trialGrid: autoDraw = false
78.06650499999887	EXP	trialSquare: autoDraw = false
78.06650499999887	EXP	trialFix: autoDraw = false
78.06650499999887	EXP	trialSquare: pos = [0,0.2]
78.06650499999887	EXP	trialGrid: autoDraw = true
78.06650499999887	EXP	trialSquare: autoDraw = true
79.06979999999749	EXP	trialSquare: autoDraw = false
79.06979999999749	EXP	trialFix: autoDraw = true
80.06974499999706	EXP	trialGrid: autoDraw = false
80.06974499999706	EXP	trialFix: autoDraw = false
80.06974499999706	EXP	trialGrid: autoDraw = false
80.06974499999706	EXP	trialSquare: autoDraw = false
80.06974499999706	EXP	trialFix: autoDraw = false
80.06974499999706	EXP	trialSquare: pos = [0.2,-0.2]
80.06974499999706	EXP	trialGrid: autoDraw = true
80.06974499999706	EXP	trialSquare: autoDraw = true
81.06881499999872	EXP	trialSquare: autoDraw = false
81.085364999999	EXP	trialFix: autoDraw = true
82.07219499999701	EXP	trialGrid: autoDraw = false
82.07219499999701	EXP	trialFix: autoDraw = false
82.07219499999701	EXP	trialGrid: autoDraw = false
82.07219499999701	EXP	trialSquare: autoDraw = false
82.07219499999701	EXP	trialFix: autoDraw = false
82.07219499999701	EXP	trialSquare: pos = [0.2,-0.2]
82.07219499999701	EXP	trialGrid: autoDraw = true
82.07219499999701	EXP	trialSquare: autoDraw = true
83.0707799999982	EXP	trialSquare: autoDraw = false
83.0707799999982	EXP	trialFix: autoDraw = true
84.0717799999984	EXP	trialGrid: autoDraw = false
84.0717799999984	EXP	trialFix: autoDraw = false
84.0717799999984	EXP	trialGrid: autoDraw = false
84.0717799999984	EXP	trialSquare: autoDraw = false
84.0717799999984	EXP	trialFix: autoDraw = false
84.0717799999984	EXP	trialSquare: pos = [0.2,0.2]
84.0717799999984	EXP	trialGrid: autoDraw = true
84.0717799999984	EXP	trialSquare: autoDraw = true
85.07406999999876	EXP	trialSquare: autoDraw = false
85.07406999999876	EXP	trialFix: autoDraw = true
86.07566999999835	EXP	trialGrid: autoDraw = false
86.07566999999835	EXP	trialFix: autoDraw = false
86.07566999999835	EXP	trialGrid: autoDraw = false
86.07566999999835	EXP	trialSquare: autoDraw = false
86.07566999999835	EXP	trialFix: autoDraw = false
86.07566999999835	EXP	trialSquare: pos = [-0.2,-0.2]
86.07566999999835	EXP	trialGrid: autoDraw = true
86.07566999999835	EXP	trialSquare: autoDraw = true
87.07477999999901	EXP	trialSquare: autoDraw = false
87.07477999999901	EXP	trialFix: autoDraw = true
88.07722999999896	EXP	trialGrid: autoDraw = false
88.07722999999896	EXP	trialFix: autoDraw = false
88.07722999999896	EXP	trialGrid: autoDraw = false
88.07722999999896	EXP	trialSquare: autoDraw = false
88.07722999999896	EXP	trialFix: autoDraw = false
88.07722999999896	EXP	trialSquare: pos = [-0.2,-0.2]
88.07722999999896	EXP	trialGrid: autoDraw = true
88.07722999999896	EXP	trialSquare: autoDraw = true
89.07801499999914	EXP	trialSquare: autoDraw = false
89.07801499999914	EXP	trialFix: autoDraw = true
90.079565	EXP	trialGrid: autoDraw = false
90.079565	EXP	trialFix: autoDraw = false
90.079565	EXP	trialGrid: autoDraw = false
90.079565	EXP	trialSquare: autoDraw = false
90.079565	EXP	trialFix: autoDraw = false
90.079565	EXP	trialSquare: pos = [-0.2,-0.2]
90.079565	EXP	trialGrid: autoDraw = true
90.079565	EXP	trialSquare: autoDraw = true
91.07906000000003	EXP	trialSquare: autoDraw = false
91.07906000000003	EXP	trialFix: autoDraw = true
92.06503499999963	EXP	trialGrid: autoDraw = false
92.06503499999963	EXP	trialSquare: autoDraw = false
92.06503499999963	EXP	trialFix: autoDraw = false
92.06503499999963	EXP	trialSquare: pos = [0.2,0]
92.06503499999963	EXP	trialGrid: autoDraw = true
92.06503499999963	EXP	trialSquare: autoDraw = true
93.06659999999829	EXP	trialSquare: autoDraw = false
93.06659999999829	EXP	trialFix: autoDraw = true
94.0654149999973	EXP	trialGrid: autoDraw = false
94.0654149999973	EXP	trialFix: autoDraw = false
94.0654149999973	EXP	trialGrid: autoDraw = false
94.0654149999973	EXP	trialSquare: autoDraw = false
94.0654149999973	EXP	trialFix: autoDraw = false
94.0654149999973	EXP	trialSquare: pos = [0.2,0]
94.0654149999973	EXP	trialGrid: autoDraw = true
94.0654149999973	EXP	trialSquare: autoDraw = true
95.06735999999728	EXP	trialSquare: autoDraw = false
95.06735999999728	EXP	trialFix: autoDraw = true
96.07041499999832	EXP	trialGrid: autoDraw = false
96.07041499999832	EXP	trialFix: autoDraw = false
96.07041499999832	EXP	trialGrid: autoDraw = false
96.07041499999832	EXP	trialSquare: autoDraw = false
96.07041499999832	EXP	trialFix: autoDraw = false
96.07041499999832	EXP	trialSquare: pos = [-0.2,0.2]
96.07041499999832	EXP	trialGrid: autoDraw = true
96.07041499999832	EXP	trialSquare: autoDraw = true
97.06792999999743	EXP	trialSquare: autoDraw = false
97.08630499999708	EXP	trialFix: autoDraw = true
97.30538499999966	DATA	Keydown: Meta
98.07050999999774	EXP	trialGrid: autoDraw = false
98.07050999999774	EXP	trialFix: autoDraw = false
98.07050999999774	EXP	trialGrid: autoDraw = false
98.07050999999774	EXP	trialSquare: autoDraw = false
98.07050999999774	EXP	trialFix: autoDraw = false
98.07050999999774	EXP	trialSquare: pos = [0,0]
98.07050999999774	EXP	trialGrid: autoDraw = true
98.07050999999774	EXP	trialSquare: autoDraw = true
99.07237999999779	EXP	trialSquare: autoDraw = false
99.07237999999779	EXP	trialFix: autoDraw = true
100.0743650000004	EXP	trialGrid: autoDraw = false
100.0743650000004	EXP	trialFix: autoDraw = false
100.0743650000004	EXP	trialGrid: autoDraw = false
100.0743650000004	EXP	trialSquare: autoDraw = false
100.0743650000004	EXP	trialFix: autoDraw = false
100.0743650000004	EXP	trialSquare: pos = [0.2,0.2]
100.0743650000004	EXP	trialGrid: autoDraw = true
100.0743650000004	EXP	trialSquare: autoDraw = true
101.07403999999951	EXP	trialSquare: autoDraw = false
101.07403999999951	EXP	trialFix: autoDraw = true
102.07612999999765	EXP	trialGrid: autoDraw = false
102.07612999999765	EXP	trialFix: autoDraw = false
102.07612999999765	EXP	trialGrid: autoDraw = false
102.07612999999765	EXP	trialSquare: autoDraw = false
102.07612999999765	EXP	trialFix: autoDraw = false
102.07612999999765	EXP	trialSquare: pos = [-0.2,0.2]
102.07612999999765	EXP	trialGrid: autoDraw = true
102.07612999999765	EXP	trialSquare: autoDraw = true
103.0761050000001	EXP	trialSquare: autoDraw = false
103.0761050000001	EXP	trialFix: autoDraw = true
104.07784999999785	EXP	trialGrid: autoDraw = false
104.07784999999785	EXP	trialFix: autoDraw = false
104.07784999999785	EXP	trialGrid: autoDraw = false
104.07784999999785	EXP	trialSquare: autoDraw = false
104.07784999999785	EXP	trialFix: autoDraw = false
104.07784999999785	EXP	trialSquare: pos = [-0.2,-0.2]
104.07784999999785	EXP	trialGrid: autoDraw = true
104.07784999999785	EXP	trialSquare: autoDraw = true
105.07662499999788	EXP	trialSquare: autoDraw = false
105.07662499999788	EXP	trialFix: autoDraw = true
106.08127999999851	EXP	trialGrid: autoDraw = false
106.08127999999851	EXP	trialFix: autoDraw = false
106.08127999999851	EXP	trialGrid: autoDraw = false
106.08127999999851	EXP	trialSquare: autoDraw = false
106.08127999999851	EXP	trialFix: autoDraw = false
106.08127999999851	EXP	trialSquare: pos = [0.2,0.2]
106.08127999999851	EXP	trialGrid: autoDraw = true
106.08127999999851	EXP	trialSquare: autoDraw = true
106.18250499999704	DATA	Keydown:  
106.43484499999977	DATA	Keydown:  
106.64986499999941	DATA	Keydown:  
106.90713999999934	DATA	Keydown:  
107.08012999999846	EXP	trialSquare: autoDraw = false
107.08012999999846	EXP	trialFix: autoDraw = true
107.53865500000029	DATA	Keydown:  
107.95376499999838	DATA	Keydown:  
108.0662749999974	EXP	trialGrid: autoDraw = false
108.0662749999974	EXP	trialSquare: autoDraw = false
108.0662749999974	EXP	trialFix: autoDraw = false
108.0662749999974	EXP	trialSquare: pos = [0.2,0.2]
108.0662749999974	EXP	trialGrid: autoDraw = true
108.0662749999974	EXP	trialSquare: autoDraw = true
109.06663499999922	EXP	trialSquare: autoDraw = false
109.06663499999922	EXP	trialFix: autoDraw = true
109.20351999999912	DATA	Keydown:  
110.06822999999713	EXP	trialGrid: autoDraw = false
110.06822999999713	EXP	trialFix: autoDraw = false
110.06822999999713	EXP	trialGrid: autoDraw = false
110.06822999999713	EXP	trialSquare: autoDraw = false
110.06822999999713	EXP	trialFix: autoDraw = false
110.06822999999713	EXP	trialSquare: pos = [0.2,-0.2]
110.06822999999713	EXP	trialGrid: autoDraw = true
110.06822999999713	EXP	trialSquare: autoDraw = true
111.06878499999948	EXP	trialSquare: autoDraw = false
111.06878499999948	EXP	trialFix: autoDraw = true
111.52046999999948	DATA	Keydown: Meta
112.07092999999804	EXP	trialGrid: autoDraw = false
112.07092999999804	EXP	trialFix: autoDraw = false
112.07092999999804	EXP	trialGrid: autoDraw = false
112.07092999999804	EXP	trialSquare: autoDraw = false
112.07092999999804	EXP	trialFix: autoDraw = false
112.07092999999804	EXP	trialSquare: pos = [-0.2,-0.2]
112.07092999999804	EXP	trialGrid: autoDraw = true
112.07092999999804	EXP	trialSquare: autoDraw = true
112.93940999999904	DATA	Keydown: Escape
