0.105489999987185	EXP	Created Window = Window( name=Window, fullscr=true, color=#808080, units=height, waitBlanking=true, autoLog=true, size=[1301,875] )
7.5944000000017695	EXP	Created instr1 = TextStim( name=instr1, win=Window( name=Window, fullscr=true, color=#808080, ~), autoDraw=null, autoLog=true, units=height, ori=null, opacity=1, pos=[0,0], size=undefined, text=In this task you will be required to press space i~, font=Arial, color=#FFFFFF, contrast=1, height=0.05, bold=null, italic=null, alignHoriz=left, alignVert=center, wrapWidth=1, flipHoriz=null, flipVert=null )
7.595919999992475	EXP	Created fix1 = TextStim( name=fix1, win=Window( name=Window, fullscr=true, color=#808080, ~), autoDraw=null, autoLog=true, units=height, ori=null, opacity=1, pos=[0,0], size=undefined, text=+, font=Arial, color=#FFFFFF, contrast=1, height=0.05, bold=null, italic=null, alignHoriz=left, alignVert=center, wrapWidth=1, flipHoriz=null, flipVert=null )
7.600124999997206	EXP	Created trialGrid = ImageStim( name=trialGrid, win=Window( name=Window, fullscr=true, color=#808080, ~), autoDraw=null, autoLog=true, units=height, ori=null, opacity=1, pos=[0,0], size=[0.6,0.6], image={}, mask=undefined, color=#ffffff, contrast=1, texRes=128, interpolate=true, depth=null, flipHoriz=null, flipVert=null )
7.604624999978114	EXP	Created trialSquare = Rect( name=trialSquare, win=Window( name=Window, fullscr=true, color=#808080, ~), autoDraw=null, autoLog=true, units=height, ori=null, opacity=1, pos=[0,0], size=[1,1], lineWidth=1, lineColor=#ffffff, fillColor=#ffffff, vertices=[[-0.075,-0.075],[0.075,-0.075],[0.075,0.075],[-0.~, closeShape=true, contrast=1, depth=-1, interpolate=true, width=0.15, height=0.15 )
7.605370000004768	EXP	Created trialFix = TextStim( name=trialFix, win=Window( name=Window, fullscr=true, color=#808080, ~), autoDraw=null, autoLog=true, units=height, ori=null, opacity=1, pos=[0,0], size=undefined, text=+, font=Arial, color=#FFFFFF, contrast=1, height=0.05, bold=null, italic=null, alignHoriz=left, alignVert=center, wrapWidth=1, flipHoriz=null, flipVert=null )
7.606159999966621	EXP	Created instr2 = TextStim( name=instr2, win=Window( name=Window, fullscr=true, color=#808080, ~), autoDraw=null, autoLog=true, units=height, ori=null, opacity=1, pos=[0,0], size=undefined, text=This is the end of N-back-1 trials. You are about ~, font=Arial, color=#FFFFFF, contrast=1, height=0.05, bold=null, italic=null, alignHoriz=left, alignVert=center, wrapWidth=1, flipHoriz=null, flipVert=null )
7.606960000004619	EXP	Created fix2 = TextStim( name=fix2, win=Window( name=Window, fullscr=true, color=#808080, ~), autoDraw=null, autoLog=true, units=height, ori=null, opacity=1, pos=[0,0], size=undefined, text=+, font=Arial, color=#FFFFFF, contrast=1, height=0.05, bold=null, italic=null, alignHoriz=left, alignVert=center, wrapWidth=1, flipHoriz=null, flipVert=null )
7.608124999969732	EXP	Created trialGrid = ImageStim( name=trialGrid, win=Window( name=Window, fullscr=true, color=#808080, ~), autoDraw=null, autoLog=true, units=height, ori=null, opacity=1, pos=[0,0], size=[0.6,0.6], image={}, mask=undefined, color=#ffffff, contrast=1, texRes=128, interpolate=true, depth=null, flipHoriz=null, flipVert=null )
7.610234999970999	EXP	Created trialSquare = Rect( name=trialSquare, win=Window( name=Window, fullscr=true, color=#808080, ~), autoDraw=null, autoLog=true, units=height, ori=null, opacity=1, pos=[0,0], size=[1,1], lineWidth=1, lineColor=#ffffff, fillColor=#ffffff, vertices=[[-0.075,-0.075],[0.075,-0.075],[0.075,0.075],[-0.~, closeShape=true, contrast=1, depth=-1, interpolate=true, width=0.15, height=0.15 )
7.611005000013392	EXP	Created trialFix = TextStim( name=trialFix, win=Window( name=Window, fullscr=true, color=#808080, ~), autoDraw=null, autoLog=true, units=height, ori=null, opacity=1, pos=[0,0], size=undefined, text=+, font=Arial, color=#FFFFFF, contrast=1, height=0.05, bold=null, italic=null, alignHoriz=left, alignVert=center, wrapWidth=1, flipHoriz=null, flipVert=null )
7.612044999958016	EXP	Created instr3 = TextStim( name=instr3, win=Window( name=Window, fullscr=true, color=#808080, ~), autoDraw=null, autoLog=true, units=height, ori=null, opacity=1, pos=[0,0], size=undefined, text=This is the end of N-back-2 trials. You are about ~, font=Arial, color=#FFFFFF, contrast=1, height=0.05, bold=null, italic=null, alignHoriz=left, alignVert=center, wrapWidth=1, flipHoriz=null, flipVert=null )
7.613075000001118	EXP	Created fix3 = TextStim( name=fix3, win=Window( name=Window, fullscr=true, color=#808080, ~), autoDraw=null, autoLog=true, units=height, ori=null, opacity=1, pos=[0,0], size=undefined, text=+, font=Arial, color=#FFFFFF, contrast=1, height=0.05, bold=null, italic=null, alignHoriz=left, alignVert=center, wrapWidth=1, flipHoriz=null, flipVert=null )
7.615304999984801	EXP	Created trialGrid = ImageStim( name=trialGrid, win=Window( name=Window, fullscr=true, color=#808080, ~), autoDraw=null, autoLog=true, units=height, ori=null, opacity=1, pos=[0,0], size=[0.6,0.6], image={}, mask=undefined, color=#ffffff, contrast=1, texRes=128, interpolate=true, depth=null, flipHoriz=null, flipVert=null )
7.617489999975078	EXP	Created trialSquare = Rect( name=trialSquare, win=Window( name=Window, fullscr=true, color=#808080, ~), autoDraw=null, autoLog=true, units=height, ori=null, opacity=1, pos=[0,0], size=[1,1], lineWidth=1, lineColor=#ffffff, fillColor=#ffffff, vertices=[[-0.075,-0.075],[0.075,-0.075],[0.075,0.075],[-0.~, closeShape=true, contrast=1, depth=-1, interpolate=true, width=0.15, height=0.15 )
7.618114999961108	EXP	Created trialFix = TextStim( name=trialFix, win=Window( name=Window, fullscr=true, color=#808080, ~), autoDraw=null, autoLog=true, units=height, ori=null, opacity=1, pos=[0,0], size=undefined, text=+, font=Arial, color=#FFFFFF, contrast=1, height=0.05, bold=null, italic=null, alignHoriz=left, alignVert=center, wrapWidth=1, flipHoriz=null, flipVert=null )
7.61877999996068	EXP	Created thanks = TextStim( name=thanks, win=Window( name=Window, fullscr=true, color=#808080, ~), autoDraw=null, autoLog=true, units=height, ori=null, opacity=1, pos=[0,0], size=undefined, text=This is the end of the experiment.
Thank you for y~, font=Arial, color=#FFFFFF, contrast=1, height=0.05, bold=null, italic=null, alignHoriz=left, alignVert=center, wrapWidth=1, flipHoriz=null, flipVert=null )
7.66313000000082	EXP	instr1: units = "height"
7.66313000000082	EXP	instr1: ori = 0
7.66313000000082	EXP	instr1: opacity = 1
7.66313000000082	EXP	instr1: pos = [0,0]
7.66313000000082	EXP	instr1: size = undefined
7.66313000000082	EXP	instr1: text = "In this task you will be required to press space if the white square appeared in the same location as the location on the last trial. For example if the square was in the left down corner on trial 1 and then it appeared in the same location on trial 2, press space. Otherwise, do not respond. Press 's' to continue."
7.66313000000082	EXP	instr1: font = "Arial"
7.66313000000082	EXP	instr1: color = {"_hex":"#FFFFFF","_rgb":[1,1,1]}
7.66313000000082	EXP	instr1: contrast = 1
7.66313000000082	EXP	instr1: height = 0.05
7.66313000000082	EXP	instr1: bold = false
7.66313000000082	EXP	instr1: italic = false
7.66313000000082	EXP	instr1: alignHoriz = "left"
7.66313000000082	EXP	instr1: alignVert = "center"
7.66313000000082	EXP	instr1: wrapWidth = 1
7.66313000000082	EXP	instr1: flipHoriz = false
7.66313000000082	EXP	instr1: flipVert = false
7.66313000000082	EXP	fix1: units = "height"
7.66313000000082	EXP	fix1: ori = 0
7.66313000000082	EXP	fix1: opacity = 1
7.66313000000082	EXP	fix1: pos = [0,0]
7.66313000000082	EXP	fix1: size = undefined
7.66313000000082	EXP	fix1: text = "+"
7.66313000000082	EXP	fix1: font = "Arial"
7.66313000000082	EXP	fix1: color = {"_hex":"#FFFFFF","_rgb":[1,1,1]}
7.66313000000082	EXP	fix1: contrast = 1
7.66313000000082	EXP	fix1: height = 0.05
7.66313000000082	EXP	fix1: bold = false
7.66313000000082	EXP	fix1: italic = false
7.66313000000082	EXP	fix1: alignHoriz = "left"
7.66313000000082	EXP	fix1: alignVert = "center"
7.66313000000082	EXP	fix1: wrapWidth = 1
7.66313000000082	EXP	fix1: flipHoriz = false
7.66313000000082	EXP	fix1: flipVert = false
7.66313000000082	EXP	trialGrid: units = "height"
7.66313000000082	EXP	trialGrid: ori = 0
7.66313000000082	EXP	trialGrid: opacity = 1
7.66313000000082	EXP	trialGrid: pos = [0,0]
7.66313000000082	EXP	trialGrid: size = [0.6,0.6]
7.66313000000082	EXP	trialGrid: image = {}
7.66313000000082	EXP	trialGrid: mask = undefined
7.66313000000082	EXP	trialGrid: color = {"_rgb":[1,1,1]}
7.66313000000082	EXP	trialGrid: contrast = 1
7.66313000000082	EXP	trialGrid: texRes = 128
7.66313000000082	EXP	trialGrid: interpolate = true
7.66313000000082	EXP	trialGrid: depth = 0
7.66313000000082	EXP	trialGrid: flipHoriz = false
7.66313000000082	EXP	trialGrid: flipVert = false
7.66313000000082	EXP	trialSquare: units = "height"
7.66313000000082	EXP	trialSquare: ori = 0
7.66313000000082	EXP	trialSquare: opacity = 1
7.66313000000082	EXP	trialSquare: pos = [0,0]
7.66313000000082	EXP	trialSquare: size = [1,1]
7.66313000000082	EXP	trialSquare: lineWidth = 1
7.66313000000082	EXP	trialSquare: lineColor = {"_rgb":[1,1,1]}
7.66313000000082	EXP	trialSquare: fillColor = {"_rgb":[1,1,1]}
7.66313000000082	EXP	trialSquare: vertices = [[-0.5,0],[0,0.5],[0.5,0]]
7.66313000000082	EXP	trialSquare: closeShape = true
7.66313000000082	EXP	trialSquare: contrast = 1
7.66313000000082	EXP	trialSquare: depth = -1
7.66313000000082	EXP	trialSquare: interpolate = true
7.66313000000082	EXP	trialSquare: width = 0.15
7.66313000000082	EXP	trialSquare: vertices = [[-0.075,null],[0.075,null],[0.075,null],[-0.075,null]]
7.66313000000082	EXP	trialSquare: height = 0.15
7.66313000000082	EXP	trialSquare: vertices = [[-0.075,-0.075],[0.075,-0.075],[0.075,0.075],[-0.075,0.075]]
7.66313000000082	EXP	trialSquare: vertices = [[-0.075,-0.075],[0.075,-0.075],[0.075,0.075],[-0.075,0.075]]
7.66313000000082	EXP	trialFix: units = "height"
7.66313000000082	EXP	trialFix: ori = 0
7.66313000000082	EXP	trialFix: opacity = 1
7.66313000000082	EXP	trialFix: pos = [0,0]
7.66313000000082	EXP	trialFix: size = undefined
7.66313000000082	EXP	trialFix: text = "+"
7.66313000000082	EXP	trialFix: font = "Arial"
7.66313000000082	EXP	trialFix: color = {"_hex":"#FFFFFF","_rgb":[1,1,1]}
7.66313000000082	EXP	trialFix: contrast = 1
7.66313000000082	EXP	trialFix: height = 0.05
7.66313000000082	EXP	trialFix: bold = false
7.66313000000082	EXP	trialFix: italic = false
7.66313000000082	EXP	trialFix: alignHoriz = "left"
7.66313000000082	EXP	trialFix: alignVert = "center"
7.66313000000082	EXP	trialFix: wrapWidth = 1
7.66313000000082	EXP	trialFix: flipHoriz = false
7.66313000000082	EXP	trialFix: flipVert = false
7.66313000000082	EXP	instr2: units = "height"
7.66313000000082	EXP	instr2: ori = 0
7.66313000000082	EXP	instr2: opacity = 1
7.66313000000082	EXP	instr2: pos = [0,0]
7.66313000000082	EXP	instr2: size = undefined
7.66313000000082	EXP	instr2: text = "This is the end of N-back-1 trials. You are about to start N-back-2 trials. This means that instead of pressing space whenever the square appears in the same position as on the position on one trial before, you are required to press space whenever the square appears in the same position as on the position two trials before. For example if the square appeared in left down corner on trial 1, you should press space if the square appears in the left down corner on trial 3. Press 's' to continue."
7.66313000000082	EXP	instr2: font = "Arial"
7.66313000000082	EXP	instr2: color = {"_hex":"#FFFFFF","_rgb":[1,1,1]}
7.66313000000082	EXP	instr2: contrast = 1
7.66313000000082	EXP	instr2: height = 0.05
7.66313000000082	EXP	instr2: bold = false
7.66313000000082	EXP	instr2: italic = false
7.66313000000082	EXP	instr2: alignHoriz = "left"
7.66313000000082	EXP	instr2: alignVert = "center"
7.66313000000082	EXP	instr2: wrapWidth = 1
7.66313000000082	EXP	instr2: flipHoriz = false
7.66313000000082	EXP	instr2: flipVert = false
7.66313000000082	EXP	fix2: units = "height"
7.66313000000082	EXP	fix2: ori = 0
7.66313000000082	EXP	fix2: opacity = 1
7.66313000000082	EXP	fix2: pos = [0,0]
7.66313000000082	EXP	fix2: size = undefined
7.66313000000082	EXP	fix2: text = "+"
7.66313000000082	EXP	fix2: font = "Arial"
7.66313000000082	EXP	fix2: color = {"_hex":"#FFFFFF","_rgb":[1,1,1]}
7.66313000000082	EXP	fix2: contrast = 1
7.66313000000082	EXP	fix2: height = 0.05
7.66313000000082	EXP	fix2: bold = false
7.66313000000082	EXP	fix2: italic = false
7.66313000000082	EXP	fix2: alignHoriz = "left"
7.66313000000082	EXP	fix2: alignVert = "center"
7.66313000000082	EXP	fix2: wrapWidth = 1
7.66313000000082	EXP	fix2: flipHoriz = false
7.66313000000082	EXP	fix2: flipVert = false
7.66313000000082	EXP	trialGrid: units = "height"
7.66313000000082	EXP	trialGrid: ori = 0
7.66313000000082	EXP	trialGrid: opacity = 1
7.66313000000082	EXP	trialGrid: pos = [0,0]
7.66313000000082	EXP	trialGrid: size = [0.6,0.6]
7.66313000000082	EXP	trialGrid: image = {}
7.66313000000082	EXP	trialGrid: mask = undefined
7.66313000000082	EXP	trialGrid: color = {"_rgb":[1,1,1]}
7.66313000000082	EXP	trialGrid: contrast = 1
7.66313000000082	EXP	trialGrid: texRes = 128
7.66313000000082	EXP	trialGrid: interpolate = true
7.66313000000082	EXP	trialGrid: depth = 0
7.66313000000082	EXP	trialGrid: flipHoriz = false
7.66313000000082	EXP	trialGrid: flipVert = false
7.66313000000082	EXP	trialSquare: units = "height"
7.66313000000082	EXP	trialSquare: ori = 0
7.66313000000082	EXP	trialSquare: opacity = 1
7.66313000000082	EXP	trialSquare: pos = [0,0]
7.66313000000082	EXP	trialSquare: size = [1,1]
7.66313000000082	EXP	trialSquare: lineWidth = 1
7.66313000000082	EXP	trialSquare: lineColor = {"_rgb":[1,1,1]}
7.66313000000082	EXP	trialSquare: fillColor = {"_rgb":[1,1,1]}
7.66313000000082	EXP	trialSquare: vertices = [[-0.5,0],[0,0.5],[0.5,0]]
7.66313000000082	EXP	trialSquare: closeShape = true
7.66313000000082	EXP	trialSquare: contrast = 1
7.66313000000082	EXP	trialSquare: depth = -1
7.66313000000082	EXP	trialSquare: interpolate = true
7.66313000000082	EXP	trialSquare: width = 0.15
7.66313000000082	EXP	trialSquare: vertices = [[-0.075,null],[0.075,null],[0.075,null],[-0.075,null]]
7.66313000000082	EXP	trialSquare: height = 0.15
7.66313000000082	EXP	trialSquare: vertices = [[-0.075,-0.075],[0.075,-0.075],[0.075,0.075],[-0.075,0.075]]
7.66313000000082	EXP	trialSquare: vertices = [[-0.075,-0.075],[0.075,-0.075],[0.075,0.075],[-0.075,0.075]]
7.66313000000082	EXP	trialFix: units = "height"
7.66313000000082	EXP	trialFix: ori = 0
7.66313000000082	EXP	trialFix: opacity = 1
7.66313000000082	EXP	trialFix: pos = [0,0]
7.66313000000082	EXP	trialFix: size = undefined
7.66313000000082	EXP	trialFix: text = "+"
7.66313000000082	EXP	trialFix: font = "Arial"
7.66313000000082	EXP	trialFix: color = {"_hex":"#FFFFFF","_rgb":[1,1,1]}
7.66313000000082	EXP	trialFix: contrast = 1
7.66313000000082	EXP	trialFix: height = 0.05
7.66313000000082	EXP	trialFix: bold = false
7.66313000000082	EXP	trialFix: italic = false
7.66313000000082	EXP	trialFix: alignHoriz = "left"
7.66313000000082	EXP	trialFix: alignVert = "center"
7.66313000000082	EXP	trialFix: wrapWidth = 1
7.66313000000082	EXP	trialFix: flipHoriz = false
7.66313000000082	EXP	trialFix: flipVert = false
7.66313000000082	EXP	instr3: units = "height"
7.66313000000082	EXP	instr3: ori = 0
7.66313000000082	EXP	instr3: opacity = 1
7.66313000000082	EXP	instr3: pos = [0,0]
7.66313000000082	EXP	instr3: size = undefined
7.66313000000082	EXP	instr3: text = "This is the end of N-back-2 trials. You are about to start N-back-3 trials. This means that instead of pressing space whenever the square appears in the same position as on the position on two trials before, you are required to press space whenever the square appears in the same position as on the position three trials before. For example if the square appeared in left down corner on trial 1, you should press space if the square appears in the left down corner on trial 4. Press 's' to continue."
7.66313000000082	EXP	instr3: font = "Arial"
7.66313000000082	EXP	instr3: color = {"_hex":"#FFFFFF","_rgb":[1,1,1]}
7.66313000000082	EXP	instr3: contrast = 1
7.66313000000082	EXP	instr3: height = 0.05
7.66313000000082	EXP	instr3: bold = false
7.66313000000082	EXP	instr3: italic = false
7.66313000000082	EXP	instr3: alignHoriz = "left"
7.66313000000082	EXP	instr3: alignVert = "center"
7.66313000000082	EXP	instr3: wrapWidth = 1
7.66313000000082	EXP	instr3: flipHoriz = false
7.66313000000082	EXP	instr3: flipVert = false
7.66313000000082	EXP	fix3: units = "height"
7.66313000000082	EXP	fix3: ori = 0
7.66313000000082	EXP	fix3: opacity = 1
7.66313000000082	EXP	fix3: pos = [0,0]
7.66313000000082	EXP	fix3: size = undefined
7.66313000000082	EXP	fix3: text = "+"
7.66313000000082	EXP	fix3: font = "Arial"
7.66313000000082	EXP	fix3: color = {"_hex":"#FFFFFF","_rgb":[1,1,1]}
7.66313000000082	EXP	fix3: contrast = 1
7.66313000000082	EXP	fix3: height = 0.05
7.66313000000082	EXP	fix3: bold = false
7.66313000000082	EXP	fix3: italic = false
7.66313000000082	EXP	fix3: alignHoriz = "left"
7.66313000000082	EXP	fix3: alignVert = "center"
7.66313000000082	EXP	fix3: wrapWidth = 1
7.66313000000082	EXP	fix3: flipHoriz = false
7.66313000000082	EXP	fix3: flipVert = false
7.66313000000082	EXP	trialGrid: units = "height"
7.66313000000082	EXP	trialGrid: ori = 0
7.66313000000082	EXP	trialGrid: opacity = 1
7.66313000000082	EXP	trialGrid: pos = [0,0]
7.66313000000082	EXP	trialGrid: size = [0.6,0.6]
7.66313000000082	EXP	trialGrid: image = {}
7.66313000000082	EXP	trialGrid: mask = undefined
7.66313000000082	EXP	trialGrid: color = {"_rgb":[1,1,1]}
7.66313000000082	EXP	trialGrid: contrast = 1
7.66313000000082	EXP	trialGrid: texRes = 128
7.66313000000082	EXP	trialGrid: interpolate = true
7.66313000000082	EXP	trialGrid: depth = 0
7.66313000000082	EXP	trialGrid: flipHoriz = false
7.66313000000082	EXP	trialGrid: flipVert = false
7.66313000000082	EXP	trialSquare: units = "height"
7.66313000000082	EXP	trialSquare: ori = 0
7.66313000000082	EXP	trialSquare: opacity = 1
7.66313000000082	EXP	trialSquare: pos = [0,0]
7.66313000000082	EXP	trialSquare: size = [1,1]
7.66313000000082	EXP	trialSquare: lineWidth = 1
7.66313000000082	EXP	trialSquare: lineColor = {"_rgb":[1,1,1]}
7.66313000000082	EXP	trialSquare: fillColor = {"_rgb":[1,1,1]}
7.66313000000082	EXP	trialSquare: vertices = [[-0.5,0],[0,0.5],[0.5,0]]
7.66313000000082	EXP	trialSquare: closeShape = true
7.66313000000082	EXP	trialSquare: contrast = 1
7.66313000000082	EXP	trialSquare: depth = -1
7.66313000000082	EXP	trialSquare: interpolate = true
7.66313000000082	EXP	trialSquare: width = 0.15
7.66313000000082	EXP	trialSquare: vertices = [[-0.075,null],[0.075,null],[0.075,null],[-0.075,null]]
7.66313000000082	EXP	trialSquare: height = 0.15
7.66313000000082	EXP	trialSquare: vertices = [[-0.075,-0.075],[0.075,-0.075],[0.075,0.075],[-0.075,0.075]]
7.66313000000082	EXP	trialSquare: vertices = [[-0.075,-0.075],[0.075,-0.075],[0.075,0.075],[-0.075,0.075]]
7.66313000000082	EXP	trialFix: units = "height"
7.66313000000082	EXP	trialFix: ori = 0
7.66313000000082	EXP	trialFix: opacity = 1
7.66313000000082	EXP	trialFix: pos = [0,0]
7.66313000000082	EXP	trialFix: size = undefined
7.66313000000082	EXP	trialFix: text = "+"
7.66313000000082	EXP	trialFix: font = "Arial"
7.66313000000082	EXP	trialFix: color = {"_hex":"#FFFFFF","_rgb":[1,1,1]}
7.66313000000082	EXP	trialFix: contrast = 1
7.66313000000082	EXP	trialFix: height = 0.05
7.66313000000082	EXP	trialFix: bold = false
7.66313000000082	EXP	trialFix: italic = false
7.66313000000082	EXP	trialFix: alignHoriz = "left"
7.66313000000082	EXP	trialFix: alignVert = "center"
7.66313000000082	EXP	trialFix: wrapWidth = 1
7.66313000000082	EXP	trialFix: flipHoriz = false
7.66313000000082	EXP	trialFix: flipVert = false
7.66313000000082	EXP	thanks: units = "height"
7.66313000000082	EXP	thanks: ori = 0
7.66313000000082	EXP	thanks: opacity = 1
7.66313000000082	EXP	thanks: pos = [0,0]
7.66313000000082	EXP	thanks: size = undefined
7.66313000000082	EXP	thanks: text = "This is the end of the experiment.\nThank you for your time."
7.66313000000082	EXP	thanks: font = "Arial"
7.66313000000082	EXP	thanks: color = {"_hex":"#FFFFFF","_rgb":[1,1,1]}
7.66313000000082	EXP	thanks: contrast = 1
7.66313000000082	EXP	thanks: height = 0.05
7.66313000000082	EXP	thanks: bold = false
7.66313000000082	EXP	thanks: italic = false
7.66313000000082	EXP	thanks: alignHoriz = "left"
7.66313000000082	EXP	thanks: alignVert = "center"
7.66313000000082	EXP	thanks: wrapWidth = 1
7.66313000000082	EXP	thanks: flipHoriz = false
7.66313000000082	EXP	thanks: flipVert = false
7.66313000000082	EXP	instr1: autoDraw = true
9.113535000011325	DATA	Mouse: 0 button down, pos=(1130,786)
9.23534999997355	DATA	Mouse: 0 button down, pos=(1130,786)
11.337824999995064	DATA	Keydown: s
11.35555999999633	EXP	instr1: autoDraw = false
11.35555999999633	EXP	fix1: autoDraw = true
12.459570000006352	EXP	fix1: autoDraw = false
12.459570000006352	EXP	fix1: autoDraw = false
12.459570000006352	EXP	trialSquare: pos = [0.2,0]
12.459570000006352	EXP	trialGrid: autoDraw = true
12.459570000006352	EXP	trialSquare: autoDraw = true
13.389804999984335	EXP	trialSquare: autoDraw = false
13.406814999994822	EXP	trialFix: autoDraw = true
14.358369999972638	EXP	trialGrid: autoDraw = false
14.358369999972638	EXP	trialSquare: autoDraw = false
14.358369999972638	EXP	trialFix: autoDraw = false
14.358369999972638	EXP	trialSquare: pos = [0.2,0]
14.358369999972638	EXP	trialGrid: autoDraw = true
14.358369999972638	EXP	trialSquare: autoDraw = true
14.792859999986831	DATA	Keydown: Escape
15.897534999996424	DATA	Keydown: Escape
