0.08000000000000007	EXP	Created Window = Window( name=Window, fullscr=true, color=#808080, units=height, waitBlanking=true, autoLog=true, size=[1402,939] )
10.891	DATA	Keydown: v
10.916	DATA	Keydown: d
10.923	DATA	Keydown: s
11.075000000000001	DATA	Keydown: f
11.132000000000001	DATA	Keydown: s
11.148000000000001	DATA	Keydown: d
12.873000000000001	EXP	Created instr1 = TextStim( name=instr1, win=Window( name=Window, fullscr=true, color=#808080, ~), autoDraw=null, autoLog=true, units=height, ori=null, opacity=1, pos=[0,0], size=undefined, text=In this task you will be required to press space i~, font=Arial, color=#FFFFFF, contrast=1, height=0.05, bold=null, italic=null, alignHoriz=left, alignVert=center, wrapWidth=1, flipHoriz=null, flipVert=null )
12.875	EXP	Created fix1 = TextStim( name=fix1, win=Window( name=Window, fullscr=true, color=#808080, ~), autoDraw=null, autoLog=true, units=height, ori=null, opacity=1, pos=[0,0], size=undefined, text=+, font=Arial, color=#FFFFFF, contrast=1, height=0.05, bold=null, italic=null, alignHoriz=left, alignVert=center, wrapWidth=1, flipHoriz=null, flipVert=null )
12.877	EXP	Created trialGrid = ImageStim( name=trialGrid, win=Window( name=Window, fullscr=true, color=#808080, ~), autoDraw=null, autoLog=true, units=height, ori=null, opacity=1, pos=[0,0], size=[0.6,0.6], image={}, mask=undefined, color=#ffffff, contrast=1, texRes=128, interpolate=true, depth=null, flipHoriz=null, flipVert=null )
12.878	EXP	Created trialSquare = Rect( name=trialSquare, win=Window( name=Window, fullscr=true, color=#808080, ~), autoDraw=null, autoLog=true, units=height, ori=null, opacity=1, pos=[0,0], size=[1,1], lineWidth=1, lineColor=#ffffff, fillColor=#ffffff, vertices=[[-0.075,-0.075],[0.075,-0.075],[0.075,0.075],[-0.~, closeShape=true, contrast=1, depth=-1, interpolate=true, width=0.15, height=0.15 )
12.879000000000001	EXP	Created trialFix = TextStim( name=trialFix, win=Window( name=Window, fullscr=true, color=#808080, ~), autoDraw=null, autoLog=true, units=height, ori=null, opacity=1, pos=[0,0], size=undefined, text=+, font=Arial, color=#FFFFFF, contrast=1, height=0.05, bold=null, italic=null, alignHoriz=left, alignVert=center, wrapWidth=1, flipHoriz=null, flipVert=null )
12.88	EXP	Created instr2 = TextStim( name=instr2, win=Window( name=Window, fullscr=true, color=#808080, ~), autoDraw=null, autoLog=true, units=height, ori=null, opacity=1, pos=[0,0], size=undefined, text=This is the end of N-back-1 trials. You are about ~, font=Arial, color=#FFFFFF, contrast=1, height=0.05, bold=null, italic=null, alignHoriz=left, alignVert=center, wrapWidth=1, flipHoriz=null, flipVert=null )
12.88	EXP	Created fix2 = TextStim( name=fix2, win=Window( name=Window, fullscr=true, color=#808080, ~), autoDraw=null, autoLog=true, units=height, ori=null, opacity=1, pos=[0,0], size=undefined, text=+, font=Arial, color=#FFFFFF, contrast=1, height=0.05, bold=null, italic=null, alignHoriz=left, alignVert=center, wrapWidth=1, flipHoriz=null, flipVert=null )
12.881	EXP	Created trialGrid = ImageStim( name=trialGrid, win=Window( name=Window, fullscr=true, color=#808080, ~), autoDraw=null, autoLog=true, units=height, ori=null, opacity=1, pos=[0,0], size=[0.6,0.6], image={}, mask=undefined, color=#ffffff, contrast=1, texRes=128, interpolate=true, depth=null, flipHoriz=null, flipVert=null )
12.882000000000001	EXP	Created trialSquare = Rect( name=trialSquare, win=Window( name=Window, fullscr=true, color=#808080, ~), autoDraw=null, autoLog=true, units=height, ori=null, opacity=1, pos=[0,0], size=[1,1], lineWidth=1, lineColor=#ffffff, fillColor=#ffffff, vertices=[[-0.075,-0.075],[0.075,-0.075],[0.075,0.075],[-0.~, closeShape=true, contrast=1, depth=-1, interpolate=true, width=0.15, height=0.15 )
12.882000000000001	EXP	Created trialFix = TextStim( name=trialFix, win=Window( name=Window, fullscr=true, color=#808080, ~), autoDraw=null, autoLog=true, units=height, ori=null, opacity=1, pos=[0,0], size=undefined, text=+, font=Arial, color=#FFFFFF, contrast=1, height=0.05, bold=null, italic=null, alignHoriz=left, alignVert=center, wrapWidth=1, flipHoriz=null, flipVert=null )
12.883000000000001	EXP	Created instr3 = TextStim( name=instr3, win=Window( name=Window, fullscr=true, color=#808080, ~), autoDraw=null, autoLog=true, units=height, ori=null, opacity=1, pos=[0,0], size=undefined, text=This is the end of N-back-2 trials. You are about ~, font=Arial, color=#FFFFFF, contrast=1, height=0.05, bold=null, italic=null, alignHoriz=left, alignVert=center, wrapWidth=1, flipHoriz=null, flipVert=null )
12.883000000000001	EXP	Created fix3 = TextStim( name=fix3, win=Window( name=Window, fullscr=true, color=#808080, ~), autoDraw=null, autoLog=true, units=height, ori=null, opacity=1, pos=[0,0], size=undefined, text=+, font=Arial, color=#FFFFFF, contrast=1, height=0.05, bold=null, italic=null, alignHoriz=left, alignVert=center, wrapWidth=1, flipHoriz=null, flipVert=null )
12.884	EXP	Created trialGrid = ImageStim( name=trialGrid, win=Window( name=Window, fullscr=true, color=#808080, ~), autoDraw=null, autoLog=true, units=height, ori=null, opacity=1, pos=[0,0], size=[0.6,0.6], image={}, mask=undefined, color=#ffffff, contrast=1, texRes=128, interpolate=true, depth=null, flipHoriz=null, flipVert=null )
12.884	EXP	Created trialSquare = Rect( name=trialSquare, win=Window( name=Window, fullscr=true, color=#808080, ~), autoDraw=null, autoLog=true, units=height, ori=null, opacity=1, pos=[0,0], size=[1,1], lineWidth=1, lineColor=#ffffff, fillColor=#ffffff, vertices=[[-0.075,-0.075],[0.075,-0.075],[0.075,0.075],[-0.~, closeShape=true, contrast=1, depth=-1, interpolate=true, width=0.15, height=0.15 )
12.885	EXP	Created trialFix = TextStim( name=trialFix, win=Window( name=Window, fullscr=true, color=#808080, ~), autoDraw=null, autoLog=true, units=height, ori=null, opacity=1, pos=[0,0], size=undefined, text=+, font=Arial, color=#FFFFFF, contrast=1, height=0.05, bold=null, italic=null, alignHoriz=left, alignVert=center, wrapWidth=1, flipHoriz=null, flipVert=null )
12.885	EXP	Created thanks = TextStim( name=thanks, win=Window( name=Window, fullscr=true, color=#808080, ~), autoDraw=null, autoLog=true, units=height, ori=null, opacity=1, pos=[0,0], size=undefined, text=This is the end of the experiment.
Thank you for y~, font=Arial, color=#FFFFFF, contrast=1, height=0.05, bold=null, italic=null, alignHoriz=left, alignVert=center, wrapWidth=1, flipHoriz=null, flipVert=null )
12.924	EXP	instr1: units = "height"
12.924	EXP	instr1: ori = 0
12.924	EXP	instr1: opacity = 1
12.924	EXP	instr1: pos = [0,0]
12.924	EXP	instr1: size = undefined
12.924	EXP	instr1: text = "In this task you will be required to press space if the white square appeared in the same location as the location on the last trial. For example if the square was in the left down corner on trial 1 and then it appeared in the same location on trial 2, press space. Otherwise, do not respond. Press 's' to continue."
12.924	EXP	instr1: font = "Arial"
12.924	EXP	instr1: color = {"_hex":"#FFFFFF","_rgb":[1,1,1]}
12.924	EXP	instr1: contrast = 1
12.924	EXP	instr1: height = 0.05
12.924	EXP	instr1: bold = false
12.924	EXP	instr1: italic = false
12.924	EXP	instr1: alignHoriz = "left"
12.924	EXP	instr1: alignVert = "center"
12.924	EXP	instr1: wrapWidth = 1
12.924	EXP	instr1: flipHoriz = false
12.924	EXP	instr1: flipVert = false
12.924	EXP	fix1: units = "height"
12.924	EXP	fix1: ori = 0
12.924	EXP	fix1: opacity = 1
12.924	EXP	fix1: pos = [0,0]
12.924	EXP	fix1: size = undefined
12.924	EXP	fix1: text = "+"
12.924	EXP	fix1: font = "Arial"
12.924	EXP	fix1: color = {"_hex":"#FFFFFF","_rgb":[1,1,1]}
12.924	EXP	fix1: contrast = 1
12.924	EXP	fix1: height = 0.05
12.924	EXP	fix1: bold = false
12.924	EXP	fix1: italic = false
12.924	EXP	fix1: alignHoriz = "left"
12.924	EXP	fix1: alignVert = "center"
12.924	EXP	fix1: wrapWidth = 1
12.924	EXP	fix1: flipHoriz = false
12.924	EXP	fix1: flipVert = false
12.924	EXP	trialGrid: units = "height"
12.924	EXP	trialGrid: ori = 0
12.924	EXP	trialGrid: opacity = 1
12.924	EXP	trialGrid: pos = [0,0]
12.924	EXP	trialGrid: size = [0.6,0.6]
12.924	EXP	trialGrid: image = {}
12.924	EXP	trialGrid: mask = undefined
12.924	EXP	trialGrid: color = {"_rgb":[1,1,1]}
12.924	EXP	trialGrid: contrast = 1
12.924	EXP	trialGrid: texRes = 128
12.924	EXP	trialGrid: interpolate = true
12.924	EXP	trialGrid: depth = 0
12.924	EXP	trialGrid: flipHoriz = false
12.924	EXP	trialGrid: flipVert = false
12.924	EXP	trialSquare: units = "height"
12.924	EXP	trialSquare: ori = 0
12.924	EXP	trialSquare: opacity = 1
12.924	EXP	trialSquare: pos = [0,0]
12.924	EXP	trialSquare: size = [1,1]
12.924	EXP	trialSquare: lineWidth = 1
12.924	EXP	trialSquare: lineColor = {"_rgb":[1,1,1]}
12.924	EXP	trialSquare: fillColor = {"_rgb":[1,1,1]}
12.924	EXP	trialSquare: vertices = [[-0.5,0],[0,0.5],[0.5,0]]
12.924	EXP	trialSquare: closeShape = true
12.924	EXP	trialSquare: contrast = 1
12.924	EXP	trialSquare: depth = -1
12.924	EXP	trialSquare: interpolate = true
12.924	EXP	trialSquare: width = 0.15
12.924	EXP	trialSquare: vertices = [[-0.075,null],[0.075,null],[0.075,null],[-0.075,null]]
12.924	EXP	trialSquare: height = 0.15
12.924	EXP	trialSquare: vertices = [[-0.075,-0.075],[0.075,-0.075],[0.075,0.075],[-0.075,0.075]]
12.924	EXP	trialSquare: vertices = [[-0.075,-0.075],[0.075,-0.075],[0.075,0.075],[-0.075,0.075]]
12.924	EXP	trialFix: units = "height"
12.924	EXP	trialFix: ori = 0
12.924	EXP	trialFix: opacity = 1
12.924	EXP	trialFix: pos = [0,0]
12.924	EXP	trialFix: size = undefined
12.924	EXP	trialFix: text = "+"
12.924	EXP	trialFix: font = "Arial"
12.924	EXP	trialFix: color = {"_hex":"#FFFFFF","_rgb":[1,1,1]}
12.924	EXP	trialFix: contrast = 1
12.924	EXP	trialFix: height = 0.05
12.924	EXP	trialFix: bold = false
12.924	EXP	trialFix: italic = false
12.924	EXP	trialFix: alignHoriz = "left"
12.924	EXP	trialFix: alignVert = "center"
12.924	EXP	trialFix: wrapWidth = 1
12.924	EXP	trialFix: flipHoriz = false
12.924	EXP	trialFix: flipVert = false
12.924	EXP	instr2: units = "height"
12.924	EXP	instr2: ori = 0
12.924	EXP	instr2: opacity = 1
12.924	EXP	instr2: pos = [0,0]
12.924	EXP	instr2: size = undefined
12.924	EXP	instr2: text = "This is the end of N-back-1 trials. You are about to start N-back-2 trials. This means that instead of pressing space whenever the square appears in the same position as on the position on one trial before, you are required to press space whenever the square appears in the same position as on the position two trials before. For example if the square appeared in left down corner on trial 1, you should press space if the square appears in the left down corner on trial 3. Press 's' to continue."
12.924	EXP	instr2: font = "Arial"
12.924	EXP	instr2: color = {"_hex":"#FFFFFF","_rgb":[1,1,1]}
12.924	EXP	instr2: contrast = 1
12.924	EXP	instr2: height = 0.05
12.924	EXP	instr2: bold = false
12.924	EXP	instr2: italic = false
12.924	EXP	instr2: alignHoriz = "left"
12.924	EXP	instr2: alignVert = "center"
12.924	EXP	instr2: wrapWidth = 1
12.924	EXP	instr2: flipHoriz = false
12.924	EXP	instr2: flipVert = false
12.924	EXP	fix2: units = "height"
12.924	EXP	fix2: ori = 0
12.924	EXP	fix2: opacity = 1
12.924	EXP	fix2: pos = [0,0]
12.924	EXP	fix2: size = undefined
12.924	EXP	fix2: text = "+"
12.924	EXP	fix2: font = "Arial"
12.924	EXP	fix2: color = {"_hex":"#FFFFFF","_rgb":[1,1,1]}
12.924	EXP	fix2: contrast = 1
12.924	EXP	fix2: height = 0.05
12.924	EXP	fix2: bold = false
12.924	EXP	fix2: italic = false
12.924	EXP	fix2: alignHoriz = "left"
12.924	EXP	fix2: alignVert = "center"
12.924	EXP	fix2: wrapWidth = 1
12.924	EXP	fix2: flipHoriz = false
12.924	EXP	fix2: flipVert = false
12.924	EXP	trialGrid: units = "height"
12.924	EXP	trialGrid: ori = 0
12.924	EXP	trialGrid: opacity = 1
12.924	EXP	trialGrid: pos = [0,0]
12.924	EXP	trialGrid: size = [0.6,0.6]
12.924	EXP	trialGrid: image = {}
12.924	EXP	trialGrid: mask = undefined
12.924	EXP	trialGrid: color = {"_rgb":[1,1,1]}
12.924	EXP	trialGrid: contrast = 1
12.924	EXP	trialGrid: texRes = 128
12.924	EXP	trialGrid: interpolate = true
12.924	EXP	trialGrid: depth = 0
12.924	EXP	trialGrid: flipHoriz = false
12.924	EXP	trialGrid: flipVert = false
12.924	EXP	trialSquare: units = "height"
12.924	EXP	trialSquare: ori = 0
12.924	EXP	trialSquare: opacity = 1
12.924	EXP	trialSquare: pos = [0,0]
12.924	EXP	trialSquare: size = [1,1]
12.924	EXP	trialSquare: lineWidth = 1
12.924	EXP	trialSquare: lineColor = {"_rgb":[1,1,1]}
12.924	EXP	trialSquare: fillColor = {"_rgb":[1,1,1]}
12.924	EXP	trialSquare: vertices = [[-0.5,0],[0,0.5],[0.5,0]]
12.924	EXP	trialSquare: closeShape = true
12.924	EXP	trialSquare: contrast = 1
12.924	EXP	trialSquare: depth = -1
12.924	EXP	trialSquare: interpolate = true
12.924	EXP	trialSquare: width = 0.15
12.924	EXP	trialSquare: vertices = [[-0.075,null],[0.075,null],[0.075,null],[-0.075,null]]
12.924	EXP	trialSquare: height = 0.15
12.924	EXP	trialSquare: vertices = [[-0.075,-0.075],[0.075,-0.075],[0.075,0.075],[-0.075,0.075]]
12.924	EXP	trialSquare: vertices = [[-0.075,-0.075],[0.075,-0.075],[0.075,0.075],[-0.075,0.075]]
12.924	EXP	trialFix: units = "height"
12.924	EXP	trialFix: ori = 0
12.924	EXP	trialFix: opacity = 1
12.924	EXP	trialFix: pos = [0,0]
12.924	EXP	trialFix: size = undefined
12.924	EXP	trialFix: text = "+"
12.924	EXP	trialFix: font = "Arial"
12.924	EXP	trialFix: color = {"_hex":"#FFFFFF","_rgb":[1,1,1]}
12.924	EXP	trialFix: contrast = 1
12.924	EXP	trialFix: height = 0.05
12.924	EXP	trialFix: bold = false
12.924	EXP	trialFix: italic = false
12.924	EXP	trialFix: alignHoriz = "left"
12.924	EXP	trialFix: alignVert = "center"
12.924	EXP	trialFix: wrapWidth = 1
12.924	EXP	trialFix: flipHoriz = false
12.924	EXP	trialFix: flipVert = false
12.924	EXP	instr3: units = "height"
12.924	EXP	instr3: ori = 0
12.924	EXP	instr3: opacity = 1
12.924	EXP	instr3: pos = [0,0]
12.924	EXP	instr3: size = undefined
12.924	EXP	instr3: text = "This is the end of N-back-2 trials. You are about to start N-back-3 trials. This means that instead of pressing space whenever the square appears in the same position as on the position on two trials before, you are required to press space whenever the square appears in the same position as on the position three trials before. For example if the square appeared in left down corner on trial 1, you should press space if the square appears in the left down corner on trial 4. Press 's' to continue."
12.924	EXP	instr3: font = "Arial"
12.924	EXP	instr3: color = {"_hex":"#FFFFFF","_rgb":[1,1,1]}
12.924	EXP	instr3: contrast = 1
12.924	EXP	instr3: height = 0.05
12.924	EXP	instr3: bold = false
12.924	EXP	instr3: italic = false
12.924	EXP	instr3: alignHoriz = "left"
12.924	EXP	instr3: alignVert = "center"
12.924	EXP	instr3: wrapWidth = 1
12.924	EXP	instr3: flipHoriz = false
12.924	EXP	instr3: flipVert = false
12.924	EXP	fix3: units = "height"
12.924	EXP	fix3: ori = 0
12.924	EXP	fix3: opacity = 1
12.924	EXP	fix3: pos = [0,0]
12.924	EXP	fix3: size = undefined
12.924	EXP	fix3: text = "+"
12.924	EXP	fix3: font = "Arial"
12.924	EXP	fix3: color = {"_hex":"#FFFFFF","_rgb":[1,1,1]}
12.924	EXP	fix3: contrast = 1
12.924	EXP	fix3: height = 0.05
12.924	EXP	fix3: bold = false
12.924	EXP	fix3: italic = false
12.924	EXP	fix3: alignHoriz = "left"
12.924	EXP	fix3: alignVert = "center"
12.924	EXP	fix3: wrapWidth = 1
12.924	EXP	fix3: flipHoriz = false
12.924	EXP	fix3: flipVert = false
12.924	EXP	trialGrid: units = "height"
12.924	EXP	trialGrid: ori = 0
12.924	EXP	trialGrid: opacity = 1
12.924	EXP	trialGrid: pos = [0,0]
12.924	EXP	trialGrid: size = [0.6,0.6]
12.924	EXP	trialGrid: image = {}
12.924	EXP	trialGrid: mask = undefined
12.924	EXP	trialGrid: color = {"_rgb":[1,1,1]}
12.924	EXP	trialGrid: contrast = 1
12.924	EXP	trialGrid: texRes = 128
12.924	EXP	trialGrid: interpolate = true
12.924	EXP	trialGrid: depth = 0
12.924	EXP	trialGrid: flipHoriz = false
12.924	EXP	trialGrid: flipVert = false
12.924	EXP	trialSquare: units = "height"
12.924	EXP	trialSquare: ori = 0
12.924	EXP	trialSquare: opacity = 1
12.924	EXP	trialSquare: pos = [0,0]
12.924	EXP	trialSquare: size = [1,1]
12.924	EXP	trialSquare: lineWidth = 1
12.924	EXP	trialSquare: lineColor = {"_rgb":[1,1,1]}
12.924	EXP	trialSquare: fillColor = {"_rgb":[1,1,1]}
12.924	EXP	trialSquare: vertices = [[-0.5,0],[0,0.5],[0.5,0]]
12.924	EXP	trialSquare: closeShape = true
12.924	EXP	trialSquare: contrast = 1
12.924	EXP	trialSquare: depth = -1
12.924	EXP	trialSquare: interpolate = true
12.924	EXP	trialSquare: width = 0.15
12.924	EXP	trialSquare: vertices = [[-0.075,null],[0.075,null],[0.075,null],[-0.075,null]]
12.924	EXP	trialSquare: height = 0.15
12.924	EXP	trialSquare: vertices = [[-0.075,-0.075],[0.075,-0.075],[0.075,0.075],[-0.075,0.075]]
12.924	EXP	trialSquare: vertices = [[-0.075,-0.075],[0.075,-0.075],[0.075,0.075],[-0.075,0.075]]
12.924	EXP	trialFix: units = "height"
12.924	EXP	trialFix: ori = 0
12.924	EXP	trialFix: opacity = 1
12.924	EXP	trialFix: pos = [0,0]
12.924	EXP	trialFix: size = undefined
12.924	EXP	trialFix: text = "+"
12.924	EXP	trialFix: font = "Arial"
12.924	EXP	trialFix: color = {"_hex":"#FFFFFF","_rgb":[1,1,1]}
12.924	EXP	trialFix: contrast = 1
12.924	EXP	trialFix: height = 0.05
12.924	EXP	trialFix: bold = false
12.924	EXP	trialFix: italic = false
12.924	EXP	trialFix: alignHoriz = "left"
12.924	EXP	trialFix: alignVert = "center"
12.924	EXP	trialFix: wrapWidth = 1
12.924	EXP	trialFix: flipHoriz = false
12.924	EXP	trialFix: flipVert = false
12.924	EXP	thanks: units = "height"
12.924	EXP	thanks: ori = 0
12.924	EXP	thanks: opacity = 1
12.924	EXP	thanks: pos = [0,0]
12.924	EXP	thanks: size = undefined
12.924	EXP	thanks: text = "This is the end of the experiment.\nThank you for your time."
12.924	EXP	thanks: font = "Arial"
12.924	EXP	thanks: color = {"_hex":"#FFFFFF","_rgb":[1,1,1]}
12.924	EXP	thanks: contrast = 1
12.924	EXP	thanks: height = 0.05
12.924	EXP	thanks: bold = false
12.924	EXP	thanks: italic = false
12.924	EXP	thanks: alignHoriz = "left"
12.924	EXP	thanks: alignVert = "center"
12.924	EXP	thanks: wrapWidth = 1
12.924	EXP	thanks: flipHoriz = false
12.924	EXP	thanks: flipVert = false
12.924	EXP	instr1: autoDraw = true
16.862	DATA	Mouse: 0 button down, pos=(600,575)
16.971	DATA	Mouse: 0 button down, pos=(600,575)
17.195	DATA	Mouse: 2 button down, pos=(602,569)
19.236	DATA	Keydown: s
19.256999999999998	EXP	instr1: autoDraw = false
19.256999999999998	EXP	fix1: autoDraw = true
20.349	EXP	fix1: autoDraw = false
20.349	EXP	fix1: autoDraw = false
20.349	EXP	trialSquare: pos = [0.2,0]
20.349	EXP	trialGrid: autoDraw = true
20.349	EXP	trialSquare: autoDraw = true
21.287	EXP	trialSquare: autoDraw = false
21.305999999999997	EXP	trialFix: autoDraw = true
21.33	DATA	Mouse: 0 button down, pos=(980,500)
22.273	EXP	trialGrid: autoDraw = false
22.273	EXP	trialSquare: autoDraw = false
22.273	EXP	trialFix: autoDraw = false
22.273	EXP	trialSquare: pos = [0.2,0]
22.273	EXP	trialGrid: autoDraw = true
22.273	EXP	trialSquare: autoDraw = true
22.721999999999998	DATA	Mouse: 0 button down, pos=(1107,506)
22.794	DATA	Mouse: 0 button down, pos=(1107,506)
23.122999999999998	DATA	Mouse: 0 button down, pos=(836,505)
23.194	DATA	Mouse: 0 button down, pos=(836,505)
23.269	EXP	trialSquare: autoDraw = false
23.285	EXP	trialFix: autoDraw = true
24.069	DATA	Keydown:  
24.272	EXP	trialGrid: autoDraw = false
24.272	EXP	trialFix: autoDraw = false
24.272	EXP	trialGrid: autoDraw = false
24.272	EXP	trialSquare: autoDraw = false
24.272	EXP	trialFix: autoDraw = false
24.272	EXP	trialSquare: pos = [0,0.2]
24.272	EXP	trialGrid: autoDraw = true
24.272	EXP	trialSquare: autoDraw = true
24.77	DATA	Keydown:  
25.269	EXP	trialSquare: autoDraw = false
25.285999999999998	EXP	trialFix: autoDraw = true
25.369999999999997	DATA	Keydown:  
25.898	DATA	Keydown:  
26.276999999999997	EXP	trialGrid: autoDraw = false
26.276999999999997	EXP	trialFix: autoDraw = false
26.276999999999997	EXP	trialGrid: autoDraw = false
26.276999999999997	EXP	trialSquare: autoDraw = false
26.276999999999997	EXP	trialFix: autoDraw = false
26.276999999999997	EXP	trialSquare: pos = [0.2,-0.2]
26.276999999999997	EXP	trialGrid: autoDraw = true
26.276999999999997	EXP	trialSquare: autoDraw = true
26.473	DATA	Keydown:  
26.746	DATA	Keydown:  
27.27	EXP	trialSquare: autoDraw = false
27.287	EXP	trialFix: autoDraw = true
27.403	DATA	Keydown: ArrowRight
27.410999999999998	DATA	Keydown: ArrowUp
27.497999999999998	DATA	Keydown: ArrowLeft
27.721999999999998	DATA	Keydown: ArrowRight
27.803	DATA	Keydown: ArrowUp
27.81	DATA	Keydown: ArrowLeft
27.93	DATA	Keydown:  
28.271	EXP	trialGrid: autoDraw = false
28.271	EXP	trialFix: autoDraw = false
28.271	EXP	trialGrid: autoDraw = false
28.271	EXP	trialSquare: autoDraw = false
28.271	EXP	trialFix: autoDraw = false
28.271	EXP	trialSquare: pos = [0.2,-0.2]
28.271	EXP	trialGrid: autoDraw = true
28.271	EXP	trialSquare: autoDraw = true
29.156	DATA	Keydown: Escape
29.307	DATA	Keydown: Escape
29.497999999999998	DATA	Keydown: Escape
29.65	DATA	Keydown: Escape
29.787	DATA	Keydown: Escape
31.409999999999997	DATA	Keydown: Meta
