0.18700000000000028	EXP	Created Window = Window( name=Window, fullscr=true, color=#808080, units=height, waitBlanking=true, autoLog=true, size=[1366,654] )
11.690000000000001	DATA	Keydown: Shift
11.746000000000002	DATA	Keydown: V
12.178	DATA	Keydown: i
12.417000000000002	DATA	Keydown: n
12.566000000000003	DATA	Keydown: a
12.662000000000003	DATA	Keydown: y
15.273	EXP	Created instr1 = TextStim( name=instr1, win=Window( name=Window, fullscr=true, color=#808080, ~), autoDraw=null, autoLog=true, units=height, ori=null, opacity=1, pos=[0,0], size=undefined, text=In this task you will be required to press space i~, font=Arial, color=#FFFFFF, contrast=1, height=0.05, bold=null, italic=null, alignHoriz=left, alignVert=center, wrapWidth=1, flipHoriz=null, flipVert=null )
15.280000000000001	EXP	Created fix1 = TextStim( name=fix1, win=Window( name=Window, fullscr=true, color=#808080, ~), autoDraw=null, autoLog=true, units=height, ori=null, opacity=1, pos=[0,0], size=undefined, text=+, font=Arial, color=#FFFFFF, contrast=1, height=0.05, bold=null, italic=null, alignHoriz=left, alignVert=center, wrapWidth=1, flipHoriz=null, flipVert=null )
15.285	EXP	Created trialGrid = ImageStim( name=trialGrid, win=Window( name=Window, fullscr=true, color=#808080, ~), autoDraw=null, autoLog=true, units=height, ori=null, opacity=1, pos=[0,0], size=[0.6,0.6], image={}, mask=undefined, color=#ffffff, contrast=1, texRes=128, interpolate=true, depth=null, flipHoriz=null, flipVert=null )
15.292000000000002	EXP	Created trialSquare = Rect( name=trialSquare, win=Window( name=Window, fullscr=true, color=#808080, ~), autoDraw=null, autoLog=true, units=height, ori=null, opacity=1, pos=[0,0], size=[1,1], lineWidth=1, lineColor=#ffffff, fillColor=#ffffff, vertices=[[-0.075,-0.075],[0.075,-0.075],[0.075,0.075],[-0.~, closeShape=true, contrast=1, depth=-1, interpolate=true, width=0.15, height=0.15 )
15.294	EXP	Created trialFix = TextStim( name=trialFix, win=Window( name=Window, fullscr=true, color=#808080, ~), autoDraw=null, autoLog=true, units=height, ori=null, opacity=1, pos=[0,0], size=undefined, text=+, font=Arial, color=#FFFFFF, contrast=1, height=0.05, bold=null, italic=null, alignHoriz=left, alignVert=center, wrapWidth=1, flipHoriz=null, flipVert=null )
15.296	EXP	Created instr2 = TextStim( name=instr2, win=Window( name=Window, fullscr=true, color=#808080, ~), autoDraw=null, autoLog=true, units=height, ori=null, opacity=1, pos=[0,0], size=undefined, text=This is the end of N-back-1 trials. You are about ~, font=Arial, color=#FFFFFF, contrast=1, height=0.05, bold=null, italic=null, alignHoriz=left, alignVert=center, wrapWidth=1, flipHoriz=null, flipVert=null )
15.297	EXP	Created fix2 = TextStim( name=fix2, win=Window( name=Window, fullscr=true, color=#808080, ~), autoDraw=null, autoLog=true, units=height, ori=null, opacity=1, pos=[0,0], size=undefined, text=+, font=Arial, color=#FFFFFF, contrast=1, height=0.05, bold=null, italic=null, alignHoriz=left, alignVert=center, wrapWidth=1, flipHoriz=null, flipVert=null )
15.301000000000002	EXP	Created trialGrid = ImageStim( name=trialGrid, win=Window( name=Window, fullscr=true, color=#808080, ~), autoDraw=null, autoLog=true, units=height, ori=null, opacity=1, pos=[0,0], size=[0.6,0.6], image={}, mask=undefined, color=#ffffff, contrast=1, texRes=128, interpolate=true, depth=null, flipHoriz=null, flipVert=null )
15.306000000000001	EXP	Created trialSquare = Rect( name=trialSquare, win=Window( name=Window, fullscr=true, color=#808080, ~), autoDraw=null, autoLog=true, units=height, ori=null, opacity=1, pos=[0,0], size=[1,1], lineWidth=1, lineColor=#ffffff, fillColor=#ffffff, vertices=[[-0.075,-0.075],[0.075,-0.075],[0.075,0.075],[-0.~, closeShape=true, contrast=1, depth=-1, interpolate=true, width=0.15, height=0.15 )
15.307000000000002	EXP	Created trialFix = TextStim( name=trialFix, win=Window( name=Window, fullscr=true, color=#808080, ~), autoDraw=null, autoLog=true, units=height, ori=null, opacity=1, pos=[0,0], size=undefined, text=+, font=Arial, color=#FFFFFF, contrast=1, height=0.05, bold=null, italic=null, alignHoriz=left, alignVert=center, wrapWidth=1, flipHoriz=null, flipVert=null )
15.309000000000001	EXP	Created instr3 = TextStim( name=instr3, win=Window( name=Window, fullscr=true, color=#808080, ~), autoDraw=null, autoLog=true, units=height, ori=null, opacity=1, pos=[0,0], size=undefined, text=This is the end of N-back-2 trials. You are about ~, font=Arial, color=#FFFFFF, contrast=1, height=0.05, bold=null, italic=null, alignHoriz=left, alignVert=center, wrapWidth=1, flipHoriz=null, flipVert=null )
15.311	EXP	Created fix3 = TextStim( name=fix3, win=Window( name=Window, fullscr=true, color=#808080, ~), autoDraw=null, autoLog=true, units=height, ori=null, opacity=1, pos=[0,0], size=undefined, text=+, font=Arial, color=#FFFFFF, contrast=1, height=0.05, bold=null, italic=null, alignHoriz=left, alignVert=center, wrapWidth=1, flipHoriz=null, flipVert=null )
15.313000000000002	EXP	Created trialGrid = ImageStim( name=trialGrid, win=Window( name=Window, fullscr=true, color=#808080, ~), autoDraw=null, autoLog=true, units=height, ori=null, opacity=1, pos=[0,0], size=[0.6,0.6], image={}, mask=undefined, color=#ffffff, contrast=1, texRes=128, interpolate=true, depth=null, flipHoriz=null, flipVert=null )
15.316000000000003	EXP	Created trialSquare = Rect( name=trialSquare, win=Window( name=Window, fullscr=true, color=#808080, ~), autoDraw=null, autoLog=true, units=height, ori=null, opacity=1, pos=[0,0], size=[1,1], lineWidth=1, lineColor=#ffffff, fillColor=#ffffff, vertices=[[-0.075,-0.075],[0.075,-0.075],[0.075,0.075],[-0.~, closeShape=true, contrast=1, depth=-1, interpolate=true, width=0.15, height=0.15 )
15.318000000000001	EXP	Created trialFix = TextStim( name=trialFix, win=Window( name=Window, fullscr=true, color=#808080, ~), autoDraw=null, autoLog=true, units=height, ori=null, opacity=1, pos=[0,0], size=undefined, text=+, font=Arial, color=#FFFFFF, contrast=1, height=0.05, bold=null, italic=null, alignHoriz=left, alignVert=center, wrapWidth=1, flipHoriz=null, flipVert=null )
15.319000000000003	EXP	Created thanks = TextStim( name=thanks, win=Window( name=Window, fullscr=true, color=#808080, ~), autoDraw=null, autoLog=true, units=height, ori=null, opacity=1, pos=[0,0], size=undefined, text=This is the end of the experiment.
Thank you for y~, font=Arial, color=#FFFFFF, contrast=1, height=0.05, bold=null, italic=null, alignHoriz=left, alignVert=center, wrapWidth=1, flipHoriz=null, flipVert=null )
15.36	EXP	instr1: units = "height"
15.36	EXP	instr1: ori = 0
15.36	EXP	instr1: opacity = 1
15.36	EXP	instr1: pos = [0,0]
15.36	EXP	instr1: size = undefined
15.36	EXP	instr1: text = "In this task you will be required to press space if the white square appeared in the same location as the location on the last trial. For example if the square was in the left down corner on trial 1 and then it appeared in the same location on trial 2, press space. Otherwise, do not respond. Press 's' to continue."
15.36	EXP	instr1: font = "Arial"
15.36	EXP	instr1: color = {"_hex":"#FFFFFF","_rgb":[1,1,1]}
15.36	EXP	instr1: contrast = 1
15.36	EXP	instr1: height = 0.05
15.36	EXP	instr1: bold = false
15.36	EXP	instr1: italic = false
15.36	EXP	instr1: alignHoriz = "left"
15.36	EXP	instr1: alignVert = "center"
15.36	EXP	instr1: wrapWidth = 1
15.36	EXP	instr1: flipHoriz = false
15.36	EXP	instr1: flipVert = false
15.36	EXP	fix1: units = "height"
15.36	EXP	fix1: ori = 0
15.36	EXP	fix1: opacity = 1
15.36	EXP	fix1: pos = [0,0]
15.36	EXP	fix1: size = undefined
15.36	EXP	fix1: text = "+"
15.36	EXP	fix1: font = "Arial"
15.36	EXP	fix1: color = {"_hex":"#FFFFFF","_rgb":[1,1,1]}
15.36	EXP	fix1: contrast = 1
15.36	EXP	fix1: height = 0.05
15.36	EXP	fix1: bold = false
15.36	EXP	fix1: italic = false
15.36	EXP	fix1: alignHoriz = "left"
15.36	EXP	fix1: alignVert = "center"
15.36	EXP	fix1: wrapWidth = 1
15.36	EXP	fix1: flipHoriz = false
15.36	EXP	fix1: flipVert = false
15.36	EXP	trialGrid: units = "height"
15.36	EXP	trialGrid: ori = 0
15.36	EXP	trialGrid: opacity = 1
15.36	EXP	trialGrid: pos = [0,0]
15.36	EXP	trialGrid: size = [0.6,0.6]
15.36	EXP	trialGrid: image = {}
15.36	EXP	trialGrid: mask = undefined
15.36	EXP	trialGrid: color = {"_rgb":[1,1,1]}
15.36	EXP	trialGrid: contrast = 1
15.36	EXP	trialGrid: texRes = 128
15.36	EXP	trialGrid: interpolate = true
15.36	EXP	trialGrid: depth = 0
15.36	EXP	trialGrid: flipHoriz = false
15.36	EXP	trialGrid: flipVert = false
15.36	EXP	trialSquare: units = "height"
15.36	EXP	trialSquare: ori = 0
15.36	EXP	trialSquare: opacity = 1
15.36	EXP	trialSquare: pos = [0,0]
15.36	EXP	trialSquare: size = [1,1]
15.36	EXP	trialSquare: lineWidth = 1
15.36	EXP	trialSquare: lineColor = {"_rgb":[1,1,1]}
15.36	EXP	trialSquare: fillColor = {"_rgb":[1,1,1]}
15.36	EXP	trialSquare: vertices = [[-0.5,0],[0,0.5],[0.5,0]]
15.36	EXP	trialSquare: closeShape = true
15.36	EXP	trialSquare: contrast = 1
15.36	EXP	trialSquare: depth = -1
15.36	EXP	trialSquare: interpolate = true
15.36	EXP	trialSquare: width = 0.15
15.36	EXP	trialSquare: vertices = [[-0.075,null],[0.075,null],[0.075,null],[-0.075,null]]
15.36	EXP	trialSquare: height = 0.15
15.36	EXP	trialSquare: vertices = [[-0.075,-0.075],[0.075,-0.075],[0.075,0.075],[-0.075,0.075]]
15.36	EXP	trialSquare: vertices = [[-0.075,-0.075],[0.075,-0.075],[0.075,0.075],[-0.075,0.075]]
15.36	EXP	trialFix: units = "height"
15.36	EXP	trialFix: ori = 0
15.36	EXP	trialFix: opacity = 1
15.36	EXP	trialFix: pos = [0,0]
15.36	EXP	trialFix: size = undefined
15.36	EXP	trialFix: text = "+"
15.36	EXP	trialFix: font = "Arial"
15.36	EXP	trialFix: color = {"_hex":"#FFFFFF","_rgb":[1,1,1]}
15.36	EXP	trialFix: contrast = 1
15.36	EXP	trialFix: height = 0.05
15.36	EXP	trialFix: bold = false
15.36	EXP	trialFix: italic = false
15.36	EXP	trialFix: alignHoriz = "left"
15.36	EXP	trialFix: alignVert = "center"
15.36	EXP	trialFix: wrapWidth = 1
15.36	EXP	trialFix: flipHoriz = false
15.36	EXP	trialFix: flipVert = false
15.36	EXP	instr2: units = "height"
15.36	EXP	instr2: ori = 0
15.36	EXP	instr2: opacity = 1
15.36	EXP	instr2: pos = [0,0]
15.36	EXP	instr2: size = undefined
15.36	EXP	instr2: text = "This is the end of N-back-1 trials. You are about to start N-back-2 trials. This means that instead of pressing space whenever the square appears in the same position as on the position on one trial before, you are required to press space whenever the square appears in the same position as on the position two trials before. For example if the square appeared in left down corner on trial 1, you should press space if the square appears in the left down corner on trial 3. Press 's' to continue."
15.36	EXP	instr2: font = "Arial"
15.36	EXP	instr2: color = {"_hex":"#FFFFFF","_rgb":[1,1,1]}
15.36	EXP	instr2: contrast = 1
15.36	EXP	instr2: height = 0.05
15.36	EXP	instr2: bold = false
15.36	EXP	instr2: italic = false
15.36	EXP	instr2: alignHoriz = "left"
15.36	EXP	instr2: alignVert = "center"
15.36	EXP	instr2: wrapWidth = 1
15.36	EXP	instr2: flipHoriz = false
15.36	EXP	instr2: flipVert = false
15.36	EXP	fix2: units = "height"
15.36	EXP	fix2: ori = 0
15.36	EXP	fix2: opacity = 1
15.36	EXP	fix2: pos = [0,0]
15.36	EXP	fix2: size = undefined
15.36	EXP	fix2: text = "+"
15.36	EXP	fix2: font = "Arial"
15.36	EXP	fix2: color = {"_hex":"#FFFFFF","_rgb":[1,1,1]}
15.36	EXP	fix2: contrast = 1
15.36	EXP	fix2: height = 0.05
15.36	EXP	fix2: bold = false
15.36	EXP	fix2: italic = false
15.36	EXP	fix2: alignHoriz = "left"
15.36	EXP	fix2: alignVert = "center"
15.36	EXP	fix2: wrapWidth = 1
15.36	EXP	fix2: flipHoriz = false
15.36	EXP	fix2: flipVert = false
15.36	EXP	trialGrid: units = "height"
15.36	EXP	trialGrid: ori = 0
15.36	EXP	trialGrid: opacity = 1
15.36	EXP	trialGrid: pos = [0,0]
15.36	EXP	trialGrid: size = [0.6,0.6]
15.36	EXP	trialGrid: image = {}
15.36	EXP	trialGrid: mask = undefined
15.36	EXP	trialGrid: color = {"_rgb":[1,1,1]}
15.36	EXP	trialGrid: contrast = 1
15.36	EXP	trialGrid: texRes = 128
15.36	EXP	trialGrid: interpolate = true
15.36	EXP	trialGrid: depth = 0
15.36	EXP	trialGrid: flipHoriz = false
15.36	EXP	trialGrid: flipVert = false
15.36	EXP	trialSquare: units = "height"
15.36	EXP	trialSquare: ori = 0
15.36	EXP	trialSquare: opacity = 1
15.36	EXP	trialSquare: pos = [0,0]
15.36	EXP	trialSquare: size = [1,1]
15.36	EXP	trialSquare: lineWidth = 1
15.36	EXP	trialSquare: lineColor = {"_rgb":[1,1,1]}
15.36	EXP	trialSquare: fillColor = {"_rgb":[1,1,1]}
15.36	EXP	trialSquare: vertices = [[-0.5,0],[0,0.5],[0.5,0]]
15.36	EXP	trialSquare: closeShape = true
15.36	EXP	trialSquare: contrast = 1
15.36	EXP	trialSquare: depth = -1
15.36	EXP	trialSquare: interpolate = true
15.36	EXP	trialSquare: width = 0.15
15.36	EXP	trialSquare: vertices = [[-0.075,null],[0.075,null],[0.075,null],[-0.075,null]]
15.36	EXP	trialSquare: height = 0.15
15.36	EXP	trialSquare: vertices = [[-0.075,-0.075],[0.075,-0.075],[0.075,0.075],[-0.075,0.075]]
15.36	EXP	trialSquare: vertices = [[-0.075,-0.075],[0.075,-0.075],[0.075,0.075],[-0.075,0.075]]
15.36	EXP	trialFix: units = "height"
15.36	EXP	trialFix: ori = 0
15.36	EXP	trialFix: opacity = 1
15.36	EXP	trialFix: pos = [0,0]
15.36	EXP	trialFix: size = undefined
15.36	EXP	trialFix: text = "+"
15.36	EXP	trialFix: font = "Arial"
15.36	EXP	trialFix: color = {"_hex":"#FFFFFF","_rgb":[1,1,1]}
15.36	EXP	trialFix: contrast = 1
15.36	EXP	trialFix: height = 0.05
15.36	EXP	trialFix: bold = false
15.36	EXP	trialFix: italic = false
15.36	EXP	trialFix: alignHoriz = "left"
15.36	EXP	trialFix: alignVert = "center"
15.36	EXP	trialFix: wrapWidth = 1
15.36	EXP	trialFix: flipHoriz = false
15.36	EXP	trialFix: flipVert = false
15.36	EXP	instr3: units = "height"
15.36	EXP	instr3: ori = 0
15.36	EXP	instr3: opacity = 1
15.36	EXP	instr3: pos = [0,0]
15.36	EXP	instr3: size = undefined
15.36	EXP	instr3: text = "This is the end of N-back-2 trials. You are about to start N-back-3 trials. This means that instead of pressing space whenever the square appears in the same position as on the position on two trials before, you are required to press space whenever the square appears in the same position as on the position three trials before. For example if the square appeared in left down corner on trial 1, you should press space if the square appears in the left down corner on trial 4. Press 's' to continue."
15.36	EXP	instr3: font = "Arial"
15.36	EXP	instr3: color = {"_hex":"#FFFFFF","_rgb":[1,1,1]}
15.36	EXP	instr3: contrast = 1
15.36	EXP	instr3: height = 0.05
15.36	EXP	instr3: bold = false
15.36	EXP	instr3: italic = false
15.36	EXP	instr3: alignHoriz = "left"
15.36	EXP	instr3: alignVert = "center"
15.36	EXP	instr3: wrapWidth = 1
15.36	EXP	instr3: flipHoriz = false
15.36	EXP	instr3: flipVert = false
15.36	EXP	fix3: units = "height"
15.36	EXP	fix3: ori = 0
15.36	EXP	fix3: opacity = 1
15.36	EXP	fix3: pos = [0,0]
15.36	EXP	fix3: size = undefined
15.36	EXP	fix3: text = "+"
15.36	EXP	fix3: font = "Arial"
15.36	EXP	fix3: color = {"_hex":"#FFFFFF","_rgb":[1,1,1]}
15.36	EXP	fix3: contrast = 1
15.36	EXP	fix3: height = 0.05
15.36	EXP	fix3: bold = false
15.36	EXP	fix3: italic = false
15.36	EXP	fix3: alignHoriz = "left"
15.36	EXP	fix3: alignVert = "center"
15.36	EXP	fix3: wrapWidth = 1
15.36	EXP	fix3: flipHoriz = false
15.36	EXP	fix3: flipVert = false
15.36	EXP	trialGrid: units = "height"
15.36	EXP	trialGrid: ori = 0
15.36	EXP	trialGrid: opacity = 1
15.36	EXP	trialGrid: pos = [0,0]
15.36	EXP	trialGrid: size = [0.6,0.6]
15.36	EXP	trialGrid: image = {}
15.36	EXP	trialGrid: mask = undefined
15.36	EXP	trialGrid: color = {"_rgb":[1,1,1]}
15.36	EXP	trialGrid: contrast = 1
15.36	EXP	trialGrid: texRes = 128
15.36	EXP	trialGrid: interpolate = true
15.36	EXP	trialGrid: depth = 0
15.36	EXP	trialGrid: flipHoriz = false
15.36	EXP	trialGrid: flipVert = false
15.36	EXP	trialSquare: units = "height"
15.36	EXP	trialSquare: ori = 0
15.36	EXP	trialSquare: opacity = 1
15.36	EXP	trialSquare: pos = [0,0]
15.36	EXP	trialSquare: size = [1,1]
15.36	EXP	trialSquare: lineWidth = 1
15.36	EXP	trialSquare: lineColor = {"_rgb":[1,1,1]}
15.36	EXP	trialSquare: fillColor = {"_rgb":[1,1,1]}
15.36	EXP	trialSquare: vertices = [[-0.5,0],[0,0.5],[0.5,0]]
15.36	EXP	trialSquare: closeShape = true
15.36	EXP	trialSquare: contrast = 1
15.36	EXP	trialSquare: depth = -1
15.36	EXP	trialSquare: interpolate = true
15.36	EXP	trialSquare: width = 0.15
15.36	EXP	trialSquare: vertices = [[-0.075,null],[0.075,null],[0.075,null],[-0.075,null]]
15.36	EXP	trialSquare: height = 0.15
15.36	EXP	trialSquare: vertices = [[-0.075,-0.075],[0.075,-0.075],[0.075,0.075],[-0.075,0.075]]
15.36	EXP	trialSquare: vertices = [[-0.075,-0.075],[0.075,-0.075],[0.075,0.075],[-0.075,0.075]]
15.36	EXP	trialFix: units = "height"
15.36	EXP	trialFix: ori = 0
15.36	EXP	trialFix: opacity = 1
15.36	EXP	trialFix: pos = [0,0]
15.36	EXP	trialFix: size = undefined
15.36	EXP	trialFix: text = "+"
15.36	EXP	trialFix: font = "Arial"
15.36	EXP	trialFix: color = {"_hex":"#FFFFFF","_rgb":[1,1,1]}
15.36	EXP	trialFix: contrast = 1
15.36	EXP	trialFix: height = 0.05
15.36	EXP	trialFix: bold = false
15.36	EXP	trialFix: italic = false
15.36	EXP	trialFix: alignHoriz = "left"
15.36	EXP	trialFix: alignVert = "center"
15.36	EXP	trialFix: wrapWidth = 1
15.36	EXP	trialFix: flipHoriz = false
15.36	EXP	trialFix: flipVert = false
15.36	EXP	thanks: units = "height"
15.36	EXP	thanks: ori = 0
15.36	EXP	thanks: opacity = 1
15.36	EXP	thanks: pos = [0,0]
15.36	EXP	thanks: size = undefined
15.36	EXP	thanks: text = "This is the end of the experiment.\nThank you for your time."
15.36	EXP	thanks: font = "Arial"
15.36	EXP	thanks: color = {"_hex":"#FFFFFF","_rgb":[1,1,1]}
15.36	EXP	thanks: contrast = 1
15.36	EXP	thanks: height = 0.05
15.36	EXP	thanks: bold = false
15.36	EXP	thanks: italic = false
15.36	EXP	thanks: alignHoriz = "left"
15.36	EXP	thanks: alignVert = "center"
15.36	EXP	thanks: wrapWidth = 1
15.36	EXP	thanks: flipHoriz = false
15.36	EXP	thanks: flipVert = false
15.36	EXP	instr1: autoDraw = true
33.797	DATA	Keydown: s
33.815	EXP	instr1: autoDraw = false
33.815	EXP	fix1: autoDraw = true
34.995	EXP	fix1: autoDraw = false
34.995	EXP	fix1: autoDraw = false
34.995	EXP	trialSquare: pos = [0.2,0]
34.995	EXP	trialGrid: autoDraw = true
34.995	EXP	trialSquare: autoDraw = true
35.912	EXP	trialSquare: autoDraw = false
35.928999999999995	EXP	trialFix: autoDraw = true
36.830999999999996	EXP	trialGrid: autoDraw = false
36.830999999999996	EXP	trialSquare: autoDraw = false
36.830999999999996	EXP	trialFix: autoDraw = false
36.830999999999996	EXP	trialSquare: pos = [0.2,0]
36.830999999999996	EXP	trialGrid: autoDraw = true
36.830999999999996	EXP	trialSquare: autoDraw = true
37.303999999999995	DATA	Keydown:  
37.829	EXP	trialSquare: autoDraw = false
37.846	EXP	trialFix: autoDraw = true
38.812999999999995	EXP	trialGrid: autoDraw = false
38.812999999999995	EXP	trialSquare: autoDraw = false
38.812999999999995	EXP	trialFix: autoDraw = false
38.812999999999995	EXP	trialSquare: pos = [0,0.2]
38.812999999999995	EXP	trialGrid: autoDraw = true
38.812999999999995	EXP	trialSquare: autoDraw = true
39.811	EXP	trialSquare: autoDraw = false
39.829	EXP	trialFix: autoDraw = true
40.814	EXP	trialGrid: autoDraw = false
40.814	EXP	trialFix: autoDraw = false
40.814	EXP	trialGrid: autoDraw = false
40.814	EXP	trialSquare: autoDraw = false
40.814	EXP	trialFix: autoDraw = false
40.814	EXP	trialSquare: pos = [0.2,-0.2]
40.814	EXP	trialGrid: autoDraw = true
40.814	EXP	trialSquare: autoDraw = true
41.812	EXP	trialSquare: autoDraw = false
41.827999999999996	EXP	trialFix: autoDraw = true
42.812999999999995	EXP	trialGrid: autoDraw = false
42.812999999999995	EXP	trialFix: autoDraw = false
42.812999999999995	EXP	trialGrid: autoDraw = false
42.812999999999995	EXP	trialSquare: autoDraw = false
42.812999999999995	EXP	trialFix: autoDraw = false
42.812999999999995	EXP	trialSquare: pos = [0.2,-0.2]
42.812999999999995	EXP	trialGrid: autoDraw = true
42.812999999999995	EXP	trialSquare: autoDraw = true
43.464	DATA	Keydown:  
43.811	EXP	trialSquare: autoDraw = false
43.827999999999996	EXP	trialFix: autoDraw = true
44.812999999999995	EXP	trialGrid: autoDraw = false
44.812999999999995	EXP	trialFix: autoDraw = false
44.812999999999995	EXP	trialGrid: autoDraw = false
44.812999999999995	EXP	trialSquare: autoDraw = false
44.812999999999995	EXP	trialFix: autoDraw = false
44.812999999999995	EXP	trialSquare: pos = [0.2,0]
44.812999999999995	EXP	trialGrid: autoDraw = true
44.812999999999995	EXP	trialSquare: autoDraw = true
45.812	EXP	trialSquare: autoDraw = false
45.829	EXP	trialFix: autoDraw = true
46.812999999999995	EXP	trialGrid: autoDraw = false
46.812999999999995	EXP	trialFix: autoDraw = false
46.812999999999995	EXP	trialGrid: autoDraw = false
46.812999999999995	EXP	trialSquare: autoDraw = false
46.812999999999995	EXP	trialFix: autoDraw = false
46.812999999999995	EXP	trialSquare: pos = [-0.2,0]
46.812999999999995	EXP	trialGrid: autoDraw = true
46.812999999999995	EXP	trialSquare: autoDraw = true
47.812999999999995	EXP	trialSquare: autoDraw = false
47.829	EXP	trialFix: autoDraw = true
48.812999999999995	EXP	trialGrid: autoDraw = false
48.812999999999995	EXP	trialFix: autoDraw = false
48.812999999999995	EXP	trialGrid: autoDraw = false
48.812999999999995	EXP	trialSquare: autoDraw = false
48.812999999999995	EXP	trialFix: autoDraw = false
48.812999999999995	EXP	trialSquare: pos = [0.2,0.2]
48.812999999999995	EXP	trialGrid: autoDraw = true
48.812999999999995	EXP	trialSquare: autoDraw = true
49.812999999999995	EXP	trialSquare: autoDraw = false
49.829	EXP	trialFix: autoDraw = true
50.814	EXP	trialGrid: autoDraw = false
50.814	EXP	trialFix: autoDraw = false
50.814	EXP	trialGrid: autoDraw = false
50.814	EXP	trialSquare: autoDraw = false
50.814	EXP	trialFix: autoDraw = false
50.814	EXP	trialSquare: pos = [0.2,0.2]
50.814	EXP	trialGrid: autoDraw = true
50.814	EXP	trialSquare: autoDraw = true
51.131	DATA	Keydown:  
51.812999999999995	EXP	trialSquare: autoDraw = false
51.829	EXP	trialFix: autoDraw = true
52.814	EXP	trialGrid: autoDraw = false
52.814	EXP	trialFix: autoDraw = false
52.814	EXP	trialGrid: autoDraw = false
52.814	EXP	trialSquare: autoDraw = false
52.814	EXP	trialFix: autoDraw = false
52.814	EXP	trialSquare: pos = [0,-0.2]
52.814	EXP	trialGrid: autoDraw = true
52.814	EXP	trialSquare: autoDraw = true
53.812999999999995	EXP	trialSquare: autoDraw = false
53.83	EXP	trialFix: autoDraw = true
54.815	EXP	trialGrid: autoDraw = false
54.815	EXP	trialFix: autoDraw = false
54.815	EXP	trialGrid: autoDraw = false
54.815	EXP	trialSquare: autoDraw = false
54.815	EXP	trialFix: autoDraw = false
54.815	EXP	trialSquare: pos = [-0.2,0.2]
54.815	EXP	trialGrid: autoDraw = true
54.815	EXP	trialSquare: autoDraw = true
55.812	EXP	trialSquare: autoDraw = false
55.829	EXP	trialFix: autoDraw = true
56.814	EXP	trialGrid: autoDraw = false
56.814	EXP	trialFix: autoDraw = false
56.814	EXP	trialGrid: autoDraw = false
56.814	EXP	trialSquare: autoDraw = false
56.814	EXP	trialFix: autoDraw = false
56.814	EXP	trialSquare: pos = [0,0.2]
56.814	EXP	trialGrid: autoDraw = true
56.814	EXP	trialSquare: autoDraw = true
57.812999999999995	EXP	trialSquare: autoDraw = false
57.829	EXP	trialFix: autoDraw = true
58.81399999999999	EXP	trialGrid: autoDraw = false
58.81399999999999	EXP	trialFix: autoDraw = false
58.81399999999999	EXP	trialGrid: autoDraw = false
58.81399999999999	EXP	trialSquare: autoDraw = false
58.81399999999999	EXP	trialFix: autoDraw = false
58.81399999999999	EXP	trialSquare: pos = [-0.2,0]
58.81399999999999	EXP	trialGrid: autoDraw = true
58.81399999999999	EXP	trialSquare: autoDraw = true
59.813	EXP	trialSquare: autoDraw = false
59.83	EXP	trialFix: autoDraw = true
60.81399999999999	EXP	trialGrid: autoDraw = false
60.81399999999999	EXP	trialFix: autoDraw = false
60.81399999999999	EXP	trialGrid: autoDraw = false
60.81399999999999	EXP	trialSquare: autoDraw = false
60.81399999999999	EXP	trialFix: autoDraw = false
60.81399999999999	EXP	trialSquare: pos = [-0.2,0]
60.81399999999999	EXP	trialGrid: autoDraw = true
60.81399999999999	EXP	trialSquare: autoDraw = true
61.282	DATA	Keydown:  
61.813	EXP	trialSquare: autoDraw = false
61.83	EXP	trialFix: autoDraw = true
62.81399999999999	EXP	trialGrid: autoDraw = false
62.81399999999999	EXP	trialFix: autoDraw = false
62.81399999999999	EXP	trialGrid: autoDraw = false
62.81399999999999	EXP	trialSquare: autoDraw = false
62.81399999999999	EXP	trialFix: autoDraw = false
62.81399999999999	EXP	trialSquare: pos = [0,-0.2]
62.81399999999999	EXP	trialGrid: autoDraw = true
62.81399999999999	EXP	trialSquare: autoDraw = true
63.81399999999999	EXP	trialSquare: autoDraw = false
63.828	EXP	trialFix: autoDraw = true
64.815	EXP	trialGrid: autoDraw = false
64.815	EXP	trialFix: autoDraw = false
64.815	EXP	trialGrid: autoDraw = false
64.815	EXP	trialSquare: autoDraw = false
64.815	EXP	trialFix: autoDraw = false
64.815	EXP	trialSquare: pos = [0,0]
64.815	EXP	trialGrid: autoDraw = true
64.815	EXP	trialSquare: autoDraw = true
65.814	EXP	trialSquare: autoDraw = false
65.83	EXP	trialFix: autoDraw = true
66.815	EXP	trialGrid: autoDraw = false
66.815	EXP	trialFix: autoDraw = false
66.815	EXP	trialGrid: autoDraw = false
66.815	EXP	trialSquare: autoDraw = false
66.815	EXP	trialFix: autoDraw = false
66.815	EXP	trialSquare: pos = [0,0]
66.815	EXP	trialGrid: autoDraw = true
66.815	EXP	trialSquare: autoDraw = true
67.66499999999999	DATA	Keydown:  
67.813	EXP	trialSquare: autoDraw = false
67.829	EXP	trialFix: autoDraw = true
68.815	EXP	trialGrid: autoDraw = false
68.815	EXP	trialFix: autoDraw = false
68.815	EXP	trialGrid: autoDraw = false
68.815	EXP	trialSquare: autoDraw = false
68.815	EXP	trialFix: autoDraw = false
68.815	EXP	trialSquare: pos = [-0.2,0.2]
68.815	EXP	trialGrid: autoDraw = true
68.815	EXP	trialSquare: autoDraw = true
69.812	EXP	trialSquare: autoDraw = false
69.828	EXP	trialFix: autoDraw = true
70.814	EXP	trialGrid: autoDraw = false
70.814	EXP	trialFix: autoDraw = false
70.814	EXP	trialGrid: autoDraw = false
70.814	EXP	trialSquare: autoDraw = false
70.814	EXP	trialFix: autoDraw = false
70.814	EXP	trialSquare: pos = [0.2,0.2]
70.814	EXP	trialGrid: autoDraw = true
70.814	EXP	trialSquare: autoDraw = true
71.814	EXP	trialSquare: autoDraw = false
71.831	EXP	trialFix: autoDraw = true
72.814	EXP	trialGrid: autoDraw = false
72.814	EXP	trialFix: autoDraw = false
72.814	EXP	trialGrid: autoDraw = false
72.814	EXP	trialSquare: autoDraw = false
72.814	EXP	trialFix: autoDraw = false
72.814	EXP	trialSquare: pos = [0.2,0]
72.814	EXP	trialGrid: autoDraw = true
72.814	EXP	trialSquare: autoDraw = true
73.814	EXP	trialSquare: autoDraw = false
73.83	EXP	trialFix: autoDraw = true
74.815	EXP	trialGrid: autoDraw = false
74.815	EXP	trialFix: autoDraw = false
74.815	EXP	trialGrid: autoDraw = false
74.815	EXP	trialSquare: autoDraw = false
74.815	EXP	trialFix: autoDraw = false
74.815	EXP	trialSquare: pos = [-0.2,0.2]
74.815	EXP	trialGrid: autoDraw = true
74.815	EXP	trialSquare: autoDraw = true
75.814	EXP	trialSquare: autoDraw = false
75.83	EXP	trialFix: autoDraw = true
76.816	EXP	trialGrid: autoDraw = false
76.816	EXP	trialFix: autoDraw = false
76.816	EXP	trialGrid: autoDraw = false
76.816	EXP	trialSquare: autoDraw = false
76.816	EXP	trialFix: autoDraw = false
76.816	EXP	trialSquare: pos = [-0.2,0.2]
76.816	EXP	trialGrid: autoDraw = true
76.816	EXP	trialSquare: autoDraw = true
77.39999999999999	DATA	Keydown:  
77.815	EXP	trialSquare: autoDraw = false
77.83	EXP	trialFix: autoDraw = true
78.817	EXP	trialGrid: autoDraw = false
78.817	EXP	trialFix: autoDraw = false
78.817	EXP	trialGrid: autoDraw = false
78.817	EXP	trialSquare: autoDraw = false
78.817	EXP	trialFix: autoDraw = false
78.817	EXP	trialSquare: pos = [-0.2,0.2]
78.817	EXP	trialGrid: autoDraw = true
78.817	EXP	trialSquare: autoDraw = true
79.814	EXP	trialSquare: autoDraw = false
79.831	EXP	trialFix: autoDraw = true
80.435	DATA	Keydown:  
80.815	EXP	trialGrid: autoDraw = false
80.815	EXP	trialFix: autoDraw = false
80.815	EXP	trialGrid: autoDraw = false
80.815	EXP	trialSquare: autoDraw = false
80.815	EXP	trialFix: autoDraw = false
80.815	EXP	trialSquare: pos = [0.2,0.2]
80.815	EXP	trialGrid: autoDraw = true
80.815	EXP	trialSquare: autoDraw = true
81.815	EXP	trialSquare: autoDraw = false
81.831	EXP	trialFix: autoDraw = true
82.814	EXP	trialGrid: autoDraw = false
82.814	EXP	trialFix: autoDraw = false
82.814	EXP	trialGrid: autoDraw = false
82.814	EXP	trialSquare: autoDraw = false
82.814	EXP	trialFix: autoDraw = false
82.814	EXP	trialSquare: pos = [0,0.2]
82.814	EXP	trialGrid: autoDraw = true
82.814	EXP	trialSquare: autoDraw = true
83.814	EXP	trialSquare: autoDraw = false
83.814	EXP	trialFix: autoDraw = true
84.814	EXP	trialGrid: autoDraw = false
84.814	EXP	trialFix: autoDraw = false
84.814	EXP	trialGrid: autoDraw = false
84.814	EXP	trialSquare: autoDraw = false
84.814	EXP	trialFix: autoDraw = false
84.814	EXP	trialSquare: pos = [-0.2,0.2]
84.814	EXP	trialGrid: autoDraw = true
84.814	EXP	trialSquare: autoDraw = true
85.814	EXP	trialSquare: autoDraw = false
85.831	EXP	trialFix: autoDraw = true
86.816	EXP	trialGrid: autoDraw = false
86.816	EXP	trialFix: autoDraw = false
86.816	EXP	trialGrid: autoDraw = false
86.816	EXP	trialSquare: autoDraw = false
86.816	EXP	trialFix: autoDraw = false
86.816	EXP	trialSquare: pos = [-0.2,-0.2]
86.816	EXP	trialGrid: autoDraw = true
86.816	EXP	trialSquare: autoDraw = true
87.815	EXP	trialSquare: autoDraw = false
87.832	EXP	trialFix: autoDraw = true
88.815	EXP	trialGrid: autoDraw = false
88.815	EXP	trialFix: autoDraw = false
88.815	EXP	trialGrid: autoDraw = false
88.815	EXP	trialSquare: autoDraw = false
88.815	EXP	trialFix: autoDraw = false
88.815	EXP	trialSquare: pos = [-0.2,-0.2]
88.815	EXP	trialGrid: autoDraw = true
88.815	EXP	trialSquare: autoDraw = true
89.38799999999999	DATA	Keydown:  
89.814	EXP	trialSquare: autoDraw = false
89.814	EXP	trialFix: autoDraw = true
90.815	EXP	trialGrid: autoDraw = false
90.815	EXP	trialFix: autoDraw = false
90.815	EXP	trialGrid: autoDraw = false
90.815	EXP	trialSquare: autoDraw = false
90.815	EXP	trialFix: autoDraw = false
90.815	EXP	trialSquare: pos = [0,0.2]
90.815	EXP	trialGrid: autoDraw = true
90.815	EXP	trialSquare: autoDraw = true
91.815	EXP	trialSquare: autoDraw = false
91.831	EXP	trialFix: autoDraw = true
92.814	EXP	trialGrid: autoDraw = false
92.814	EXP	trialFix: autoDraw = false
92.814	EXP	trialGrid: autoDraw = false
92.814	EXP	trialSquare: autoDraw = false
92.814	EXP	trialFix: autoDraw = false
92.814	EXP	trialSquare: pos = [0.2,0]
92.814	EXP	trialGrid: autoDraw = true
92.814	EXP	trialSquare: autoDraw = true
93.815	EXP	trialSquare: autoDraw = false
93.832	EXP	trialFix: autoDraw = true
94.814	EXP	trialGrid: autoDraw = false
94.814	EXP	trialFix: autoDraw = false
94.814	EXP	trialGrid: autoDraw = false
94.814	EXP	trialSquare: autoDraw = false
94.814	EXP	trialFix: autoDraw = false
94.814	EXP	trialSquare: pos = [-0.2,0]
94.814	EXP	trialGrid: autoDraw = true
94.814	EXP	trialSquare: autoDraw = true
95.815	EXP	trialSquare: autoDraw = false
95.815	EXP	trialFix: autoDraw = true
96.815	EXP	trialGrid: autoDraw = false
96.815	EXP	trialFix: autoDraw = false
96.815	EXP	trialGrid: autoDraw = false
96.815	EXP	trialSquare: autoDraw = false
96.815	EXP	trialFix: autoDraw = false
96.815	EXP	trialSquare: pos = [-0.2,0]
96.815	EXP	trialGrid: autoDraw = true
96.815	EXP	trialSquare: autoDraw = true
97.134	DATA	Keydown:  
97.815	EXP	trialSquare: autoDraw = false
97.832	EXP	trialFix: autoDraw = true
98.815	EXP	trialGrid: autoDraw = false
98.815	EXP	trialFix: autoDraw = false
98.815	EXP	trialGrid: autoDraw = false
98.815	EXP	trialSquare: autoDraw = false
98.815	EXP	trialFix: autoDraw = false
98.815	EXP	trialSquare: pos = [0,0.2]
98.815	EXP	trialGrid: autoDraw = true
98.815	EXP	trialSquare: autoDraw = true
99.815	EXP	trialSquare: autoDraw = false
99.815	EXP	trialFix: autoDraw = true
100.815	EXP	trialGrid: autoDraw = false
100.815	EXP	trialFix: autoDraw = false
100.815	EXP	trialGrid: autoDraw = false
100.815	EXP	trialSquare: autoDraw = false
100.815	EXP	trialFix: autoDraw = false
100.815	EXP	trialSquare: pos = [0.2,-0.2]
100.815	EXP	trialGrid: autoDraw = true
100.815	EXP	trialSquare: autoDraw = true
101.815	EXP	trialSquare: autoDraw = false
101.815	EXP	trialFix: autoDraw = true
102.814	EXP	trialGrid: autoDraw = false
102.814	EXP	trialFix: autoDraw = false
102.814	EXP	trialGrid: autoDraw = false
102.814	EXP	trialSquare: autoDraw = false
102.814	EXP	trialFix: autoDraw = false
102.814	EXP	trialSquare: pos = [0.2,-0.2]
102.814	EXP	trialGrid: autoDraw = true
102.814	EXP	trialSquare: autoDraw = true
103.41799999999999	DATA	Keydown:  
103.815	EXP	trialSquare: autoDraw = false
103.815	EXP	trialFix: autoDraw = true
104.815	EXP	trialGrid: autoDraw = false
104.815	EXP	trialFix: autoDraw = false
104.815	EXP	trialGrid: autoDraw = false
104.815	EXP	trialSquare: autoDraw = false
104.815	EXP	trialFix: autoDraw = false
104.815	EXP	trialSquare: pos = [0.2,0.2]
104.815	EXP	trialGrid: autoDraw = true
104.815	EXP	trialSquare: autoDraw = true
105.816	EXP	trialSquare: autoDraw = false
105.832	EXP	trialFix: autoDraw = true
106.816	EXP	trialGrid: autoDraw = false
106.816	EXP	trialFix: autoDraw = false
106.816	EXP	trialGrid: autoDraw = false
106.816	EXP	trialSquare: autoDraw = false
106.816	EXP	trialFix: autoDraw = false
106.816	EXP	trialSquare: pos = [-0.2,-0.2]
106.816	EXP	trialGrid: autoDraw = true
106.816	EXP	trialSquare: autoDraw = true
107.815	EXP	trialSquare: autoDraw = false
107.832	EXP	trialFix: autoDraw = true
108.815	EXP	trialGrid: autoDraw = false
108.815	EXP	trialFix: autoDraw = false
108.815	EXP	trialGrid: autoDraw = false
108.815	EXP	trialSquare: autoDraw = false
108.815	EXP	trialFix: autoDraw = false
108.815	EXP	trialSquare: pos = [-0.2,-0.2]
108.815	EXP	trialGrid: autoDraw = true
108.815	EXP	trialSquare: autoDraw = true
109.402	DATA	Keydown:  
109.816	EXP	trialSquare: autoDraw = false
109.832	EXP	trialFix: autoDraw = true
110.817	EXP	trialGrid: autoDraw = false
110.817	EXP	trialFix: autoDraw = false
110.817	EXP	trialGrid: autoDraw = false
110.817	EXP	trialSquare: autoDraw = false
110.817	EXP	trialFix: autoDraw = false
110.817	EXP	trialSquare: pos = [-0.2,-0.2]
110.817	EXP	trialGrid: autoDraw = true
110.817	EXP	trialSquare: autoDraw = true
111.816	EXP	trialSquare: autoDraw = false
111.832	EXP	trialFix: autoDraw = true
112.817	EXP	trialGrid: autoDraw = false
112.817	EXP	trialFix: autoDraw = false
112.817	EXP	trialGrid: autoDraw = false
112.817	EXP	trialSquare: autoDraw = false
112.817	EXP	trialFix: autoDraw = false
112.817	EXP	trialSquare: pos = [0.2,0]
112.817	EXP	trialGrid: autoDraw = true
112.817	EXP	trialSquare: autoDraw = true
113.816	EXP	trialSquare: autoDraw = false
113.832	EXP	trialFix: autoDraw = true
114.816	EXP	trialGrid: autoDraw = false
114.816	EXP	trialFix: autoDraw = false
114.816	EXP	trialGrid: autoDraw = false
114.816	EXP	trialSquare: autoDraw = false
114.816	EXP	trialFix: autoDraw = false
114.816	EXP	trialSquare: pos = [0.2,0]
114.816	EXP	trialGrid: autoDraw = true
114.816	EXP	trialSquare: autoDraw = true
115.817	EXP	trialSquare: autoDraw = false
115.833	EXP	trialFix: autoDraw = true
115.905	DATA	Keydown:  
116.816	EXP	trialGrid: autoDraw = false
116.816	EXP	trialFix: autoDraw = false
116.816	EXP	trialGrid: autoDraw = false
116.816	EXP	trialSquare: autoDraw = false
116.816	EXP	trialFix: autoDraw = false
116.816	EXP	trialSquare: pos = [-0.2,0.2]
116.816	EXP	trialGrid: autoDraw = true
116.816	EXP	trialSquare: autoDraw = true
117.816	EXP	trialSquare: autoDraw = false
117.833	EXP	trialFix: autoDraw = true
118.817	EXP	trialGrid: autoDraw = false
118.817	EXP	trialFix: autoDraw = false
118.817	EXP	trialGrid: autoDraw = false
118.817	EXP	trialSquare: autoDraw = false
118.817	EXP	trialFix: autoDraw = false
118.817	EXP	trialSquare: pos = [0,0]
118.817	EXP	trialGrid: autoDraw = true
118.817	EXP	trialSquare: autoDraw = true
119.817	EXP	trialSquare: autoDraw = false
119.833	EXP	trialFix: autoDraw = true
120.816	EXP	trialGrid: autoDraw = false
120.816	EXP	trialFix: autoDraw = false
120.816	EXP	trialGrid: autoDraw = false
120.816	EXP	trialSquare: autoDraw = false
120.816	EXP	trialFix: autoDraw = false
120.816	EXP	trialSquare: pos = [0.2,0.2]
120.816	EXP	trialGrid: autoDraw = true
120.816	EXP	trialSquare: autoDraw = true
121.817	EXP	trialSquare: autoDraw = false
121.833	EXP	trialFix: autoDraw = true
122.817	EXP	trialGrid: autoDraw = false
122.817	EXP	trialFix: autoDraw = false
122.817	EXP	trialGrid: autoDraw = false
122.817	EXP	trialSquare: autoDraw = false
122.817	EXP	trialFix: autoDraw = false
122.817	EXP	trialSquare: pos = [-0.2,0.2]
122.817	EXP	trialGrid: autoDraw = true
122.817	EXP	trialSquare: autoDraw = true
123.81599999999999	EXP	trialSquare: autoDraw = false
123.83299999999998	EXP	trialFix: autoDraw = true
124.81599999999999	EXP	trialGrid: autoDraw = false
124.81599999999999	EXP	trialFix: autoDraw = false
124.81599999999999	EXP	trialGrid: autoDraw = false
124.81599999999999	EXP	trialSquare: autoDraw = false
124.81599999999999	EXP	trialFix: autoDraw = false
124.81599999999999	EXP	trialSquare: pos = [-0.2,-0.2]
124.81599999999999	EXP	trialGrid: autoDraw = true
124.81599999999999	EXP	trialSquare: autoDraw = true
125.817	EXP	trialSquare: autoDraw = false
125.817	EXP	trialFix: autoDraw = true
126.817	EXP	trialGrid: autoDraw = false
126.817	EXP	trialFix: autoDraw = false
126.817	EXP	trialGrid: autoDraw = false
126.817	EXP	trialSquare: autoDraw = false
126.817	EXP	trialFix: autoDraw = false
126.817	EXP	trialSquare: pos = [0.2,0.2]
126.817	EXP	trialGrid: autoDraw = true
126.817	EXP	trialSquare: autoDraw = true
127.817	EXP	trialSquare: autoDraw = false
127.83399999999999	EXP	trialFix: autoDraw = true
128.818	EXP	trialGrid: autoDraw = false
128.818	EXP	trialFix: autoDraw = false
128.818	EXP	trialGrid: autoDraw = false
128.818	EXP	trialSquare: autoDraw = false
128.818	EXP	trialFix: autoDraw = false
128.818	EXP	trialSquare: pos = [0.2,0.2]
128.818	EXP	trialGrid: autoDraw = true
128.818	EXP	trialSquare: autoDraw = true
129.817	EXP	trialSquare: autoDraw = false
129.817	EXP	trialFix: autoDraw = true
129.90300000000002	DATA	Keydown:  
130.818	EXP	trialGrid: autoDraw = false
130.818	EXP	trialFix: autoDraw = false
130.818	EXP	trialGrid: autoDraw = false
130.818	EXP	trialSquare: autoDraw = false
130.818	EXP	trialFix: autoDraw = false
130.818	EXP	trialSquare: pos = [0.2,-0.2]
130.818	EXP	trialGrid: autoDraw = true
130.818	EXP	trialSquare: autoDraw = true
131.817	EXP	trialSquare: autoDraw = false
131.834	EXP	trialFix: autoDraw = true
132.82000000000002	EXP	trialGrid: autoDraw = false
132.82000000000002	EXP	trialFix: autoDraw = false
132.82000000000002	EXP	trialGrid: autoDraw = false
132.82000000000002	EXP	trialSquare: autoDraw = false
132.82000000000002	EXP	trialFix: autoDraw = false
132.82000000000002	EXP	trialSquare: pos = [-0.2,-0.2]
132.82000000000002	EXP	trialGrid: autoDraw = true
132.82000000000002	EXP	trialSquare: autoDraw = true
133.817	EXP	trialSquare: autoDraw = false
133.833	EXP	trialFix: autoDraw = true
134.81900000000002	EXP	trialGrid: autoDraw = false
134.81900000000002	EXP	trialFix: autoDraw = false
134.81900000000002	EXP	trialGrid: autoDraw = false
134.81900000000002	EXP	trialSquare: autoDraw = false
134.81900000000002	EXP	trialFix: autoDraw = false
134.81900000000002	EXP	trialSquare: pos = [0,0]
134.81900000000002	EXP	trialGrid: autoDraw = true
134.81900000000002	EXP	trialSquare: autoDraw = true
135.818	EXP	trialSquare: autoDraw = false
135.833	EXP	trialFix: autoDraw = true
136.818	EXP	trialGrid: autoDraw = false
136.818	EXP	trialFix: autoDraw = false
136.818	EXP	trialGrid: autoDraw = false
136.818	EXP	trialSquare: autoDraw = false
136.818	EXP	trialFix: autoDraw = false
136.818	EXP	trialSquare: pos = [0,-0.2]
136.818	EXP	trialGrid: autoDraw = true
136.818	EXP	trialSquare: autoDraw = true
137.818	EXP	trialSquare: autoDraw = false
137.834	EXP	trialFix: autoDraw = true
138.817	EXP	trialGrid: autoDraw = false
138.817	EXP	trialFix: autoDraw = false
138.817	EXP	trialGrid: autoDraw = false
138.817	EXP	trialSquare: autoDraw = false
138.817	EXP	trialFix: autoDraw = false
138.817	EXP	trialSquare: pos = [0,-0.2]
138.817	EXP	trialGrid: autoDraw = true
138.817	EXP	trialSquare: autoDraw = true
139.537	DATA	Keydown:  
139.817	EXP	trialSquare: autoDraw = false
139.834	EXP	trialFix: autoDraw = true
140.818	EXP	trialGrid: autoDraw = false
140.818	EXP	trialFix: autoDraw = false
140.818	EXP	trialGrid: autoDraw = false
140.818	EXP	trialSquare: autoDraw = false
140.818	EXP	trialFix: autoDraw = false
140.818	EXP	trialSquare: pos = [-0.2,-0.2]
140.818	EXP	trialGrid: autoDraw = true
140.818	EXP	trialSquare: autoDraw = true
141.817	EXP	trialSquare: autoDraw = false
141.835	EXP	trialFix: autoDraw = true
142.817	EXP	trialGrid: autoDraw = false
142.817	EXP	trialFix: autoDraw = false
142.817	EXP	trialGrid: autoDraw = false
142.817	EXP	trialSquare: autoDraw = false
142.817	EXP	trialFix: autoDraw = false
142.817	EXP	trialSquare: pos = [-0.2,0]
142.817	EXP	trialGrid: autoDraw = true
142.817	EXP	trialSquare: autoDraw = true
143.818	EXP	trialSquare: autoDraw = false
143.834	EXP	trialFix: autoDraw = true
144.818	EXP	trialGrid: autoDraw = false
144.818	EXP	trialFix: autoDraw = false
144.818	EXP	trialGrid: autoDraw = false
144.818	EXP	trialSquare: autoDraw = false
144.818	EXP	trialFix: autoDraw = false
144.818	EXP	trialSquare: pos = [0,0]
144.818	EXP	trialGrid: autoDraw = true
144.818	EXP	trialSquare: autoDraw = true
145.817	EXP	trialSquare: autoDraw = false
145.835	EXP	trialFix: autoDraw = true
146.817	EXP	trialGrid: autoDraw = false
146.817	EXP	trialFix: autoDraw = false
146.817	EXP	trialGrid: autoDraw = false
146.817	EXP	trialSquare: autoDraw = false
146.817	EXP	trialFix: autoDraw = false
146.817	EXP	trialSquare: pos = [0,0]
146.817	EXP	trialGrid: autoDraw = true
146.817	EXP	trialSquare: autoDraw = true
147.203	DATA	Keydown:  
147.818	EXP	trialSquare: autoDraw = false
147.835	EXP	trialFix: autoDraw = true
148.817	EXP	trialGrid: autoDraw = false
148.817	EXP	trialFix: autoDraw = false
148.817	EXP	trialGrid: autoDraw = false
148.817	EXP	trialSquare: autoDraw = false
148.817	EXP	trialFix: autoDraw = false
148.817	EXP	trialSquare: pos = [0,0.2]
148.817	EXP	trialGrid: autoDraw = true
148.817	EXP	trialSquare: autoDraw = true
149.818	EXP	trialSquare: autoDraw = false
149.835	EXP	trialFix: autoDraw = true
150.817	EXP	trialGrid: autoDraw = false
150.817	EXP	trialFix: autoDraw = false
150.817	EXP	trialGrid: autoDraw = false
150.817	EXP	trialSquare: autoDraw = false
150.817	EXP	trialFix: autoDraw = false
150.817	EXP	trialSquare: pos = [0,0.2]
150.817	EXP	trialGrid: autoDraw = true
150.817	EXP	trialSquare: autoDraw = true
151.524	DATA	Keydown:  
151.817	EXP	trialSquare: autoDraw = false
151.835	EXP	trialFix: autoDraw = true
152.817	EXP	trialGrid: autoDraw = false
152.817	EXP	trialFix: autoDraw = false
152.817	EXP	trialGrid: autoDraw = false
152.817	EXP	trialSquare: autoDraw = false
152.817	EXP	trialFix: autoDraw = false
152.817	EXP	trialSquare: pos = [0.2,0]
152.817	EXP	trialGrid: autoDraw = true
152.817	EXP	trialSquare: autoDraw = true
153.818	EXP	trialSquare: autoDraw = false
153.835	EXP	trialFix: autoDraw = true
154.83200000000002	EXP	trialGrid: autoDraw = false
154.83200000000002	EXP	trialFix: autoDraw = false
154.83200000000002	EXP	trialGrid: autoDraw = false
154.83200000000002	EXP	trialSquare: autoDraw = false
154.83200000000002	EXP	trialFix: autoDraw = false
154.83200000000002	EXP	instr2: autoDraw = true
167.52100000000002	DATA	Keydown: s
167.53500000000003	EXP	instr2: autoDraw = false
167.53500000000003	EXP	fix2: autoDraw = true
168.601	EXP	fix2: autoDraw = false
168.601	EXP	fix2: autoDraw = false
168.601	EXP	trialSquare: pos = [0,0]
168.601	EXP	trialGrid: autoDraw = true
168.601	EXP	trialSquare: autoDraw = true
169.602	EXP	trialSquare: autoDraw = false
169.602	EXP	trialFix: autoDraw = true
170.53500000000003	EXP	trialGrid: autoDraw = false
170.53500000000003	EXP	trialSquare: autoDraw = false
170.53500000000003	EXP	trialFix: autoDraw = false
170.53500000000003	EXP	trialSquare: pos = [0,0.2]
170.53500000000003	EXP	trialGrid: autoDraw = true
170.53500000000003	EXP	trialSquare: autoDraw = true
171.536	EXP	trialSquare: autoDraw = false
171.55200000000002	EXP	trialFix: autoDraw = true
172.53500000000003	EXP	trialGrid: autoDraw = false
172.53500000000003	EXP	trialFix: autoDraw = false
172.53500000000003	EXP	trialGrid: autoDraw = false
172.53500000000003	EXP	trialSquare: autoDraw = false
172.53500000000003	EXP	trialFix: autoDraw = false
172.53500000000003	EXP	trialSquare: pos = [0.2,0]
172.53500000000003	EXP	trialGrid: autoDraw = true
172.53500000000003	EXP	trialSquare: autoDraw = true
173.536	EXP	trialSquare: autoDraw = false
173.55300000000003	EXP	trialFix: autoDraw = true
174.53500000000003	EXP	trialGrid: autoDraw = false
174.53500000000003	EXP	trialFix: autoDraw = false
174.53500000000003	EXP	trialGrid: autoDraw = false
174.53500000000003	EXP	trialSquare: autoDraw = false
174.53500000000003	EXP	trialFix: autoDraw = false
174.53500000000003	EXP	trialSquare: pos = [0.2,-0.2]
174.53500000000003	EXP	trialGrid: autoDraw = true
174.53500000000003	EXP	trialSquare: autoDraw = true
175.53500000000003	EXP	trialSquare: autoDraw = false
175.55300000000003	EXP	trialFix: autoDraw = true
176.53500000000003	EXP	trialGrid: autoDraw = false
176.53500000000003	EXP	trialFix: autoDraw = false
176.53500000000003	EXP	trialGrid: autoDraw = false
176.53500000000003	EXP	trialSquare: autoDraw = false
176.53500000000003	EXP	trialFix: autoDraw = false
176.53500000000003	EXP	trialSquare: pos = [0.2,0.2]
176.53500000000003	EXP	trialGrid: autoDraw = true
176.53500000000003	EXP	trialSquare: autoDraw = true
177.537	EXP	trialSquare: autoDraw = false
177.55300000000003	EXP	trialFix: autoDraw = true
178.537	EXP	trialGrid: autoDraw = false
178.537	EXP	trialFix: autoDraw = false
178.537	EXP	trialGrid: autoDraw = false
178.537	EXP	trialSquare: autoDraw = false
178.537	EXP	trialFix: autoDraw = false
178.537	EXP	trialSquare: pos = [0.2,-0.2]
178.537	EXP	trialGrid: autoDraw = true
178.537	EXP	trialSquare: autoDraw = true
179.537	EXP	trialSquare: autoDraw = false
179.55300000000003	EXP	trialFix: autoDraw = true
180.537	EXP	trialGrid: autoDraw = false
180.537	EXP	trialFix: autoDraw = false
180.537	EXP	trialGrid: autoDraw = false
180.537	EXP	trialSquare: autoDraw = false
180.537	EXP	trialFix: autoDraw = false
180.537	EXP	trialSquare: pos = [-0.2,-0.2]
180.537	EXP	trialGrid: autoDraw = true
180.537	EXP	trialSquare: autoDraw = true
181.536	EXP	trialSquare: autoDraw = false
181.55300000000003	EXP	trialFix: autoDraw = true
182.537	EXP	trialGrid: autoDraw = false
182.537	EXP	trialFix: autoDraw = false
182.537	EXP	trialGrid: autoDraw = false
182.537	EXP	trialSquare: autoDraw = false
182.537	EXP	trialFix: autoDraw = false
182.537	EXP	trialSquare: pos = [-0.2,0.2]
182.537	EXP	trialGrid: autoDraw = true
182.537	EXP	trialSquare: autoDraw = true
183.536	EXP	trialSquare: autoDraw = false
183.55300000000003	EXP	trialFix: autoDraw = true
184.537	EXP	trialGrid: autoDraw = false
184.537	EXP	trialFix: autoDraw = false
184.537	EXP	trialGrid: autoDraw = false
184.537	EXP	trialSquare: autoDraw = false
184.537	EXP	trialFix: autoDraw = false
184.537	EXP	trialSquare: pos = [0,0]
184.537	EXP	trialGrid: autoDraw = true
184.537	EXP	trialSquare: autoDraw = true
185.537	EXP	trialSquare: autoDraw = false
185.55300000000003	EXP	trialFix: autoDraw = true
186.536	EXP	trialGrid: autoDraw = false
186.536	EXP	trialFix: autoDraw = false
186.536	EXP	trialGrid: autoDraw = false
186.536	EXP	trialSquare: autoDraw = false
186.536	EXP	trialFix: autoDraw = false
186.536	EXP	trialSquare: pos = [-0.2,-0.2]
186.536	EXP	trialGrid: autoDraw = true
186.536	EXP	trialSquare: autoDraw = true
187.537	EXP	trialSquare: autoDraw = false
187.537	EXP	trialFix: autoDraw = true
188.536	EXP	trialGrid: autoDraw = false
188.536	EXP	trialFix: autoDraw = false
188.536	EXP	trialGrid: autoDraw = false
188.536	EXP	trialSquare: autoDraw = false
188.536	EXP	trialFix: autoDraw = false
188.536	EXP	trialSquare: pos = [0,0]
188.536	EXP	trialGrid: autoDraw = true
188.536	EXP	trialSquare: autoDraw = true
189.537	EXP	trialSquare: autoDraw = false
189.55300000000003	EXP	trialFix: autoDraw = true
190.538	EXP	trialGrid: autoDraw = false
190.538	EXP	trialFix: autoDraw = false
190.538	EXP	trialGrid: autoDraw = false
190.538	EXP	trialSquare: autoDraw = false
190.538	EXP	trialFix: autoDraw = false
190.538	EXP	trialSquare: pos = [0.2,0]
190.538	EXP	trialGrid: autoDraw = true
190.538	EXP	trialSquare: autoDraw = true
191.536	EXP	trialSquare: autoDraw = false
191.554	EXP	trialFix: autoDraw = true
192.537	EXP	trialGrid: autoDraw = false
192.537	EXP	trialFix: autoDraw = false
192.537	EXP	trialGrid: autoDraw = false
192.537	EXP	trialSquare: autoDraw = false
192.537	EXP	trialFix: autoDraw = false
192.537	EXP	trialSquare: pos = [0.2,0.2]
192.537	EXP	trialGrid: autoDraw = true
192.537	EXP	trialSquare: autoDraw = true
193.537	EXP	trialSquare: autoDraw = false
193.55300000000003	EXP	trialFix: autoDraw = true
194.537	EXP	trialGrid: autoDraw = false
194.537	EXP	trialFix: autoDraw = false
194.537	EXP	trialGrid: autoDraw = false
194.537	EXP	trialSquare: autoDraw = false
194.537	EXP	trialFix: autoDraw = false
194.537	EXP	trialSquare: pos = [0.2,0]
194.537	EXP	trialGrid: autoDraw = true
194.537	EXP	trialSquare: autoDraw = true
194.96	DATA	Keydown:  
195.537	EXP	trialSquare: autoDraw = false
195.554	EXP	trialFix: autoDraw = true
196.537	EXP	trialGrid: autoDraw = false
196.537	EXP	trialFix: autoDraw = false
196.537	EXP	trialGrid: autoDraw = false
196.537	EXP	trialSquare: autoDraw = false
196.537	EXP	trialFix: autoDraw = false
196.537	EXP	trialSquare: pos = [0,-0.2]
196.537	EXP	trialGrid: autoDraw = true
196.537	EXP	trialSquare: autoDraw = true
197.537	EXP	trialSquare: autoDraw = false
197.55300000000003	EXP	trialFix: autoDraw = true
198.538	EXP	trialGrid: autoDraw = false
198.538	EXP	trialFix: autoDraw = false
198.538	EXP	trialGrid: autoDraw = false
198.538	EXP	trialSquare: autoDraw = false
198.538	EXP	trialFix: autoDraw = false
198.538	EXP	trialSquare: pos = [0.2,-0.2]
198.538	EXP	trialGrid: autoDraw = true
198.538	EXP	trialSquare: autoDraw = true
199.538	EXP	trialSquare: autoDraw = false
199.554	EXP	trialFix: autoDraw = true
200.538	EXP	trialGrid: autoDraw = false
200.538	EXP	trialFix: autoDraw = false
200.538	EXP	trialGrid: autoDraw = false
200.538	EXP	trialSquare: autoDraw = false
200.538	EXP	trialFix: autoDraw = false
200.538	EXP	trialSquare: pos = [0.2,-0.2]
200.538	EXP	trialGrid: autoDraw = true
200.538	EXP	trialSquare: autoDraw = true
201.537	EXP	trialSquare: autoDraw = false
201.554	EXP	trialFix: autoDraw = true
202.537	EXP	trialGrid: autoDraw = false
202.537	EXP	trialFix: autoDraw = false
202.537	EXP	trialGrid: autoDraw = false
202.537	EXP	trialSquare: autoDraw = false
202.537	EXP	trialFix: autoDraw = false
202.537	EXP	trialSquare: pos = [-0.2,0.2]
202.537	EXP	trialGrid: autoDraw = true
202.537	EXP	trialSquare: autoDraw = true
203.537	EXP	trialSquare: autoDraw = false
203.554	EXP	trialFix: autoDraw = true
204.54000000000002	EXP	trialGrid: autoDraw = false
204.54000000000002	EXP	trialFix: autoDraw = false
204.54000000000002	EXP	trialGrid: autoDraw = false
204.54000000000002	EXP	trialSquare: autoDraw = false
204.54000000000002	EXP	trialFix: autoDraw = false
204.54000000000002	EXP	trialSquare: pos = [0.2,0.2]
204.54000000000002	EXP	trialGrid: autoDraw = true
204.54000000000002	EXP	trialSquare: autoDraw = true
205.537	EXP	trialSquare: autoDraw = false
205.555	EXP	trialFix: autoDraw = true
206.54000000000002	EXP	trialGrid: autoDraw = false
206.54000000000002	EXP	trialFix: autoDraw = false
206.54000000000002	EXP	trialGrid: autoDraw = false
206.54000000000002	EXP	trialSquare: autoDraw = false
206.54000000000002	EXP	trialFix: autoDraw = false
206.54000000000002	EXP	trialSquare: pos = [0,0]
206.54000000000002	EXP	trialGrid: autoDraw = true
206.54000000000002	EXP	trialSquare: autoDraw = true
207.538	EXP	trialSquare: autoDraw = false
207.554	EXP	trialFix: autoDraw = true
208.537	EXP	trialGrid: autoDraw = false
208.537	EXP	trialFix: autoDraw = false
208.537	EXP	trialGrid: autoDraw = false
208.537	EXP	trialSquare: autoDraw = false
208.537	EXP	trialFix: autoDraw = false
208.537	EXP	trialSquare: pos = [0.2,0.2]
208.537	EXP	trialGrid: autoDraw = true
208.537	EXP	trialSquare: autoDraw = true
209.191	DATA	Keydown:  
209.538	EXP	trialSquare: autoDraw = false
209.555	EXP	trialFix: autoDraw = true
210.53900000000002	EXP	trialGrid: autoDraw = false
210.53900000000002	EXP	trialFix: autoDraw = false
210.53900000000002	EXP	trialGrid: autoDraw = false
210.53900000000002	EXP	trialSquare: autoDraw = false
210.53900000000002	EXP	trialFix: autoDraw = false
210.53900000000002	EXP	trialSquare: pos = [-0.2,0]
210.53900000000002	EXP	trialGrid: autoDraw = true
210.53900000000002	EXP	trialSquare: autoDraw = true
211.538	EXP	trialSquare: autoDraw = false
211.555	EXP	trialFix: autoDraw = true
212.53900000000002	EXP	trialGrid: autoDraw = false
212.53900000000002	EXP	trialFix: autoDraw = false
212.53900000000002	EXP	trialGrid: autoDraw = false
212.53900000000002	EXP	trialSquare: autoDraw = false
212.53900000000002	EXP	trialFix: autoDraw = false
212.53900000000002	EXP	trialSquare: pos = [-0.2,-0.2]
212.53900000000002	EXP	trialGrid: autoDraw = true
212.53900000000002	EXP	trialSquare: autoDraw = true
213.538	EXP	trialSquare: autoDraw = false
213.555	EXP	trialFix: autoDraw = true
214.53900000000002	EXP	trialGrid: autoDraw = false
214.53900000000002	EXP	trialFix: autoDraw = false
214.53900000000002	EXP	trialGrid: autoDraw = false
214.53900000000002	EXP	trialSquare: autoDraw = false
214.53900000000002	EXP	trialFix: autoDraw = false
214.53900000000002	EXP	trialSquare: pos = [-0.2,0]
214.53900000000002	EXP	trialGrid: autoDraw = true
214.53900000000002	EXP	trialSquare: autoDraw = true
215.00900000000001	DATA	Keydown:  
215.538	EXP	trialSquare: autoDraw = false
215.555	EXP	trialFix: autoDraw = true
216.54100000000003	EXP	trialGrid: autoDraw = false
216.54100000000003	EXP	trialFix: autoDraw = false
216.54100000000003	EXP	trialGrid: autoDraw = false
216.54100000000003	EXP	trialSquare: autoDraw = false
216.54100000000003	EXP	trialFix: autoDraw = false
216.54100000000003	EXP	trialSquare: pos = [-0.2,0]
216.54100000000003	EXP	trialGrid: autoDraw = true
216.54100000000003	EXP	trialSquare: autoDraw = true
217.537	EXP	trialSquare: autoDraw = false
217.554	EXP	trialFix: autoDraw = true
218.54000000000002	EXP	trialGrid: autoDraw = false
218.54000000000002	EXP	trialFix: autoDraw = false
218.54000000000002	EXP	trialGrid: autoDraw = false
218.54000000000002	EXP	trialSquare: autoDraw = false
218.54000000000002	EXP	trialFix: autoDraw = false
218.54000000000002	EXP	trialSquare: pos = [0,0]
218.54000000000002	EXP	trialGrid: autoDraw = true
218.54000000000002	EXP	trialSquare: autoDraw = true
219.538	EXP	trialSquare: autoDraw = false
219.555	EXP	trialFix: autoDraw = true
220.537	EXP	trialGrid: autoDraw = false
220.537	EXP	trialFix: autoDraw = false
220.537	EXP	trialGrid: autoDraw = false
220.537	EXP	trialSquare: autoDraw = false
220.537	EXP	trialFix: autoDraw = false
220.537	EXP	trialSquare: pos = [0,0.2]
220.537	EXP	trialGrid: autoDraw = true
220.537	EXP	trialSquare: autoDraw = true
221.538	EXP	trialSquare: autoDraw = false
221.555	EXP	trialFix: autoDraw = true
222.538	EXP	trialGrid: autoDraw = false
222.538	EXP	trialFix: autoDraw = false
222.538	EXP	trialGrid: autoDraw = false
222.538	EXP	trialSquare: autoDraw = false
222.538	EXP	trialFix: autoDraw = false
222.538	EXP	trialSquare: pos = [0.2,0]
222.538	EXP	trialGrid: autoDraw = true
222.538	EXP	trialSquare: autoDraw = true
223.53900000000002	EXP	trialSquare: autoDraw = false
223.555	EXP	trialFix: autoDraw = true
224.538	EXP	trialGrid: autoDraw = false
224.538	EXP	trialFix: autoDraw = false
224.538	EXP	trialGrid: autoDraw = false
224.538	EXP	trialSquare: autoDraw = false
224.538	EXP	trialFix: autoDraw = false
224.538	EXP	trialSquare: pos = [-0.2,-0.2]
224.538	EXP	trialGrid: autoDraw = true
224.538	EXP	trialSquare: autoDraw = true
225.538	EXP	trialSquare: autoDraw = false
225.555	EXP	trialFix: autoDraw = true
226.538	EXP	trialGrid: autoDraw = false
226.538	EXP	trialFix: autoDraw = false
226.538	EXP	trialGrid: autoDraw = false
226.538	EXP	trialSquare: autoDraw = false
226.538	EXP	trialFix: autoDraw = false
226.538	EXP	trialSquare: pos = [0.2,0]
226.538	EXP	trialGrid: autoDraw = true
226.538	EXP	trialSquare: autoDraw = true
227.07500000000002	DATA	Keydown:  
227.53900000000002	EXP	trialSquare: autoDraw = false
227.53900000000002	EXP	trialFix: autoDraw = true
228.53900000000002	EXP	trialGrid: autoDraw = false
228.53900000000002	EXP	trialFix: autoDraw = false
228.53900000000002	EXP	trialGrid: autoDraw = false
228.53900000000002	EXP	trialSquare: autoDraw = false
228.53900000000002	EXP	trialFix: autoDraw = false
228.53900000000002	EXP	trialSquare: pos = [0,-0.2]
228.53900000000002	EXP	trialGrid: autoDraw = true
228.53900000000002	EXP	trialSquare: autoDraw = true
229.538	EXP	trialSquare: autoDraw = false
229.556	EXP	trialFix: autoDraw = true
230.54000000000002	EXP	trialGrid: autoDraw = false
230.54000000000002	EXP	trialFix: autoDraw = false
230.54000000000002	EXP	trialGrid: autoDraw = false
230.54000000000002	EXP	trialSquare: autoDraw = false
230.54000000000002	EXP	trialFix: autoDraw = false
230.54000000000002	EXP	trialSquare: pos = [0,0.2]
230.54000000000002	EXP	trialGrid: autoDraw = true
230.54000000000002	EXP	trialSquare: autoDraw = true
231.538	EXP	trialSquare: autoDraw = false
231.556	EXP	trialFix: autoDraw = true
232.53900000000002	EXP	trialGrid: autoDraw = false
232.53900000000002	EXP	trialFix: autoDraw = false
232.53900000000002	EXP	trialGrid: autoDraw = false
232.53900000000002	EXP	trialSquare: autoDraw = false
232.53900000000002	EXP	trialFix: autoDraw = false
232.53900000000002	EXP	trialSquare: pos = [0,-0.2]
232.53900000000002	EXP	trialGrid: autoDraw = true
232.53900000000002	EXP	trialSquare: autoDraw = true
233.241	DATA	Keydown:  
233.53900000000002	EXP	trialSquare: autoDraw = false
233.53900000000002	EXP	trialFix: autoDraw = true
234.53900000000002	EXP	trialGrid: autoDraw = false
234.53900000000002	EXP	trialFix: autoDraw = false
234.53900000000002	EXP	trialGrid: autoDraw = false
234.53900000000002	EXP	trialSquare: autoDraw = false
234.53900000000002	EXP	trialFix: autoDraw = false
234.53900000000002	EXP	trialSquare: pos = [0.2,-0.2]
234.53900000000002	EXP	trialGrid: autoDraw = true
234.53900000000002	EXP	trialSquare: autoDraw = true
235.54000000000002	EXP	trialSquare: autoDraw = false
235.54000000000002	EXP	trialFix: autoDraw = true
236.53900000000002	EXP	trialGrid: autoDraw = false
236.53900000000002	EXP	trialFix: autoDraw = false
236.53900000000002	EXP	trialGrid: autoDraw = false
236.53900000000002	EXP	trialSquare: autoDraw = false
236.53900000000002	EXP	trialFix: autoDraw = false
236.53900000000002	EXP	trialSquare: pos = [0.2,0]
236.53900000000002	EXP	trialGrid: autoDraw = true
236.53900000000002	EXP	trialSquare: autoDraw = true
237.53900000000002	EXP	trialSquare: autoDraw = false
237.55700000000002	EXP	trialFix: autoDraw = true
238.53900000000002	EXP	trialGrid: autoDraw = false
238.53900000000002	EXP	trialFix: autoDraw = false
238.53900000000002	EXP	trialGrid: autoDraw = false
238.53900000000002	EXP	trialSquare: autoDraw = false
238.53900000000002	EXP	trialFix: autoDraw = false
238.53900000000002	EXP	trialSquare: pos = [0.2,-0.2]
238.53900000000002	EXP	trialGrid: autoDraw = true
238.53900000000002	EXP	trialSquare: autoDraw = true
239.125	DATA	Keydown:  
239.53900000000002	EXP	trialSquare: autoDraw = false
239.55700000000002	EXP	trialFix: autoDraw = true
240.54000000000002	EXP	trialGrid: autoDraw = false
240.54000000000002	EXP	trialFix: autoDraw = false
240.54000000000002	EXP	trialGrid: autoDraw = false
240.54000000000002	EXP	trialSquare: autoDraw = false
240.54000000000002	EXP	trialFix: autoDraw = false
240.54000000000002	EXP	trialSquare: pos = [-0.2,0]
240.54000000000002	EXP	trialGrid: autoDraw = true
240.54000000000002	EXP	trialSquare: autoDraw = true
241.53900000000002	EXP	trialSquare: autoDraw = false
241.55700000000002	EXP	trialFix: autoDraw = true
242.54100000000003	EXP	trialGrid: autoDraw = false
242.54100000000003	EXP	trialFix: autoDraw = false
242.54100000000003	EXP	trialGrid: autoDraw = false
242.54100000000003	EXP	trialSquare: autoDraw = false
242.54100000000003	EXP	trialFix: autoDraw = false
242.54100000000003	EXP	trialSquare: pos = [0.2,0.2]
242.54100000000003	EXP	trialGrid: autoDraw = true
242.54100000000003	EXP	trialSquare: autoDraw = true
243.53900000000002	EXP	trialSquare: autoDraw = false
243.55700000000002	EXP	trialFix: autoDraw = true
244.54100000000003	EXP	trialGrid: autoDraw = false
244.54100000000003	EXP	trialFix: autoDraw = false
244.54100000000003	EXP	trialGrid: autoDraw = false
244.54100000000003	EXP	trialSquare: autoDraw = false
244.54100000000003	EXP	trialFix: autoDraw = false
244.54100000000003	EXP	trialSquare: pos = [0,-0.2]
244.54100000000003	EXP	trialGrid: autoDraw = true
244.54100000000003	EXP	trialSquare: autoDraw = true
245.53900000000002	EXP	trialSquare: autoDraw = false
245.556	EXP	trialFix: autoDraw = true
246.54000000000002	EXP	trialGrid: autoDraw = false
246.54000000000002	EXP	trialFix: autoDraw = false
246.54000000000002	EXP	trialGrid: autoDraw = false
246.54000000000002	EXP	trialSquare: autoDraw = false
246.54000000000002	EXP	trialFix: autoDraw = false
246.54000000000002	EXP	trialSquare: pos = [0.2,0.2]
246.54000000000002	EXP	trialGrid: autoDraw = true
246.54000000000002	EXP	trialSquare: autoDraw = true
246.942	DATA	Keydown:  
247.54000000000002	EXP	trialSquare: autoDraw = false
247.55700000000002	EXP	trialFix: autoDraw = true
248.53900000000002	EXP	trialGrid: autoDraw = false
248.53900000000002	EXP	trialFix: autoDraw = false
248.53900000000002	EXP	trialGrid: autoDraw = false
248.53900000000002	EXP	trialSquare: autoDraw = false
248.53900000000002	EXP	trialFix: autoDraw = false
248.53900000000002	EXP	trialSquare: pos = [-0.2,0.2]
248.53900000000002	EXP	trialGrid: autoDraw = true
248.53900000000002	EXP	trialSquare: autoDraw = true
249.54000000000002	EXP	trialSquare: autoDraw = false
249.54000000000002	EXP	trialFix: autoDraw = true
250.53900000000002	EXP	trialGrid: autoDraw = false
250.53900000000002	EXP	trialFix: autoDraw = false
250.53900000000002	EXP	trialGrid: autoDraw = false
250.53900000000002	EXP	trialSquare: autoDraw = false
250.53900000000002	EXP	trialFix: autoDraw = false
250.53900000000002	EXP	trialSquare: pos = [-0.2,0]
250.53900000000002	EXP	trialGrid: autoDraw = true
250.53900000000002	EXP	trialSquare: autoDraw = true
251.54	EXP	trialSquare: autoDraw = false
251.54	EXP	trialFix: autoDraw = true
252.53900000000002	EXP	trialGrid: autoDraw = false
252.53900000000002	EXP	trialFix: autoDraw = false
252.53900000000002	EXP	trialGrid: autoDraw = false
252.53900000000002	EXP	trialSquare: autoDraw = false
252.53900000000002	EXP	trialFix: autoDraw = false
252.53900000000002	EXP	trialSquare: pos = [0,0.2]
252.53900000000002	EXP	trialGrid: autoDraw = true
252.53900000000002	EXP	trialSquare: autoDraw = true
253.54	EXP	trialSquare: autoDraw = false
253.557	EXP	trialFix: autoDraw = true
254.54	EXP	trialGrid: autoDraw = false
254.54	EXP	trialFix: autoDraw = false
254.54	EXP	trialGrid: autoDraw = false
254.54	EXP	trialSquare: autoDraw = false
254.54	EXP	trialFix: autoDraw = false
254.54	EXP	trialSquare: pos = [-0.2,0]
254.54	EXP	trialGrid: autoDraw = true
254.54	EXP	trialSquare: autoDraw = true
254.96	DATA	Keydown:  
255.54100000000003	EXP	trialSquare: autoDraw = false
255.557	EXP	trialFix: autoDraw = true
256.541	EXP	trialGrid: autoDraw = false
256.541	EXP	trialFix: autoDraw = false
256.541	EXP	trialGrid: autoDraw = false
256.541	EXP	trialSquare: autoDraw = false
256.541	EXP	trialFix: autoDraw = false
256.541	EXP	trialSquare: pos = [0,-0.2]
256.541	EXP	trialGrid: autoDraw = true
256.541	EXP	trialSquare: autoDraw = true
257.541	EXP	trialSquare: autoDraw = false
257.55699999999996	EXP	trialFix: autoDraw = true
258.53999999999996	EXP	trialGrid: autoDraw = false
258.53999999999996	EXP	trialFix: autoDraw = false
258.53999999999996	EXP	trialGrid: autoDraw = false
258.53999999999996	EXP	trialSquare: autoDraw = false
258.53999999999996	EXP	trialFix: autoDraw = false
258.53999999999996	EXP	trialSquare: pos = [0,0]
258.53999999999996	EXP	trialGrid: autoDraw = true
258.53999999999996	EXP	trialSquare: autoDraw = true
259.53999999999996	EXP	trialSquare: autoDraw = false
259.55699999999996	EXP	trialFix: autoDraw = true
260.541	EXP	trialGrid: autoDraw = false
260.541	EXP	trialFix: autoDraw = false
260.541	EXP	trialGrid: autoDraw = false
260.541	EXP	trialSquare: autoDraw = false
260.541	EXP	trialFix: autoDraw = false
260.541	EXP	trialSquare: pos = [-0.2,0.2]
260.541	EXP	trialGrid: autoDraw = true
260.541	EXP	trialSquare: autoDraw = true
261.53999999999996	EXP	trialSquare: autoDraw = false
261.558	EXP	trialFix: autoDraw = true
262.542	EXP	trialGrid: autoDraw = false
262.542	EXP	trialFix: autoDraw = false
262.542	EXP	trialGrid: autoDraw = false
262.542	EXP	trialSquare: autoDraw = false
262.542	EXP	trialFix: autoDraw = false
262.542	EXP	trialSquare: pos = [0,0]
262.542	EXP	trialGrid: autoDraw = true
262.542	EXP	trialSquare: autoDraw = true
262.828	DATA	Keydown:  
263.541	EXP	trialSquare: autoDraw = false
263.55699999999996	EXP	trialFix: autoDraw = true
264.542	EXP	trialGrid: autoDraw = false
264.542	EXP	trialFix: autoDraw = false
264.542	EXP	trialGrid: autoDraw = false
264.542	EXP	trialSquare: autoDraw = false
264.542	EXP	trialFix: autoDraw = false
264.542	EXP	trialSquare: pos = [0.2,0.2]
264.542	EXP	trialGrid: autoDraw = true
264.542	EXP	trialSquare: autoDraw = true
265.541	EXP	trialSquare: autoDraw = false
265.55699999999996	EXP	trialFix: autoDraw = true
266.543	EXP	trialGrid: autoDraw = false
266.543	EXP	trialFix: autoDraw = false
266.543	EXP	trialGrid: autoDraw = false
266.543	EXP	trialSquare: autoDraw = false
266.543	EXP	trialFix: autoDraw = false
266.543	EXP	trialSquare: pos = [0.2,0]
266.543	EXP	trialGrid: autoDraw = true
266.543	EXP	trialSquare: autoDraw = true
267.53999999999996	EXP	trialSquare: autoDraw = false
267.55699999999996	EXP	trialFix: autoDraw = true
268.542	EXP	trialGrid: autoDraw = false
268.542	EXP	trialFix: autoDraw = false
268.542	EXP	trialGrid: autoDraw = false
268.542	EXP	trialSquare: autoDraw = false
268.542	EXP	trialFix: autoDraw = false
268.542	EXP	trialSquare: pos = [-0.2,0.2]
268.542	EXP	trialGrid: autoDraw = true
268.542	EXP	trialSquare: autoDraw = true
269.53999999999996	EXP	trialSquare: autoDraw = false
269.55699999999996	EXP	trialFix: autoDraw = true
270.53999999999996	EXP	trialGrid: autoDraw = false
270.53999999999996	EXP	trialFix: autoDraw = false
270.53999999999996	EXP	trialGrid: autoDraw = false
270.53999999999996	EXP	trialSquare: autoDraw = false
270.53999999999996	EXP	trialFix: autoDraw = false
270.53999999999996	EXP	trialSquare: pos = [0.2,0.2]
270.53999999999996	EXP	trialGrid: autoDraw = true
270.53999999999996	EXP	trialSquare: autoDraw = true
271.541	EXP	trialSquare: autoDraw = false
271.558	EXP	trialFix: autoDraw = true
272.541	EXP	trialGrid: autoDraw = false
272.541	EXP	trialFix: autoDraw = false
272.541	EXP	trialGrid: autoDraw = false
272.541	EXP	trialSquare: autoDraw = false
272.541	EXP	trialFix: autoDraw = false
272.541	EXP	trialSquare: pos = [-0.2,0.2]
272.541	EXP	trialGrid: autoDraw = true
272.541	EXP	trialSquare: autoDraw = true
273.094	DATA	Keydown:  
273.541	EXP	trialSquare: autoDraw = false
273.558	EXP	trialFix: autoDraw = true
274.541	EXP	trialGrid: autoDraw = false
274.541	EXP	trialFix: autoDraw = false
274.541	EXP	trialGrid: autoDraw = false
274.541	EXP	trialSquare: autoDraw = false
274.541	EXP	trialFix: autoDraw = false
274.541	EXP	trialSquare: pos = [0,0.2]
274.541	EXP	trialGrid: autoDraw = true
274.541	EXP	trialSquare: autoDraw = true
275.542	EXP	trialSquare: autoDraw = false
275.558	EXP	trialFix: autoDraw = true
276.542	EXP	trialGrid: autoDraw = false
276.542	EXP	trialFix: autoDraw = false
276.542	EXP	trialGrid: autoDraw = false
276.542	EXP	trialSquare: autoDraw = false
276.542	EXP	trialFix: autoDraw = false
276.542	EXP	trialSquare: pos = [-0.2,0.2]
276.542	EXP	trialGrid: autoDraw = true
276.542	EXP	trialSquare: autoDraw = true
277.541	EXP	trialSquare: autoDraw = false
277.541	EXP	trialFix: autoDraw = true
278.541	EXP	trialGrid: autoDraw = false
278.541	EXP	trialFix: autoDraw = false
278.541	EXP	trialGrid: autoDraw = false
278.541	EXP	trialSquare: autoDraw = false
278.541	EXP	trialFix: autoDraw = false
278.541	EXP	trialSquare: pos = [-0.2,0.2]
278.541	EXP	trialGrid: autoDraw = true
278.541	EXP	trialSquare: autoDraw = true
279.542	EXP	trialSquare: autoDraw = false
279.558	EXP	trialFix: autoDraw = true
280.53999999999996	EXP	trialGrid: autoDraw = false
280.53999999999996	EXP	trialFix: autoDraw = false
280.53999999999996	EXP	trialGrid: autoDraw = false
280.53999999999996	EXP	trialSquare: autoDraw = false
280.53999999999996	EXP	trialFix: autoDraw = false
280.53999999999996	EXP	trialSquare: pos = [-0.2,-0.2]
280.53999999999996	EXP	trialGrid: autoDraw = true
280.53999999999996	EXP	trialSquare: autoDraw = true
281.541	EXP	trialSquare: autoDraw = false
281.558	EXP	trialFix: autoDraw = true
282.541	EXP	trialGrid: autoDraw = false
282.541	EXP	trialFix: autoDraw = false
282.541	EXP	trialGrid: autoDraw = false
282.541	EXP	trialSquare: autoDraw = false
282.541	EXP	trialFix: autoDraw = false
282.541	EXP	trialSquare: pos = [0,0.2]
282.541	EXP	trialGrid: autoDraw = true
282.541	EXP	trialSquare: autoDraw = true
283.541	EXP	trialSquare: autoDraw = false
283.558	EXP	trialFix: autoDraw = true
284.541	EXP	trialGrid: autoDraw = false
284.541	EXP	trialFix: autoDraw = false
284.541	EXP	trialGrid: autoDraw = false
284.541	EXP	trialSquare: autoDraw = false
284.541	EXP	trialFix: autoDraw = false
284.541	EXP	trialSquare: pos = [-0.2,-0.2]
284.541	EXP	trialGrid: autoDraw = true
284.541	EXP	trialSquare: autoDraw = true
285.383	DATA	Keydown:  
285.542	EXP	trialSquare: autoDraw = false
285.55899999999997	EXP	trialFix: autoDraw = true
286.541	EXP	trialGrid: autoDraw = false
286.541	EXP	trialFix: autoDraw = false
286.541	EXP	trialGrid: autoDraw = false
286.541	EXP	trialSquare: autoDraw = false
286.541	EXP	trialFix: autoDraw = false
286.541	EXP	trialSquare: pos = [0.2,0]
286.541	EXP	trialGrid: autoDraw = true
286.541	EXP	trialSquare: autoDraw = true
287.542	EXP	trialSquare: autoDraw = false
287.55899999999997	EXP	trialFix: autoDraw = true
288.554	EXP	trialGrid: autoDraw = false
288.554	EXP	trialFix: autoDraw = false
288.554	EXP	trialGrid: autoDraw = false
288.554	EXP	trialSquare: autoDraw = false
288.554	EXP	trialFix: autoDraw = false
288.554	EXP	instr3: autoDraw = true
292.727	DATA	Keydown: s
292.743	EXP	instr3: autoDraw = false
292.743	EXP	fix3: autoDraw = true
293.77799999999996	EXP	fix3: autoDraw = false
293.77799999999996	EXP	fix3: autoDraw = false
293.77799999999996	EXP	trialSquare: pos = [-0.2,0]
293.77799999999996	EXP	trialGrid: autoDraw = true
293.77799999999996	EXP	trialSquare: autoDraw = true
294.775	EXP	trialSquare: autoDraw = false
294.793	EXP	trialFix: autoDraw = true
295.76	EXP	trialGrid: autoDraw = false
295.76	EXP	trialSquare: autoDraw = false
295.76	EXP	trialFix: autoDraw = false
295.76	EXP	trialSquare: pos = [0,0.2]
295.76	EXP	trialGrid: autoDraw = true
295.76	EXP	trialSquare: autoDraw = true
296.75899999999996	EXP	trialSquare: autoDraw = false
296.776	EXP	trialFix: autoDraw = true
297.76	EXP	trialGrid: autoDraw = false
297.76	EXP	trialFix: autoDraw = false
297.76	EXP	trialGrid: autoDraw = false
297.76	EXP	trialSquare: autoDraw = false
297.76	EXP	trialFix: autoDraw = false
297.76	EXP	trialSquare: pos = [0.2,-0.2]
297.76	EXP	trialGrid: autoDraw = true
297.76	EXP	trialSquare: autoDraw = true
298.75899999999996	EXP	trialSquare: autoDraw = false
298.776	EXP	trialFix: autoDraw = true
299.75899999999996	EXP	trialGrid: autoDraw = false
299.75899999999996	EXP	trialFix: autoDraw = false
299.75899999999996	EXP	trialGrid: autoDraw = false
299.75899999999996	EXP	trialSquare: autoDraw = false
299.75899999999996	EXP	trialFix: autoDraw = false
299.75899999999996	EXP	trialSquare: pos = [-0.2,0]
299.75899999999996	EXP	trialGrid: autoDraw = true
299.75899999999996	EXP	trialSquare: autoDraw = true
300.29499999999996	DATA	Keydown:  
300.75899999999996	EXP	trialSquare: autoDraw = false
300.75899999999996	EXP	trialFix: autoDraw = true
301.75899999999996	EXP	trialGrid: autoDraw = false
301.75899999999996	EXP	trialFix: autoDraw = false
301.75899999999996	EXP	trialGrid: autoDraw = false
301.75899999999996	EXP	trialSquare: autoDraw = false
301.75899999999996	EXP	trialFix: autoDraw = false
301.75899999999996	EXP	trialSquare: pos = [0.2,0.2]
301.75899999999996	EXP	trialGrid: autoDraw = true
301.75899999999996	EXP	trialSquare: autoDraw = true
302.76	EXP	trialSquare: autoDraw = false
302.76	EXP	trialFix: autoDraw = true
303.74399999999997	EXP	trialGrid: autoDraw = false
303.74399999999997	EXP	trialSquare: autoDraw = false
303.74399999999997	EXP	trialFix: autoDraw = false
303.74399999999997	EXP	trialSquare: pos = [0.2,-0.2]
303.74399999999997	EXP	trialGrid: autoDraw = true
303.74399999999997	EXP	trialSquare: autoDraw = true
304.74199999999996	EXP	trialSquare: autoDraw = false
304.75899999999996	EXP	trialFix: autoDraw = true
305.74199999999996	EXP	trialGrid: autoDraw = false
305.74199999999996	EXP	trialFix: autoDraw = false
305.74199999999996	EXP	trialGrid: autoDraw = false
305.74199999999996	EXP	trialSquare: autoDraw = false
305.74199999999996	EXP	trialFix: autoDraw = false
305.74199999999996	EXP	trialSquare: pos = [-0.2,0.2]
305.74199999999996	EXP	trialGrid: autoDraw = true
305.74199999999996	EXP	trialSquare: autoDraw = true
306.743	EXP	trialSquare: autoDraw = false
306.76	EXP	trialFix: autoDraw = true
307.743	EXP	trialGrid: autoDraw = false
307.743	EXP	trialFix: autoDraw = false
307.743	EXP	trialGrid: autoDraw = false
307.743	EXP	trialSquare: autoDraw = false
307.743	EXP	trialFix: autoDraw = false
307.743	EXP	trialSquare: pos = [-0.2,0.2]
307.743	EXP	trialGrid: autoDraw = true
307.743	EXP	trialSquare: autoDraw = true
308.743	EXP	trialSquare: autoDraw = false
308.76	EXP	trialFix: autoDraw = true
309.743	EXP	trialGrid: autoDraw = false
309.743	EXP	trialFix: autoDraw = false
309.743	EXP	trialGrid: autoDraw = false
309.743	EXP	trialSquare: autoDraw = false
309.743	EXP	trialFix: autoDraw = false
309.743	EXP	trialSquare: pos = [0.2,0]
309.743	EXP	trialGrid: autoDraw = true
309.743	EXP	trialSquare: autoDraw = true
310.743	EXP	trialSquare: autoDraw = false
310.76	EXP	trialFix: autoDraw = true
311.743	EXP	trialGrid: autoDraw = false
311.743	EXP	trialFix: autoDraw = false
311.743	EXP	trialGrid: autoDraw = false
311.743	EXP	trialSquare: autoDraw = false
311.743	EXP	trialFix: autoDraw = false
311.743	EXP	trialSquare: pos = [-0.2,0.2]
311.743	EXP	trialGrid: autoDraw = true
311.743	EXP	trialSquare: autoDraw = true
312.745	EXP	trialSquare: autoDraw = false
312.76099999999997	EXP	trialFix: autoDraw = true
313.746	EXP	trialGrid: autoDraw = false
313.746	EXP	trialFix: autoDraw = false
313.746	EXP	trialGrid: autoDraw = false
313.746	EXP	trialSquare: autoDraw = false
313.746	EXP	trialFix: autoDraw = false
313.746	EXP	trialSquare: pos = [0,0]
313.746	EXP	trialGrid: autoDraw = true
313.746	EXP	trialSquare: autoDraw = true
314.74399999999997	EXP	trialSquare: autoDraw = false
314.76099999999997	EXP	trialFix: autoDraw = true
315.746	EXP	trialGrid: autoDraw = false
315.746	EXP	trialFix: autoDraw = false
315.746	EXP	trialGrid: autoDraw = false
315.746	EXP	trialSquare: autoDraw = false
315.746	EXP	trialFix: autoDraw = false
315.746	EXP	trialSquare: pos = [0.2,0]
315.746	EXP	trialGrid: autoDraw = true
315.746	EXP	trialSquare: autoDraw = true
316.74399999999997	EXP	trialSquare: autoDraw = false
316.76099999999997	EXP	trialFix: autoDraw = true
317.746	EXP	trialGrid: autoDraw = false
317.746	EXP	trialFix: autoDraw = false
317.746	EXP	trialGrid: autoDraw = false
317.746	EXP	trialSquare: autoDraw = false
317.746	EXP	trialFix: autoDraw = false
317.746	EXP	trialSquare: pos = [0.2,0.2]
317.746	EXP	trialGrid: autoDraw = true
317.746	EXP	trialSquare: autoDraw = true
318.74399999999997	EXP	trialSquare: autoDraw = false
318.76	EXP	trialFix: autoDraw = true
319.745	EXP	trialGrid: autoDraw = false
319.745	EXP	trialFix: autoDraw = false
319.745	EXP	trialGrid: autoDraw = false
319.745	EXP	trialSquare: autoDraw = false
319.745	EXP	trialFix: autoDraw = false
319.745	EXP	trialSquare: pos = [-0.2,0.2]
319.745	EXP	trialGrid: autoDraw = true
319.745	EXP	trialSquare: autoDraw = true
320.74399999999997	EXP	trialSquare: autoDraw = false
320.76099999999997	EXP	trialFix: autoDraw = true
321.746	EXP	trialGrid: autoDraw = false
321.746	EXP	trialFix: autoDraw = false
321.746	EXP	trialGrid: autoDraw = false
321.746	EXP	trialSquare: autoDraw = false
321.746	EXP	trialFix: autoDraw = false
321.746	EXP	trialSquare: pos = [-0.2,-0.2]
321.746	EXP	trialGrid: autoDraw = true
321.746	EXP	trialSquare: autoDraw = true
322.74399999999997	EXP	trialSquare: autoDraw = false
322.76099999999997	EXP	trialFix: autoDraw = true
323.746	EXP	trialGrid: autoDraw = false
323.746	EXP	trialFix: autoDraw = false
323.746	EXP	trialGrid: autoDraw = false
323.746	EXP	trialSquare: autoDraw = false
323.746	EXP	trialFix: autoDraw = false
323.746	EXP	trialSquare: pos = [0.2,-0.2]
323.746	EXP	trialGrid: autoDraw = true
323.746	EXP	trialSquare: autoDraw = true
324.743	EXP	trialSquare: autoDraw = false
324.76099999999997	EXP	trialFix: autoDraw = true
325.746	EXP	trialGrid: autoDraw = false
325.746	EXP	trialFix: autoDraw = false
325.746	EXP	trialGrid: autoDraw = false
325.746	EXP	trialSquare: autoDraw = false
325.746	EXP	trialFix: autoDraw = false
325.746	EXP	trialSquare: pos = [-0.2,0.2]
325.746	EXP	trialGrid: autoDraw = true
325.746	EXP	trialSquare: autoDraw = true
326.745	EXP	trialSquare: autoDraw = false
326.76099999999997	EXP	trialFix: autoDraw = true
327.74699999999996	EXP	trialGrid: autoDraw = false
327.74699999999996	EXP	trialFix: autoDraw = false
327.74699999999996	EXP	trialGrid: autoDraw = false
327.74699999999996	EXP	trialSquare: autoDraw = false
327.74699999999996	EXP	trialFix: autoDraw = false
327.74699999999996	EXP	trialSquare: pos = [0.2,0.2]
327.74699999999996	EXP	trialGrid: autoDraw = true
327.74699999999996	EXP	trialSquare: autoDraw = true
328.745	EXP	trialSquare: autoDraw = false
328.76099999999997	EXP	trialFix: autoDraw = true
329.746	EXP	trialGrid: autoDraw = false
329.746	EXP	trialFix: autoDraw = false
329.746	EXP	trialGrid: autoDraw = false
329.746	EXP	trialSquare: autoDraw = false
329.746	EXP	trialFix: autoDraw = false
329.746	EXP	trialSquare: pos = [-0.2,-0.2]
329.746	EXP	trialGrid: autoDraw = true
329.746	EXP	trialSquare: autoDraw = true
330.74399999999997	EXP	trialSquare: autoDraw = false
330.76099999999997	EXP	trialFix: autoDraw = true
331.74399999999997	EXP	trialGrid: autoDraw = false
331.74399999999997	EXP	trialFix: autoDraw = false
331.74399999999997	EXP	trialGrid: autoDraw = false
331.74399999999997	EXP	trialSquare: autoDraw = false
331.74399999999997	EXP	trialFix: autoDraw = false
331.74399999999997	EXP	trialSquare: pos = [0,0]
331.74399999999997	EXP	trialGrid: autoDraw = true
331.74399999999997	EXP	trialSquare: autoDraw = true
332.745	EXP	trialSquare: autoDraw = false
332.76099999999997	EXP	trialFix: autoDraw = true
333.74399999999997	EXP	trialGrid: autoDraw = false
333.74399999999997	EXP	trialFix: autoDraw = false
333.74399999999997	EXP	trialGrid: autoDraw = false
333.74399999999997	EXP	trialSquare: autoDraw = false
333.74399999999997	EXP	trialFix: autoDraw = false
333.74399999999997	EXP	trialSquare: pos = [0.2,0.2]
333.74399999999997	EXP	trialGrid: autoDraw = true
333.74399999999997	EXP	trialSquare: autoDraw = true
334.745	EXP	trialSquare: autoDraw = false
334.76099999999997	EXP	trialFix: autoDraw = true
335.743	EXP	trialGrid: autoDraw = false
335.743	EXP	trialFix: autoDraw = false
335.743	EXP	trialGrid: autoDraw = false
335.743	EXP	trialSquare: autoDraw = false
335.743	EXP	trialFix: autoDraw = false
335.743	EXP	trialSquare: pos = [0,-0.2]
335.743	EXP	trialGrid: autoDraw = true
335.743	EXP	trialSquare: autoDraw = true
336.745	EXP	trialSquare: autoDraw = false
336.762	EXP	trialFix: autoDraw = true
337.743	EXP	trialGrid: autoDraw = false
337.743	EXP	trialFix: autoDraw = false
337.743	EXP	trialGrid: autoDraw = false
337.743	EXP	trialSquare: autoDraw = false
337.743	EXP	trialFix: autoDraw = false
337.743	EXP	trialSquare: pos = [-0.2,-0.2]
337.743	EXP	trialGrid: autoDraw = true
337.743	EXP	trialSquare: autoDraw = true
338.745	EXP	trialSquare: autoDraw = false
338.762	EXP	trialFix: autoDraw = true
339.746	EXP	trialGrid: autoDraw = false
339.746	EXP	trialFix: autoDraw = false
339.746	EXP	trialGrid: autoDraw = false
339.746	EXP	trialSquare: autoDraw = false
339.746	EXP	trialFix: autoDraw = false
339.746	EXP	trialSquare: pos = [-0.2,0]
339.746	EXP	trialGrid: autoDraw = true
339.746	EXP	trialSquare: autoDraw = true
340.745	EXP	trialSquare: autoDraw = false
340.762	EXP	trialFix: autoDraw = true
341.74399999999997	EXP	trialGrid: autoDraw = false
341.74399999999997	EXP	trialFix: autoDraw = false
341.74399999999997	EXP	trialGrid: autoDraw = false
341.74399999999997	EXP	trialSquare: autoDraw = false
341.74399999999997	EXP	trialFix: autoDraw = false
341.74399999999997	EXP	trialSquare: pos = [0,-0.2]
341.74399999999997	EXP	trialGrid: autoDraw = true
341.74399999999997	EXP	trialSquare: autoDraw = true
342.419	DATA	Keydown:  
342.745	EXP	trialSquare: autoDraw = false
342.76099999999997	EXP	trialFix: autoDraw = true
343.74399999999997	EXP	trialGrid: autoDraw = false
343.74399999999997	EXP	trialFix: autoDraw = false
343.74399999999997	EXP	trialGrid: autoDraw = false
343.74399999999997	EXP	trialSquare: autoDraw = false
343.74399999999997	EXP	trialFix: autoDraw = false
343.74399999999997	EXP	trialSquare: pos = [0,0]
343.74399999999997	EXP	trialGrid: autoDraw = true
343.74399999999997	EXP	trialSquare: autoDraw = true
344.745	EXP	trialSquare: autoDraw = false
344.762	EXP	trialFix: autoDraw = true
345.74399999999997	EXP	trialGrid: autoDraw = false
345.74399999999997	EXP	trialFix: autoDraw = false
345.74399999999997	EXP	trialGrid: autoDraw = false
345.74399999999997	EXP	trialSquare: autoDraw = false
345.74399999999997	EXP	trialFix: autoDraw = false
345.74399999999997	EXP	trialSquare: pos = [0,0.2]
345.74399999999997	EXP	trialGrid: autoDraw = true
345.74399999999997	EXP	trialSquare: autoDraw = true
346.74399999999997	EXP	trialSquare: autoDraw = false
346.76099999999997	EXP	trialFix: autoDraw = true
347.745	EXP	trialGrid: autoDraw = false
347.745	EXP	trialFix: autoDraw = false
347.745	EXP	trialGrid: autoDraw = false
347.745	EXP	trialSquare: autoDraw = false
347.745	EXP	trialFix: autoDraw = false
347.745	EXP	trialSquare: pos = [0.2,0]
347.745	EXP	trialGrid: autoDraw = true
347.745	EXP	trialSquare: autoDraw = true
348.746	EXP	trialSquare: autoDraw = false
348.746	EXP	trialFix: autoDraw = true
349.745	EXP	trialGrid: autoDraw = false
349.745	EXP	trialFix: autoDraw = false
349.745	EXP	trialGrid: autoDraw = false
349.745	EXP	trialSquare: autoDraw = false
349.745	EXP	trialFix: autoDraw = false
349.745	EXP	trialSquare: pos = [0,0]
349.745	EXP	trialGrid: autoDraw = true
349.745	EXP	trialSquare: autoDraw = true
350.745	EXP	trialSquare: autoDraw = false
350.762	EXP	trialFix: autoDraw = true
351.745	EXP	trialGrid: autoDraw = false
351.745	EXP	trialFix: autoDraw = false
351.745	EXP	trialGrid: autoDraw = false
351.745	EXP	trialSquare: autoDraw = false
351.745	EXP	trialFix: autoDraw = false
351.745	EXP	trialSquare: pos = [0,0.2]
351.745	EXP	trialGrid: autoDraw = true
351.745	EXP	trialSquare: autoDraw = true
352.097	DATA	Keydown:  
352.746	EXP	trialSquare: autoDraw = false
352.746	EXP	trialFix: autoDraw = true
353.74399999999997	EXP	trialGrid: autoDraw = false
353.74399999999997	EXP	trialFix: autoDraw = false
353.74399999999997	EXP	trialGrid: autoDraw = false
353.74399999999997	EXP	trialSquare: autoDraw = false
353.74399999999997	EXP	trialFix: autoDraw = false
353.74399999999997	EXP	trialSquare: pos = [0,0]
353.74399999999997	EXP	trialGrid: autoDraw = true
353.74399999999997	EXP	trialSquare: autoDraw = true
354.746	EXP	trialSquare: autoDraw = false
354.762	EXP	trialFix: autoDraw = true
355.745	EXP	trialGrid: autoDraw = false
355.745	EXP	trialFix: autoDraw = false
355.745	EXP	trialGrid: autoDraw = false
355.745	EXP	trialSquare: autoDraw = false
355.745	EXP	trialFix: autoDraw = false
355.745	EXP	trialSquare: pos = [0,0.2]
355.745	EXP	trialGrid: autoDraw = true
355.745	EXP	trialSquare: autoDraw = true
356.746	EXP	trialSquare: autoDraw = false
356.763	EXP	trialFix: autoDraw = true
357.746	EXP	trialGrid: autoDraw = false
357.746	EXP	trialFix: autoDraw = false
357.746	EXP	trialGrid: autoDraw = false
357.746	EXP	trialSquare: autoDraw = false
357.746	EXP	trialFix: autoDraw = false
357.746	EXP	trialSquare: pos = [0.2,-0.2]
357.746	EXP	trialGrid: autoDraw = true
357.746	EXP	trialSquare: autoDraw = true
358.746	EXP	trialSquare: autoDraw = false
358.746	EXP	trialFix: autoDraw = true
359.74699999999996	EXP	trialGrid: autoDraw = false
359.74699999999996	EXP	trialFix: autoDraw = false
359.74699999999996	EXP	trialGrid: autoDraw = false
359.74699999999996	EXP	trialSquare: autoDraw = false
359.74699999999996	EXP	trialFix: autoDraw = false
359.74699999999996	EXP	trialSquare: pos = [0.2,0]
359.74699999999996	EXP	trialGrid: autoDraw = true
359.74699999999996	EXP	trialSquare: autoDraw = true
360.746	EXP	trialSquare: autoDraw = false
360.763	EXP	trialFix: autoDraw = true
361.74699999999996	EXP	trialGrid: autoDraw = false
361.74699999999996	EXP	trialFix: autoDraw = false
361.74699999999996	EXP	trialGrid: autoDraw = false
361.74699999999996	EXP	trialSquare: autoDraw = false
361.74699999999996	EXP	trialFix: autoDraw = false
361.74699999999996	EXP	trialSquare: pos = [0.2,0.2]
361.74699999999996	EXP	trialGrid: autoDraw = true
361.74699999999996	EXP	trialSquare: autoDraw = true
362.746	EXP	trialSquare: autoDraw = false
362.762	EXP	trialFix: autoDraw = true
363.748	EXP	trialGrid: autoDraw = false
363.748	EXP	trialFix: autoDraw = false
363.748	EXP	trialGrid: autoDraw = false
363.748	EXP	trialSquare: autoDraw = false
363.748	EXP	trialFix: autoDraw = false
363.748	EXP	trialSquare: pos = [0.2,-0.2]
363.748	EXP	trialGrid: autoDraw = true
363.748	EXP	trialSquare: autoDraw = true
364.74699999999996	EXP	trialSquare: autoDraw = false
364.74699999999996	EXP	trialFix: autoDraw = true
364.767	DATA	Keydown:  
365.74699999999996	EXP	trialGrid: autoDraw = false
365.74699999999996	EXP	trialFix: autoDraw = false
365.74699999999996	EXP	trialGrid: autoDraw = false
365.74699999999996	EXP	trialSquare: autoDraw = false
365.74699999999996	EXP	trialFix: autoDraw = false
365.74699999999996	EXP	trialSquare: pos = [-0.2,-0.2]
365.74699999999996	EXP	trialGrid: autoDraw = true
365.74699999999996	EXP	trialSquare: autoDraw = true
366.746	EXP	trialSquare: autoDraw = false
366.762	EXP	trialFix: autoDraw = true
367.74699999999996	EXP	trialGrid: autoDraw = false
367.74699999999996	EXP	trialFix: autoDraw = false
367.74699999999996	EXP	trialGrid: autoDraw = false
367.74699999999996	EXP	trialSquare: autoDraw = false
367.74699999999996	EXP	trialFix: autoDraw = false
367.74699999999996	EXP	trialSquare: pos = [0,0]
367.74699999999996	EXP	trialGrid: autoDraw = true
367.74699999999996	EXP	trialSquare: autoDraw = true
368.746	EXP	trialSquare: autoDraw = false
368.763	EXP	trialFix: autoDraw = true
369.748	EXP	trialGrid: autoDraw = false
369.748	EXP	trialFix: autoDraw = false
369.748	EXP	trialGrid: autoDraw = false
369.748	EXP	trialSquare: autoDraw = false
369.748	EXP	trialFix: autoDraw = false
369.748	EXP	trialSquare: pos = [-0.2,0.2]
369.748	EXP	trialGrid: autoDraw = true
369.748	EXP	trialSquare: autoDraw = true
370.74699999999996	EXP	trialSquare: autoDraw = false
370.764	EXP	trialFix: autoDraw = true
371.74699999999996	EXP	trialGrid: autoDraw = false
371.74699999999996	EXP	trialFix: autoDraw = false
371.74699999999996	EXP	trialGrid: autoDraw = false
371.74699999999996	EXP	trialSquare: autoDraw = false
371.74699999999996	EXP	trialFix: autoDraw = false
371.74699999999996	EXP	trialSquare: pos = [-0.2,-0.2]
371.74699999999996	EXP	trialGrid: autoDraw = true
371.74699999999996	EXP	trialSquare: autoDraw = true
372.74699999999996	EXP	trialSquare: autoDraw = false
372.763	EXP	trialFix: autoDraw = true
373.748	EXP	trialGrid: autoDraw = false
373.748	EXP	trialFix: autoDraw = false
373.748	EXP	trialGrid: autoDraw = false
373.748	EXP	trialSquare: autoDraw = false
373.748	EXP	trialFix: autoDraw = false
373.748	EXP	trialSquare: pos = [0,0]
373.748	EXP	trialGrid: autoDraw = true
373.748	EXP	trialSquare: autoDraw = true
374.746	EXP	trialSquare: autoDraw = false
374.763	EXP	trialFix: autoDraw = true
375.74699999999996	EXP	trialGrid: autoDraw = false
375.74699999999996	EXP	trialFix: autoDraw = false
375.74699999999996	EXP	trialGrid: autoDraw = false
375.74699999999996	EXP	trialSquare: autoDraw = false
375.74699999999996	EXP	trialFix: autoDraw = false
375.74699999999996	EXP	trialSquare: pos = [-0.2,-0.2]
375.74699999999996	EXP	trialGrid: autoDraw = true
375.74699999999996	EXP	trialSquare: autoDraw = true
376.746	EXP	trialSquare: autoDraw = false
376.746	EXP	trialFix: autoDraw = true
377.748	EXP	trialGrid: autoDraw = false
377.748	EXP	trialFix: autoDraw = false
377.748	EXP	trialGrid: autoDraw = false
377.748	EXP	trialSquare: autoDraw = false
377.748	EXP	trialFix: autoDraw = false
377.748	EXP	trialSquare: pos = [0.2,0.2]
377.748	EXP	trialGrid: autoDraw = true
377.748	EXP	trialSquare: autoDraw = true
378.74699999999996	EXP	trialSquare: autoDraw = false
378.764	EXP	trialFix: autoDraw = true
379.746	EXP	trialGrid: autoDraw = false
379.746	EXP	trialFix: autoDraw = false
379.746	EXP	trialGrid: autoDraw = false
379.746	EXP	trialSquare: autoDraw = false
379.746	EXP	trialFix: autoDraw = false
379.746	EXP	trialSquare: pos = [0,-0.2]
379.746	EXP	trialGrid: autoDraw = true
379.746	EXP	trialSquare: autoDraw = true
380.74699999999996	EXP	trialSquare: autoDraw = false
380.763	EXP	trialFix: autoDraw = true
381.748	EXP	trialGrid: autoDraw = false
381.748	EXP	trialFix: autoDraw = false
381.748	EXP	trialGrid: autoDraw = false
381.748	EXP	trialSquare: autoDraw = false
381.748	EXP	trialFix: autoDraw = false
381.748	EXP	trialSquare: pos = [-0.2,-0.2]
381.748	EXP	trialGrid: autoDraw = true
381.748	EXP	trialSquare: autoDraw = true
381.883	DATA	Keydown:  
382.74699999999996	EXP	trialSquare: autoDraw = false
382.763	EXP	trialFix: autoDraw = true
383.748	EXP	trialGrid: autoDraw = false
383.748	EXP	trialFix: autoDraw = false
383.748	EXP	trialGrid: autoDraw = false
383.748	EXP	trialSquare: autoDraw = false
383.748	EXP	trialFix: autoDraw = false
383.748	EXP	trialSquare: pos = [0.2,-0.2]
383.748	EXP	trialGrid: autoDraw = true
383.748	EXP	trialSquare: autoDraw = true
384.74699999999996	EXP	trialSquare: autoDraw = false
384.764	EXP	trialFix: autoDraw = true
385.748	EXP	trialGrid: autoDraw = false
385.748	EXP	trialFix: autoDraw = false
385.748	EXP	trialGrid: autoDraw = false
385.748	EXP	trialSquare: autoDraw = false
385.748	EXP	trialFix: autoDraw = false
385.748	EXP	trialSquare: pos = [0.2,-0.2]
385.748	EXP	trialGrid: autoDraw = true
385.748	EXP	trialSquare: autoDraw = true
386.036	DATA	Keydown:  
386.74699999999996	EXP	trialSquare: autoDraw = false
386.764	EXP	trialFix: autoDraw = true
387.753	EXP	trialGrid: autoDraw = false
387.753	EXP	trialFix: autoDraw = false
387.753	EXP	trialGrid: autoDraw = false
387.753	EXP	trialSquare: autoDraw = false
387.753	EXP	trialFix: autoDraw = false
387.753	EXP	trialSquare: pos = [0.2,0.2]
387.753	EXP	trialGrid: autoDraw = true
387.753	EXP	trialSquare: autoDraw = true
388.217	DATA	Keydown:  
388.74699999999996	EXP	trialSquare: autoDraw = false
388.765	EXP	trialFix: autoDraw = true
389.75	EXP	trialGrid: autoDraw = false
389.75	EXP	trialFix: autoDraw = false
389.75	EXP	trialGrid: autoDraw = false
389.75	EXP	trialSquare: autoDraw = false
389.75	EXP	trialFix: autoDraw = false
389.75	EXP	trialSquare: pos = [-0.2,0.2]
389.75	EXP	trialGrid: autoDraw = true
389.75	EXP	trialSquare: autoDraw = true
390.748	EXP	trialSquare: autoDraw = false
390.765	EXP	trialFix: autoDraw = true
391.748	EXP	trialGrid: autoDraw = false
391.748	EXP	trialFix: autoDraw = false
391.748	EXP	trialGrid: autoDraw = false
391.748	EXP	trialSquare: autoDraw = false
391.748	EXP	trialFix: autoDraw = false
391.748	EXP	trialSquare: pos = [0,0]
391.748	EXP	trialGrid: autoDraw = true
391.748	EXP	trialSquare: autoDraw = true
392.748	EXP	trialSquare: autoDraw = false
392.765	EXP	trialFix: autoDraw = true
393.74699999999996	EXP	trialGrid: autoDraw = false
393.74699999999996	EXP	trialFix: autoDraw = false
393.74699999999996	EXP	trialGrid: autoDraw = false
393.74699999999996	EXP	trialSquare: autoDraw = false
393.74699999999996	EXP	trialFix: autoDraw = false
393.74699999999996	EXP	trialSquare: pos = [0.2,0.2]
393.74699999999996	EXP	trialGrid: autoDraw = true
393.74699999999996	EXP	trialSquare: autoDraw = true
394.4	DATA	Keydown:  
394.74699999999996	EXP	trialSquare: autoDraw = false
394.765	EXP	trialFix: autoDraw = true
395.74699999999996	EXP	trialGrid: autoDraw = false
395.74699999999996	EXP	trialFix: autoDraw = false
395.74699999999996	EXP	trialGrid: autoDraw = false
395.74699999999996	EXP	trialSquare: autoDraw = false
395.74699999999996	EXP	trialFix: autoDraw = false
395.74699999999996	EXP	trialSquare: pos = [-0.2,0]
395.74699999999996	EXP	trialGrid: autoDraw = true
395.74699999999996	EXP	trialSquare: autoDraw = true
396.748	EXP	trialSquare: autoDraw = false
396.765	EXP	trialFix: autoDraw = true
397.74699999999996	EXP	trialGrid: autoDraw = false
397.74699999999996	EXP	trialFix: autoDraw = false
397.74699999999996	EXP	trialGrid: autoDraw = false
397.74699999999996	EXP	trialSquare: autoDraw = false
397.74699999999996	EXP	trialFix: autoDraw = false
397.74699999999996	EXP	trialSquare: pos = [-0.2,-0.2]
397.74699999999996	EXP	trialGrid: autoDraw = true
397.74699999999996	EXP	trialSquare: autoDraw = true
398.38399999999996	DATA	Keydown:  
398.748	EXP	trialSquare: autoDraw = false
398.748	EXP	trialFix: autoDraw = true
398.80199999999996	DATA	Keydown:  
399.748	EXP	trialGrid: autoDraw = false
399.748	EXP	trialFix: autoDraw = false
399.748	EXP	trialGrid: autoDraw = false
399.748	EXP	trialSquare: autoDraw = false
399.748	EXP	trialFix: autoDraw = false
399.748	EXP	trialSquare: pos = [-0.2,0]
399.748	EXP	trialGrid: autoDraw = true
399.748	EXP	trialSquare: autoDraw = true
400.337	DATA	Keydown:  
400.748	EXP	trialSquare: autoDraw = false
400.765	EXP	trialFix: autoDraw = true
401.74699999999996	EXP	trialGrid: autoDraw = false
401.74699999999996	EXP	trialFix: autoDraw = false
401.74699999999996	EXP	trialGrid: autoDraw = false
401.74699999999996	EXP	trialSquare: autoDraw = false
401.74699999999996	EXP	trialFix: autoDraw = false
401.74699999999996	EXP	trialSquare: pos = [-0.2,0]
401.74699999999996	EXP	trialGrid: autoDraw = true
401.74699999999996	EXP	trialSquare: autoDraw = true
402.2	DATA	Keydown:  
402.748	EXP	trialSquare: autoDraw = false
402.764	EXP	trialFix: autoDraw = true
403.748	EXP	trialGrid: autoDraw = false
403.748	EXP	trialFix: autoDraw = false
403.748	EXP	trialGrid: autoDraw = false
403.748	EXP	trialSquare: autoDraw = false
403.748	EXP	trialFix: autoDraw = false
403.748	EXP	trialSquare: pos = [0,0]
403.748	EXP	trialGrid: autoDraw = true
403.748	EXP	trialSquare: autoDraw = true
404.152	DATA	Keydown:  
404.748	EXP	trialSquare: autoDraw = false
404.765	EXP	trialFix: autoDraw = true
405.74699999999996	EXP	trialGrid: autoDraw = false
405.74699999999996	EXP	trialFix: autoDraw = false
405.74699999999996	EXP	trialGrid: autoDraw = false
405.74699999999996	EXP	trialSquare: autoDraw = false
405.74699999999996	EXP	trialFix: autoDraw = false
405.74699999999996	EXP	trialSquare: pos = [0.2,0]
405.74699999999996	EXP	trialGrid: autoDraw = true
405.74699999999996	EXP	trialSquare: autoDraw = true
406.748	EXP	trialSquare: autoDraw = false
406.765	EXP	trialFix: autoDraw = true
406.834	DATA	Keydown:  
407.748	EXP	trialGrid: autoDraw = false
407.748	EXP	trialFix: autoDraw = false
407.748	EXP	trialGrid: autoDraw = false
407.748	EXP	trialSquare: autoDraw = false
407.748	EXP	trialFix: autoDraw = false
407.748	EXP	trialSquare: pos = [0,0.2]
407.748	EXP	trialGrid: autoDraw = true
407.748	EXP	trialSquare: autoDraw = true
408.748	EXP	trialSquare: autoDraw = false
408.76599999999996	EXP	trialFix: autoDraw = true
408.955	DATA	Keydown:  
409.748	EXP	trialGrid: autoDraw = false
409.748	EXP	trialFix: autoDraw = false
409.748	EXP	trialGrid: autoDraw = false
409.748	EXP	trialSquare: autoDraw = false
409.748	EXP	trialFix: autoDraw = false
409.748	EXP	trialSquare: pos = [-0.2,-0.2]
409.748	EXP	trialGrid: autoDraw = true
409.748	EXP	trialSquare: autoDraw = true
410.39	DATA	Keydown:  
410.74899999999997	EXP	trialSquare: autoDraw = false
410.74899999999997	EXP	trialFix: autoDraw = true
411.74699999999996	EXP	trialGrid: autoDraw = false
411.74699999999996	EXP	trialFix: autoDraw = false
411.74699999999996	EXP	trialGrid: autoDraw = false
411.74699999999996	EXP	trialSquare: autoDraw = false
411.74699999999996	EXP	trialFix: autoDraw = false
411.74699999999996	EXP	trialSquare: pos = [0.2,0]
411.74699999999996	EXP	trialGrid: autoDraw = true
411.74699999999996	EXP	trialSquare: autoDraw = true
411.868	DATA	Keydown:  
412.748	EXP	trialSquare: autoDraw = false
412.748	EXP	trialFix: autoDraw = true
413.751	EXP	trialGrid: autoDraw = false
413.751	EXP	trialFix: autoDraw = false
413.751	EXP	trialGrid: autoDraw = false
413.751	EXP	trialSquare: autoDraw = false
413.751	EXP	trialFix: autoDraw = false
413.751	EXP	thanks: autoDraw = true
415.30699999999996	DATA	Keydown:  
